<?xml version="1.0" encoding="UTF-8"?>
<!-- Generated by org.testng.reporters.JUnitReportReporter -->
<testsuite hostname="CHRIS" failures="0" tests="1" name="com.nexly.api.runners.TestRunner" time="3.334" errors="0" timestamp="2025-09-22T11:20:15 IST" skipped="0">
  <testcase classname="com.nexly.api.runners.TestRunner" name="runScenario" time="3.334"/>
</testsuite> <!-- com.nexly.api.runners.TestRunner -->
