<?xml version="1.0" encoding="UTF-8"?>
<testsuite xmlns:xsi="http://www.w3.org/2001/XMLSchema-instance" xsi:noNamespaceSchemaLocation="https://maven.apache.org/surefire/maven-surefire-plugin/xsd/surefire-test-report-3.0.xsd" version="3.0" name="TestSuite" time="6.962" tests="19" errors="0" skipped="0" failures="19">
  <properties>
    <property name="java.specification.version" value="17"/>
    <property name="sun.cpu.isalist" value="amd64"/>
    <property name="sun.jnu.encoding" value="Cp1252"/>
    <property name="java.class.path" value="C:\Users\gyana\Rest-Assured\test\target\test-classes;C:\Users\gyana\Rest-Assured\test\target\classes;C:\Users\gyana\.m2\repository\io\rest-assured\rest-assured\5.5.6\rest-assured-5.5.6.jar;C:\Users\gyana\.m2\repository\org\apache\groovy\groovy\4.0.22\groovy-4.0.22.jar;C:\Users\gyana\.m2\repository\org\apache\groovy\groovy-xml\4.0.22\groovy-xml-4.0.22.jar;C:\Users\gyana\.m2\repository\org\apache\httpcomponents\httpclient\4.5.13\httpclient-4.5.13.jar;C:\Users\gyana\.m2\repository\org\apache\httpcomponents\httpcore\4.4.13\httpcore-4.4.13.jar;C:\Users\gyana\.m2\repository\commons-logging\commons-logging\1.2\commons-logging-1.2.jar;C:\Users\gyana\.m2\repository\commons-codec\commons-codec\1.11\commons-codec-1.11.jar;C:\Users\gyana\.m2\repository\org\apache\httpcomponents\httpmime\4.5.13\httpmime-4.5.13.jar;C:\Users\gyana\.m2\repository\org\hamcrest\hamcrest\2.2\hamcrest-2.2.jar;C:\Users\gyana\.m2\repository\org\ccil\cowan\tagsoup\tagsoup\1.2.1\tagsoup-1.2.1.jar;C:\Users\gyana\.m2\repository\io\rest-assured\json-path\5.5.6\json-path-5.5.6.jar;C:\Users\gyana\.m2\repository\org\apache\groovy\groovy-json\4.0.22\groovy-json-4.0.22.jar;C:\Users\gyana\.m2\repository\io\rest-assured\rest-assured-common\5.5.6\rest-assured-common-5.5.6.jar;C:\Users\gyana\.m2\repository\io\rest-assured\xml-path\5.5.6\xml-path-5.5.6.jar;C:\Users\gyana\.m2\repository\org\apache\commons\commons-lang3\3.18.0\commons-lang3-3.18.0.jar;C:\Users\gyana\.m2\repository\io\cucumber\cucumber-java\7.28.2\cucumber-java-7.28.2.jar;C:\Users\gyana\.m2\repository\io\cucumber\cucumber-core\7.28.2\cucumber-core-7.28.2.jar;C:\Users\gyana\.m2\repository\io\cucumber\cucumber-gherkin\7.28.2\cucumber-gherkin-7.28.2.jar;C:\Users\gyana\.m2\repository\io\cucumber\cucumber-gherkin-messages\7.28.2\cucumber-gherkin-messages-7.28.2.jar;C:\Users\gyana\.m2\repository\io\cucumber\gherkin\34.0.0\gherkin-34.0.0.jar;C:\Users\gyana\.m2\repository\org\assertj\assertj-core\3.27.4\assertj-core-3.27.4.jar;C:\Users\gyana\.m2\repository\net\bytebuddy\byte-buddy\1.15.11\byte-buddy-1.15.11.jar;C:\Users\gyana\.m2\repository\io\cucumber\messages\28.1.0\messages-28.1.0.jar;C:\Users\gyana\.m2\repository\io\cucumber\pretty-formatter\2.1.0\pretty-formatter-2.1.0.jar;C:\Users\gyana\.m2\repository\io\cucumber\query\13.6.0\query-13.6.0.jar;C:\Users\gyana\.m2\repository\io\cucumber\testng-xml-formatter\0.5.0\testng-xml-formatter-0.5.0.jar;C:\Users\gyana\.m2\repository\io\cucumber\tag-expressions\6.1.2\tag-expressions-6.1.2.jar;C:\Users\gyana\.m2\repository\io\cucumber\cucumber-expressions\18.0.1\cucumber-expressions-18.0.1.jar;C:\Users\gyana\.m2\repository\io\cucumber\cucumber-json-formatter\0.1.3\cucumber-json-formatter-0.1.3.jar;C:\Users\gyana\.m2\repository\com\networknt\json-schema-validator\1.5.8\json-schema-validator-1.5.8.jar;C:\Users\gyana\.m2\repository\com\ethlo\time\itu\1.10.3\itu-1.10.3.jar;C:\Users\gyana\.m2\repository\com\fasterxml\jackson\dataformat\jackson-dataformat-yaml\2.18.3\jackson-dataformat-yaml-2.18.3.jar;C:\Users\gyana\.m2\repository\org\yaml\snakeyaml\2.3\snakeyaml-2.3.jar;C:\Users\gyana\.m2\repository\io\cucumber\datatable\7.28.2\datatable-7.28.2.jar;C:\Users\gyana\.m2\repository\io\cucumber\cucumber-plugin\7.28.2\cucumber-plugin-7.28.2.jar;C:\Users\gyana\.m2\repository\io\cucumber\docstring\7.28.2\docstring-7.28.2.jar;C:\Users\gyana\.m2\repository\io\cucumber\html-formatter\21.13.0\html-formatter-21.13.0.jar;C:\Users\gyana\.m2\repository\io\cucumber\junit-xml-formatter\0.8.1\junit-xml-formatter-0.8.1.jar;C:\Users\gyana\.m2\repository\io\cucumber\ci-environment\10.0.1\ci-environment-10.0.1.jar;C:\Users\gyana\.m2\repository\org\apiguardian\apiguardian-api\1.1.2\apiguardian-api-1.1.2.jar;C:\Users\gyana\.m2\repository\io\cucumber\cucumber-testng\7.28.2\cucumber-testng-7.28.2.jar;C:\Users\gyana\.m2\repository\org\testng\testng\7.11.0\testng-7.11.0.jar;C:\Users\gyana\.m2\repository\org\slf4j\slf4j-api\2.0.16\slf4j-api-2.0.16.jar;C:\Users\gyana\.m2\repository\org\jcommander\jcommander\1.83\jcommander-1.83.jar;C:\Users\gyana\.m2\repository\org\webjars\jquery\3.7.1\jquery-3.7.1.jar;C:\Users\gyana\.m2\repository\com\aventstack\extentreports\5.1.2\extentreports-5.1.2.jar;C:\Users\gyana\.m2\repository\io\reactivex\rxjava3\rxjava\3.1.6\rxjava-3.1.6.jar;C:\Users\gyana\.m2\repository\org\reactivestreams\reactive-streams\1.0.4\reactive-streams-1.0.4.jar;C:\Users\gyana\.m2\repository\org\freemarker\freemarker\2.3.32\freemarker-2.3.32.jar;C:\Users\gyana\.m2\repository\com\google\code\gson\gson\2.10.1\gson-2.10.1.jar;C:\Users\gyana\.m2\repository\com\aventstack\extentreports-cucumber4-adapter\1.2.1\extentreports-cucumber4-adapter-1.2.1.jar;C:\Users\gyana\.m2\repository\com\aventstack\klov-reporter\5.0.1\klov-reporter-5.0.1.jar;C:\Users\gyana\.m2\repository\org\mongodb\bson\3.3.0\bson-3.3.0.jar;C:\Users\gyana\.m2\repository\org\mongodb\mongodb-driver\3.3.0\mongodb-driver-3.3.0.jar;C:\Users\gyana\.m2\repository\org\mongodb\mongodb-driver-core\3.3.0\mongodb-driver-core-3.3.0.jar;C:\Users\gyana\.m2\repository\com\fasterxml\jackson\core\jackson-databind\2.15.2\jackson-databind-2.15.2.jar;C:\Users\gyana\.m2\repository\org\slf4j\slf4j-simple\2.1.0-alpha1\slf4j-simple-2.1.0-alpha1.jar;C:\Users\gyana\.m2\repository\org\projectlombok\lombok\1.18.42\lombok-1.18.42.jar;C:\Users\gyana\.m2\repository\com\fasterxml\jackson\core\jackson-core\2.15.2\jackson-core-2.15.2.jar;C:\Users\gyana\.m2\repository\com\fasterxml\jackson\core\jackson-annotations\2.15.2\jackson-annotations-2.15.2.jar;"/>
    <property name="java.vm.vendor" value="Eclipse Adoptium"/>
    <property name="sun.arch.data.model" value="64"/>
    <property name="user.variant" value=""/>
    <property name="java.vendor.url" value="https://adoptium.net/"/>
    <property name="user.timezone" value="Asia/Calcutta"/>
    <property name="os.name" value="Windows 11"/>
    <property name="java.vm.specification.version" value="17"/>
    <property name="sun.java.launcher" value="SUN_STANDARD"/>
    <property name="user.country" value="IN"/>
    <property name="sun.boot.library.path" value="C:\Users\gyana\AppData\Local\Programs\Eclipse Adoptium\jdk-17.0.16.8-hotspot\bin"/>
    <property name="sun.java.command" value="C:\Users\gyana\AppData\Local\Temp\surefire4300784289396784137\surefirebooter-20250922161220665_3.jar C:\Users\gyana\AppData\Local\Temp\surefire4300784289396784137 2025-09-22T16-12-20_142-jvmRun1 surefire-20250922161220665_1tmp surefire_0-20250922161220665_2tmp"/>
    <property name="jdk.debug" value="release"/>
    <property name="surefire.test.class.path" value="C:\Users\gyana\Rest-Assured\test\target\test-classes;C:\Users\gyana\Rest-Assured\test\target\classes;C:\Users\gyana\.m2\repository\io\rest-assured\rest-assured\5.5.6\rest-assured-5.5.6.jar;C:\Users\gyana\.m2\repository\org\apache\groovy\groovy\4.0.22\groovy-4.0.22.jar;C:\Users\gyana\.m2\repository\org\apache\groovy\groovy-xml\4.0.22\groovy-xml-4.0.22.jar;C:\Users\gyana\.m2\repository\org\apache\httpcomponents\httpclient\4.5.13\httpclient-4.5.13.jar;C:\Users\gyana\.m2\repository\org\apache\httpcomponents\httpcore\4.4.13\httpcore-4.4.13.jar;C:\Users\gyana\.m2\repository\commons-logging\commons-logging\1.2\commons-logging-1.2.jar;C:\Users\gyana\.m2\repository\commons-codec\commons-codec\1.11\commons-codec-1.11.jar;C:\Users\gyana\.m2\repository\org\apache\httpcomponents\httpmime\4.5.13\httpmime-4.5.13.jar;C:\Users\gyana\.m2\repository\org\hamcrest\hamcrest\2.2\hamcrest-2.2.jar;C:\Users\gyana\.m2\repository\org\ccil\cowan\tagsoup\tagsoup\1.2.1\tagsoup-1.2.1.jar;C:\Users\gyana\.m2\repository\io\rest-assured\json-path\5.5.6\json-path-5.5.6.jar;C:\Users\gyana\.m2\repository\org\apache\groovy\groovy-json\4.0.22\groovy-json-4.0.22.jar;C:\Users\gyana\.m2\repository\io\rest-assured\rest-assured-common\5.5.6\rest-assured-common-5.5.6.jar;C:\Users\gyana\.m2\repository\io\rest-assured\xml-path\5.5.6\xml-path-5.5.6.jar;C:\Users\gyana\.m2\repository\org\apache\commons\commons-lang3\3.18.0\commons-lang3-3.18.0.jar;C:\Users\gyana\.m2\repository\io\cucumber\cucumber-java\7.28.2\cucumber-java-7.28.2.jar;C:\Users\gyana\.m2\repository\io\cucumber\cucumber-core\7.28.2\cucumber-core-7.28.2.jar;C:\Users\gyana\.m2\repository\io\cucumber\cucumber-gherkin\7.28.2\cucumber-gherkin-7.28.2.jar;C:\Users\gyana\.m2\repository\io\cucumber\cucumber-gherkin-messages\7.28.2\cucumber-gherkin-messages-7.28.2.jar;C:\Users\gyana\.m2\repository\io\cucumber\gherkin\34.0.0\gherkin-34.0.0.jar;C:\Users\gyana\.m2\repository\org\assertj\assertj-core\3.27.4\assertj-core-3.27.4.jar;C:\Users\gyana\.m2\repository\net\bytebuddy\byte-buddy\1.15.11\byte-buddy-1.15.11.jar;C:\Users\gyana\.m2\repository\io\cucumber\messages\28.1.0\messages-28.1.0.jar;C:\Users\gyana\.m2\repository\io\cucumber\pretty-formatter\2.1.0\pretty-formatter-2.1.0.jar;C:\Users\gyana\.m2\repository\io\cucumber\query\13.6.0\query-13.6.0.jar;C:\Users\gyana\.m2\repository\io\cucumber\testng-xml-formatter\0.5.0\testng-xml-formatter-0.5.0.jar;C:\Users\gyana\.m2\repository\io\cucumber\tag-expressions\6.1.2\tag-expressions-6.1.2.jar;C:\Users\gyana\.m2\repository\io\cucumber\cucumber-expressions\18.0.1\cucumber-expressions-18.0.1.jar;C:\Users\gyana\.m2\repository\io\cucumber\cucumber-json-formatter\0.1.3\cucumber-json-formatter-0.1.3.jar;C:\Users\gyana\.m2\repository\com\networknt\json-schema-validator\1.5.8\json-schema-validator-1.5.8.jar;C:\Users\gyana\.m2\repository\com\ethlo\time\itu\1.10.3\itu-1.10.3.jar;C:\Users\gyana\.m2\repository\com\fasterxml\jackson\dataformat\jackson-dataformat-yaml\2.18.3\jackson-dataformat-yaml-2.18.3.jar;C:\Users\gyana\.m2\repository\org\yaml\snakeyaml\2.3\snakeyaml-2.3.jar;C:\Users\gyana\.m2\repository\io\cucumber\datatable\7.28.2\datatable-7.28.2.jar;C:\Users\gyana\.m2\repository\io\cucumber\cucumber-plugin\7.28.2\cucumber-plugin-7.28.2.jar;C:\Users\gyana\.m2\repository\io\cucumber\docstring\7.28.2\docstring-7.28.2.jar;C:\Users\gyana\.m2\repository\io\cucumber\html-formatter\21.13.0\html-formatter-21.13.0.jar;C:\Users\gyana\.m2\repository\io\cucumber\junit-xml-formatter\0.8.1\junit-xml-formatter-0.8.1.jar;C:\Users\gyana\.m2\repository\io\cucumber\ci-environment\10.0.1\ci-environment-10.0.1.jar;C:\Users\gyana\.m2\repository\org\apiguardian\apiguardian-api\1.1.2\apiguardian-api-1.1.2.jar;C:\Users\gyana\.m2\repository\io\cucumber\cucumber-testng\7.28.2\cucumber-testng-7.28.2.jar;C:\Users\gyana\.m2\repository\org\testng\testng\7.11.0\testng-7.11.0.jar;C:\Users\gyana\.m2\repository\org\slf4j\slf4j-api\2.0.16\slf4j-api-2.0.16.jar;C:\Users\gyana\.m2\repository\org\jcommander\jcommander\1.83\jcommander-1.83.jar;C:\Users\gyana\.m2\repository\org\webjars\jquery\3.7.1\jquery-3.7.1.jar;C:\Users\gyana\.m2\repository\com\aventstack\extentreports\5.1.2\extentreports-5.1.2.jar;C:\Users\gyana\.m2\repository\io\reactivex\rxjava3\rxjava\3.1.6\rxjava-3.1.6.jar;C:\Users\gyana\.m2\repository\org\reactivestreams\reactive-streams\1.0.4\reactive-streams-1.0.4.jar;C:\Users\gyana\.m2\repository\org\freemarker\freemarker\2.3.32\freemarker-2.3.32.jar;C:\Users\gyana\.m2\repository\com\google\code\gson\gson\2.10.1\gson-2.10.1.jar;C:\Users\gyana\.m2\repository\com\aventstack\extentreports-cucumber4-adapter\1.2.1\extentreports-cucumber4-adapter-1.2.1.jar;C:\Users\gyana\.m2\repository\com\aventstack\klov-reporter\5.0.1\klov-reporter-5.0.1.jar;C:\Users\gyana\.m2\repository\org\mongodb\bson\3.3.0\bson-3.3.0.jar;C:\Users\gyana\.m2\repository\org\mongodb\mongodb-driver\3.3.0\mongodb-driver-3.3.0.jar;C:\Users\gyana\.m2\repository\org\mongodb\mongodb-driver-core\3.3.0\mongodb-driver-core-3.3.0.jar;C:\Users\gyana\.m2\repository\com\fasterxml\jackson\core\jackson-databind\2.15.2\jackson-databind-2.15.2.jar;C:\Users\gyana\.m2\repository\org\slf4j\slf4j-simple\2.1.0-alpha1\slf4j-simple-2.1.0-alpha1.jar;C:\Users\gyana\.m2\repository\org\projectlombok\lombok\1.18.42\lombok-1.18.42.jar;C:\Users\gyana\.m2\repository\com\fasterxml\jackson\core\jackson-core\2.15.2\jackson-core-2.15.2.jar;C:\Users\gyana\.m2\repository\com\fasterxml\jackson\core\jackson-annotations\2.15.2\jackson-annotations-2.15.2.jar;"/>
    <property name="sun.cpu.endian" value="little"/>
    <property name="user.home" value="C:\Users\gyana"/>
    <property name="user.language" value="en"/>
    <property name="java.specification.vendor" value="Oracle Corporation"/>
    <property name="java.version.date" value="2025-07-15"/>
    <property name="java.home" value="C:\Users\gyana\AppData\Local\Programs\Eclipse Adoptium\jdk-17.0.16.8-hotspot"/>
    <property name="file.separator" value="\"/>
    <property name="basedir" value="C:\Users\gyana\Rest-Assured\test"/>
    <property name="java.vm.compressedOopsMode" value="32-bit"/>
    <property name="line.separator" value="&#10;"/>
    <property name="java.vm.specification.vendor" value="Oracle Corporation"/>
    <property name="java.specification.name" value="Java Platform API Specification"/>
    <property name="surefire.real.class.path" value="C:\Users\gyana\AppData\Local\Temp\surefire4300784289396784137\surefirebooter-20250922161220665_3.jar"/>
    <property name="user.script" value=""/>
    <property name="sun.management.compiler" value="HotSpot 64-Bit Tiered Compilers"/>
    <property name="java.runtime.version" value="17.0.16+8"/>
    <property name="user.name" value="gyana"/>
    <property name="path.separator" value=";"/>
    <property name="os.version" value="10.0"/>
    <property name="java.runtime.name" value="OpenJDK Runtime Environment"/>
    <property name="file.encoding" value="Cp1252"/>
    <property name="java.vm.name" value="OpenJDK 64-Bit Server VM"/>
    <property name="java.vendor.version" value="Temurin-17.0.16+8"/>
    <property name="localRepository" value="C:\Users\gyana\.m2\repository"/>
    <property name="java.vendor.url.bug" value="https://github.com/adoptium/adoptium-support/issues"/>
    <property name="java.io.tmpdir" value="C:\Users\gyana\AppData\Local\Temp\"/>
    <property name="java.version" value="17.0.16"/>
    <property name="user.dir" value="C:\Users\gyana\Rest-Assured\test"/>
    <property name="os.arch" value="amd64"/>
    <property name="java.vm.specification.name" value="Java Virtual Machine Specification"/>
    <property name="sun.os.patch.level" value=""/>
    <property name="native.encoding" value="Cp1252"/>
    <property name="java.library.path" value="C:\Users\gyana\AppData\Local\Programs\Eclipse Adoptium\jdk-17.0.16.8-hotspot\bin;C:\WINDOWS\Sun\Java\bin;C:\WINDOWS\system32;C:\WINDOWS;C:\Program Files (x86)\VMware\VMware Workstation\bin\;C:\WINDOWS\system32;C:\WINDOWS;C:\WINDOWS\System32\Wbem;C:\WINDOWS\System32\WindowsPowerShell\v1.0\;C:\WINDOWS\System32\OpenSSH\;C:\Program Files\nodejs\;C:\Program Files\Git\cmd;C:\Program Files\Git\bin;C:\ProgramData\chocolatey\bin;C:\ProgramData\chocolatey\lib\maven\apache-maven-3.9.9\bin;C:\Users\gyana\Downloads\apache-maven-3.9.9-bin\apache-maven-3.9.9\bin;C:\Program Files\Go\bin;C:\Users\gyana\AppData\Local\Android\Sdk\emulator;C:\Users\gyana\AppData\Local\Android\Sdk\platform-tools;C:\Users\gyana\AppData\Local\Android\Sdk\cmdline-tools\latest\bin;C:\Users\gyana\Downloads\allure-2.34.0\allure-2.34.0\bin;C:\Users\gyana\Downloads\allure-2.34.0 (1)\allure-2.34.0\bin;C:\MinGW\bin;C:\Program Files\dotnet\;C:\Users\gyana\AppData\Local\Programs\Eclipse Adoptium\jdk-17.0.16.8-hotspot\bin;C:\Users\gyana\AppData\Local\Android\Sdk\platform-tools;C:\Users\gyana\AppData\Roaming\npm;C:\Users\gyana\AppData\Local\Programs\Microsoft VS Code\bin;c:\Users\gyana\AppData\Roaming\Code\User\globalStorage\github.copilot-chat\debugCommand;."/>
    <property name="java.vm.info" value="mixed mode, sharing"/>
    <property name="java.vendor" value="Eclipse Adoptium"/>
    <property name="java.vm.version" value="17.0.16+8"/>
    <property name="java.specification.maintenance.version" value="1"/>
    <property name="sun.io.unicode.encoding" value="UnicodeLittle"/>
    <property name="java.class.version" value="61.0"/>
  </properties>
  <testcase name="runScenario[&quot;Create a new TODO successfully&quot;, &quot;TODO API Tests&quot;](1)" classname="com.nexly.api.runners.TestRunner" time="2.995">
    <failure message="Failed to send POST request to /" type="java.lang.RuntimeException"><![CDATA[java.lang.RuntimeException: Failed to send POST request to /
	at com.nexly.api.stepDefinitions.TodoApiStepDefinitions.iSendARequestTo(TodoApiStepDefinitions.java:275)
	at ✽.I send a POST request to "/"(file:///C:/Users/gyana/Rest-Assured/test/src/main/resources/feature/app.feature:14)
Caused by: java.net.ConnectException: Connection refused: connect
	at java.base/sun.nio.ch.Net.connect0(Native Method)
	at java.base/sun.nio.ch.Net.connect(Net.java:579)
	at java.base/sun.nio.ch.Net.connect(Net.java:568)
	at java.base/sun.nio.ch.NioSocketImpl.connect(NioSocketImpl.java:593)
	at java.base/java.net.SocksSocketImpl.connect(SocksSocketImpl.java:327)
	at java.base/java.net.Socket.connect(Socket.java:633)
	at org.apache.http.conn.scheme.PlainSocketFactory.connectSocket(PlainSocketFactory.java:121)
	at org.apache.http.impl.conn.DefaultClientConnectionOperator.openConnection(DefaultClientConnectionOperator.java:180)
	at org.apache.http.impl.conn.ManagedClientConnectionImpl.open(ManagedClientConnectionImpl.java:326)
	at org.apache.http.impl.client.DefaultRequestDirector.tryConnect(DefaultRequestDirector.java:605)
	at org.apache.http.impl.client.DefaultRequestDirector.execute(DefaultRequestDirector.java:440)
	at org.apache.http.impl.client.AbstractHttpClient.doExecute(AbstractHttpClient.java:835)
	at org.apache.http.impl.client.CloseableHttpClient.execute(CloseableHttpClient.java:83)
	at io.restassured.internal.RestAssuredHttpBuilder.doRequest(RestAssuredHttpBuilder.java:141)
	at io.restassured.internal.http.HTTPBuilder.post(HTTPBuilder.java:349)
	at io.restassured.internal.http.HTTPBuilder$post$2.call(Unknown Source)
	at org.codehaus.groovy.runtime.callsite.CallSiteArray.defaultCall(CallSiteArray.java:45)
	at org.codehaus.groovy.runtime.callsite.AbstractCallSite.call(AbstractCallSite.java:125)
	at org.codehaus.groovy.runtime.callsite.AbstractCallSite.call(AbstractCallSite.java:148)
	at io.restassured.internal.RequestSpecificationImpl.sendRequest(RequestSpecificationImpl.groovy:1209)
	at io.restassured.internal.RequestSpecificationImpl.this$2$sendRequest(RequestSpecificationImpl.groovy)
	at java.base/jdk.internal.reflect.NativeMethodAccessorImpl.invoke0(Native Method)
	at java.base/jdk.internal.reflect.NativeMethodAccessorImpl.invoke(NativeMethodAccessorImpl.java:77)
	at java.base/jdk.internal.reflect.DelegatingMethodAccessorImpl.invoke(DelegatingMethodAccessorImpl.java:43)
	at java.base/java.lang.reflect.Method.invoke(Method.java:569)
	at org.codehaus.groovy.reflection.CachedMethod.invoke(CachedMethod.java:343)
	at groovy.lang.MetaMethod.doMethodInvoke(MetaMethod.java:328)
	at groovy.lang.MetaClassImpl.doInvokeMethod(MetaClassImpl.java:1333)
	at groovy.lang.MetaClassImpl.invokeMethod(MetaClassImpl.java:1088)
	at groovy.lang.MetaClassImpl.invokeMethod(MetaClassImpl.java:1007)
	at groovy.lang.MetaClassImpl.invokeMethod(MetaClassImpl.java:790)
	at io.restassured.internal.RequestSpecificationImpl.invokeMethod(RequestSpecificationImpl.groovy)
	at org.codehaus.groovy.runtime.callsite.PogoInterceptableSite.call(PogoInterceptableSite.java:46)
	at org.codehaus.groovy.runtime.callsite.CallSiteArray.defaultCall(CallSiteArray.java:45)
	at org.codehaus.groovy.runtime.callsite.AbstractCallSite.call(AbstractCallSite.java:125)
	at org.codehaus.groovy.runtime.callsite.AbstractCallSite.call(AbstractCallSite.java:166)
	at io.restassured.internal.filter.SendRequestFilter.filter(SendRequestFilter.groovy:30)
	at io.restassured.filter.Filter$filter.call(Unknown Source)
	at org.codehaus.groovy.runtime.callsite.CallSiteArray.defaultCall(CallSiteArray.java:45)
	at io.restassured.filter.Filter$filter$0.call(Unknown Source)
	at io.restassured.internal.filter.FilterContextImpl.next(FilterContextImpl.groovy:72)
	at io.restassured.filter.time.TimingFilter.filter(TimingFilter.java:56)
	at io.restassured.filter.Filter$filter$0.call(Unknown Source)
	at org.codehaus.groovy.runtime.callsite.CallSiteArray.defaultCall(CallSiteArray.java:45)
	at io.restassured.filter.Filter$filter.call(Unknown Source)
	at io.restassured.internal.filter.FilterContextImpl.next(FilterContextImpl.groovy:72)
	at io.restassured.filter.FilterContext$next.call(Unknown Source)
	at org.codehaus.groovy.runtime.callsite.CallSiteArray.defaultCall(CallSiteArray.java:45)
	at org.codehaus.groovy.runtime.callsite.AbstractCallSite.call(AbstractCallSite.java:125)
	at org.codehaus.groovy.runtime.callsite.AbstractCallSite.call(AbstractCallSite.java:148)
	at io.restassured.internal.filter.CsrfFilter.filter(CsrfFilter.groovy:89)
	at io.restassured.filter.Filter$filter.call(Unknown Source)
	at org.codehaus.groovy.runtime.callsite.CallSiteArray.defaultCall(CallSiteArray.java:45)
	at org.codehaus.groovy.runtime.callsite.AbstractCallSite.call(AbstractCallSite.java:125)
	at org.codehaus.groovy.runtime.callsite.AbstractCallSite.call(AbstractCallSite.java:157)
	at io.restassured.internal.filter.FilterContextImpl.next(FilterContextImpl.groovy:72)
	at io.restassured.filter.FilterContext$next.call(Unknown Source)
	at org.codehaus.groovy.runtime.callsite.CallSiteArray.defaultCall(CallSiteArray.java:45)
	at org.codehaus.groovy.runtime.callsite.AbstractCallSite.call(AbstractCallSite.java:125)
	at org.codehaus.groovy.runtime.callsite.AbstractCallSite.call(AbstractCallSite.java:148)
	at io.restassured.internal.RequestSpecificationImpl.applyPathParamsAndSendRequest(RequestSpecificationImpl.groovy:1704)
	at io.restassured.internal.RequestSpecificationImpl.this$2$applyPathParamsAndSendRequest(RequestSpecificationImpl.groovy)
	at java.base/jdk.internal.reflect.NativeMethodAccessorImpl.invoke0(Native Method)
	at java.base/jdk.internal.reflect.NativeMethodAccessorImpl.invoke(NativeMethodAccessorImpl.java:77)
	at java.base/jdk.internal.reflect.DelegatingMethodAccessorImpl.invoke(DelegatingMethodAccessorImpl.java:43)
	at java.base/java.lang.reflect.Method.invoke(Method.java:569)
	at org.codehaus.groovy.reflection.CachedMethod.invoke(CachedMethod.java:343)
	at groovy.lang.MetaMethod.doMethodInvoke(MetaMethod.java:328)
	at groovy.lang.MetaClassImpl.doInvokeMethod(MetaClassImpl.java:1333)
	at groovy.lang.MetaClassImpl.invokeMethod(MetaClassImpl.java:1088)
	at groovy.lang.MetaClassImpl.invokeMethod(MetaClassImpl.java:1007)
	at groovy.lang.MetaClassImpl.invokeMethod(MetaClassImpl.java:790)
	at io.restassured.internal.RequestSpecificationImpl.invokeMethod(RequestSpecificationImpl.groovy)
	at org.codehaus.groovy.runtime.callsite.PogoInterceptableSite.call(PogoInterceptableSite.java:46)
	at org.codehaus.groovy.runtime.callsite.PogoInterceptableSite.callCurrent(PogoInterceptableSite.java:57)
	at org.codehaus.groovy.runtime.callsite.CallSiteArray.defaultCallCurrent(CallSiteArray.java:49)
	at org.codehaus.groovy.runtime.callsite.AbstractCallSite.callCurrent(AbstractCallSite.java:171)
	at org.codehaus.groovy.runtime.callsite.AbstractCallSite.callCurrent(AbstractCallSite.java:203)
	at io.restassured.internal.RequestSpecificationImpl.applyPathParamsAndSendRequest(RequestSpecificationImpl.groovy:1710)
	at io.restassured.internal.RequestSpecificationImpl.this$2$applyPathParamsAndSendRequest(RequestSpecificationImpl.groovy)
	at java.base/jdk.internal.reflect.NativeMethodAccessorImpl.invoke0(Native Method)
	at java.base/jdk.internal.reflect.NativeMethodAccessorImpl.invoke(NativeMethodAccessorImpl.java:77)
	at java.base/jdk.internal.reflect.DelegatingMethodAccessorImpl.invoke(DelegatingMethodAccessorImpl.java:43)
	at java.base/java.lang.reflect.Method.invoke(Method.java:569)
	at org.codehaus.groovy.reflection.CachedMethod.invoke(CachedMethod.java:343)
	at groovy.lang.MetaMethod.doMethodInvoke(MetaMethod.java:328)
	at groovy.lang.MetaClassImpl.doInvokeMethod(MetaClassImpl.java:1333)
	at groovy.lang.MetaClassImpl.invokeMethod(MetaClassImpl.java:1088)
	at groovy.lang.MetaClassImpl.invokeMethod(MetaClassImpl.java:1007)
	at groovy.lang.MetaClassImpl.invokeMethod(MetaClassImpl.java:790)
	at io.restassured.internal.RequestSpecificationImpl.invokeMethod(RequestSpecificationImpl.groovy)
	at org.codehaus.groovy.runtime.callsite.PogoInterceptableSite.call(PogoInterceptableSite.java:46)
	at org.codehaus.groovy.runtime.callsite.PogoInterceptableSite.callCurrent(PogoInterceptableSite.java:57)
	at org.codehaus.groovy.runtime.callsite.CallSiteArray.defaultCallCurrent(CallSiteArray.java:49)
	at org.codehaus.groovy.runtime.callsite.AbstractCallSite.callCurrent(AbstractCallSite.java:171)
	at org.codehaus.groovy.runtime.callsite.AbstractCallSite.callCurrent(AbstractCallSite.java:203)
	at io.restassured.internal.RequestSpecificationImpl.post(RequestSpecificationImpl.groovy:176)
	at io.restassured.internal.RequestSpecificationImpl.post(RequestSpecificationImpl.groovy)
	at com.nexly.api.stepDefinitions.TodoApiStepDefinitions.iSendARequestTo(TodoApiStepDefinitions.java:261)
	... 1 more
]]></failure>
    <system-out><![CDATA[Test Suite started!
Test started: runScenario

@create-todo
Scenario: Create a new TODO successfully                                       # file:///C:/Users/gyana/Rest-Assured/test/src/main/resources/feature/app.feature:8
Starting scenario: Create a new TODO successfully
  âœ” Given I set the API base URL to "http://localhost:3000/api/v1/to-do"       # com.nexly.api.stepDefinitions.TodoApiStepDefinitions.iSetTheApiBaseUrl(java.lang.String)
  âœ” And I set the authorization header with bearer token                       # com.nexly.api.stepDefinitions.TodoApiStepDefinitions.iSetTheAuthorizationHeader()
  âœ” Given I prepare the TODO data with:                                        # com.nexly.api.stepDefinitions.TodoApiStepDefinitions.iPrepareTheTodoDataWith(io.cucumber.datatable.DataTable)
      | workType | Personal         |
      | workDesc | Complete project |
      | priority | HIGH             |
      | status   | TODO             |
  âœ˜ When I send a POST request to "/"                                          # com.nexly.api.stepDefinitions.TodoApiStepDefinitions.iSendARequestTo(java.lang.String,java.lang.String)
        java.lang.RuntimeException: Failed to send POST request to /
        	at com.nexly.api.stepDefinitions.TodoApiStepDefinitions.iSendARequestTo(TodoApiStepDefinitions.java:275)
        	at âœ½.I send a POST request to "/"(file:///C:/Users/gyana/Rest-Assured/test/src/main/resources/feature/app.feature:14)
        Caused by: java.net.ConnectException: Connection refused: connect
        	at java.base/sun.nio.ch.Net.connect0(Native Method)
        	at java.base/sun.nio.ch.Net.connect(Net.java:579)
        	at java.base/sun.nio.ch.Net.connect(Net.java:568)
        	at java.base/sun.nio.ch.NioSocketImpl.connect(NioSocketImpl.java:593)
        	at java.base/java.net.SocksSocketImpl.connect(SocksSocketImpl.java:327)
        	at java.base/java.net.Socket.connect(Socket.java:633)
        	at org.apache.http.conn.scheme.PlainSocketFactory.connectSocket(PlainSocketFactory.java:121)
        	at org.apache.http.impl.conn.DefaultClientConnectionOperator.openConnection(DefaultClientConnectionOperator.java:180)
        	at org.apache.http.impl.conn.ManagedClientConnectionImpl.open(ManagedClientConnectionImpl.java:326)
        	at org.apache.http.impl.client.DefaultRequestDirector.tryConnect(DefaultRequestDirector.java:605)
        	at org.apache.http.impl.client.DefaultRequestDirector.execute(DefaultRequestDirector.java:440)
        	at org.apache.http.impl.client.AbstractHttpClient.doExecute(AbstractHttpClient.java:835)
        	at org.apache.http.impl.client.CloseableHttpClient.execute(CloseableHttpClient.java:83)
        	at io.restassured.internal.RestAssuredHttpBuilder.doRequest(RestAssuredHttpBuilder.java:141)
        	at io.restassured.internal.http.HTTPBuilder.post(HTTPBuilder.java:349)
        	at io.restassured.internal.http.HTTPBuilder$post$2.call(Unknown Source)
        	at org.codehaus.groovy.runtime.callsite.CallSiteArray.defaultCall(CallSiteArray.java:45)
        	at org.codehaus.groovy.runtime.callsite.AbstractCallSite.call(AbstractCallSite.java:125)
        	at org.codehaus.groovy.runtime.callsite.AbstractCallSite.call(AbstractCallSite.java:148)
        	at io.restassured.internal.RequestSpecificationImpl.sendRequest(RequestSpecificationImpl.groovy:1209)
        	at io.restassured.internal.RequestSpecificationImpl.this$2$sendRequest(RequestSpecificationImpl.groovy)
        	at java.base/jdk.internal.reflect.NativeMethodAccessorImpl.invoke0(Native Method)
        	at java.base/jdk.internal.reflect.NativeMethodAccessorImpl.invoke(NativeMethodAccessorImpl.java:77)
        	at java.base/jdk.internal.reflect.DelegatingMethodAccessorImpl.invoke(DelegatingMethodAccessorImpl.java:43)
        	at java.base/java.lang.reflect.Method.invoke(Method.java:569)
        	at org.codehaus.groovy.reflection.CachedMethod.invoke(CachedMethod.java:343)
        	at groovy.lang.MetaMethod.doMethodInvoke(MetaMethod.java:328)
        	at groovy.lang.MetaClassImpl.doInvokeMethod(MetaClassImpl.java:1333)
        	at groovy.lang.MetaClassImpl.invokeMethod(MetaClassImpl.java:1088)
        	at groovy.lang.MetaClassImpl.invokeMethod(MetaClassImpl.java:1007)
        	at groovy.lang.MetaClassImpl.invokeMethod(MetaClassImpl.java:790)
        	at io.restassured.internal.RequestSpecificationImpl.invokeMethod(RequestSpecificationImpl.groovy)
        	at org.codehaus.groovy.runtime.callsite.PogoInterceptableSite.call(PogoInterceptableSite.java:46)
        	at org.codehaus.groovy.runtime.callsite.CallSiteArray.defaultCall(CallSiteArray.java:45)
        	at org.codehaus.groovy.runtime.callsite.AbstractCallSite.call(AbstractCallSite.java:125)
        	at org.codehaus.groovy.runtime.callsite.AbstractCallSite.call(AbstractCallSite.java:166)
        	at io.restassured.internal.filter.SendRequestFilter.filter(SendRequestFilter.groovy:30)
        	at io.restassured.filter.Filter$filter.call(Unknown Source)
        	at org.codehaus.groovy.runtime.callsite.CallSiteArray.defaultCall(CallSiteArray.java:45)
        	at io.restassured.filter.Filter$filter$0.call(Unknown Source)
        	at io.restassured.internal.filter.FilterContextImpl.next(FilterContextImpl.groovy:72)
        	at io.restassured.filter.time.TimingFilter.filter(TimingFilter.java:56)
        	at io.restassured.filter.Filter$filter$0.call(Unknown Source)
        	at org.codehaus.groovy.runtime.callsite.CallSiteArray.defaultCall(CallSiteArray.java:45)
        	at io.restassured.filter.Filter$filter.call(Unknown Source)
        	at io.restassured.internal.filter.FilterContextImpl.next(FilterContextImpl.groovy:72)
        	at io.restassured.filter.FilterContext$next.call(Unknown Source)
        	at org.codehaus.groovy.runtime.callsite.CallSiteArray.defaultCall(CallSiteArray.java:45)
        	at org.codehaus.groovy.runtime.callsite.AbstractCallSite.call(AbstractCallSite.java:125)
        	at org.codehaus.groovy.runtime.callsite.AbstractCallSite.call(AbstractCallSite.java:148)
        	at io.restassured.internal.filter.CsrfFilter.filter(CsrfFilter.groovy:89)
        	at io.restassured.filter.Filter$filter.call(Unknown Source)
        	at org.codehaus.groovy.runtime.callsite.CallSiteArray.defaultCall(CallSiteArray.java:45)
        	at org.codehaus.groovy.runtime.callsite.AbstractCallSite.call(AbstractCallSite.java:125)
        	at org.codehaus.groovy.runtime.callsite.AbstractCallSite.call(AbstractCallSite.java:157)
        	at io.restassured.internal.filter.FilterContextImpl.next(FilterContextImpl.groovy:72)
        	at io.restassured.filter.FilterContext$next.call(Unknown Source)
        	at org.codehaus.groovy.runtime.callsite.CallSiteArray.defaultCall(CallSiteArray.java:45)
        	at org.codehaus.groovy.runtime.callsite.AbstractCallSite.call(AbstractCallSite.java:125)
        	at org.codehaus.groovy.runtime.callsite.AbstractCallSite.call(AbstractCallSite.java:148)
        	at io.restassured.internal.RequestSpecificationImpl.applyPathParamsAndSendRequest(RequestSpecificationImpl.groovy:1704)
        	at io.restassured.internal.RequestSpecificationImpl.this$2$applyPathParamsAndSendRequest(RequestSpecificationImpl.groovy)
        	at java.base/jdk.internal.reflect.NativeMethodAccessorImpl.invoke0(Native Method)
        	at java.base/jdk.internal.reflect.NativeMethodAccessorImpl.invoke(NativeMethodAccessorImpl.java:77)
        	at java.base/jdk.internal.reflect.DelegatingMethodAccessorImpl.invoke(DelegatingMethodAccessorImpl.java:43)
        	at java.base/java.lang.reflect.Method.invoke(Method.java:569)
        	at org.codehaus.groovy.reflection.CachedMethod.invoke(CachedMethod.java:343)
        	at groovy.lang.MetaMethod.doMethodInvoke(MetaMethod.java:328)
        	at groovy.lang.MetaClassImpl.doInvokeMethod(MetaClassImpl.java:1333)
        	at groovy.lang.MetaClassImpl.invokeMethod(MetaClassImpl.java:1088)
        	at groovy.lang.MetaClassImpl.invokeMethod(MetaClassImpl.java:1007)
        	at groovy.lang.MetaClassImpl.invokeMethod(MetaClassImpl.java:790)
        	at io.restassured.internal.RequestSpecificationImpl.invokeMethod(RequestSpecificationImpl.groovy)
        	at org.codehaus.groovy.runtime.callsite.PogoInterceptableSite.call(PogoInterceptableSite.java:46)
        	at org.codehaus.groovy.runtime.callsite.PogoInterceptableSite.callCurrent(PogoInterceptableSite.java:57)
        	at org.codehaus.groovy.runtime.callsite.CallSiteArray.defaultCallCurrent(CallSiteArray.java:49)
        	at org.codehaus.groovy.runtime.callsite.AbstractCallSite.callCurrent(AbstractCallSite.java:171)
        	at org.codehaus.groovy.runtime.callsite.AbstractCallSite.callCurrent(AbstractCallSite.java:203)
        	at io.restassured.internal.RequestSpecificationImpl.applyPathParamsAndSendRequest(RequestSpecificationImpl.groovy:1710)
        	at io.restassured.internal.RequestSpecificationImpl.this$2$applyPathParamsAndSendRequest(RequestSpecificationImpl.groovy)
        	at java.base/jdk.internal.reflect.NativeMethodAccessorImpl.invoke0(Native Method)
        	at java.base/jdk.internal.reflect.NativeMethodAccessorImpl.invoke(NativeMethodAccessorImpl.java:77)
        	at java.base/jdk.internal.reflect.DelegatingMethodAccessorImpl.invoke(DelegatingMethodAccessorImpl.java:43)
        	at java.base/java.lang.reflect.Method.invoke(Method.java:569)
        	at org.codehaus.groovy.reflection.CachedMethod.invoke(CachedMethod.java:343)
        	at groovy.lang.MetaMethod.doMethodInvoke(MetaMethod.java:328)
        	at groovy.lang.MetaClassImpl.doInvokeMethod(MetaClassImpl.java:1333)
        	at groovy.lang.MetaClassImpl.invokeMethod(MetaClassImpl.java:1088)
        	at groovy.lang.MetaClassImpl.invokeMethod(MetaClassImpl.java:1007)
        	at groovy.lang.MetaClassImpl.invokeMethod(MetaClassImpl.java:790)
        	at io.restassured.internal.RequestSpecificationImpl.invokeMethod(RequestSpecificationImpl.groovy)
        	at org.codehaus.groovy.runtime.callsite.PogoInterceptableSite.call(PogoInterceptableSite.java:46)
        	at org.codehaus.groovy.runtime.callsite.PogoInterceptableSite.callCurrent(PogoInterceptableSite.java:57)
        	at org.codehaus.groovy.runtime.callsite.CallSiteArray.defaultCallCurrent(CallSiteArray.java:49)
        	at org.codehaus.groovy.runtime.callsite.AbstractCallSite.callCurrent(AbstractCallSite.java:171)
        	at org.codehaus.groovy.runtime.callsite.AbstractCallSite.callCurrent(AbstractCallSite.java:203)
        	at io.restassured.internal.RequestSpecificationImpl.post(RequestSpecificationImpl.groovy:176)
        	at io.restassured.internal.RequestSpecificationImpl.post(RequestSpecificationImpl.groovy)
        	at com.nexly.api.stepDefinitions.TodoApiStepDefinitions.iSendARequestTo(TodoApiStepDefinitions.java:261)
        	... 1 more
  â†· Then the response status code should be 201                                # com.nexly.api.stepDefinitions.TodoApiStepDefinitions.theResponseStatusCodeShouldBe(int)
  â†· And the response should contain "TODO created successfully"                # com.nexly.api.stepDefinitions.TodoApiStepDefinitions.theResponseShouldContain(java.lang.String)
  â†· And the response should contain todo data with workType "Personal"         # com.nexly.api.stepDefinitions.TodoApiStepDefinitions.theResponseShouldContainTodoDataWithWorkType(java.lang.String)
  â†· And the response should contain todo data with workDesc "Complete project" # com.nexly.api.stepDefinitions.TodoApiStepDefinitions.theResponseShouldContainTodoDataWithWorkDesc(java.lang.String)
Finished scenario: Create a new TODO successfully with status: FAILED
]]></system-out>
    <system-err><![CDATA[[main] INFO org.testng.internal.Utils - [XmlSuite] [WARN] 'parallel' value 'false' is no longer valid, defaulting to 'none'.
]]></system-err>
  </testcase>
  <testcase name="runScenario[&quot;Create TODO with invalid data should fail&quot;, &quot;TODO API Tests&quot;](2)" classname="com.nexly.api.runners.TestRunner" time="0.046">
    <failure message="Failed to send POST request to /" type="java.lang.RuntimeException"><![CDATA[java.lang.RuntimeException: Failed to send POST request to /
	at com.nexly.api.stepDefinitions.TodoApiStepDefinitions.iSendARequestTo(TodoApiStepDefinitions.java:275)
	at ✽.I send a POST request to "/"(file:///C:/Users/gyana/Rest-Assured/test/src/main/resources/feature/app.feature:25)
Caused by: java.net.ConnectException: Connection refused: connect
	at java.base/sun.nio.ch.Net.connect0(Native Method)
	at java.base/sun.nio.ch.Net.connect(Net.java:579)
	at java.base/sun.nio.ch.Net.connect(Net.java:568)
	at java.base/sun.nio.ch.NioSocketImpl.connect(NioSocketImpl.java:593)
	at java.base/java.net.SocksSocketImpl.connect(SocksSocketImpl.java:327)
	at java.base/java.net.Socket.connect(Socket.java:633)
	at org.apache.http.conn.scheme.PlainSocketFactory.connectSocket(PlainSocketFactory.java:121)
	at org.apache.http.impl.conn.DefaultClientConnectionOperator.openConnection(DefaultClientConnectionOperator.java:180)
	at org.apache.http.impl.conn.ManagedClientConnectionImpl.open(ManagedClientConnectionImpl.java:326)
	at org.apache.http.impl.client.DefaultRequestDirector.tryConnect(DefaultRequestDirector.java:605)
	at org.apache.http.impl.client.DefaultRequestDirector.execute(DefaultRequestDirector.java:440)
	at org.apache.http.impl.client.AbstractHttpClient.doExecute(AbstractHttpClient.java:835)
	at org.apache.http.impl.client.CloseableHttpClient.execute(CloseableHttpClient.java:83)
	at io.restassured.internal.RestAssuredHttpBuilder.doRequest(RestAssuredHttpBuilder.java:141)
	at io.restassured.internal.http.HTTPBuilder.post(HTTPBuilder.java:349)
	at io.restassured.internal.http.HTTPBuilder$post$2.call(Unknown Source)
	at io.restassured.internal.RequestSpecificationImpl.sendRequest(RequestSpecificationImpl.groovy:1209)
	at io.restassured.internal.RequestSpecificationImpl.this$2$sendRequest(RequestSpecificationImpl.groovy)
	at java.base/jdk.internal.reflect.NativeMethodAccessorImpl.invoke0(Native Method)
	at java.base/jdk.internal.reflect.NativeMethodAccessorImpl.invoke(NativeMethodAccessorImpl.java:77)
	at java.base/jdk.internal.reflect.DelegatingMethodAccessorImpl.invoke(DelegatingMethodAccessorImpl.java:43)
	at java.base/java.lang.reflect.Method.invoke(Method.java:569)
	at org.codehaus.groovy.reflection.CachedMethod.invoke(CachedMethod.java:343)
	at groovy.lang.MetaMethod.doMethodInvoke(MetaMethod.java:328)
	at groovy.lang.MetaClassImpl.doInvokeMethod(MetaClassImpl.java:1333)
	at groovy.lang.MetaClassImpl.invokeMethod(MetaClassImpl.java:1088)
	at groovy.lang.MetaClassImpl.invokeMethod(MetaClassImpl.java:1007)
	at groovy.lang.MetaClassImpl.invokeMethod(MetaClassImpl.java:790)
	at io.restassured.internal.RequestSpecificationImpl.invokeMethod(RequestSpecificationImpl.groovy)
	at org.codehaus.groovy.runtime.callsite.PogoInterceptableSite.call(PogoInterceptableSite.java:46)
	at org.codehaus.groovy.runtime.callsite.AbstractCallSite.call(AbstractCallSite.java:166)
	at io.restassured.internal.filter.SendRequestFilter.filter(SendRequestFilter.groovy:30)
	at io.restassured.filter.Filter$filter.call(Unknown Source)
	at org.codehaus.groovy.runtime.callsite.CallSiteArray.defaultCall(CallSiteArray.java:45)
	at io.restassured.filter.Filter$filter$0.call(Unknown Source)
	at io.restassured.internal.filter.FilterContextImpl.next(FilterContextImpl.groovy:72)
	at io.restassured.filter.time.TimingFilter.filter(TimingFilter.java:56)
	at io.restassured.filter.Filter$filter$0.call(Unknown Source)
	at org.codehaus.groovy.runtime.callsite.CallSiteArray.defaultCall(CallSiteArray.java:45)
	at io.restassured.filter.Filter$filter.call(Unknown Source)
	at io.restassured.internal.filter.FilterContextImpl.next(FilterContextImpl.groovy:72)
	at io.restassured.filter.FilterContext$next.call(Unknown Source)
	at io.restassured.internal.filter.CsrfFilter.filter(CsrfFilter.groovy:89)
	at io.restassured.filter.Filter$filter.call(Unknown Source)
	at org.codehaus.groovy.runtime.callsite.CallSiteArray.defaultCall(CallSiteArray.java:45)
	at io.restassured.filter.Filter$filter.call(Unknown Source)
	at io.restassured.internal.filter.FilterContextImpl.next(FilterContextImpl.groovy:72)
	at io.restassured.filter.FilterContext$next.call(Unknown Source)
	at io.restassured.internal.RequestSpecificationImpl.applyPathParamsAndSendRequest(RequestSpecificationImpl.groovy:1704)
	at io.restassured.internal.RequestSpecificationImpl.this$2$applyPathParamsAndSendRequest(RequestSpecificationImpl.groovy)
	at java.base/jdk.internal.reflect.NativeMethodAccessorImpl.invoke0(Native Method)
	at java.base/jdk.internal.reflect.NativeMethodAccessorImpl.invoke(NativeMethodAccessorImpl.java:77)
	at java.base/jdk.internal.reflect.DelegatingMethodAccessorImpl.invoke(DelegatingMethodAccessorImpl.java:43)
	at java.base/java.lang.reflect.Method.invoke(Method.java:569)
	at org.codehaus.groovy.reflection.CachedMethod.invoke(CachedMethod.java:343)
	at groovy.lang.MetaMethod.doMethodInvoke(MetaMethod.java:328)
	at groovy.lang.MetaClassImpl.doInvokeMethod(MetaClassImpl.java:1333)
	at groovy.lang.MetaClassImpl.invokeMethod(MetaClassImpl.java:1088)
	at groovy.lang.MetaClassImpl.invokeMethod(MetaClassImpl.java:1007)
	at groovy.lang.MetaClassImpl.invokeMethod(MetaClassImpl.java:790)
	at io.restassured.internal.RequestSpecificationImpl.invokeMethod(RequestSpecificationImpl.groovy)
	at org.codehaus.groovy.runtime.callsite.PogoInterceptableSite.call(PogoInterceptableSite.java:46)
	at org.codehaus.groovy.runtime.callsite.PogoInterceptableSite.callCurrent(PogoInterceptableSite.java:57)
	at org.codehaus.groovy.runtime.callsite.AbstractCallSite.callCurrent(AbstractCallSite.java:203)
	at io.restassured.internal.RequestSpecificationImpl.applyPathParamsAndSendRequest(RequestSpecificationImpl.groovy:1710)
	at io.restassured.internal.RequestSpecificationImpl.this$2$applyPathParamsAndSendRequest(RequestSpecificationImpl.groovy)
	at java.base/jdk.internal.reflect.NativeMethodAccessorImpl.invoke0(Native Method)
	at java.base/jdk.internal.reflect.NativeMethodAccessorImpl.invoke(NativeMethodAccessorImpl.java:77)
	at java.base/jdk.internal.reflect.DelegatingMethodAccessorImpl.invoke(DelegatingMethodAccessorImpl.java:43)
	at java.base/java.lang.reflect.Method.invoke(Method.java:569)
	at org.codehaus.groovy.reflection.CachedMethod.invoke(CachedMethod.java:343)
	at groovy.lang.MetaMethod.doMethodInvoke(MetaMethod.java:328)
	at groovy.lang.MetaClassImpl.doInvokeMethod(MetaClassImpl.java:1333)
	at groovy.lang.MetaClassImpl.invokeMethod(MetaClassImpl.java:1088)
	at groovy.lang.MetaClassImpl.invokeMethod(MetaClassImpl.java:1007)
	at groovy.lang.MetaClassImpl.invokeMethod(MetaClassImpl.java:790)
	at io.restassured.internal.RequestSpecificationImpl.invokeMethod(RequestSpecificationImpl.groovy)
	at org.codehaus.groovy.runtime.callsite.PogoInterceptableSite.call(PogoInterceptableSite.java:46)
	at org.codehaus.groovy.runtime.callsite.PogoInterceptableSite.callCurrent(PogoInterceptableSite.java:57)
	at org.codehaus.groovy.runtime.callsite.AbstractCallSite.callCurrent(AbstractCallSite.java:203)
	at io.restassured.internal.RequestSpecificationImpl.post(RequestSpecificationImpl.groovy:176)
	at io.restassured.internal.RequestSpecificationImpl.post(RequestSpecificationImpl.groovy)
	at com.nexly.api.stepDefinitions.TodoApiStepDefinitions.iSendARequestTo(TodoApiStepDefinitions.java:261)
	... 1 more
]]></failure>
    <system-out><![CDATA[Test started: runScenario

@create-todo-validation
Scenario: Create TODO with invalid data should fail                      # file:///C:/Users/gyana/Rest-Assured/test/src/main/resources/feature/app.feature:21
Starting scenario: Create TODO with invalid data should fail
  âœ” Given I set the API base URL to "http://localhost:3000/api/v1/to-do" # com.nexly.api.stepDefinitions.TodoApiStepDefinitions.iSetTheApiBaseUrl(java.lang.String)
  âœ” And I set the authorization header with bearer token                 # com.nexly.api.stepDefinitions.TodoApiStepDefinitions.iSetTheAuthorizationHeader()
  âœ” Given I prepare invalid TODO data with:                              # com.nexly.api.stepDefinitions.TodoApiStepDefinitions.iPrepareInvalidTodoDataWith(io.cucumber.datatable.DataTable)
      | workType | InvalidType     |
      | priority | InvalidPriority |
  âœ˜ When I send a POST request to "/"                                    # com.nexly.api.stepDefinitions.TodoApiStepDefinitions.iSendARequestTo(java.lang.String,java.lang.String)
        java.lang.RuntimeException: Failed to send POST request to /
        	at com.nexly.api.stepDefinitions.TodoApiStepDefinitions.iSendARequestTo(TodoApiStepDefinitions.java:275)
        	at âœ½.I send a POST request to "/"(file:///C:/Users/gyana/Rest-Assured/test/src/main/resources/feature/app.feature:25)
        Caused by: java.net.ConnectException: Connection refused: connect
        	at java.base/sun.nio.ch.Net.connect0(Native Method)
        	at java.base/sun.nio.ch.Net.connect(Net.java:579)
        	at java.base/sun.nio.ch.Net.connect(Net.java:568)
        	at java.base/sun.nio.ch.NioSocketImpl.connect(NioSocketImpl.java:593)
        	at java.base/java.net.SocksSocketImpl.connect(SocksSocketImpl.java:327)
        	at java.base/java.net.Socket.connect(Socket.java:633)
        	at org.apache.http.conn.scheme.PlainSocketFactory.connectSocket(PlainSocketFactory.java:121)
        	at org.apache.http.impl.conn.DefaultClientConnectionOperator.openConnection(DefaultClientConnectionOperator.java:180)
        	at org.apache.http.impl.conn.ManagedClientConnectionImpl.open(ManagedClientConnectionImpl.java:326)
        	at org.apache.http.impl.client.DefaultRequestDirector.tryConnect(DefaultRequestDirector.java:605)
        	at org.apache.http.impl.client.DefaultRequestDirector.execute(DefaultRequestDirector.java:440)
        	at org.apache.http.impl.client.AbstractHttpClient.doExecute(AbstractHttpClient.java:835)
        	at org.apache.http.impl.client.CloseableHttpClient.execute(CloseableHttpClient.java:83)
        	at io.restassured.internal.RestAssuredHttpBuilder.doRequest(RestAssuredHttpBuilder.java:141)
        	at io.restassured.internal.http.HTTPBuilder.post(HTTPBuilder.java:349)
        	at io.restassured.internal.http.HTTPBuilder$post$2.call(Unknown Source)
        	at io.restassured.internal.RequestSpecificationImpl.sendRequest(RequestSpecificationImpl.groovy:1209)
        	at io.restassured.internal.RequestSpecificationImpl.this$2$sendRequest(RequestSpecificationImpl.groovy)
        	at java.base/jdk.internal.reflect.NativeMethodAccessorImpl.invoke0(Native Method)
        	at java.base/jdk.internal.reflect.NativeMethodAccessorImpl.invoke(NativeMethodAccessorImpl.java:77)
        	at java.base/jdk.internal.reflect.DelegatingMethodAccessorImpl.invoke(DelegatingMethodAccessorImpl.java:43)
        	at java.base/java.lang.reflect.Method.invoke(Method.java:569)
        	at org.codehaus.groovy.reflection.CachedMethod.invoke(CachedMethod.java:343)
        	at groovy.lang.MetaMethod.doMethodInvoke(MetaMethod.java:328)
        	at groovy.lang.MetaClassImpl.doInvokeMethod(MetaClassImpl.java:1333)
        	at groovy.lang.MetaClassImpl.invokeMethod(MetaClassImpl.java:1088)
        	at groovy.lang.MetaClassImpl.invokeMethod(MetaClassImpl.java:1007)
        	at groovy.lang.MetaClassImpl.invokeMethod(MetaClassImpl.java:790)
        	at io.restassured.internal.RequestSpecificationImpl.invokeMethod(RequestSpecificationImpl.groovy)
        	at org.codehaus.groovy.runtime.callsite.PogoInterceptableSite.call(PogoInterceptableSite.java:46)
        	at org.codehaus.groovy.runtime.callsite.AbstractCallSite.call(AbstractCallSite.java:166)
        	at io.restassured.internal.filter.SendRequestFilter.filter(SendRequestFilter.groovy:30)
        	at io.restassured.filter.Filter$filter.call(Unknown Source)
        	at org.codehaus.groovy.runtime.callsite.CallSiteArray.defaultCall(CallSiteArray.java:45)
        	at io.restassured.filter.Filter$filter$0.call(Unknown Source)
        	at io.restassured.internal.filter.FilterContextImpl.next(FilterContextImpl.groovy:72)
        	at io.restassured.filter.time.TimingFilter.filter(TimingFilter.java:56)
        	at io.restassured.filter.Filter$filter$0.call(Unknown Source)
        	at org.codehaus.groovy.runtime.callsite.CallSiteArray.defaultCall(CallSiteArray.java:45)
        	at io.restassured.filter.Filter$filter.call(Unknown Source)
        	at io.restassured.internal.filter.FilterContextImpl.next(FilterContextImpl.groovy:72)
        	at io.restassured.filter.FilterContext$next.call(Unknown Source)
        	at io.restassured.internal.filter.CsrfFilter.filter(CsrfFilter.groovy:89)
        	at io.restassured.filter.Filter$filter.call(Unknown Source)
        	at org.codehaus.groovy.runtime.callsite.CallSiteArray.defaultCall(CallSiteArray.java:45)
        	at io.restassured.filter.Filter$filter.call(Unknown Source)
        	at io.restassured.internal.filter.FilterContextImpl.next(FilterContextImpl.groovy:72)
        	at io.restassured.filter.FilterContext$next.call(Unknown Source)
        	at io.restassured.internal.RequestSpecificationImpl.applyPathParamsAndSendRequest(RequestSpecificationImpl.groovy:1704)
        	at io.restassured.internal.RequestSpecificationImpl.this$2$applyPathParamsAndSendRequest(RequestSpecificationImpl.groovy)
        	at java.base/jdk.internal.reflect.NativeMethodAccessorImpl.invoke0(Native Method)
        	at java.base/jdk.internal.reflect.NativeMethodAccessorImpl.invoke(NativeMethodAccessorImpl.java:77)
        	at java.base/jdk.internal.reflect.DelegatingMethodAccessorImpl.invoke(DelegatingMethodAccessorImpl.java:43)
        	at java.base/java.lang.reflect.Method.invoke(Method.java:569)
        	at org.codehaus.groovy.reflection.CachedMethod.invoke(CachedMethod.java:343)
        	at groovy.lang.MetaMethod.doMethodInvoke(MetaMethod.java:328)
        	at groovy.lang.MetaClassImpl.doInvokeMethod(MetaClassImpl.java:1333)
        	at groovy.lang.MetaClassImpl.invokeMethod(MetaClassImpl.java:1088)
        	at groovy.lang.MetaClassImpl.invokeMethod(MetaClassImpl.java:1007)
        	at groovy.lang.MetaClassImpl.invokeMethod(MetaClassImpl.java:790)
        	at io.restassured.internal.RequestSpecificationImpl.invokeMethod(RequestSpecificationImpl.groovy)
        	at org.codehaus.groovy.runtime.callsite.PogoInterceptableSite.call(PogoInterceptableSite.java:46)
        	at org.codehaus.groovy.runtime.callsite.PogoInterceptableSite.callCurrent(PogoInterceptableSite.java:57)
        	at org.codehaus.groovy.runtime.callsite.AbstractCallSite.callCurrent(AbstractCallSite.java:203)
        	at io.restassured.internal.RequestSpecificationImpl.applyPathParamsAndSendRequest(RequestSpecificationImpl.groovy:1710)
        	at io.restassured.internal.RequestSpecificationImpl.this$2$applyPathParamsAndSendRequest(RequestSpecificationImpl.groovy)
        	at java.base/jdk.internal.reflect.NativeMethodAccessorImpl.invoke0(Native Method)
        	at java.base/jdk.internal.reflect.NativeMethodAccessorImpl.invoke(NativeMethodAccessorImpl.java:77)
        	at java.base/jdk.internal.reflect.DelegatingMethodAccessorImpl.invoke(DelegatingMethodAccessorImpl.java:43)
        	at java.base/java.lang.reflect.Method.invoke(Method.java:569)
        	at org.codehaus.groovy.reflection.CachedMethod.invoke(CachedMethod.java:343)
        	at groovy.lang.MetaMethod.doMethodInvoke(MetaMethod.java:328)
        	at groovy.lang.MetaClassImpl.doInvokeMethod(MetaClassImpl.java:1333)
        	at groovy.lang.MetaClassImpl.invokeMethod(MetaClassImpl.java:1088)
        	at groovy.lang.MetaClassImpl.invokeMethod(MetaClassImpl.java:1007)
        	at groovy.lang.MetaClassImpl.invokeMethod(MetaClassImpl.java:790)
        	at io.restassured.internal.RequestSpecificationImpl.invokeMethod(RequestSpecificationImpl.groovy)
        	at org.codehaus.groovy.runtime.callsite.PogoInterceptableSite.call(PogoInterceptableSite.java:46)
        	at org.codehaus.groovy.runtime.callsite.PogoInterceptableSite.callCurrent(PogoInterceptableSite.java:57)
        	at org.codehaus.groovy.runtime.callsite.AbstractCallSite.callCurrent(AbstractCallSite.java:203)
        	at io.restassured.internal.RequestSpecificationImpl.post(RequestSpecificationImpl.groovy:176)
        	at io.restassured.internal.RequestSpecificationImpl.post(RequestSpecificationImpl.groovy)
        	at com.nexly.api.stepDefinitions.TodoApiStepDefinitions.iSendARequestTo(TodoApiStepDefinitions.java:261)
        	... 1 more
  â†· Then the response status code should be 400                          # com.nexly.api.stepDefinitions.TodoApiStepDefinitions.theResponseStatusCodeShouldBe(int)
  â†· And the response should contain validation errors                    # com.nexly.api.stepDefinitions.TodoApiStepDefinitions.theResponseShouldContainValidationErrors()
Finished scenario: Create TODO with invalid data should fail with status: FAILED
]]></system-out>
  </testcase>
  <testcase name="runScenario[&quot;Get all TODOs successfully&quot;, &quot;TODO API Tests&quot;](3)" classname="com.nexly.api.runners.TestRunner" time="0.063">
    <failure message="Connection refused: connect" type="java.net.ConnectException"><![CDATA[java.net.ConnectException: Connection refused: connect
	at java.base/sun.nio.ch.Net.connect0(Native Method)
	at java.base/sun.nio.ch.Net.connect(Net.java:579)
	at java.base/sun.nio.ch.Net.connect(Net.java:568)
	at java.base/sun.nio.ch.NioSocketImpl.connect(NioSocketImpl.java:593)
	at java.base/java.net.SocksSocketImpl.connect(SocksSocketImpl.java:327)
	at java.base/java.net.Socket.connect(Socket.java:633)
	at org.apache.http.conn.scheme.PlainSocketFactory.connectSocket(PlainSocketFactory.java:121)
	at org.apache.http.impl.conn.DefaultClientConnectionOperator.openConnection(DefaultClientConnectionOperator.java:180)
	at org.apache.http.impl.conn.ManagedClientConnectionImpl.open(ManagedClientConnectionImpl.java:326)
	at org.apache.http.impl.client.DefaultRequestDirector.tryConnect(DefaultRequestDirector.java:605)
	at org.apache.http.impl.client.DefaultRequestDirector.execute(DefaultRequestDirector.java:440)
	at org.apache.http.impl.client.AbstractHttpClient.doExecute(AbstractHttpClient.java:835)
	at org.apache.http.impl.client.CloseableHttpClient.execute(CloseableHttpClient.java:83)
	at io.restassured.internal.RestAssuredHttpBuilder.doRequest(RestAssuredHttpBuilder.java:141)
	at io.restassured.internal.http.HTTPBuilder.post(HTTPBuilder.java:349)
	at io.restassured.internal.http.HTTPBuilder$post$2.call(Unknown Source)
	at io.restassured.internal.RequestSpecificationImpl.sendRequest(RequestSpecificationImpl.groovy:1209)
	at io.restassured.internal.RequestSpecificationImpl.this$2$sendRequest(RequestSpecificationImpl.groovy)
	at java.base/jdk.internal.reflect.NativeMethodAccessorImpl.invoke0(Native Method)
	at java.base/jdk.internal.reflect.NativeMethodAccessorImpl.invoke(NativeMethodAccessorImpl.java:77)
	at java.base/jdk.internal.reflect.DelegatingMethodAccessorImpl.invoke(DelegatingMethodAccessorImpl.java:43)
	at java.base/java.lang.reflect.Method.invoke(Method.java:569)
	at org.codehaus.groovy.reflection.CachedMethod.invoke(CachedMethod.java:343)
	at groovy.lang.MetaMethod.doMethodInvoke(MetaMethod.java:328)
	at groovy.lang.MetaClassImpl.doInvokeMethod(MetaClassImpl.java:1333)
	at groovy.lang.MetaClassImpl.invokeMethod(MetaClassImpl.java:1088)
	at groovy.lang.MetaClassImpl.invokeMethod(MetaClassImpl.java:1007)
	at groovy.lang.MetaClassImpl.invokeMethod(MetaClassImpl.java:790)
	at io.restassured.internal.RequestSpecificationImpl.invokeMethod(RequestSpecificationImpl.groovy)
	at org.codehaus.groovy.runtime.callsite.PogoInterceptableSite.call(PogoInterceptableSite.java:46)
	at org.codehaus.groovy.runtime.callsite.AbstractCallSite.call(AbstractCallSite.java:166)
	at io.restassured.internal.filter.SendRequestFilter.filter(SendRequestFilter.groovy:30)
	at io.restassured.filter.Filter$filter.call(Unknown Source)
	at org.codehaus.groovy.runtime.callsite.CallSiteArray.defaultCall(CallSiteArray.java:45)
	at io.restassured.filter.Filter$filter$0.call(Unknown Source)
	at io.restassured.internal.filter.FilterContextImpl.next(FilterContextImpl.groovy:72)
	at io.restassured.filter.time.TimingFilter.filter(TimingFilter.java:56)
	at io.restassured.filter.Filter$filter$0.call(Unknown Source)
	at org.codehaus.groovy.runtime.callsite.CallSiteArray.defaultCall(CallSiteArray.java:45)
	at io.restassured.filter.Filter$filter.call(Unknown Source)
	at io.restassured.internal.filter.FilterContextImpl.next(FilterContextImpl.groovy:72)
	at io.restassured.filter.FilterContext$next.call(Unknown Source)
	at io.restassured.internal.filter.CsrfFilter.filter(CsrfFilter.groovy:89)
	at io.restassured.filter.Filter$filter.call(Unknown Source)
	at org.codehaus.groovy.runtime.callsite.CallSiteArray.defaultCall(CallSiteArray.java:45)
	at io.restassured.filter.Filter$filter.call(Unknown Source)
	at io.restassured.internal.filter.FilterContextImpl.next(FilterContextImpl.groovy:72)
	at io.restassured.filter.FilterContext$next.call(Unknown Source)
	at io.restassured.internal.RequestSpecificationImpl.applyPathParamsAndSendRequest(RequestSpecificationImpl.groovy:1704)
	at io.restassured.internal.RequestSpecificationImpl.this$2$applyPathParamsAndSendRequest(RequestSpecificationImpl.groovy)
	at java.base/jdk.internal.reflect.NativeMethodAccessorImpl.invoke0(Native Method)
	at java.base/jdk.internal.reflect.NativeMethodAccessorImpl.invoke(NativeMethodAccessorImpl.java:77)
	at java.base/jdk.internal.reflect.DelegatingMethodAccessorImpl.invoke(DelegatingMethodAccessorImpl.java:43)
	at java.base/java.lang.reflect.Method.invoke(Method.java:569)
	at org.codehaus.groovy.reflection.CachedMethod.invoke(CachedMethod.java:343)
	at groovy.lang.MetaMethod.doMethodInvoke(MetaMethod.java:328)
	at groovy.lang.MetaClassImpl.doInvokeMethod(MetaClassImpl.java:1333)
	at groovy.lang.MetaClassImpl.invokeMethod(MetaClassImpl.java:1088)
	at groovy.lang.MetaClassImpl.invokeMethod(MetaClassImpl.java:1007)
	at groovy.lang.MetaClassImpl.invokeMethod(MetaClassImpl.java:790)
	at io.restassured.internal.RequestSpecificationImpl.invokeMethod(RequestSpecificationImpl.groovy)
	at org.codehaus.groovy.runtime.callsite.PogoInterceptableSite.call(PogoInterceptableSite.java:46)
	at org.codehaus.groovy.runtime.callsite.PogoInterceptableSite.callCurrent(PogoInterceptableSite.java:57)
	at org.codehaus.groovy.runtime.callsite.AbstractCallSite.callCurrent(AbstractCallSite.java:203)
	at io.restassured.internal.RequestSpecificationImpl.applyPathParamsAndSendRequest(RequestSpecificationImpl.groovy:1710)
	at io.restassured.internal.RequestSpecificationImpl.this$2$applyPathParamsAndSendRequest(RequestSpecificationImpl.groovy)
	at java.base/jdk.internal.reflect.NativeMethodAccessorImpl.invoke0(Native Method)
	at java.base/jdk.internal.reflect.NativeMethodAccessorImpl.invoke(NativeMethodAccessorImpl.java:77)
	at java.base/jdk.internal.reflect.DelegatingMethodAccessorImpl.invoke(DelegatingMethodAccessorImpl.java:43)
	at java.base/java.lang.reflect.Method.invoke(Method.java:569)
	at org.codehaus.groovy.reflection.CachedMethod.invoke(CachedMethod.java:343)
	at groovy.lang.MetaMethod.doMethodInvoke(MetaMethod.java:328)
	at groovy.lang.MetaClassImpl.doInvokeMethod(MetaClassImpl.java:1333)
	at groovy.lang.MetaClassImpl.invokeMethod(MetaClassImpl.java:1088)
	at groovy.lang.MetaClassImpl.invokeMethod(MetaClassImpl.java:1007)
	at groovy.lang.MetaClassImpl.invokeMethod(MetaClassImpl.java:790)
	at io.restassured.internal.RequestSpecificationImpl.invokeMethod(RequestSpecificationImpl.groovy)
	at org.codehaus.groovy.runtime.callsite.PogoInterceptableSite.call(PogoInterceptableSite.java:46)
	at org.codehaus.groovy.runtime.callsite.PogoInterceptableSite.callCurrent(PogoInterceptableSite.java:57)
	at org.codehaus.groovy.runtime.callsite.AbstractCallSite.callCurrent(AbstractCallSite.java:203)
	at io.restassured.internal.RequestSpecificationImpl.post(RequestSpecificationImpl.groovy:176)
	at io.restassured.internal.RequestSpecificationImpl.post(RequestSpecificationImpl.groovy)
	at com.nexly.api.stepDefinitions.TodoApiStepDefinitions.iHaveCreatedATodoWithWorkType(TodoApiStepDefinitions.java:111)
	at ✽.I have created a TODO with workType "Personal"(file:///C:/Users/gyana/Rest-Assured/test/src/main/resources/feature/app.feature:31)
]]></failure>
    <system-out><![CDATA[Test started: runScenario

@get-all-todos
Scenario: Get all TODOs successfully                                     # file:///C:/Users/gyana/Rest-Assured/test/src/main/resources/feature/app.feature:30
Starting scenario: Get all TODOs successfully
  âœ” Given I set the API base URL to "http://localhost:3000/api/v1/to-do" # com.nexly.api.stepDefinitions.TodoApiStepDefinitions.iSetTheApiBaseUrl(java.lang.String)
  âœ” And I set the authorization header with bearer token                 # com.nexly.api.stepDefinitions.TodoApiStepDefinitions.iSetTheAuthorizationHeader()
  âœ˜ Given I have created a TODO with workType "Personal"                 # com.nexly.api.stepDefinitions.TodoApiStepDefinitions.iHaveCreatedATodoWithWorkType(java.lang.String)
        java.net.ConnectException: Connection refused: connect
        	at java.base/sun.nio.ch.Net.connect0(Native Method)
        	at java.base/sun.nio.ch.Net.connect(Net.java:579)
        	at java.base/sun.nio.ch.Net.connect(Net.java:568)
        	at java.base/sun.nio.ch.NioSocketImpl.connect(NioSocketImpl.java:593)
        	at java.base/java.net.SocksSocketImpl.connect(SocksSocketImpl.java:327)
        	at java.base/java.net.Socket.connect(Socket.java:633)
        	at org.apache.http.conn.scheme.PlainSocketFactory.connectSocket(PlainSocketFactory.java:121)
        	at org.apache.http.impl.conn.DefaultClientConnectionOperator.openConnection(DefaultClientConnectionOperator.java:180)
        	at org.apache.http.impl.conn.ManagedClientConnectionImpl.open(ManagedClientConnectionImpl.java:326)
        	at org.apache.http.impl.client.DefaultRequestDirector.tryConnect(DefaultRequestDirector.java:605)
        	at org.apache.http.impl.client.DefaultRequestDirector.execute(DefaultRequestDirector.java:440)
        	at org.apache.http.impl.client.AbstractHttpClient.doExecute(AbstractHttpClient.java:835)
        	at org.apache.http.impl.client.CloseableHttpClient.execute(CloseableHttpClient.java:83)
        	at io.restassured.internal.RestAssuredHttpBuilder.doRequest(RestAssuredHttpBuilder.java:141)
        	at io.restassured.internal.http.HTTPBuilder.post(HTTPBuilder.java:349)
        	at io.restassured.internal.http.HTTPBuilder$post$2.call(Unknown Source)
        	at io.restassured.internal.RequestSpecificationImpl.sendRequest(RequestSpecificationImpl.groovy:1209)
        	at io.restassured.internal.RequestSpecificationImpl.this$2$sendRequest(RequestSpecificationImpl.groovy)
        	at java.base/jdk.internal.reflect.NativeMethodAccessorImpl.invoke0(Native Method)
        	at java.base/jdk.internal.reflect.NativeMethodAccessorImpl.invoke(NativeMethodAccessorImpl.java:77)
        	at java.base/jdk.internal.reflect.DelegatingMethodAccessorImpl.invoke(DelegatingMethodAccessorImpl.java:43)
        	at java.base/java.lang.reflect.Method.invoke(Method.java:569)
        	at org.codehaus.groovy.reflection.CachedMethod.invoke(CachedMethod.java:343)
        	at groovy.lang.MetaMethod.doMethodInvoke(MetaMethod.java:328)
        	at groovy.lang.MetaClassImpl.doInvokeMethod(MetaClassImpl.java:1333)
        	at groovy.lang.MetaClassImpl.invokeMethod(MetaClassImpl.java:1088)
        	at groovy.lang.MetaClassImpl.invokeMethod(MetaClassImpl.java:1007)
        	at groovy.lang.MetaClassImpl.invokeMethod(MetaClassImpl.java:790)
        	at io.restassured.internal.RequestSpecificationImpl.invokeMethod(RequestSpecificationImpl.groovy)
        	at org.codehaus.groovy.runtime.callsite.PogoInterceptableSite.call(PogoInterceptableSite.java:46)
        	at org.codehaus.groovy.runtime.callsite.AbstractCallSite.call(AbstractCallSite.java:166)
        	at io.restassured.internal.filter.SendRequestFilter.filter(SendRequestFilter.groovy:30)
        	at io.restassured.filter.Filter$filter.call(Unknown Source)
        	at org.codehaus.groovy.runtime.callsite.CallSiteArray.defaultCall(CallSiteArray.java:45)
        	at io.restassured.filter.Filter$filter$0.call(Unknown Source)
        	at io.restassured.internal.filter.FilterContextImpl.next(FilterContextImpl.groovy:72)
        	at io.restassured.filter.time.TimingFilter.filter(TimingFilter.java:56)
        	at io.restassured.filter.Filter$filter$0.call(Unknown Source)
        	at org.codehaus.groovy.runtime.callsite.CallSiteArray.defaultCall(CallSiteArray.java:45)
        	at io.restassured.filter.Filter$filter.call(Unknown Source)
        	at io.restassured.internal.filter.FilterContextImpl.next(FilterContextImpl.groovy:72)
        	at io.restassured.filter.FilterContext$next.call(Unknown Source)
        	at io.restassured.internal.filter.CsrfFilter.filter(CsrfFilter.groovy:89)
        	at io.restassured.filter.Filter$filter.call(Unknown Source)
        	at org.codehaus.groovy.runtime.callsite.CallSiteArray.defaultCall(CallSiteArray.java:45)
        	at io.restassured.filter.Filter$filter.call(Unknown Source)
        	at io.restassured.internal.filter.FilterContextImpl.next(FilterContextImpl.groovy:72)
        	at io.restassured.filter.FilterContext$next.call(Unknown Source)
        	at io.restassured.internal.RequestSpecificationImpl.applyPathParamsAndSendRequest(RequestSpecificationImpl.groovy:1704)
        	at io.restassured.internal.RequestSpecificationImpl.this$2$applyPathParamsAndSendRequest(RequestSpecificationImpl.groovy)
        	at java.base/jdk.internal.reflect.NativeMethodAccessorImpl.invoke0(Native Method)
        	at java.base/jdk.internal.reflect.NativeMethodAccessorImpl.invoke(NativeMethodAccessorImpl.java:77)
        	at java.base/jdk.internal.reflect.DelegatingMethodAccessorImpl.invoke(DelegatingMethodAccessorImpl.java:43)
        	at java.base/java.lang.reflect.Method.invoke(Method.java:569)
        	at org.codehaus.groovy.reflection.CachedMethod.invoke(CachedMethod.java:343)
        	at groovy.lang.MetaMethod.doMethodInvoke(MetaMethod.java:328)
        	at groovy.lang.MetaClassImpl.doInvokeMethod(MetaClassImpl.java:1333)
        	at groovy.lang.MetaClassImpl.invokeMethod(MetaClassImpl.java:1088)
        	at groovy.lang.MetaClassImpl.invokeMethod(MetaClassImpl.java:1007)
        	at groovy.lang.MetaClassImpl.invokeMethod(MetaClassImpl.java:790)
        	at io.restassured.internal.RequestSpecificationImpl.invokeMethod(RequestSpecificationImpl.groovy)
        	at org.codehaus.groovy.runtime.callsite.PogoInterceptableSite.call(PogoInterceptableSite.java:46)
        	at org.codehaus.groovy.runtime.callsite.PogoInterceptableSite.callCurrent(PogoInterceptableSite.java:57)
        	at org.codehaus.groovy.runtime.callsite.AbstractCallSite.callCurrent(AbstractCallSite.java:203)
        	at io.restassured.internal.RequestSpecificationImpl.applyPathParamsAndSendRequest(RequestSpecificationImpl.groovy:1710)
        	at io.restassured.internal.RequestSpecificationImpl.this$2$applyPathParamsAndSendRequest(RequestSpecificationImpl.groovy)
        	at java.base/jdk.internal.reflect.NativeMethodAccessorImpl.invoke0(Native Method)
        	at java.base/jdk.internal.reflect.NativeMethodAccessorImpl.invoke(NativeMethodAccessorImpl.java:77)
        	at java.base/jdk.internal.reflect.DelegatingMethodAccessorImpl.invoke(DelegatingMethodAccessorImpl.java:43)
        	at java.base/java.lang.reflect.Method.invoke(Method.java:569)
        	at org.codehaus.groovy.reflection.CachedMethod.invoke(CachedMethod.java:343)
        	at groovy.lang.MetaMethod.doMethodInvoke(MetaMethod.java:328)
        	at groovy.lang.MetaClassImpl.doInvokeMethod(MetaClassImpl.java:1333)
        	at groovy.lang.MetaClassImpl.invokeMethod(MetaClassImpl.java:1088)
        	at groovy.lang.MetaClassImpl.invokeMethod(MetaClassImpl.java:1007)
        	at groovy.lang.MetaClassImpl.invokeMethod(MetaClassImpl.java:790)
        	at io.restassured.internal.RequestSpecificationImpl.invokeMethod(RequestSpecificationImpl.groovy)
        	at org.codehaus.groovy.runtime.callsite.PogoInterceptableSite.call(PogoInterceptableSite.java:46)
        	at org.codehaus.groovy.runtime.callsite.PogoInterceptableSite.callCurrent(PogoInterceptableSite.java:57)
        	at org.codehaus.groovy.runtime.callsite.AbstractCallSite.callCurrent(AbstractCallSite.java:203)
        	at io.restassured.internal.RequestSpecificationImpl.post(RequestSpecificationImpl.groovy:176)
        	at io.restassured.internal.RequestSpecificationImpl.post(RequestSpecificationImpl.groovy)
        	at com.nexly.api.stepDefinitions.TodoApiStepDefinitions.iHaveCreatedATodoWithWorkType(TodoApiStepDefinitions.java:111)
        	at âœ½.I have created a TODO with workType "Personal"(file:///C:/Users/gyana/Rest-Assured/test/src/main/resources/feature/app.feature:31)
  â†· And I have created a TODO with workType "Professional"               # com.nexly.api.stepDefinitions.TodoApiStepDefinitions.iHaveCreatedATodoWithWorkType(java.lang.String)
  â†· When I send a GET request to "/"                                     # com.nexly.api.stepDefinitions.TodoApiStepDefinitions.iSendARequestTo(java.lang.String,java.lang.String)
  â†· Then the response status code should be 200                          # com.nexly.api.stepDefinitions.TodoApiStepDefinitions.theResponseStatusCodeShouldBe(int)
  â†· And the response should contain "todos" array                        # com.nexly.api.stepDefinitions.TodoApiStepDefinitions.theResponseShouldContainArray(java.lang.String)
  â†· And the response should contain "pagination" object                  # com.nexly.api.stepDefinitions.TodoApiStepDefinitions.theResponseShouldContainObject(java.lang.String)
  â†· And the todos array should not be empty                              # com.nexly.api.stepDefinitions.TodoApiStepDefinitions.theTodosArrayShouldNotBeEmpty()
Finished scenario: Get all TODOs successfully with status: FAILED
]]></system-out>
  </testcase>
  <testcase name="runScenario[&quot;Get TODOs with workType filter&quot;, &quot;TODO API Tests&quot;](4)" classname="com.nexly.api.runners.TestRunner" time="0.057">
    <failure message="Connection refused: connect" type="java.net.ConnectException"><![CDATA[java.net.ConnectException: Connection refused: connect
	at java.base/sun.nio.ch.Net.connect0(Native Method)
	at java.base/sun.nio.ch.Net.connect(Net.java:579)
	at java.base/sun.nio.ch.Net.connect(Net.java:568)
	at java.base/sun.nio.ch.NioSocketImpl.connect(NioSocketImpl.java:593)
	at java.base/java.net.SocksSocketImpl.connect(SocksSocketImpl.java:327)
	at java.base/java.net.Socket.connect(Socket.java:633)
	at org.apache.http.conn.scheme.PlainSocketFactory.connectSocket(PlainSocketFactory.java:121)
	at org.apache.http.impl.conn.DefaultClientConnectionOperator.openConnection(DefaultClientConnectionOperator.java:180)
	at org.apache.http.impl.conn.ManagedClientConnectionImpl.open(ManagedClientConnectionImpl.java:326)
	at org.apache.http.impl.client.DefaultRequestDirector.tryConnect(DefaultRequestDirector.java:605)
	at org.apache.http.impl.client.DefaultRequestDirector.execute(DefaultRequestDirector.java:440)
	at org.apache.http.impl.client.AbstractHttpClient.doExecute(AbstractHttpClient.java:835)
	at org.apache.http.impl.client.CloseableHttpClient.execute(CloseableHttpClient.java:83)
	at io.restassured.internal.RestAssuredHttpBuilder.doRequest(RestAssuredHttpBuilder.java:141)
	at io.restassured.internal.http.HTTPBuilder.post(HTTPBuilder.java:349)
	at io.restassured.internal.http.HTTPBuilder$post$2.call(Unknown Source)
	at io.restassured.internal.RequestSpecificationImpl.sendRequest(RequestSpecificationImpl.groovy:1209)
	at io.restassured.internal.RequestSpecificationImpl.this$2$sendRequest(RequestSpecificationImpl.groovy)
	at java.base/jdk.internal.reflect.NativeMethodAccessorImpl.invoke0(Native Method)
	at java.base/jdk.internal.reflect.NativeMethodAccessorImpl.invoke(NativeMethodAccessorImpl.java:77)
	at java.base/jdk.internal.reflect.DelegatingMethodAccessorImpl.invoke(DelegatingMethodAccessorImpl.java:43)
	at java.base/java.lang.reflect.Method.invoke(Method.java:569)
	at org.codehaus.groovy.reflection.CachedMethod.invoke(CachedMethod.java:343)
	at groovy.lang.MetaMethod.doMethodInvoke(MetaMethod.java:328)
	at groovy.lang.MetaClassImpl.doInvokeMethod(MetaClassImpl.java:1333)
	at groovy.lang.MetaClassImpl.invokeMethod(MetaClassImpl.java:1088)
	at groovy.lang.MetaClassImpl.invokeMethod(MetaClassImpl.java:1007)
	at groovy.lang.MetaClassImpl.invokeMethod(MetaClassImpl.java:790)
	at io.restassured.internal.RequestSpecificationImpl.invokeMethod(RequestSpecificationImpl.groovy)
	at org.codehaus.groovy.runtime.callsite.PogoInterceptableSite.call(PogoInterceptableSite.java:46)
	at org.codehaus.groovy.runtime.callsite.AbstractCallSite.call(AbstractCallSite.java:166)
	at io.restassured.internal.filter.SendRequestFilter.filter(SendRequestFilter.groovy:30)
	at io.restassured.filter.Filter$filter.call(Unknown Source)
	at org.codehaus.groovy.runtime.callsite.CallSiteArray.defaultCall(CallSiteArray.java:45)
	at io.restassured.filter.Filter$filter$0.call(Unknown Source)
	at io.restassured.internal.filter.FilterContextImpl.next(FilterContextImpl.groovy:72)
	at io.restassured.filter.time.TimingFilter.filter(TimingFilter.java:56)
	at io.restassured.filter.Filter$filter$0.call(Unknown Source)
	at org.codehaus.groovy.runtime.callsite.CallSiteArray.defaultCall(CallSiteArray.java:45)
	at io.restassured.filter.Filter$filter.call(Unknown Source)
	at io.restassured.internal.filter.FilterContextImpl.next(FilterContextImpl.groovy:72)
	at io.restassured.filter.FilterContext$next.call(Unknown Source)
	at io.restassured.internal.filter.CsrfFilter.filter(CsrfFilter.groovy:89)
	at io.restassured.filter.Filter$filter.call(Unknown Source)
	at org.codehaus.groovy.runtime.callsite.CallSiteArray.defaultCall(CallSiteArray.java:45)
	at io.restassured.filter.Filter$filter.call(Unknown Source)
	at io.restassured.internal.filter.FilterContextImpl.next(FilterContextImpl.groovy:72)
	at io.restassured.filter.FilterContext$next.call(Unknown Source)
	at io.restassured.internal.RequestSpecificationImpl.applyPathParamsAndSendRequest(RequestSpecificationImpl.groovy:1704)
	at io.restassured.internal.RequestSpecificationImpl.this$2$applyPathParamsAndSendRequest(RequestSpecificationImpl.groovy)
	at java.base/jdk.internal.reflect.NativeMethodAccessorImpl.invoke0(Native Method)
	at java.base/jdk.internal.reflect.NativeMethodAccessorImpl.invoke(NativeMethodAccessorImpl.java:77)
	at java.base/jdk.internal.reflect.DelegatingMethodAccessorImpl.invoke(DelegatingMethodAccessorImpl.java:43)
	at java.base/java.lang.reflect.Method.invoke(Method.java:569)
	at org.codehaus.groovy.reflection.CachedMethod.invoke(CachedMethod.java:343)
	at groovy.lang.MetaMethod.doMethodInvoke(MetaMethod.java:328)
	at groovy.lang.MetaClassImpl.doInvokeMethod(MetaClassImpl.java:1333)
	at groovy.lang.MetaClassImpl.invokeMethod(MetaClassImpl.java:1088)
	at groovy.lang.MetaClassImpl.invokeMethod(MetaClassImpl.java:1007)
	at groovy.lang.MetaClassImpl.invokeMethod(MetaClassImpl.java:790)
	at io.restassured.internal.RequestSpecificationImpl.invokeMethod(RequestSpecificationImpl.groovy)
	at org.codehaus.groovy.runtime.callsite.PogoInterceptableSite.call(PogoInterceptableSite.java:46)
	at org.codehaus.groovy.runtime.callsite.PogoInterceptableSite.callCurrent(PogoInterceptableSite.java:57)
	at org.codehaus.groovy.runtime.callsite.AbstractCallSite.callCurrent(AbstractCallSite.java:203)
	at io.restassured.internal.RequestSpecificationImpl.applyPathParamsAndSendRequest(RequestSpecificationImpl.groovy:1710)
	at io.restassured.internal.RequestSpecificationImpl.this$2$applyPathParamsAndSendRequest(RequestSpecificationImpl.groovy)
	at java.base/jdk.internal.reflect.NativeMethodAccessorImpl.invoke0(Native Method)
	at java.base/jdk.internal.reflect.NativeMethodAccessorImpl.invoke(NativeMethodAccessorImpl.java:77)
	at java.base/jdk.internal.reflect.DelegatingMethodAccessorImpl.invoke(DelegatingMethodAccessorImpl.java:43)
	at java.base/java.lang.reflect.Method.invoke(Method.java:569)
	at org.codehaus.groovy.reflection.CachedMethod.invoke(CachedMethod.java:343)
	at groovy.lang.MetaMethod.doMethodInvoke(MetaMethod.java:328)
	at groovy.lang.MetaClassImpl.doInvokeMethod(MetaClassImpl.java:1333)
	at groovy.lang.MetaClassImpl.invokeMethod(MetaClassImpl.java:1088)
	at groovy.lang.MetaClassImpl.invokeMethod(MetaClassImpl.java:1007)
	at groovy.lang.MetaClassImpl.invokeMethod(MetaClassImpl.java:790)
	at io.restassured.internal.RequestSpecificationImpl.invokeMethod(RequestSpecificationImpl.groovy)
	at org.codehaus.groovy.runtime.callsite.PogoInterceptableSite.call(PogoInterceptableSite.java:46)
	at org.codehaus.groovy.runtime.callsite.PogoInterceptableSite.callCurrent(PogoInterceptableSite.java:57)
	at org.codehaus.groovy.runtime.callsite.AbstractCallSite.callCurrent(AbstractCallSite.java:203)
	at io.restassured.internal.RequestSpecificationImpl.post(RequestSpecificationImpl.groovy:176)
	at io.restassured.internal.RequestSpecificationImpl.post(RequestSpecificationImpl.groovy)
	at com.nexly.api.stepDefinitions.TodoApiStepDefinitions.iHaveCreatedATodoWithWorkType(TodoApiStepDefinitions.java:111)
	at ✽.I have created a TODO with workType "Personal"(file:///C:/Users/gyana/Rest-Assured/test/src/main/resources/feature/app.feature:41)
]]></failure>
    <system-out><![CDATA[Test started: runScenario

@get-todos-with-filters
Scenario: Get TODOs with workType filter                                 # file:///C:/Users/gyana/Rest-Assured/test/src/main/resources/feature/app.feature:40
Starting scenario: Get TODOs with workType filter
  âœ” Given I set the API base URL to "http://localhost:3000/api/v1/to-do" # com.nexly.api.stepDefinitions.TodoApiStepDefinitions.iSetTheApiBaseUrl(java.lang.String)
  âœ” And I set the authorization header with bearer token                 # com.nexly.api.stepDefinitions.TodoApiStepDefinitions.iSetTheAuthorizationHeader()
  âœ˜ Given I have created a TODO with workType "Personal"                 # com.nexly.api.stepDefinitions.TodoApiStepDefinitions.iHaveCreatedATodoWithWorkType(java.lang.String)
        java.net.ConnectException: Connection refused: connect
        	at java.base/sun.nio.ch.Net.connect0(Native Method)
        	at java.base/sun.nio.ch.Net.connect(Net.java:579)
        	at java.base/sun.nio.ch.Net.connect(Net.java:568)
        	at java.base/sun.nio.ch.NioSocketImpl.connect(NioSocketImpl.java:593)
        	at java.base/java.net.SocksSocketImpl.connect(SocksSocketImpl.java:327)
        	at java.base/java.net.Socket.connect(Socket.java:633)
        	at org.apache.http.conn.scheme.PlainSocketFactory.connectSocket(PlainSocketFactory.java:121)
        	at org.apache.http.impl.conn.DefaultClientConnectionOperator.openConnection(DefaultClientConnectionOperator.java:180)
        	at org.apache.http.impl.conn.ManagedClientConnectionImpl.open(ManagedClientConnectionImpl.java:326)
        	at org.apache.http.impl.client.DefaultRequestDirector.tryConnect(DefaultRequestDirector.java:605)
        	at org.apache.http.impl.client.DefaultRequestDirector.execute(DefaultRequestDirector.java:440)
        	at org.apache.http.impl.client.AbstractHttpClient.doExecute(AbstractHttpClient.java:835)
        	at org.apache.http.impl.client.CloseableHttpClient.execute(CloseableHttpClient.java:83)
        	at io.restassured.internal.RestAssuredHttpBuilder.doRequest(RestAssuredHttpBuilder.java:141)
        	at io.restassured.internal.http.HTTPBuilder.post(HTTPBuilder.java:349)
        	at io.restassured.internal.http.HTTPBuilder$post$2.call(Unknown Source)
        	at io.restassured.internal.RequestSpecificationImpl.sendRequest(RequestSpecificationImpl.groovy:1209)
        	at io.restassured.internal.RequestSpecificationImpl.this$2$sendRequest(RequestSpecificationImpl.groovy)
        	at java.base/jdk.internal.reflect.NativeMethodAccessorImpl.invoke0(Native Method)
        	at java.base/jdk.internal.reflect.NativeMethodAccessorImpl.invoke(NativeMethodAccessorImpl.java:77)
        	at java.base/jdk.internal.reflect.DelegatingMethodAccessorImpl.invoke(DelegatingMethodAccessorImpl.java:43)
        	at java.base/java.lang.reflect.Method.invoke(Method.java:569)
        	at org.codehaus.groovy.reflection.CachedMethod.invoke(CachedMethod.java:343)
        	at groovy.lang.MetaMethod.doMethodInvoke(MetaMethod.java:328)
        	at groovy.lang.MetaClassImpl.doInvokeMethod(MetaClassImpl.java:1333)
        	at groovy.lang.MetaClassImpl.invokeMethod(MetaClassImpl.java:1088)
        	at groovy.lang.MetaClassImpl.invokeMethod(MetaClassImpl.java:1007)
        	at groovy.lang.MetaClassImpl.invokeMethod(MetaClassImpl.java:790)
        	at io.restassured.internal.RequestSpecificationImpl.invokeMethod(RequestSpecificationImpl.groovy)
        	at org.codehaus.groovy.runtime.callsite.PogoInterceptableSite.call(PogoInterceptableSite.java:46)
        	at org.codehaus.groovy.runtime.callsite.AbstractCallSite.call(AbstractCallSite.java:166)
        	at io.restassured.internal.filter.SendRequestFilter.filter(SendRequestFilter.groovy:30)
        	at io.restassured.filter.Filter$filter.call(Unknown Source)
        	at org.codehaus.groovy.runtime.callsite.CallSiteArray.defaultCall(CallSiteArray.java:45)
        	at io.restassured.filter.Filter$filter$0.call(Unknown Source)
        	at io.restassured.internal.filter.FilterContextImpl.next(FilterContextImpl.groovy:72)
        	at io.restassured.filter.time.TimingFilter.filter(TimingFilter.java:56)
        	at io.restassured.filter.Filter$filter$0.call(Unknown Source)
        	at org.codehaus.groovy.runtime.callsite.CallSiteArray.defaultCall(CallSiteArray.java:45)
        	at io.restassured.filter.Filter$filter.call(Unknown Source)
        	at io.restassured.internal.filter.FilterContextImpl.next(FilterContextImpl.groovy:72)
        	at io.restassured.filter.FilterContext$next.call(Unknown Source)
        	at io.restassured.internal.filter.CsrfFilter.filter(CsrfFilter.groovy:89)
        	at io.restassured.filter.Filter$filter.call(Unknown Source)
        	at org.codehaus.groovy.runtime.callsite.CallSiteArray.defaultCall(CallSiteArray.java:45)
        	at io.restassured.filter.Filter$filter.call(Unknown Source)
        	at io.restassured.internal.filter.FilterContextImpl.next(FilterContextImpl.groovy:72)
        	at io.restassured.filter.FilterContext$next.call(Unknown Source)
        	at io.restassured.internal.RequestSpecificationImpl.applyPathParamsAndSendRequest(RequestSpecificationImpl.groovy:1704)
        	at io.restassured.internal.RequestSpecificationImpl.this$2$applyPathParamsAndSendRequest(RequestSpecificationImpl.groovy)
        	at java.base/jdk.internal.reflect.NativeMethodAccessorImpl.invoke0(Native Method)
        	at java.base/jdk.internal.reflect.NativeMethodAccessorImpl.invoke(NativeMethodAccessorImpl.java:77)
        	at java.base/jdk.internal.reflect.DelegatingMethodAccessorImpl.invoke(DelegatingMethodAccessorImpl.java:43)
        	at java.base/java.lang.reflect.Method.invoke(Method.java:569)
        	at org.codehaus.groovy.reflection.CachedMethod.invoke(CachedMethod.java:343)
        	at groovy.lang.MetaMethod.doMethodInvoke(MetaMethod.java:328)
        	at groovy.lang.MetaClassImpl.doInvokeMethod(MetaClassImpl.java:1333)
        	at groovy.lang.MetaClassImpl.invokeMethod(MetaClassImpl.java:1088)
        	at groovy.lang.MetaClassImpl.invokeMethod(MetaClassImpl.java:1007)
        	at groovy.lang.MetaClassImpl.invokeMethod(MetaClassImpl.java:790)
        	at io.restassured.internal.RequestSpecificationImpl.invokeMethod(RequestSpecificationImpl.groovy)
        	at org.codehaus.groovy.runtime.callsite.PogoInterceptableSite.call(PogoInterceptableSite.java:46)
        	at org.codehaus.groovy.runtime.callsite.PogoInterceptableSite.callCurrent(PogoInterceptableSite.java:57)
        	at org.codehaus.groovy.runtime.callsite.AbstractCallSite.callCurrent(AbstractCallSite.java:203)
        	at io.restassured.internal.RequestSpecificationImpl.applyPathParamsAndSendRequest(RequestSpecificationImpl.groovy:1710)
        	at io.restassured.internal.RequestSpecificationImpl.this$2$applyPathParamsAndSendRequest(RequestSpecificationImpl.groovy)
        	at java.base/jdk.internal.reflect.NativeMethodAccessorImpl.invoke0(Native Method)
        	at java.base/jdk.internal.reflect.NativeMethodAccessorImpl.invoke(NativeMethodAccessorImpl.java:77)
        	at java.base/jdk.internal.reflect.DelegatingMethodAccessorImpl.invoke(DelegatingMethodAccessorImpl.java:43)
        	at java.base/java.lang.reflect.Method.invoke(Method.java:569)
        	at org.codehaus.groovy.reflection.CachedMethod.invoke(CachedMethod.java:343)
        	at groovy.lang.MetaMethod.doMethodInvoke(MetaMethod.java:328)
        	at groovy.lang.MetaClassImpl.doInvokeMethod(MetaClassImpl.java:1333)
        	at groovy.lang.MetaClassImpl.invokeMethod(MetaClassImpl.java:1088)
        	at groovy.lang.MetaClassImpl.invokeMethod(MetaClassImpl.java:1007)
        	at groovy.lang.MetaClassImpl.invokeMethod(MetaClassImpl.java:790)
        	at io.restassured.internal.RequestSpecificationImpl.invokeMethod(RequestSpecificationImpl.groovy)
        	at org.codehaus.groovy.runtime.callsite.PogoInterceptableSite.call(PogoInterceptableSite.java:46)
        	at org.codehaus.groovy.runtime.callsite.PogoInterceptableSite.callCurrent(PogoInterceptableSite.java:57)
        	at org.codehaus.groovy.runtime.callsite.AbstractCallSite.callCurrent(AbstractCallSite.java:203)
        	at io.restassured.internal.RequestSpecificationImpl.post(RequestSpecificationImpl.groovy:176)
        	at io.restassured.internal.RequestSpecificationImpl.post(RequestSpecificationImpl.groovy)
        	at com.nexly.api.stepDefinitions.TodoApiStepDefinitions.iHaveCreatedATodoWithWorkType(TodoApiStepDefinitions.java:111)
        	at âœ½.I have created a TODO with workType "Personal"(file:///C:/Users/gyana/Rest-Assured/test/src/main/resources/feature/app.feature:41)
  â†· And I have created a TODO with workType "Professional"               # com.nexly.api.stepDefinitions.TodoApiStepDefinitions.iHaveCreatedATodoWithWorkType(java.lang.String)
  â†· When I send a GET request to "/?workType=Personal"                   # com.nexly.api.stepDefinitions.TodoApiStepDefinitions.iSendARequestTo(java.lang.String,java.lang.String)
  â†· Then the response status code should be 200                          # com.nexly.api.stepDefinitions.TodoApiStepDefinitions.theResponseStatusCodeShouldBe(int)
  â†· And all todos in response should have workType "Personal"            # com.nexly.api.stepDefinitions.TodoApiStepDefinitions.allTodosInResponseShouldHaveWorkType(java.lang.String)
Finished scenario: Get TODOs with workType filter with status: FAILED
]]></system-out>
  </testcase>
  <testcase name="runScenario[&quot;Get TODOs with pagination&quot;, &quot;TODO API Tests&quot;](5)" classname="com.nexly.api.runners.TestRunner" time="0.028">
    <failure message="Connection refused: connect" type="java.net.ConnectException"><![CDATA[java.net.ConnectException: Connection refused: connect
	at java.base/sun.nio.ch.Net.connect0(Native Method)
	at java.base/sun.nio.ch.Net.connect(Net.java:579)
	at java.base/sun.nio.ch.Net.connect(Net.java:568)
	at java.base/sun.nio.ch.NioSocketImpl.connect(NioSocketImpl.java:593)
	at java.base/java.net.SocksSocketImpl.connect(SocksSocketImpl.java:327)
	at java.base/java.net.Socket.connect(Socket.java:633)
	at org.apache.http.conn.scheme.PlainSocketFactory.connectSocket(PlainSocketFactory.java:121)
	at org.apache.http.impl.conn.DefaultClientConnectionOperator.openConnection(DefaultClientConnectionOperator.java:180)
	at org.apache.http.impl.conn.ManagedClientConnectionImpl.open(ManagedClientConnectionImpl.java:326)
	at org.apache.http.impl.client.DefaultRequestDirector.tryConnect(DefaultRequestDirector.java:605)
	at org.apache.http.impl.client.DefaultRequestDirector.execute(DefaultRequestDirector.java:440)
	at org.apache.http.impl.client.AbstractHttpClient.doExecute(AbstractHttpClient.java:835)
	at org.apache.http.impl.client.CloseableHttpClient.execute(CloseableHttpClient.java:83)
	at io.restassured.internal.RestAssuredHttpBuilder.doRequest(RestAssuredHttpBuilder.java:141)
	at io.restassured.internal.http.HTTPBuilder.post(HTTPBuilder.java:349)
	at io.restassured.internal.http.HTTPBuilder$post$2.call(Unknown Source)
	at io.restassured.internal.RequestSpecificationImpl.sendRequest(RequestSpecificationImpl.groovy:1209)
	at io.restassured.internal.RequestSpecificationImpl.this$2$sendRequest(RequestSpecificationImpl.groovy)
	at java.base/jdk.internal.reflect.NativeMethodAccessorImpl.invoke0(Native Method)
	at java.base/jdk.internal.reflect.NativeMethodAccessorImpl.invoke(NativeMethodAccessorImpl.java:77)
	at java.base/jdk.internal.reflect.DelegatingMethodAccessorImpl.invoke(DelegatingMethodAccessorImpl.java:43)
	at java.base/java.lang.reflect.Method.invoke(Method.java:569)
	at org.codehaus.groovy.reflection.CachedMethod.invoke(CachedMethod.java:343)
	at groovy.lang.MetaMethod.doMethodInvoke(MetaMethod.java:328)
	at groovy.lang.MetaClassImpl.doInvokeMethod(MetaClassImpl.java:1333)
	at groovy.lang.MetaClassImpl.invokeMethod(MetaClassImpl.java:1088)
	at groovy.lang.MetaClassImpl.invokeMethod(MetaClassImpl.java:1007)
	at groovy.lang.MetaClassImpl.invokeMethod(MetaClassImpl.java:790)
	at io.restassured.internal.RequestSpecificationImpl.invokeMethod(RequestSpecificationImpl.groovy)
	at org.codehaus.groovy.runtime.callsite.PogoInterceptableSite.call(PogoInterceptableSite.java:46)
	at org.codehaus.groovy.runtime.callsite.AbstractCallSite.call(AbstractCallSite.java:166)
	at io.restassured.internal.filter.SendRequestFilter.filter(SendRequestFilter.groovy:30)
	at io.restassured.filter.Filter$filter.call(Unknown Source)
	at org.codehaus.groovy.runtime.callsite.CallSiteArray.defaultCall(CallSiteArray.java:45)
	at io.restassured.filter.Filter$filter$0.call(Unknown Source)
	at io.restassured.internal.filter.FilterContextImpl.next(FilterContextImpl.groovy:72)
	at io.restassured.filter.time.TimingFilter.filter(TimingFilter.java:56)
	at io.restassured.filter.Filter$filter$0.call(Unknown Source)
	at org.codehaus.groovy.runtime.callsite.CallSiteArray.defaultCall(CallSiteArray.java:45)
	at io.restassured.filter.Filter$filter.call(Unknown Source)
	at io.restassured.internal.filter.FilterContextImpl.next(FilterContextImpl.groovy:72)
	at io.restassured.filter.FilterContext$next.call(Unknown Source)
	at io.restassured.internal.filter.CsrfFilter.filter(CsrfFilter.groovy:89)
	at io.restassured.filter.Filter$filter.call(Unknown Source)
	at org.codehaus.groovy.runtime.callsite.CallSiteArray.defaultCall(CallSiteArray.java:45)
	at io.restassured.filter.Filter$filter.call(Unknown Source)
	at io.restassured.internal.filter.FilterContextImpl.next(FilterContextImpl.groovy:72)
	at io.restassured.filter.FilterContext$next.call(Unknown Source)
	at io.restassured.internal.RequestSpecificationImpl.applyPathParamsAndSendRequest(RequestSpecificationImpl.groovy:1704)
	at io.restassured.internal.RequestSpecificationImpl.this$2$applyPathParamsAndSendRequest(RequestSpecificationImpl.groovy)
	at java.base/jdk.internal.reflect.NativeMethodAccessorImpl.invoke0(Native Method)
	at java.base/jdk.internal.reflect.NativeMethodAccessorImpl.invoke(NativeMethodAccessorImpl.java:77)
	at java.base/jdk.internal.reflect.DelegatingMethodAccessorImpl.invoke(DelegatingMethodAccessorImpl.java:43)
	at java.base/java.lang.reflect.Method.invoke(Method.java:569)
	at org.codehaus.groovy.reflection.CachedMethod.invoke(CachedMethod.java:343)
	at groovy.lang.MetaMethod.doMethodInvoke(MetaMethod.java:328)
	at groovy.lang.MetaClassImpl.doInvokeMethod(MetaClassImpl.java:1333)
	at groovy.lang.MetaClassImpl.invokeMethod(MetaClassImpl.java:1088)
	at groovy.lang.MetaClassImpl.invokeMethod(MetaClassImpl.java:1007)
	at groovy.lang.MetaClassImpl.invokeMethod(MetaClassImpl.java:790)
	at io.restassured.internal.RequestSpecificationImpl.invokeMethod(RequestSpecificationImpl.groovy)
	at org.codehaus.groovy.runtime.callsite.PogoInterceptableSite.call(PogoInterceptableSite.java:46)
	at org.codehaus.groovy.runtime.callsite.PogoInterceptableSite.callCurrent(PogoInterceptableSite.java:57)
	at org.codehaus.groovy.runtime.callsite.AbstractCallSite.callCurrent(AbstractCallSite.java:203)
	at io.restassured.internal.RequestSpecificationImpl.applyPathParamsAndSendRequest(RequestSpecificationImpl.groovy:1710)
	at io.restassured.internal.RequestSpecificationImpl.this$2$applyPathParamsAndSendRequest(RequestSpecificationImpl.groovy)
	at java.base/jdk.internal.reflect.NativeMethodAccessorImpl.invoke0(Native Method)
	at java.base/jdk.internal.reflect.NativeMethodAccessorImpl.invoke(NativeMethodAccessorImpl.java:77)
	at java.base/jdk.internal.reflect.DelegatingMethodAccessorImpl.invoke(DelegatingMethodAccessorImpl.java:43)
	at java.base/java.lang.reflect.Method.invoke(Method.java:569)
	at org.codehaus.groovy.reflection.CachedMethod.invoke(CachedMethod.java:343)
	at groovy.lang.MetaMethod.doMethodInvoke(MetaMethod.java:328)
	at groovy.lang.MetaClassImpl.doInvokeMethod(MetaClassImpl.java:1333)
	at groovy.lang.MetaClassImpl.invokeMethod(MetaClassImpl.java:1088)
	at groovy.lang.MetaClassImpl.invokeMethod(MetaClassImpl.java:1007)
	at groovy.lang.MetaClassImpl.invokeMethod(MetaClassImpl.java:790)
	at io.restassured.internal.RequestSpecificationImpl.invokeMethod(RequestSpecificationImpl.groovy)
	at org.codehaus.groovy.runtime.callsite.PogoInterceptableSite.call(PogoInterceptableSite.java:46)
	at org.codehaus.groovy.runtime.callsite.PogoInterceptableSite.callCurrent(PogoInterceptableSite.java:57)
	at org.codehaus.groovy.runtime.callsite.AbstractCallSite.callCurrent(AbstractCallSite.java:203)
	at io.restassured.internal.RequestSpecificationImpl.post(RequestSpecificationImpl.groovy:176)
	at io.restassured.internal.RequestSpecificationImpl.post(RequestSpecificationImpl.groovy)
	at com.nexly.api.stepDefinitions.TodoApiStepDefinitions.iHaveCreatedTodos(TodoApiStepDefinitions.java:217)
	at ✽.I have created 5 TODOs(file:///C:/Users/gyana/Rest-Assured/test/src/main/resources/feature/app.feature:49)
]]></failure>
    <system-out><![CDATA[Test started: runScenario

@get-todos-with-pagination
Scenario: Get TODOs with pagination                                      # file:///C:/Users/gyana/Rest-Assured/test/src/main/resources/feature/app.feature:48
Starting scenario: Get TODOs with pagination
  âœ” Given I set the API base URL to "http://localhost:3000/api/v1/to-do" # com.nexly.api.stepDefinitions.TodoApiStepDefinitions.iSetTheApiBaseUrl(java.lang.String)
  âœ” And I set the authorization header with bearer token                 # com.nexly.api.stepDefinitions.TodoApiStepDefinitions.iSetTheAuthorizationHeader()
  âœ˜ Given I have created 5 TODOs                                         # com.nexly.api.stepDefinitions.TodoApiStepDefinitions.iHaveCreatedTodos(int)
        java.net.ConnectException: Connection refused: connect
        	at java.base/sun.nio.ch.Net.connect0(Native Method)
        	at java.base/sun.nio.ch.Net.connect(Net.java:579)
        	at java.base/sun.nio.ch.Net.connect(Net.java:568)
        	at java.base/sun.nio.ch.NioSocketImpl.connect(NioSocketImpl.java:593)
        	at java.base/java.net.SocksSocketImpl.connect(SocksSocketImpl.java:327)
        	at java.base/java.net.Socket.connect(Socket.java:633)
        	at org.apache.http.conn.scheme.PlainSocketFactory.connectSocket(PlainSocketFactory.java:121)
        	at org.apache.http.impl.conn.DefaultClientConnectionOperator.openConnection(DefaultClientConnectionOperator.java:180)
        	at org.apache.http.impl.conn.ManagedClientConnectionImpl.open(ManagedClientConnectionImpl.java:326)
        	at org.apache.http.impl.client.DefaultRequestDirector.tryConnect(DefaultRequestDirector.java:605)
        	at org.apache.http.impl.client.DefaultRequestDirector.execute(DefaultRequestDirector.java:440)
        	at org.apache.http.impl.client.AbstractHttpClient.doExecute(AbstractHttpClient.java:835)
        	at org.apache.http.impl.client.CloseableHttpClient.execute(CloseableHttpClient.java:83)
        	at io.restassured.internal.RestAssuredHttpBuilder.doRequest(RestAssuredHttpBuilder.java:141)
        	at io.restassured.internal.http.HTTPBuilder.post(HTTPBuilder.java:349)
        	at io.restassured.internal.http.HTTPBuilder$post$2.call(Unknown Source)
        	at io.restassured.internal.RequestSpecificationImpl.sendRequest(RequestSpecificationImpl.groovy:1209)
        	at io.restassured.internal.RequestSpecificationImpl.this$2$sendRequest(RequestSpecificationImpl.groovy)
        	at java.base/jdk.internal.reflect.NativeMethodAccessorImpl.invoke0(Native Method)
        	at java.base/jdk.internal.reflect.NativeMethodAccessorImpl.invoke(NativeMethodAccessorImpl.java:77)
        	at java.base/jdk.internal.reflect.DelegatingMethodAccessorImpl.invoke(DelegatingMethodAccessorImpl.java:43)
        	at java.base/java.lang.reflect.Method.invoke(Method.java:569)
        	at org.codehaus.groovy.reflection.CachedMethod.invoke(CachedMethod.java:343)
        	at groovy.lang.MetaMethod.doMethodInvoke(MetaMethod.java:328)
        	at groovy.lang.MetaClassImpl.doInvokeMethod(MetaClassImpl.java:1333)
        	at groovy.lang.MetaClassImpl.invokeMethod(MetaClassImpl.java:1088)
        	at groovy.lang.MetaClassImpl.invokeMethod(MetaClassImpl.java:1007)
        	at groovy.lang.MetaClassImpl.invokeMethod(MetaClassImpl.java:790)
        	at io.restassured.internal.RequestSpecificationImpl.invokeMethod(RequestSpecificationImpl.groovy)
        	at org.codehaus.groovy.runtime.callsite.PogoInterceptableSite.call(PogoInterceptableSite.java:46)
        	at org.codehaus.groovy.runtime.callsite.AbstractCallSite.call(AbstractCallSite.java:166)
        	at io.restassured.internal.filter.SendRequestFilter.filter(SendRequestFilter.groovy:30)
        	at io.restassured.filter.Filter$filter.call(Unknown Source)
        	at org.codehaus.groovy.runtime.callsite.CallSiteArray.defaultCall(CallSiteArray.java:45)
        	at io.restassured.filter.Filter$filter$0.call(Unknown Source)
        	at io.restassured.internal.filter.FilterContextImpl.next(FilterContextImpl.groovy:72)
        	at io.restassured.filter.time.TimingFilter.filter(TimingFilter.java:56)
        	at io.restassured.filter.Filter$filter$0.call(Unknown Source)
        	at org.codehaus.groovy.runtime.callsite.CallSiteArray.defaultCall(CallSiteArray.java:45)
        	at io.restassured.filter.Filter$filter.call(Unknown Source)
        	at io.restassured.internal.filter.FilterContextImpl.next(FilterContextImpl.groovy:72)
        	at io.restassured.filter.FilterContext$next.call(Unknown Source)
        	at io.restassured.internal.filter.CsrfFilter.filter(CsrfFilter.groovy:89)
        	at io.restassured.filter.Filter$filter.call(Unknown Source)
        	at org.codehaus.groovy.runtime.callsite.CallSiteArray.defaultCall(CallSiteArray.java:45)
        	at io.restassured.filter.Filter$filter.call(Unknown Source)
        	at io.restassured.internal.filter.FilterContextImpl.next(FilterContextImpl.groovy:72)
        	at io.restassured.filter.FilterContext$next.call(Unknown Source)
        	at io.restassured.internal.RequestSpecificationImpl.applyPathParamsAndSendRequest(RequestSpecificationImpl.groovy:1704)
        	at io.restassured.internal.RequestSpecificationImpl.this$2$applyPathParamsAndSendRequest(RequestSpecificationImpl.groovy)
        	at java.base/jdk.internal.reflect.NativeMethodAccessorImpl.invoke0(Native Method)
        	at java.base/jdk.internal.reflect.NativeMethodAccessorImpl.invoke(NativeMethodAccessorImpl.java:77)
        	at java.base/jdk.internal.reflect.DelegatingMethodAccessorImpl.invoke(DelegatingMethodAccessorImpl.java:43)
        	at java.base/java.lang.reflect.Method.invoke(Method.java:569)
        	at org.codehaus.groovy.reflection.CachedMethod.invoke(CachedMethod.java:343)
        	at groovy.lang.MetaMethod.doMethodInvoke(MetaMethod.java:328)
        	at groovy.lang.MetaClassImpl.doInvokeMethod(MetaClassImpl.java:1333)
        	at groovy.lang.MetaClassImpl.invokeMethod(MetaClassImpl.java:1088)
        	at groovy.lang.MetaClassImpl.invokeMethod(MetaClassImpl.java:1007)
        	at groovy.lang.MetaClassImpl.invokeMethod(MetaClassImpl.java:790)
        	at io.restassured.internal.RequestSpecificationImpl.invokeMethod(RequestSpecificationImpl.groovy)
        	at org.codehaus.groovy.runtime.callsite.PogoInterceptableSite.call(PogoInterceptableSite.java:46)
        	at org.codehaus.groovy.runtime.callsite.PogoInterceptableSite.callCurrent(PogoInterceptableSite.java:57)
        	at org.codehaus.groovy.runtime.callsite.AbstractCallSite.callCurrent(AbstractCallSite.java:203)
        	at io.restassured.internal.RequestSpecificationImpl.applyPathParamsAndSendRequest(RequestSpecificationImpl.groovy:1710)
        	at io.restassured.internal.RequestSpecificationImpl.this$2$applyPathParamsAndSendRequest(RequestSpecificationImpl.groovy)
        	at java.base/jdk.internal.reflect.NativeMethodAccessorImpl.invoke0(Native Method)
        	at java.base/jdk.internal.reflect.NativeMethodAccessorImpl.invoke(NativeMethodAccessorImpl.java:77)
        	at java.base/jdk.internal.reflect.DelegatingMethodAccessorImpl.invoke(DelegatingMethodAccessorImpl.java:43)
        	at java.base/java.lang.reflect.Method.invoke(Method.java:569)
        	at org.codehaus.groovy.reflection.CachedMethod.invoke(CachedMethod.java:343)
        	at groovy.lang.MetaMethod.doMethodInvoke(MetaMethod.java:328)
        	at groovy.lang.MetaClassImpl.doInvokeMethod(MetaClassImpl.java:1333)
        	at groovy.lang.MetaClassImpl.invokeMethod(MetaClassImpl.java:1088)
        	at groovy.lang.MetaClassImpl.invokeMethod(MetaClassImpl.java:1007)
        	at groovy.lang.MetaClassImpl.invokeMethod(MetaClassImpl.java:790)
        	at io.restassured.internal.RequestSpecificationImpl.invokeMethod(RequestSpecificationImpl.groovy)
        	at org.codehaus.groovy.runtime.callsite.PogoInterceptableSite.call(PogoInterceptableSite.java:46)
        	at org.codehaus.groovy.runtime.callsite.PogoInterceptableSite.callCurrent(PogoInterceptableSite.java:57)
        	at org.codehaus.groovy.runtime.callsite.AbstractCallSite.callCurrent(AbstractCallSite.java:203)
        	at io.restassured.internal.RequestSpecificationImpl.post(RequestSpecificationImpl.groovy:176)
        	at io.restassured.internal.RequestSpecificationImpl.post(RequestSpecificationImpl.groovy)
        	at com.nexly.api.stepDefinitions.TodoApiStepDefinitions.iHaveCreatedTodos(TodoApiStepDefinitions.java:217)
        	at âœ½.I have created 5 TODOs(file:///C:/Users/gyana/Rest-Assured/test/src/main/resources/feature/app.feature:49)
  â†· When I send a GET request to "/?page=1&limit=3"                      # com.nexly.api.stepDefinitions.TodoApiStepDefinitions.iSendARequestTo(java.lang.String,java.lang.String)
  â†· Then the response status code should be 200                          # com.nexly.api.stepDefinitions.TodoApiStepDefinitions.theResponseStatusCodeShouldBe(int)
  â†· And the response should contain pagination with current page 1       # com.nexly.api.stepDefinitions.TodoApiStepDefinitions.theResponseShouldContainPaginationWithCurrentPage(int)
  â†· And the todos array should have maximum 3 items                      # com.nexly.api.stepDefinitions.TodoApiStepDefinitions.theTodosArrayShouldHaveMaximumItems(int)
Finished scenario: Get TODOs with pagination with status: FAILED
]]></system-out>
  </testcase>
  <testcase name="runScenario[&quot;Search TODOs by description&quot;, &quot;TODO API Tests&quot;](6)" classname="com.nexly.api.runners.TestRunner" time="0.031">
    <failure message="Connection refused: connect" type="java.net.ConnectException"><![CDATA[java.net.ConnectException: Connection refused: connect
	at java.base/sun.nio.ch.Net.connect0(Native Method)
	at java.base/sun.nio.ch.Net.connect(Net.java:579)
	at java.base/sun.nio.ch.Net.connect(Net.java:568)
	at java.base/sun.nio.ch.NioSocketImpl.connect(NioSocketImpl.java:593)
	at java.base/java.net.SocksSocketImpl.connect(SocksSocketImpl.java:327)
	at java.base/java.net.Socket.connect(Socket.java:633)
	at org.apache.http.conn.scheme.PlainSocketFactory.connectSocket(PlainSocketFactory.java:121)
	at org.apache.http.impl.conn.DefaultClientConnectionOperator.openConnection(DefaultClientConnectionOperator.java:180)
	at org.apache.http.impl.conn.ManagedClientConnectionImpl.open(ManagedClientConnectionImpl.java:326)
	at org.apache.http.impl.client.DefaultRequestDirector.tryConnect(DefaultRequestDirector.java:605)
	at org.apache.http.impl.client.DefaultRequestDirector.execute(DefaultRequestDirector.java:440)
	at org.apache.http.impl.client.AbstractHttpClient.doExecute(AbstractHttpClient.java:835)
	at org.apache.http.impl.client.CloseableHttpClient.execute(CloseableHttpClient.java:83)
	at io.restassured.internal.RestAssuredHttpBuilder.doRequest(RestAssuredHttpBuilder.java:141)
	at io.restassured.internal.http.HTTPBuilder.post(HTTPBuilder.java:349)
	at io.restassured.internal.http.HTTPBuilder$post$2.call(Unknown Source)
	at io.restassured.internal.RequestSpecificationImpl.sendRequest(RequestSpecificationImpl.groovy:1209)
	at io.restassured.internal.RequestSpecificationImpl.this$2$sendRequest(RequestSpecificationImpl.groovy)
	at java.base/jdk.internal.reflect.NativeMethodAccessorImpl.invoke0(Native Method)
	at java.base/jdk.internal.reflect.NativeMethodAccessorImpl.invoke(NativeMethodAccessorImpl.java:77)
	at java.base/jdk.internal.reflect.DelegatingMethodAccessorImpl.invoke(DelegatingMethodAccessorImpl.java:43)
	at java.base/java.lang.reflect.Method.invoke(Method.java:569)
	at org.codehaus.groovy.reflection.CachedMethod.invoke(CachedMethod.java:343)
	at groovy.lang.MetaMethod.doMethodInvoke(MetaMethod.java:328)
	at groovy.lang.MetaClassImpl.doInvokeMethod(MetaClassImpl.java:1333)
	at groovy.lang.MetaClassImpl.invokeMethod(MetaClassImpl.java:1088)
	at groovy.lang.MetaClassImpl.invokeMethod(MetaClassImpl.java:1007)
	at groovy.lang.MetaClassImpl.invokeMethod(MetaClassImpl.java:790)
	at io.restassured.internal.RequestSpecificationImpl.invokeMethod(RequestSpecificationImpl.groovy)
	at org.codehaus.groovy.runtime.callsite.PogoInterceptableSite.call(PogoInterceptableSite.java:46)
	at org.codehaus.groovy.runtime.callsite.AbstractCallSite.call(AbstractCallSite.java:166)
	at io.restassured.internal.filter.SendRequestFilter.filter(SendRequestFilter.groovy:30)
	at io.restassured.filter.Filter$filter.call(Unknown Source)
	at org.codehaus.groovy.runtime.callsite.CallSiteArray.defaultCall(CallSiteArray.java:45)
	at io.restassured.filter.Filter$filter$0.call(Unknown Source)
	at io.restassured.internal.filter.FilterContextImpl.next(FilterContextImpl.groovy:72)
	at io.restassured.filter.time.TimingFilter.filter(TimingFilter.java:56)
	at io.restassured.filter.Filter$filter$0.call(Unknown Source)
	at org.codehaus.groovy.runtime.callsite.CallSiteArray.defaultCall(CallSiteArray.java:45)
	at io.restassured.filter.Filter$filter.call(Unknown Source)
	at io.restassured.internal.filter.FilterContextImpl.next(FilterContextImpl.groovy:72)
	at io.restassured.filter.FilterContext$next.call(Unknown Source)
	at io.restassured.internal.filter.CsrfFilter.filter(CsrfFilter.groovy:89)
	at io.restassured.filter.Filter$filter.call(Unknown Source)
	at org.codehaus.groovy.runtime.callsite.CallSiteArray.defaultCall(CallSiteArray.java:45)
	at io.restassured.filter.Filter$filter.call(Unknown Source)
	at io.restassured.internal.filter.FilterContextImpl.next(FilterContextImpl.groovy:72)
	at io.restassured.filter.FilterContext$next.call(Unknown Source)
	at io.restassured.internal.RequestSpecificationImpl.applyPathParamsAndSendRequest(RequestSpecificationImpl.groovy:1704)
	at io.restassured.internal.RequestSpecificationImpl.this$2$applyPathParamsAndSendRequest(RequestSpecificationImpl.groovy)
	at java.base/jdk.internal.reflect.NativeMethodAccessorImpl.invoke0(Native Method)
	at java.base/jdk.internal.reflect.NativeMethodAccessorImpl.invoke(NativeMethodAccessorImpl.java:77)
	at java.base/jdk.internal.reflect.DelegatingMethodAccessorImpl.invoke(DelegatingMethodAccessorImpl.java:43)
	at java.base/java.lang.reflect.Method.invoke(Method.java:569)
	at org.codehaus.groovy.reflection.CachedMethod.invoke(CachedMethod.java:343)
	at groovy.lang.MetaMethod.doMethodInvoke(MetaMethod.java:328)
	at groovy.lang.MetaClassImpl.doInvokeMethod(MetaClassImpl.java:1333)
	at groovy.lang.MetaClassImpl.invokeMethod(MetaClassImpl.java:1088)
	at groovy.lang.MetaClassImpl.invokeMethod(MetaClassImpl.java:1007)
	at groovy.lang.MetaClassImpl.invokeMethod(MetaClassImpl.java:790)
	at io.restassured.internal.RequestSpecificationImpl.invokeMethod(RequestSpecificationImpl.groovy)
	at org.codehaus.groovy.runtime.callsite.PogoInterceptableSite.call(PogoInterceptableSite.java:46)
	at org.codehaus.groovy.runtime.callsite.PogoInterceptableSite.callCurrent(PogoInterceptableSite.java:57)
	at org.codehaus.groovy.runtime.callsite.AbstractCallSite.callCurrent(AbstractCallSite.java:203)
	at io.restassured.internal.RequestSpecificationImpl.applyPathParamsAndSendRequest(RequestSpecificationImpl.groovy:1710)
	at io.restassured.internal.RequestSpecificationImpl.this$2$applyPathParamsAndSendRequest(RequestSpecificationImpl.groovy)
	at java.base/jdk.internal.reflect.NativeMethodAccessorImpl.invoke0(Native Method)
	at java.base/jdk.internal.reflect.NativeMethodAccessorImpl.invoke(NativeMethodAccessorImpl.java:77)
	at java.base/jdk.internal.reflect.DelegatingMethodAccessorImpl.invoke(DelegatingMethodAccessorImpl.java:43)
	at java.base/java.lang.reflect.Method.invoke(Method.java:569)
	at org.codehaus.groovy.reflection.CachedMethod.invoke(CachedMethod.java:343)
	at groovy.lang.MetaMethod.doMethodInvoke(MetaMethod.java:328)
	at groovy.lang.MetaClassImpl.doInvokeMethod(MetaClassImpl.java:1333)
	at groovy.lang.MetaClassImpl.invokeMethod(MetaClassImpl.java:1088)
	at groovy.lang.MetaClassImpl.invokeMethod(MetaClassImpl.java:1007)
	at groovy.lang.MetaClassImpl.invokeMethod(MetaClassImpl.java:790)
	at io.restassured.internal.RequestSpecificationImpl.invokeMethod(RequestSpecificationImpl.groovy)
	at org.codehaus.groovy.runtime.callsite.PogoInterceptableSite.call(PogoInterceptableSite.java:46)
	at org.codehaus.groovy.runtime.callsite.PogoInterceptableSite.callCurrent(PogoInterceptableSite.java:57)
	at org.codehaus.groovy.runtime.callsite.AbstractCallSite.callCurrent(AbstractCallSite.java:203)
	at io.restassured.internal.RequestSpecificationImpl.post(RequestSpecificationImpl.groovy:176)
	at io.restassured.internal.RequestSpecificationImpl.post(RequestSpecificationImpl.groovy)
	at com.nexly.api.stepDefinitions.TodoApiStepDefinitions.iHaveCreatedATodoWithWorkDesc(TodoApiStepDefinitions.java:167)
	at ✽.I have created a TODO with workDesc "Complete project documentation"(file:///C:/Users/gyana/Rest-Assured/test/src/main/resources/feature/app.feature:57)
]]></failure>
    <system-out><![CDATA[Test started: runScenario

@get-todos-with-search
Scenario: Search TODOs by description                                          # file:///C:/Users/gyana/Rest-Assured/test/src/main/resources/feature/app.feature:56
Starting scenario: Search TODOs by description
  âœ” Given I set the API base URL to "http://localhost:3000/api/v1/to-do"       # com.nexly.api.stepDefinitions.TodoApiStepDefinitions.iSetTheApiBaseUrl(java.lang.String)
  âœ” And I set the authorization header with bearer token                       # com.nexly.api.stepDefinitions.TodoApiStepDefinitions.iSetTheAuthorizationHeader()
  âœ˜ Given I have created a TODO with workDesc "Complete project documentation" # com.nexly.api.stepDefinitions.TodoApiStepDefinitions.iHaveCreatedATodoWithWorkDesc(java.lang.String)
        java.net.ConnectException: Connection refused: connect
        	at java.base/sun.nio.ch.Net.connect0(Native Method)
        	at java.base/sun.nio.ch.Net.connect(Net.java:579)
        	at java.base/sun.nio.ch.Net.connect(Net.java:568)
        	at java.base/sun.nio.ch.NioSocketImpl.connect(NioSocketImpl.java:593)
        	at java.base/java.net.SocksSocketImpl.connect(SocksSocketImpl.java:327)
        	at java.base/java.net.Socket.connect(Socket.java:633)
        	at org.apache.http.conn.scheme.PlainSocketFactory.connectSocket(PlainSocketFactory.java:121)
        	at org.apache.http.impl.conn.DefaultClientConnectionOperator.openConnection(DefaultClientConnectionOperator.java:180)
        	at org.apache.http.impl.conn.ManagedClientConnectionImpl.open(ManagedClientConnectionImpl.java:326)
        	at org.apache.http.impl.client.DefaultRequestDirector.tryConnect(DefaultRequestDirector.java:605)
        	at org.apache.http.impl.client.DefaultRequestDirector.execute(DefaultRequestDirector.java:440)
        	at org.apache.http.impl.client.AbstractHttpClient.doExecute(AbstractHttpClient.java:835)
        	at org.apache.http.impl.client.CloseableHttpClient.execute(CloseableHttpClient.java:83)
        	at io.restassured.internal.RestAssuredHttpBuilder.doRequest(RestAssuredHttpBuilder.java:141)
        	at io.restassured.internal.http.HTTPBuilder.post(HTTPBuilder.java:349)
        	at io.restassured.internal.http.HTTPBuilder$post$2.call(Unknown Source)
        	at io.restassured.internal.RequestSpecificationImpl.sendRequest(RequestSpecificationImpl.groovy:1209)
        	at io.restassured.internal.RequestSpecificationImpl.this$2$sendRequest(RequestSpecificationImpl.groovy)
        	at java.base/jdk.internal.reflect.NativeMethodAccessorImpl.invoke0(Native Method)
        	at java.base/jdk.internal.reflect.NativeMethodAccessorImpl.invoke(NativeMethodAccessorImpl.java:77)
        	at java.base/jdk.internal.reflect.DelegatingMethodAccessorImpl.invoke(DelegatingMethodAccessorImpl.java:43)
        	at java.base/java.lang.reflect.Method.invoke(Method.java:569)
        	at org.codehaus.groovy.reflection.CachedMethod.invoke(CachedMethod.java:343)
        	at groovy.lang.MetaMethod.doMethodInvoke(MetaMethod.java:328)
        	at groovy.lang.MetaClassImpl.doInvokeMethod(MetaClassImpl.java:1333)
        	at groovy.lang.MetaClassImpl.invokeMethod(MetaClassImpl.java:1088)
        	at groovy.lang.MetaClassImpl.invokeMethod(MetaClassImpl.java:1007)
        	at groovy.lang.MetaClassImpl.invokeMethod(MetaClassImpl.java:790)
        	at io.restassured.internal.RequestSpecificationImpl.invokeMethod(RequestSpecificationImpl.groovy)
        	at org.codehaus.groovy.runtime.callsite.PogoInterceptableSite.call(PogoInterceptableSite.java:46)
        	at org.codehaus.groovy.runtime.callsite.AbstractCallSite.call(AbstractCallSite.java:166)
        	at io.restassured.internal.filter.SendRequestFilter.filter(SendRequestFilter.groovy:30)
        	at io.restassured.filter.Filter$filter.call(Unknown Source)
        	at org.codehaus.groovy.runtime.callsite.CallSiteArray.defaultCall(CallSiteArray.java:45)
        	at io.restassured.filter.Filter$filter$0.call(Unknown Source)
        	at io.restassured.internal.filter.FilterContextImpl.next(FilterContextImpl.groovy:72)
        	at io.restassured.filter.time.TimingFilter.filter(TimingFilter.java:56)
        	at io.restassured.filter.Filter$filter$0.call(Unknown Source)
        	at org.codehaus.groovy.runtime.callsite.CallSiteArray.defaultCall(CallSiteArray.java:45)
        	at io.restassured.filter.Filter$filter.call(Unknown Source)
        	at io.restassured.internal.filter.FilterContextImpl.next(FilterContextImpl.groovy:72)
        	at io.restassured.filter.FilterContext$next.call(Unknown Source)
        	at io.restassured.internal.filter.CsrfFilter.filter(CsrfFilter.groovy:89)
        	at io.restassured.filter.Filter$filter.call(Unknown Source)
        	at org.codehaus.groovy.runtime.callsite.CallSiteArray.defaultCall(CallSiteArray.java:45)
        	at io.restassured.filter.Filter$filter.call(Unknown Source)
        	at io.restassured.internal.filter.FilterContextImpl.next(FilterContextImpl.groovy:72)
        	at io.restassured.filter.FilterContext$next.call(Unknown Source)
        	at io.restassured.internal.RequestSpecificationImpl.applyPathParamsAndSendRequest(RequestSpecificationImpl.groovy:1704)
        	at io.restassured.internal.RequestSpecificationImpl.this$2$applyPathParamsAndSendRequest(RequestSpecificationImpl.groovy)
        	at java.base/jdk.internal.reflect.NativeMethodAccessorImpl.invoke0(Native Method)
        	at java.base/jdk.internal.reflect.NativeMethodAccessorImpl.invoke(NativeMethodAccessorImpl.java:77)
        	at java.base/jdk.internal.reflect.DelegatingMethodAccessorImpl.invoke(DelegatingMethodAccessorImpl.java:43)
        	at java.base/java.lang.reflect.Method.invoke(Method.java:569)
        	at org.codehaus.groovy.reflection.CachedMethod.invoke(CachedMethod.java:343)
        	at groovy.lang.MetaMethod.doMethodInvoke(MetaMethod.java:328)
        	at groovy.lang.MetaClassImpl.doInvokeMethod(MetaClassImpl.java:1333)
        	at groovy.lang.MetaClassImpl.invokeMethod(MetaClassImpl.java:1088)
        	at groovy.lang.MetaClassImpl.invokeMethod(MetaClassImpl.java:1007)
        	at groovy.lang.MetaClassImpl.invokeMethod(MetaClassImpl.java:790)
        	at io.restassured.internal.RequestSpecificationImpl.invokeMethod(RequestSpecificationImpl.groovy)
        	at org.codehaus.groovy.runtime.callsite.PogoInterceptableSite.call(PogoInterceptableSite.java:46)
        	at org.codehaus.groovy.runtime.callsite.PogoInterceptableSite.callCurrent(PogoInterceptableSite.java:57)
        	at org.codehaus.groovy.runtime.callsite.AbstractCallSite.callCurrent(AbstractCallSite.java:203)
        	at io.restassured.internal.RequestSpecificationImpl.applyPathParamsAndSendRequest(RequestSpecificationImpl.groovy:1710)
        	at io.restassured.internal.RequestSpecificationImpl.this$2$applyPathParamsAndSendRequest(RequestSpecificationImpl.groovy)
        	at java.base/jdk.internal.reflect.NativeMethodAccessorImpl.invoke0(Native Method)
        	at java.base/jdk.internal.reflect.NativeMethodAccessorImpl.invoke(NativeMethodAccessorImpl.java:77)
        	at java.base/jdk.internal.reflect.DelegatingMethodAccessorImpl.invoke(DelegatingMethodAccessorImpl.java:43)
        	at java.base/java.lang.reflect.Method.invoke(Method.java:569)
        	at org.codehaus.groovy.reflection.CachedMethod.invoke(CachedMethod.java:343)
        	at groovy.lang.MetaMethod.doMethodInvoke(MetaMethod.java:328)
        	at groovy.lang.MetaClassImpl.doInvokeMethod(MetaClassImpl.java:1333)
        	at groovy.lang.MetaClassImpl.invokeMethod(MetaClassImpl.java:1088)
        	at groovy.lang.MetaClassImpl.invokeMethod(MetaClassImpl.java:1007)
        	at groovy.lang.MetaClassImpl.invokeMethod(MetaClassImpl.java:790)
        	at io.restassured.internal.RequestSpecificationImpl.invokeMethod(RequestSpecificationImpl.groovy)
        	at org.codehaus.groovy.runtime.callsite.PogoInterceptableSite.call(PogoInterceptableSite.java:46)
        	at org.codehaus.groovy.runtime.callsite.PogoInterceptableSite.callCurrent(PogoInterceptableSite.java:57)
        	at org.codehaus.groovy.runtime.callsite.AbstractCallSite.callCurrent(AbstractCallSite.java:203)
        	at io.restassured.internal.RequestSpecificationImpl.post(RequestSpecificationImpl.groovy:176)
        	at io.restassured.internal.RequestSpecificationImpl.post(RequestSpecificationImpl.groovy)
        	at com.nexly.api.stepDefinitions.TodoApiStepDefinitions.iHaveCreatedATodoWithWorkDesc(TodoApiStepDefinitions.java:167)
        	at âœ½.I have created a TODO with workDesc "Complete project documentation"(file:///C:/Users/gyana/Rest-Assured/test/src/main/resources/feature/app.feature:57)
  â†· And I have created a TODO with workDesc "Fix bug in login"                 # com.nexly.api.stepDefinitions.TodoApiStepDefinitions.iHaveCreatedATodoWithWorkDesc(java.lang.String)
  â†· When I send a GET request to "/?search=project"                            # com.nexly.api.stepDefinitions.TodoApiStepDefinitions.iSendARequestTo(java.lang.String,java.lang.String)
  â†· Then the response status code should be 200                                # com.nexly.api.stepDefinitions.TodoApiStepDefinitions.theResponseStatusCodeShouldBe(int)
  â†· And all todos in response should contain "project" in workDesc             # com.nexly.api.stepDefinitions.TodoApiStepDefinitions.allTodosInResponseShouldContainInWorkDesc(java.lang.String)
Finished scenario: Search TODOs by description with status: FAILED
]]></system-out>
  </testcase>
  <testcase name="runScenario[&quot;Get single TODO by ID successfully&quot;, &quot;TODO API Tests&quot;](7)" classname="com.nexly.api.runners.TestRunner" time="0.038">
    <failure message="Connection refused: connect" type="java.net.ConnectException"><![CDATA[java.net.ConnectException: Connection refused: connect
	at java.base/sun.nio.ch.Net.connect0(Native Method)
	at java.base/sun.nio.ch.Net.connect(Net.java:579)
	at java.base/sun.nio.ch.Net.connect(Net.java:568)
	at java.base/sun.nio.ch.NioSocketImpl.connect(NioSocketImpl.java:593)
	at java.base/java.net.SocksSocketImpl.connect(SocksSocketImpl.java:327)
	at java.base/java.net.Socket.connect(Socket.java:633)
	at org.apache.http.conn.scheme.PlainSocketFactory.connectSocket(PlainSocketFactory.java:121)
	at org.apache.http.impl.conn.DefaultClientConnectionOperator.openConnection(DefaultClientConnectionOperator.java:180)
	at org.apache.http.impl.conn.ManagedClientConnectionImpl.open(ManagedClientConnectionImpl.java:326)
	at org.apache.http.impl.client.DefaultRequestDirector.tryConnect(DefaultRequestDirector.java:605)
	at org.apache.http.impl.client.DefaultRequestDirector.execute(DefaultRequestDirector.java:440)
	at org.apache.http.impl.client.AbstractHttpClient.doExecute(AbstractHttpClient.java:835)
	at org.apache.http.impl.client.CloseableHttpClient.execute(CloseableHttpClient.java:83)
	at io.restassured.internal.RestAssuredHttpBuilder.doRequest(RestAssuredHttpBuilder.java:141)
	at io.restassured.internal.http.HTTPBuilder.post(HTTPBuilder.java:349)
	at io.restassured.internal.http.HTTPBuilder$post$2.call(Unknown Source)
	at io.restassured.internal.RequestSpecificationImpl.sendRequest(RequestSpecificationImpl.groovy:1209)
	at io.restassured.internal.RequestSpecificationImpl.this$2$sendRequest(RequestSpecificationImpl.groovy)
	at java.base/jdk.internal.reflect.NativeMethodAccessorImpl.invoke0(Native Method)
	at java.base/jdk.internal.reflect.NativeMethodAccessorImpl.invoke(NativeMethodAccessorImpl.java:77)
	at java.base/jdk.internal.reflect.DelegatingMethodAccessorImpl.invoke(DelegatingMethodAccessorImpl.java:43)
	at java.base/java.lang.reflect.Method.invoke(Method.java:569)
	at org.codehaus.groovy.reflection.CachedMethod.invoke(CachedMethod.java:343)
	at groovy.lang.MetaMethod.doMethodInvoke(MetaMethod.java:328)
	at groovy.lang.MetaClassImpl.doInvokeMethod(MetaClassImpl.java:1333)
	at groovy.lang.MetaClassImpl.invokeMethod(MetaClassImpl.java:1088)
	at groovy.lang.MetaClassImpl.invokeMethod(MetaClassImpl.java:1007)
	at groovy.lang.MetaClassImpl.invokeMethod(MetaClassImpl.java:790)
	at io.restassured.internal.RequestSpecificationImpl.invokeMethod(RequestSpecificationImpl.groovy)
	at org.codehaus.groovy.runtime.callsite.PogoInterceptableSite.call(PogoInterceptableSite.java:46)
	at org.codehaus.groovy.runtime.callsite.AbstractCallSite.call(AbstractCallSite.java:166)
	at io.restassured.internal.filter.SendRequestFilter.filter(SendRequestFilter.groovy:30)
	at io.restassured.filter.Filter$filter.call(Unknown Source)
	at org.codehaus.groovy.runtime.callsite.CallSiteArray.defaultCall(CallSiteArray.java:45)
	at io.restassured.filter.Filter$filter$0.call(Unknown Source)
	at io.restassured.internal.filter.FilterContextImpl.next(FilterContextImpl.groovy:72)
	at io.restassured.filter.time.TimingFilter.filter(TimingFilter.java:56)
	at io.restassured.filter.Filter$filter$0.call(Unknown Source)
	at org.codehaus.groovy.runtime.callsite.CallSiteArray.defaultCall(CallSiteArray.java:45)
	at io.restassured.filter.Filter$filter.call(Unknown Source)
	at io.restassured.internal.filter.FilterContextImpl.next(FilterContextImpl.groovy:72)
	at io.restassured.filter.FilterContext$next.call(Unknown Source)
	at io.restassured.internal.filter.CsrfFilter.filter(CsrfFilter.groovy:89)
	at io.restassured.filter.Filter$filter.call(Unknown Source)
	at org.codehaus.groovy.runtime.callsite.CallSiteArray.defaultCall(CallSiteArray.java:45)
	at io.restassured.filter.Filter$filter.call(Unknown Source)
	at io.restassured.internal.filter.FilterContextImpl.next(FilterContextImpl.groovy:72)
	at io.restassured.filter.FilterContext$next.call(Unknown Source)
	at io.restassured.internal.RequestSpecificationImpl.applyPathParamsAndSendRequest(RequestSpecificationImpl.groovy:1704)
	at io.restassured.internal.RequestSpecificationImpl.this$2$applyPathParamsAndSendRequest(RequestSpecificationImpl.groovy)
	at java.base/jdk.internal.reflect.NativeMethodAccessorImpl.invoke0(Native Method)
	at java.base/jdk.internal.reflect.NativeMethodAccessorImpl.invoke(NativeMethodAccessorImpl.java:77)
	at java.base/jdk.internal.reflect.DelegatingMethodAccessorImpl.invoke(DelegatingMethodAccessorImpl.java:43)
	at java.base/java.lang.reflect.Method.invoke(Method.java:569)
	at org.codehaus.groovy.reflection.CachedMethod.invoke(CachedMethod.java:343)
	at groovy.lang.MetaMethod.doMethodInvoke(MetaMethod.java:328)
	at groovy.lang.MetaClassImpl.doInvokeMethod(MetaClassImpl.java:1333)
	at groovy.lang.MetaClassImpl.invokeMethod(MetaClassImpl.java:1088)
	at groovy.lang.MetaClassImpl.invokeMethod(MetaClassImpl.java:1007)
	at groovy.lang.MetaClassImpl.invokeMethod(MetaClassImpl.java:790)
	at io.restassured.internal.RequestSpecificationImpl.invokeMethod(RequestSpecificationImpl.groovy)
	at org.codehaus.groovy.runtime.callsite.PogoInterceptableSite.call(PogoInterceptableSite.java:46)
	at org.codehaus.groovy.runtime.callsite.PogoInterceptableSite.callCurrent(PogoInterceptableSite.java:57)
	at org.codehaus.groovy.runtime.callsite.AbstractCallSite.callCurrent(AbstractCallSite.java:203)
	at io.restassured.internal.RequestSpecificationImpl.applyPathParamsAndSendRequest(RequestSpecificationImpl.groovy:1710)
	at io.restassured.internal.RequestSpecificationImpl.this$2$applyPathParamsAndSendRequest(RequestSpecificationImpl.groovy)
	at java.base/jdk.internal.reflect.NativeMethodAccessorImpl.invoke0(Native Method)
	at java.base/jdk.internal.reflect.NativeMethodAccessorImpl.invoke(NativeMethodAccessorImpl.java:77)
	at java.base/jdk.internal.reflect.DelegatingMethodAccessorImpl.invoke(DelegatingMethodAccessorImpl.java:43)
	at java.base/java.lang.reflect.Method.invoke(Method.java:569)
	at org.codehaus.groovy.reflection.CachedMethod.invoke(CachedMethod.java:343)
	at groovy.lang.MetaMethod.doMethodInvoke(MetaMethod.java:328)
	at groovy.lang.MetaClassImpl.doInvokeMethod(MetaClassImpl.java:1333)
	at groovy.lang.MetaClassImpl.invokeMethod(MetaClassImpl.java:1088)
	at groovy.lang.MetaClassImpl.invokeMethod(MetaClassImpl.java:1007)
	at groovy.lang.MetaClassImpl.invokeMethod(MetaClassImpl.java:790)
	at io.restassured.internal.RequestSpecificationImpl.invokeMethod(RequestSpecificationImpl.groovy)
	at org.codehaus.groovy.runtime.callsite.PogoInterceptableSite.call(PogoInterceptableSite.java:46)
	at org.codehaus.groovy.runtime.callsite.PogoInterceptableSite.callCurrent(PogoInterceptableSite.java:57)
	at org.codehaus.groovy.runtime.callsite.AbstractCallSite.callCurrent(AbstractCallSite.java:203)
	at io.restassured.internal.RequestSpecificationImpl.post(RequestSpecificationImpl.groovy:176)
	at io.restassured.internal.RequestSpecificationImpl.post(RequestSpecificationImpl.groovy)
	at com.nexly.api.stepDefinitions.TodoApiStepDefinitions.iHaveCreatedATodoAndStoredItsId(TodoApiStepDefinitions.java:234)
	at ✽.I have created a TODO and stored its ID(file:///C:/Users/gyana/Rest-Assured/test/src/main/resources/feature/app.feature:65)
]]></failure>
    <system-out><![CDATA[Test started: runScenario

@get-single-todo
Scenario: Get single TODO by ID successfully                             # file:///C:/Users/gyana/Rest-Assured/test/src/main/resources/feature/app.feature:64
Starting scenario: Get single TODO by ID successfully
  âœ” Given I set the API base URL to "http://localhost:3000/api/v1/to-do" # com.nexly.api.stepDefinitions.TodoApiStepDefinitions.iSetTheApiBaseUrl(java.lang.String)
  âœ” And I set the authorization header with bearer token                 # com.nexly.api.stepDefinitions.TodoApiStepDefinitions.iSetTheAuthorizationHeader()
  âœ˜ Given I have created a TODO and stored its ID                        # com.nexly.api.stepDefinitions.TodoApiStepDefinitions.iHaveCreatedATodoAndStoredItsId()
        java.net.ConnectException: Connection refused: connect
        	at java.base/sun.nio.ch.Net.connect0(Native Method)
        	at java.base/sun.nio.ch.Net.connect(Net.java:579)
        	at java.base/sun.nio.ch.Net.connect(Net.java:568)
        	at java.base/sun.nio.ch.NioSocketImpl.connect(NioSocketImpl.java:593)
        	at java.base/java.net.SocksSocketImpl.connect(SocksSocketImpl.java:327)
        	at java.base/java.net.Socket.connect(Socket.java:633)
        	at org.apache.http.conn.scheme.PlainSocketFactory.connectSocket(PlainSocketFactory.java:121)
        	at org.apache.http.impl.conn.DefaultClientConnectionOperator.openConnection(DefaultClientConnectionOperator.java:180)
        	at org.apache.http.impl.conn.ManagedClientConnectionImpl.open(ManagedClientConnectionImpl.java:326)
        	at org.apache.http.impl.client.DefaultRequestDirector.tryConnect(DefaultRequestDirector.java:605)
        	at org.apache.http.impl.client.DefaultRequestDirector.execute(DefaultRequestDirector.java:440)
        	at org.apache.http.impl.client.AbstractHttpClient.doExecute(AbstractHttpClient.java:835)
        	at org.apache.http.impl.client.CloseableHttpClient.execute(CloseableHttpClient.java:83)
        	at io.restassured.internal.RestAssuredHttpBuilder.doRequest(RestAssuredHttpBuilder.java:141)
        	at io.restassured.internal.http.HTTPBuilder.post(HTTPBuilder.java:349)
        	at io.restassured.internal.http.HTTPBuilder$post$2.call(Unknown Source)
        	at io.restassured.internal.RequestSpecificationImpl.sendRequest(RequestSpecificationImpl.groovy:1209)
        	at io.restassured.internal.RequestSpecificationImpl.this$2$sendRequest(RequestSpecificationImpl.groovy)
        	at java.base/jdk.internal.reflect.NativeMethodAccessorImpl.invoke0(Native Method)
        	at java.base/jdk.internal.reflect.NativeMethodAccessorImpl.invoke(NativeMethodAccessorImpl.java:77)
        	at java.base/jdk.internal.reflect.DelegatingMethodAccessorImpl.invoke(DelegatingMethodAccessorImpl.java:43)
        	at java.base/java.lang.reflect.Method.invoke(Method.java:569)
        	at org.codehaus.groovy.reflection.CachedMethod.invoke(CachedMethod.java:343)
        	at groovy.lang.MetaMethod.doMethodInvoke(MetaMethod.java:328)
        	at groovy.lang.MetaClassImpl.doInvokeMethod(MetaClassImpl.java:1333)
        	at groovy.lang.MetaClassImpl.invokeMethod(MetaClassImpl.java:1088)
        	at groovy.lang.MetaClassImpl.invokeMethod(MetaClassImpl.java:1007)
        	at groovy.lang.MetaClassImpl.invokeMethod(MetaClassImpl.java:790)
        	at io.restassured.internal.RequestSpecificationImpl.invokeMethod(RequestSpecificationImpl.groovy)
        	at org.codehaus.groovy.runtime.callsite.PogoInterceptableSite.call(PogoInterceptableSite.java:46)
        	at org.codehaus.groovy.runtime.callsite.AbstractCallSite.call(AbstractCallSite.java:166)
        	at io.restassured.internal.filter.SendRequestFilter.filter(SendRequestFilter.groovy:30)
        	at io.restassured.filter.Filter$filter.call(Unknown Source)
        	at org.codehaus.groovy.runtime.callsite.CallSiteArray.defaultCall(CallSiteArray.java:45)
        	at io.restassured.filter.Filter$filter$0.call(Unknown Source)
        	at io.restassured.internal.filter.FilterContextImpl.next(FilterContextImpl.groovy:72)
        	at io.restassured.filter.time.TimingFilter.filter(TimingFilter.java:56)
        	at io.restassured.filter.Filter$filter$0.call(Unknown Source)
        	at org.codehaus.groovy.runtime.callsite.CallSiteArray.defaultCall(CallSiteArray.java:45)
        	at io.restassured.filter.Filter$filter.call(Unknown Source)
        	at io.restassured.internal.filter.FilterContextImpl.next(FilterContextImpl.groovy:72)
        	at io.restassured.filter.FilterContext$next.call(Unknown Source)
        	at io.restassured.internal.filter.CsrfFilter.filter(CsrfFilter.groovy:89)
        	at io.restassured.filter.Filter$filter.call(Unknown Source)
        	at org.codehaus.groovy.runtime.callsite.CallSiteArray.defaultCall(CallSiteArray.java:45)
        	at io.restassured.filter.Filter$filter.call(Unknown Source)
        	at io.restassured.internal.filter.FilterContextImpl.next(FilterContextImpl.groovy:72)
        	at io.restassured.filter.FilterContext$next.call(Unknown Source)
        	at io.restassured.internal.RequestSpecificationImpl.applyPathParamsAndSendRequest(RequestSpecificationImpl.groovy:1704)
        	at io.restassured.internal.RequestSpecificationImpl.this$2$applyPathParamsAndSendRequest(RequestSpecificationImpl.groovy)
        	at java.base/jdk.internal.reflect.NativeMethodAccessorImpl.invoke0(Native Method)
        	at java.base/jdk.internal.reflect.NativeMethodAccessorImpl.invoke(NativeMethodAccessorImpl.java:77)
        	at java.base/jdk.internal.reflect.DelegatingMethodAccessorImpl.invoke(DelegatingMethodAccessorImpl.java:43)
        	at java.base/java.lang.reflect.Method.invoke(Method.java:569)
        	at org.codehaus.groovy.reflection.CachedMethod.invoke(CachedMethod.java:343)
        	at groovy.lang.MetaMethod.doMethodInvoke(MetaMethod.java:328)
        	at groovy.lang.MetaClassImpl.doInvokeMethod(MetaClassImpl.java:1333)
        	at groovy.lang.MetaClassImpl.invokeMethod(MetaClassImpl.java:1088)
        	at groovy.lang.MetaClassImpl.invokeMethod(MetaClassImpl.java:1007)
        	at groovy.lang.MetaClassImpl.invokeMethod(MetaClassImpl.java:790)
        	at io.restassured.internal.RequestSpecificationImpl.invokeMethod(RequestSpecificationImpl.groovy)
        	at org.codehaus.groovy.runtime.callsite.PogoInterceptableSite.call(PogoInterceptableSite.java:46)
        	at org.codehaus.groovy.runtime.callsite.PogoInterceptableSite.callCurrent(PogoInterceptableSite.java:57)
        	at org.codehaus.groovy.runtime.callsite.AbstractCallSite.callCurrent(AbstractCallSite.java:203)
        	at io.restassured.internal.RequestSpecificationImpl.applyPathParamsAndSendRequest(RequestSpecificationImpl.groovy:1710)
        	at io.restassured.internal.RequestSpecificationImpl.this$2$applyPathParamsAndSendRequest(RequestSpecificationImpl.groovy)
        	at java.base/jdk.internal.reflect.NativeMethodAccessorImpl.invoke0(Native Method)
        	at java.base/jdk.internal.reflect.NativeMethodAccessorImpl.invoke(NativeMethodAccessorImpl.java:77)
        	at java.base/jdk.internal.reflect.DelegatingMethodAccessorImpl.invoke(DelegatingMethodAccessorImpl.java:43)
        	at java.base/java.lang.reflect.Method.invoke(Method.java:569)
        	at org.codehaus.groovy.reflection.CachedMethod.invoke(CachedMethod.java:343)
        	at groovy.lang.MetaMethod.doMethodInvoke(MetaMethod.java:328)
        	at groovy.lang.MetaClassImpl.doInvokeMethod(MetaClassImpl.java:1333)
        	at groovy.lang.MetaClassImpl.invokeMethod(MetaClassImpl.java:1088)
        	at groovy.lang.MetaClassImpl.invokeMethod(MetaClassImpl.java:1007)
        	at groovy.lang.MetaClassImpl.invokeMethod(MetaClassImpl.java:790)
        	at io.restassured.internal.RequestSpecificationImpl.invokeMethod(RequestSpecificationImpl.groovy)
        	at org.codehaus.groovy.runtime.callsite.PogoInterceptableSite.call(PogoInterceptableSite.java:46)
        	at org.codehaus.groovy.runtime.callsite.PogoInterceptableSite.callCurrent(PogoInterceptableSite.java:57)
        	at org.codehaus.groovy.runtime.callsite.AbstractCallSite.callCurrent(AbstractCallSite.java:203)
        	at io.restassured.internal.RequestSpecificationImpl.post(RequestSpecificationImpl.groovy:176)
        	at io.restassured.internal.RequestSpecificationImpl.post(RequestSpecificationImpl.groovy)
        	at com.nexly.api.stepDefinitions.TodoApiStepDefinitions.iHaveCreatedATodoAndStoredItsId(TodoApiStepDefinitions.java:234)
        	at âœ½.I have created a TODO and stored its ID(file:///C:/Users/gyana/Rest-Assured/test/src/main/resources/feature/app.feature:65)
  â†· When I send a GET request to "/{todoId}"                             # com.nexly.api.stepDefinitions.TodoApiStepDefinitions.iSendARequestTo(java.lang.String,java.lang.String)
  â†· Then the response status code should be 200                          # com.nexly.api.stepDefinitions.TodoApiStepDefinitions.theResponseStatusCodeShouldBe(int)
  â†· And the response should contain "todo" object                        # com.nexly.api.stepDefinitions.TodoApiStepDefinitions.theResponseShouldContainObject(java.lang.String)
  â†· And the todo should have the same ID as created                      # com.nexly.api.stepDefinitions.TodoApiStepDefinitions.theTodoShouldHaveTheSameIdAsCreated()
Finished scenario: Get single TODO by ID successfully with status: FAILED
]]></system-out>
  </testcase>
  <testcase name="runScenario[&quot;Get single TODO with invalid ID should fail&quot;, &quot;TODO API Tests&quot;](8)" classname="com.nexly.api.runners.TestRunner" time="0.035">
    <failure message="Failed to send GET request to /507f1f77bcf86cd799439011" type="java.lang.RuntimeException"><![CDATA[java.lang.RuntimeException: Failed to send GET request to /507f1f77bcf86cd799439011
	at com.nexly.api.stepDefinitions.TodoApiStepDefinitions.iSendARequestTo(TodoApiStepDefinitions.java:275)
	at ✽.I send a GET request to "/507f1f77bcf86cd799439011"(file:///C:/Users/gyana/Rest-Assured/test/src/main/resources/feature/app.feature:73)
Caused by: java.net.ConnectException: Connection refused: connect
	at java.base/sun.nio.ch.Net.connect0(Native Method)
	at java.base/sun.nio.ch.Net.connect(Net.java:579)
	at java.base/sun.nio.ch.Net.connect(Net.java:568)
	at java.base/sun.nio.ch.NioSocketImpl.connect(NioSocketImpl.java:593)
	at java.base/java.net.SocksSocketImpl.connect(SocksSocketImpl.java:327)
	at java.base/java.net.Socket.connect(Socket.java:633)
	at org.apache.http.conn.scheme.PlainSocketFactory.connectSocket(PlainSocketFactory.java:121)
	at org.apache.http.impl.conn.DefaultClientConnectionOperator.openConnection(DefaultClientConnectionOperator.java:180)
	at org.apache.http.impl.conn.ManagedClientConnectionImpl.open(ManagedClientConnectionImpl.java:326)
	at org.apache.http.impl.client.DefaultRequestDirector.tryConnect(DefaultRequestDirector.java:605)
	at org.apache.http.impl.client.DefaultRequestDirector.execute(DefaultRequestDirector.java:440)
	at org.apache.http.impl.client.AbstractHttpClient.doExecute(AbstractHttpClient.java:835)
	at org.apache.http.impl.client.CloseableHttpClient.execute(CloseableHttpClient.java:83)
	at io.restassured.internal.RestAssuredHttpBuilder.doRequest(RestAssuredHttpBuilder.java:141)
	at io.restassured.internal.http.HTTPBuilder.doRequest(HTTPBuilder.java:496)
	at io.restassured.internal.http.HTTPBuilder.request(HTTPBuilder.java:453)
	at io.restassured.internal.http.HTTPBuilder$request$3.call(Unknown Source)
	at org.codehaus.groovy.runtime.callsite.CallSiteArray.defaultCall(CallSiteArray.java:45)
	at org.codehaus.groovy.runtime.callsite.AbstractCallSite.call(AbstractCallSite.java:125)
	at org.codehaus.groovy.runtime.callsite.AbstractCallSite.call(AbstractCallSite.java:166)
	at io.restassured.internal.RequestSpecificationImpl.sendHttpRequest(RequestSpecificationImpl.groovy:1480)
	at io.restassured.internal.RequestSpecificationImpl.this$2$sendHttpRequest(RequestSpecificationImpl.groovy)
	at java.base/jdk.internal.reflect.NativeMethodAccessorImpl.invoke0(Native Method)
	at java.base/jdk.internal.reflect.NativeMethodAccessorImpl.invoke(NativeMethodAccessorImpl.java:77)
	at java.base/jdk.internal.reflect.DelegatingMethodAccessorImpl.invoke(DelegatingMethodAccessorImpl.java:43)
	at java.base/java.lang.reflect.Method.invoke(Method.java:569)
	at org.codehaus.groovy.reflection.CachedMethod.invoke(CachedMethod.java:343)
	at groovy.lang.MetaMethod.doMethodInvoke(MetaMethod.java:328)
	at groovy.lang.MetaClassImpl.doInvokeMethod(MetaClassImpl.java:1333)
	at groovy.lang.MetaClassImpl.invokeMethod(MetaClassImpl.java:1088)
	at groovy.lang.MetaClassImpl.invokeMethod(MetaClassImpl.java:1007)
	at groovy.lang.MetaClassImpl.invokeMethod(MetaClassImpl.java:790)
	at io.restassured.internal.RequestSpecificationImpl.invokeMethod(RequestSpecificationImpl.groovy)
	at org.codehaus.groovy.runtime.callsite.PogoInterceptableSite.call(PogoInterceptableSite.java:46)
	at org.codehaus.groovy.runtime.callsite.PogoInterceptableSite.callCurrent(PogoInterceptableSite.java:57)
	at org.codehaus.groovy.runtime.callsite.CallSiteArray.defaultCallCurrent(CallSiteArray.java:49)
	at org.codehaus.groovy.runtime.callsite.AbstractCallSite.callCurrent(AbstractCallSite.java:171)
	at io.restassured.internal.RequestSpecificationImpl.sendRequest(RequestSpecificationImpl.groovy:1229)
	at io.restassured.internal.RequestSpecificationImpl.this$2$sendRequest(RequestSpecificationImpl.groovy)
	at java.base/jdk.internal.reflect.NativeMethodAccessorImpl.invoke0(Native Method)
	at java.base/jdk.internal.reflect.NativeMethodAccessorImpl.invoke(NativeMethodAccessorImpl.java:77)
	at java.base/jdk.internal.reflect.DelegatingMethodAccessorImpl.invoke(DelegatingMethodAccessorImpl.java:43)
	at java.base/java.lang.reflect.Method.invoke(Method.java:569)
	at org.codehaus.groovy.reflection.CachedMethod.invoke(CachedMethod.java:343)
	at groovy.lang.MetaMethod.doMethodInvoke(MetaMethod.java:328)
	at groovy.lang.MetaClassImpl.doInvokeMethod(MetaClassImpl.java:1333)
	at groovy.lang.MetaClassImpl.invokeMethod(MetaClassImpl.java:1088)
	at groovy.lang.MetaClassImpl.invokeMethod(MetaClassImpl.java:1007)
	at groovy.lang.MetaClassImpl.invokeMethod(MetaClassImpl.java:790)
	at io.restassured.internal.RequestSpecificationImpl.invokeMethod(RequestSpecificationImpl.groovy)
	at org.codehaus.groovy.runtime.callsite.PogoInterceptableSite.call(PogoInterceptableSite.java:46)
	at org.codehaus.groovy.runtime.callsite.AbstractCallSite.call(AbstractCallSite.java:166)
	at io.restassured.internal.filter.SendRequestFilter.filter(SendRequestFilter.groovy:30)
	at io.restassured.filter.Filter$filter.call(Unknown Source)
	at org.codehaus.groovy.runtime.callsite.CallSiteArray.defaultCall(CallSiteArray.java:45)
	at io.restassured.filter.Filter$filter$0.call(Unknown Source)
	at io.restassured.internal.filter.FilterContextImpl.next(FilterContextImpl.groovy:72)
	at io.restassured.filter.time.TimingFilter.filter(TimingFilter.java:56)
	at io.restassured.filter.Filter$filter$0.call(Unknown Source)
	at org.codehaus.groovy.runtime.callsite.CallSiteArray.defaultCall(CallSiteArray.java:45)
	at io.restassured.filter.Filter$filter.call(Unknown Source)
	at io.restassured.internal.filter.FilterContextImpl.next(FilterContextImpl.groovy:72)
	at io.restassured.filter.FilterContext$next.call(Unknown Source)
	at io.restassured.internal.filter.CsrfFilter.filter(CsrfFilter.groovy:89)
	at io.restassured.filter.Filter$filter.call(Unknown Source)
	at org.codehaus.groovy.runtime.callsite.CallSiteArray.defaultCall(CallSiteArray.java:45)
	at io.restassured.filter.Filter$filter.call(Unknown Source)
	at io.restassured.internal.filter.FilterContextImpl.next(FilterContextImpl.groovy:72)
	at io.restassured.filter.FilterContext$next.call(Unknown Source)
	at io.restassured.internal.RequestSpecificationImpl.applyPathParamsAndSendRequest(RequestSpecificationImpl.groovy:1704)
	at io.restassured.internal.RequestSpecificationImpl.this$2$applyPathParamsAndSendRequest(RequestSpecificationImpl.groovy)
	at java.base/jdk.internal.reflect.NativeMethodAccessorImpl.invoke0(Native Method)
	at java.base/jdk.internal.reflect.NativeMethodAccessorImpl.invoke(NativeMethodAccessorImpl.java:77)
	at java.base/jdk.internal.reflect.DelegatingMethodAccessorImpl.invoke(DelegatingMethodAccessorImpl.java:43)
	at java.base/java.lang.reflect.Method.invoke(Method.java:569)
	at org.codehaus.groovy.reflection.CachedMethod.invoke(CachedMethod.java:343)
	at groovy.lang.MetaMethod.doMethodInvoke(MetaMethod.java:328)
	at groovy.lang.MetaClassImpl.doInvokeMethod(MetaClassImpl.java:1333)
	at groovy.lang.MetaClassImpl.invokeMethod(MetaClassImpl.java:1088)
	at groovy.lang.MetaClassImpl.invokeMethod(MetaClassImpl.java:1007)
	at groovy.lang.MetaClassImpl.invokeMethod(MetaClassImpl.java:790)
	at io.restassured.internal.RequestSpecificationImpl.invokeMethod(RequestSpecificationImpl.groovy)
	at org.codehaus.groovy.runtime.callsite.PogoInterceptableSite.call(PogoInterceptableSite.java:46)
	at org.codehaus.groovy.runtime.callsite.PogoInterceptableSite.callCurrent(PogoInterceptableSite.java:57)
	at org.codehaus.groovy.runtime.callsite.AbstractCallSite.callCurrent(AbstractCallSite.java:203)
	at io.restassured.internal.RequestSpecificationImpl.applyPathParamsAndSendRequest(RequestSpecificationImpl.groovy:1710)
	at io.restassured.internal.RequestSpecificationImpl.this$2$applyPathParamsAndSendRequest(RequestSpecificationImpl.groovy)
	at java.base/jdk.internal.reflect.NativeMethodAccessorImpl.invoke0(Native Method)
	at java.base/jdk.internal.reflect.NativeMethodAccessorImpl.invoke(NativeMethodAccessorImpl.java:77)
	at java.base/jdk.internal.reflect.DelegatingMethodAccessorImpl.invoke(DelegatingMethodAccessorImpl.java:43)
	at java.base/java.lang.reflect.Method.invoke(Method.java:569)
	at org.codehaus.groovy.reflection.CachedMethod.invoke(CachedMethod.java:343)
	at groovy.lang.MetaMethod.doMethodInvoke(MetaMethod.java:328)
	at groovy.lang.MetaClassImpl.doInvokeMethod(MetaClassImpl.java:1333)
	at groovy.lang.MetaClassImpl.invokeMethod(MetaClassImpl.java:1088)
	at groovy.lang.MetaClassImpl.invokeMethod(MetaClassImpl.java:1007)
	at groovy.lang.MetaClassImpl.invokeMethod(MetaClassImpl.java:790)
	at io.restassured.internal.RequestSpecificationImpl.invokeMethod(RequestSpecificationImpl.groovy)
	at org.codehaus.groovy.runtime.callsite.PogoInterceptableSite.call(PogoInterceptableSite.java:46)
	at org.codehaus.groovy.runtime.callsite.PogoInterceptableSite.callCurrent(PogoInterceptableSite.java:57)
	at org.codehaus.groovy.runtime.callsite.CallSiteArray.defaultCallCurrent(CallSiteArray.java:49)
	at org.codehaus.groovy.runtime.callsite.AbstractCallSite.callCurrent(AbstractCallSite.java:171)
	at org.codehaus.groovy.runtime.callsite.AbstractCallSite.callCurrent(AbstractCallSite.java:203)
	at io.restassured.internal.RequestSpecificationImpl.get(RequestSpecificationImpl.groovy:172)
	at io.restassured.internal.RequestSpecificationImpl.get(RequestSpecificationImpl.groovy)
	at com.nexly.api.stepDefinitions.TodoApiStepDefinitions.iSendARequestTo(TodoApiStepDefinitions.java:256)
	... 1 more
]]></failure>
    <system-out><![CDATA[Test started: runScenario

@get-single-todo-not-found
Scenario: Get single TODO with invalid ID should fail                    # file:///C:/Users/gyana/Rest-Assured/test/src/main/resources/feature/app.feature:72
Starting scenario: Get single TODO with invalid ID should fail
  âœ” Given I set the API base URL to "http://localhost:3000/api/v1/to-do" # com.nexly.api.stepDefinitions.TodoApiStepDefinitions.iSetTheApiBaseUrl(java.lang.String)
  âœ” And I set the authorization header with bearer token                 # com.nexly.api.stepDefinitions.TodoApiStepDefinitions.iSetTheAuthorizationHeader()
  âœ˜ When I send a GET request to "/507f1f77bcf86cd799439011"             # com.nexly.api.stepDefinitions.TodoApiStepDefinitions.iSendARequestTo(java.lang.String,java.lang.String)
        java.lang.RuntimeException: Failed to send GET request to /507f1f77bcf86cd799439011
        	at com.nexly.api.stepDefinitions.TodoApiStepDefinitions.iSendARequestTo(TodoApiStepDefinitions.java:275)
        	at âœ½.I send a GET request to "/507f1f77bcf86cd799439011"(file:///C:/Users/gyana/Rest-Assured/test/src/main/resources/feature/app.feature:73)
        Caused by: java.net.ConnectException: Connection refused: connect
        	at java.base/sun.nio.ch.Net.connect0(Native Method)
        	at java.base/sun.nio.ch.Net.connect(Net.java:579)
        	at java.base/sun.nio.ch.Net.connect(Net.java:568)
        	at java.base/sun.nio.ch.NioSocketImpl.connect(NioSocketImpl.java:593)
        	at java.base/java.net.SocksSocketImpl.connect(SocksSocketImpl.java:327)
        	at java.base/java.net.Socket.connect(Socket.java:633)
        	at org.apache.http.conn.scheme.PlainSocketFactory.connectSocket(PlainSocketFactory.java:121)
        	at org.apache.http.impl.conn.DefaultClientConnectionOperator.openConnection(DefaultClientConnectionOperator.java:180)
        	at org.apache.http.impl.conn.ManagedClientConnectionImpl.open(ManagedClientConnectionImpl.java:326)
        	at org.apache.http.impl.client.DefaultRequestDirector.tryConnect(DefaultRequestDirector.java:605)
        	at org.apache.http.impl.client.DefaultRequestDirector.execute(DefaultRequestDirector.java:440)
        	at org.apache.http.impl.client.AbstractHttpClient.doExecute(AbstractHttpClient.java:835)
        	at org.apache.http.impl.client.CloseableHttpClient.execute(CloseableHttpClient.java:83)
        	at io.restassured.internal.RestAssuredHttpBuilder.doRequest(RestAssuredHttpBuilder.java:141)
        	at io.restassured.internal.http.HTTPBuilder.doRequest(HTTPBuilder.java:496)
        	at io.restassured.internal.http.HTTPBuilder.request(HTTPBuilder.java:453)
        	at io.restassured.internal.http.HTTPBuilder$request$3.call(Unknown Source)
        	at org.codehaus.groovy.runtime.callsite.CallSiteArray.defaultCall(CallSiteArray.java:45)
        	at org.codehaus.groovy.runtime.callsite.AbstractCallSite.call(AbstractCallSite.java:125)
        	at org.codehaus.groovy.runtime.callsite.AbstractCallSite.call(AbstractCallSite.java:166)
        	at io.restassured.internal.RequestSpecificationImpl.sendHttpRequest(RequestSpecificationImpl.groovy:1480)
        	at io.restassured.internal.RequestSpecificationImpl.this$2$sendHttpRequest(RequestSpecificationImpl.groovy)
        	at java.base/jdk.internal.reflect.NativeMethodAccessorImpl.invoke0(Native Method)
        	at java.base/jdk.internal.reflect.NativeMethodAccessorImpl.invoke(NativeMethodAccessorImpl.java:77)
        	at java.base/jdk.internal.reflect.DelegatingMethodAccessorImpl.invoke(DelegatingMethodAccessorImpl.java:43)
        	at java.base/java.lang.reflect.Method.invoke(Method.java:569)
        	at org.codehaus.groovy.reflection.CachedMethod.invoke(CachedMethod.java:343)
        	at groovy.lang.MetaMethod.doMethodInvoke(MetaMethod.java:328)
        	at groovy.lang.MetaClassImpl.doInvokeMethod(MetaClassImpl.java:1333)
        	at groovy.lang.MetaClassImpl.invokeMethod(MetaClassImpl.java:1088)
        	at groovy.lang.MetaClassImpl.invokeMethod(MetaClassImpl.java:1007)
        	at groovy.lang.MetaClassImpl.invokeMethod(MetaClassImpl.java:790)
        	at io.restassured.internal.RequestSpecificationImpl.invokeMethod(RequestSpecificationImpl.groovy)
        	at org.codehaus.groovy.runtime.callsite.PogoInterceptableSite.call(PogoInterceptableSite.java:46)
        	at org.codehaus.groovy.runtime.callsite.PogoInterceptableSite.callCurrent(PogoInterceptableSite.java:57)
        	at org.codehaus.groovy.runtime.callsite.CallSiteArray.defaultCallCurrent(CallSiteArray.java:49)
        	at org.codehaus.groovy.runtime.callsite.AbstractCallSite.callCurrent(AbstractCallSite.java:171)
        	at io.restassured.internal.RequestSpecificationImpl.sendRequest(RequestSpecificationImpl.groovy:1229)
        	at io.restassured.internal.RequestSpecificationImpl.this$2$sendRequest(RequestSpecificationImpl.groovy)
        	at java.base/jdk.internal.reflect.NativeMethodAccessorImpl.invoke0(Native Method)
        	at java.base/jdk.internal.reflect.NativeMethodAccessorImpl.invoke(NativeMethodAccessorImpl.java:77)
        	at java.base/jdk.internal.reflect.DelegatingMethodAccessorImpl.invoke(DelegatingMethodAccessorImpl.java:43)
        	at java.base/java.lang.reflect.Method.invoke(Method.java:569)
        	at org.codehaus.groovy.reflection.CachedMethod.invoke(CachedMethod.java:343)
        	at groovy.lang.MetaMethod.doMethodInvoke(MetaMethod.java:328)
        	at groovy.lang.MetaClassImpl.doInvokeMethod(MetaClassImpl.java:1333)
        	at groovy.lang.MetaClassImpl.invokeMethod(MetaClassImpl.java:1088)
        	at groovy.lang.MetaClassImpl.invokeMethod(MetaClassImpl.java:1007)
        	at groovy.lang.MetaClassImpl.invokeMethod(MetaClassImpl.java:790)
        	at io.restassured.internal.RequestSpecificationImpl.invokeMethod(RequestSpecificationImpl.groovy)
        	at org.codehaus.groovy.runtime.callsite.PogoInterceptableSite.call(PogoInterceptableSite.java:46)
        	at org.codehaus.groovy.runtime.callsite.AbstractCallSite.call(AbstractCallSite.java:166)
        	at io.restassured.internal.filter.SendRequestFilter.filter(SendRequestFilter.groovy:30)
        	at io.restassured.filter.Filter$filter.call(Unknown Source)
        	at org.codehaus.groovy.runtime.callsite.CallSiteArray.defaultCall(CallSiteArray.java:45)
        	at io.restassured.filter.Filter$filter$0.call(Unknown Source)
        	at io.restassured.internal.filter.FilterContextImpl.next(FilterContextImpl.groovy:72)
        	at io.restassured.filter.time.TimingFilter.filter(TimingFilter.java:56)
        	at io.restassured.filter.Filter$filter$0.call(Unknown Source)
        	at org.codehaus.groovy.runtime.callsite.CallSiteArray.defaultCall(CallSiteArray.java:45)
        	at io.restassured.filter.Filter$filter.call(Unknown Source)
        	at io.restassured.internal.filter.FilterContextImpl.next(FilterContextImpl.groovy:72)
        	at io.restassured.filter.FilterContext$next.call(Unknown Source)
        	at io.restassured.internal.filter.CsrfFilter.filter(CsrfFilter.groovy:89)
        	at io.restassured.filter.Filter$filter.call(Unknown Source)
        	at org.codehaus.groovy.runtime.callsite.CallSiteArray.defaultCall(CallSiteArray.java:45)
        	at io.restassured.filter.Filter$filter.call(Unknown Source)
        	at io.restassured.internal.filter.FilterContextImpl.next(FilterContextImpl.groovy:72)
        	at io.restassured.filter.FilterContext$next.call(Unknown Source)
        	at io.restassured.internal.RequestSpecificationImpl.applyPathParamsAndSendRequest(RequestSpecificationImpl.groovy:1704)
        	at io.restassured.internal.RequestSpecificationImpl.this$2$applyPathParamsAndSendRequest(RequestSpecificationImpl.groovy)
        	at java.base/jdk.internal.reflect.NativeMethodAccessorImpl.invoke0(Native Method)
        	at java.base/jdk.internal.reflect.NativeMethodAccessorImpl.invoke(NativeMethodAccessorImpl.java:77)
        	at java.base/jdk.internal.reflect.DelegatingMethodAccessorImpl.invoke(DelegatingMethodAccessorImpl.java:43)
        	at java.base/java.lang.reflect.Method.invoke(Method.java:569)
        	at org.codehaus.groovy.reflection.CachedMethod.invoke(CachedMethod.java:343)
        	at groovy.lang.MetaMethod.doMethodInvoke(MetaMethod.java:328)
        	at groovy.lang.MetaClassImpl.doInvokeMethod(MetaClassImpl.java:1333)
        	at groovy.lang.MetaClassImpl.invokeMethod(MetaClassImpl.java:1088)
        	at groovy.lang.MetaClassImpl.invokeMethod(MetaClassImpl.java:1007)
        	at groovy.lang.MetaClassImpl.invokeMethod(MetaClassImpl.java:790)
        	at io.restassured.internal.RequestSpecificationImpl.invokeMethod(RequestSpecificationImpl.groovy)
        	at org.codehaus.groovy.runtime.callsite.PogoInterceptableSite.call(PogoInterceptableSite.java:46)
        	at org.codehaus.groovy.runtime.callsite.PogoInterceptableSite.callCurrent(PogoInterceptableSite.java:57)
        	at org.codehaus.groovy.runtime.callsite.AbstractCallSite.callCurrent(AbstractCallSite.java:203)
        	at io.restassured.internal.RequestSpecificationImpl.applyPathParamsAndSendRequest(RequestSpecificationImpl.groovy:1710)
        	at io.restassured.internal.RequestSpecificationImpl.this$2$applyPathParamsAndSendRequest(RequestSpecificationImpl.groovy)
        	at java.base/jdk.internal.reflect.NativeMethodAccessorImpl.invoke0(Native Method)
        	at java.base/jdk.internal.reflect.NativeMethodAccessorImpl.invoke(NativeMethodAccessorImpl.java:77)
        	at java.base/jdk.internal.reflect.DelegatingMethodAccessorImpl.invoke(DelegatingMethodAccessorImpl.java:43)
        	at java.base/java.lang.reflect.Method.invoke(Method.java:569)
        	at org.codehaus.groovy.reflection.CachedMethod.invoke(CachedMethod.java:343)
        	at groovy.lang.MetaMethod.doMethodInvoke(MetaMethod.java:328)
        	at groovy.lang.MetaClassImpl.doInvokeMethod(MetaClassImpl.java:1333)
        	at groovy.lang.MetaClassImpl.invokeMethod(MetaClassImpl.java:1088)
        	at groovy.lang.MetaClassImpl.invokeMethod(MetaClassImpl.java:1007)
        	at groovy.lang.MetaClassImpl.invokeMethod(MetaClassImpl.java:790)
        	at io.restassured.internal.RequestSpecificationImpl.invokeMethod(RequestSpecificationImpl.groovy)
        	at org.codehaus.groovy.runtime.callsite.PogoInterceptableSite.call(PogoInterceptableSite.java:46)
        	at org.codehaus.groovy.runtime.callsite.PogoInterceptableSite.callCurrent(PogoInterceptableSite.java:57)
        	at org.codehaus.groovy.runtime.callsite.CallSiteArray.defaultCallCurrent(CallSiteArray.java:49)
        	at org.codehaus.groovy.runtime.callsite.AbstractCallSite.callCurrent(AbstractCallSite.java:171)
        	at org.codehaus.groovy.runtime.callsite.AbstractCallSite.callCurrent(AbstractCallSite.java:203)
        	at io.restassured.internal.RequestSpecificationImpl.get(RequestSpecificationImpl.groovy:172)
        	at io.restassured.internal.RequestSpecificationImpl.get(RequestSpecificationImpl.groovy)
        	at com.nexly.api.stepDefinitions.TodoApiStepDefinitions.iSendARequestTo(TodoApiStepDefinitions.java:256)
        	... 1 more
  â†· Then the response status code should be 404                          # com.nexly.api.stepDefinitions.TodoApiStepDefinitions.theResponseStatusCodeShouldBe(int)
  â†· And the response should contain "TODO not found"                     # com.nexly.api.stepDefinitions.TodoApiStepDefinitions.theResponseShouldContain(java.lang.String)
Finished scenario: Get single TODO with invalid ID should fail with status: FAILED
]]></system-out>
  </testcase>
  <testcase name="runScenario[&quot;Update TODO successfully&quot;, &quot;TODO API Tests&quot;](9)" classname="com.nexly.api.runners.TestRunner" time="0.101">
    <failure message="Connection refused: connect" type="java.net.ConnectException"><![CDATA[java.net.ConnectException: Connection refused: connect
	at java.base/sun.nio.ch.Net.connect0(Native Method)
	at java.base/sun.nio.ch.Net.connect(Net.java:579)
	at java.base/sun.nio.ch.Net.connect(Net.java:568)
	at java.base/sun.nio.ch.NioSocketImpl.connect(NioSocketImpl.java:593)
	at java.base/java.net.SocksSocketImpl.connect(SocksSocketImpl.java:327)
	at java.base/java.net.Socket.connect(Socket.java:633)
	at org.apache.http.conn.scheme.PlainSocketFactory.connectSocket(PlainSocketFactory.java:121)
	at org.apache.http.impl.conn.DefaultClientConnectionOperator.openConnection(DefaultClientConnectionOperator.java:180)
	at org.apache.http.impl.conn.ManagedClientConnectionImpl.open(ManagedClientConnectionImpl.java:326)
	at org.apache.http.impl.client.DefaultRequestDirector.tryConnect(DefaultRequestDirector.java:605)
	at org.apache.http.impl.client.DefaultRequestDirector.execute(DefaultRequestDirector.java:440)
	at org.apache.http.impl.client.AbstractHttpClient.doExecute(AbstractHttpClient.java:835)
	at org.apache.http.impl.client.CloseableHttpClient.execute(CloseableHttpClient.java:83)
	at io.restassured.internal.RestAssuredHttpBuilder.doRequest(RestAssuredHttpBuilder.java:141)
	at io.restassured.internal.http.HTTPBuilder.post(HTTPBuilder.java:349)
	at io.restassured.internal.http.HTTPBuilder$post$2.call(Unknown Source)
	at io.restassured.internal.RequestSpecificationImpl.sendRequest(RequestSpecificationImpl.groovy:1209)
	at io.restassured.internal.RequestSpecificationImpl.this$2$sendRequest(RequestSpecificationImpl.groovy)
	at java.base/jdk.internal.reflect.NativeMethodAccessorImpl.invoke0(Native Method)
	at java.base/jdk.internal.reflect.NativeMethodAccessorImpl.invoke(NativeMethodAccessorImpl.java:77)
	at java.base/jdk.internal.reflect.DelegatingMethodAccessorImpl.invoke(DelegatingMethodAccessorImpl.java:43)
	at java.base/java.lang.reflect.Method.invoke(Method.java:569)
	at org.codehaus.groovy.reflection.CachedMethod.invoke(CachedMethod.java:343)
	at groovy.lang.MetaMethod.doMethodInvoke(MetaMethod.java:328)
	at groovy.lang.MetaClassImpl.doInvokeMethod(MetaClassImpl.java:1333)
	at groovy.lang.MetaClassImpl.invokeMethod(MetaClassImpl.java:1088)
	at groovy.lang.MetaClassImpl.invokeMethod(MetaClassImpl.java:1007)
	at groovy.lang.MetaClassImpl.invokeMethod(MetaClassImpl.java:790)
	at io.restassured.internal.RequestSpecificationImpl.invokeMethod(RequestSpecificationImpl.groovy)
	at org.codehaus.groovy.runtime.callsite.PogoInterceptableSite.call(PogoInterceptableSite.java:46)
	at org.codehaus.groovy.runtime.callsite.AbstractCallSite.call(AbstractCallSite.java:166)
	at io.restassured.internal.filter.SendRequestFilter.filter(SendRequestFilter.groovy:30)
	at io.restassured.filter.Filter$filter.call(Unknown Source)
	at org.codehaus.groovy.runtime.callsite.CallSiteArray.defaultCall(CallSiteArray.java:45)
	at io.restassured.filter.Filter$filter$0.call(Unknown Source)
	at io.restassured.internal.filter.FilterContextImpl.next(FilterContextImpl.groovy:72)
	at io.restassured.filter.time.TimingFilter.filter(TimingFilter.java:56)
	at io.restassured.filter.Filter$filter$0.call(Unknown Source)
	at org.codehaus.groovy.runtime.callsite.CallSiteArray.defaultCall(CallSiteArray.java:45)
	at io.restassured.filter.Filter$filter.call(Unknown Source)
	at io.restassured.internal.filter.FilterContextImpl.next(FilterContextImpl.groovy:72)
	at io.restassured.filter.FilterContext$next.call(Unknown Source)
	at io.restassured.internal.filter.CsrfFilter.filter(CsrfFilter.groovy:89)
	at io.restassured.filter.Filter$filter.call(Unknown Source)
	at org.codehaus.groovy.runtime.callsite.CallSiteArray.defaultCall(CallSiteArray.java:45)
	at io.restassured.filter.Filter$filter.call(Unknown Source)
	at io.restassured.internal.filter.FilterContextImpl.next(FilterContextImpl.groovy:72)
	at io.restassured.filter.FilterContext$next.call(Unknown Source)
	at io.restassured.internal.RequestSpecificationImpl.applyPathParamsAndSendRequest(RequestSpecificationImpl.groovy:1704)
	at io.restassured.internal.RequestSpecificationImpl.this$2$applyPathParamsAndSendRequest(RequestSpecificationImpl.groovy)
	at java.base/jdk.internal.reflect.NativeMethodAccessorImpl.invoke0(Native Method)
	at java.base/jdk.internal.reflect.NativeMethodAccessorImpl.invoke(NativeMethodAccessorImpl.java:77)
	at java.base/jdk.internal.reflect.DelegatingMethodAccessorImpl.invoke(DelegatingMethodAccessorImpl.java:43)
	at java.base/java.lang.reflect.Method.invoke(Method.java:569)
	at org.codehaus.groovy.reflection.CachedMethod.invoke(CachedMethod.java:343)
	at groovy.lang.MetaMethod.doMethodInvoke(MetaMethod.java:328)
	at groovy.lang.MetaClassImpl.doInvokeMethod(MetaClassImpl.java:1333)
	at groovy.lang.MetaClassImpl.invokeMethod(MetaClassImpl.java:1088)
	at groovy.lang.MetaClassImpl.invokeMethod(MetaClassImpl.java:1007)
	at groovy.lang.MetaClassImpl.invokeMethod(MetaClassImpl.java:790)
	at io.restassured.internal.RequestSpecificationImpl.invokeMethod(RequestSpecificationImpl.groovy)
	at org.codehaus.groovy.runtime.callsite.PogoInterceptableSite.call(PogoInterceptableSite.java:46)
	at org.codehaus.groovy.runtime.callsite.PogoInterceptableSite.callCurrent(PogoInterceptableSite.java:57)
	at org.codehaus.groovy.runtime.callsite.AbstractCallSite.callCurrent(AbstractCallSite.java:203)
	at io.restassured.internal.RequestSpecificationImpl.applyPathParamsAndSendRequest(RequestSpecificationImpl.groovy:1710)
	at io.restassured.internal.RequestSpecificationImpl.this$2$applyPathParamsAndSendRequest(RequestSpecificationImpl.groovy)
	at java.base/jdk.internal.reflect.NativeMethodAccessorImpl.invoke0(Native Method)
	at java.base/jdk.internal.reflect.NativeMethodAccessorImpl.invoke(NativeMethodAccessorImpl.java:77)
	at java.base/jdk.internal.reflect.DelegatingMethodAccessorImpl.invoke(DelegatingMethodAccessorImpl.java:43)
	at java.base/java.lang.reflect.Method.invoke(Method.java:569)
	at org.codehaus.groovy.reflection.CachedMethod.invoke(CachedMethod.java:343)
	at groovy.lang.MetaMethod.doMethodInvoke(MetaMethod.java:328)
	at groovy.lang.MetaClassImpl.doInvokeMethod(MetaClassImpl.java:1333)
	at groovy.lang.MetaClassImpl.invokeMethod(MetaClassImpl.java:1088)
	at groovy.lang.MetaClassImpl.invokeMethod(MetaClassImpl.java:1007)
	at groovy.lang.MetaClassImpl.invokeMethod(MetaClassImpl.java:790)
	at io.restassured.internal.RequestSpecificationImpl.invokeMethod(RequestSpecificationImpl.groovy)
	at org.codehaus.groovy.runtime.callsite.PogoInterceptableSite.call(PogoInterceptableSite.java:46)
	at org.codehaus.groovy.runtime.callsite.PogoInterceptableSite.callCurrent(PogoInterceptableSite.java:57)
	at org.codehaus.groovy.runtime.callsite.AbstractCallSite.callCurrent(AbstractCallSite.java:203)
	at io.restassured.internal.RequestSpecificationImpl.post(RequestSpecificationImpl.groovy:176)
	at io.restassured.internal.RequestSpecificationImpl.post(RequestSpecificationImpl.groovy)
	at com.nexly.api.stepDefinitions.TodoApiStepDefinitions.iHaveCreatedATodoAndStoredItsId(TodoApiStepDefinitions.java:234)
	at ✽.I have created a TODO and stored its ID(file:///C:/Users/gyana/Rest-Assured/test/src/main/resources/feature/app.feature:79)
]]></failure>
    <system-out><![CDATA[Test started: runScenario

@update-todo
Scenario: Update TODO successfully                                       # file:///C:/Users/gyana/Rest-Assured/test/src/main/resources/feature/app.feature:78
Starting scenario: Update TODO successfully
  âœ” Given I set the API base URL to "http://localhost:3000/api/v1/to-do" # com.nexly.api.stepDefinitions.TodoApiStepDefinitions.iSetTheApiBaseUrl(java.lang.String)
  âœ” And I set the authorization header with bearer token                 # com.nexly.api.stepDefinitions.TodoApiStepDefinitions.iSetTheAuthorizationHeader()
  âœ˜ Given I have created a TODO and stored its ID                        # com.nexly.api.stepDefinitions.TodoApiStepDefinitions.iHaveCreatedATodoAndStoredItsId()
        java.net.ConnectException: Connection refused: connect
        	at java.base/sun.nio.ch.Net.connect0(Native Method)
        	at java.base/sun.nio.ch.Net.connect(Net.java:579)
        	at java.base/sun.nio.ch.Net.connect(Net.java:568)
        	at java.base/sun.nio.ch.NioSocketImpl.connect(NioSocketImpl.java:593)
        	at java.base/java.net.SocksSocketImpl.connect(SocksSocketImpl.java:327)
        	at java.base/java.net.Socket.connect(Socket.java:633)
        	at org.apache.http.conn.scheme.PlainSocketFactory.connectSocket(PlainSocketFactory.java:121)
        	at org.apache.http.impl.conn.DefaultClientConnectionOperator.openConnection(DefaultClientConnectionOperator.java:180)
        	at org.apache.http.impl.conn.ManagedClientConnectionImpl.open(ManagedClientConnectionImpl.java:326)
        	at org.apache.http.impl.client.DefaultRequestDirector.tryConnect(DefaultRequestDirector.java:605)
        	at org.apache.http.impl.client.DefaultRequestDirector.execute(DefaultRequestDirector.java:440)
        	at org.apache.http.impl.client.AbstractHttpClient.doExecute(AbstractHttpClient.java:835)
        	at org.apache.http.impl.client.CloseableHttpClient.execute(CloseableHttpClient.java:83)
        	at io.restassured.internal.RestAssuredHttpBuilder.doRequest(RestAssuredHttpBuilder.java:141)
        	at io.restassured.internal.http.HTTPBuilder.post(HTTPBuilder.java:349)
        	at io.restassured.internal.http.HTTPBuilder$post$2.call(Unknown Source)
        	at io.restassured.internal.RequestSpecificationImpl.sendRequest(RequestSpecificationImpl.groovy:1209)
        	at io.restassured.internal.RequestSpecificationImpl.this$2$sendRequest(RequestSpecificationImpl.groovy)
        	at java.base/jdk.internal.reflect.NativeMethodAccessorImpl.invoke0(Native Method)
        	at java.base/jdk.internal.reflect.NativeMethodAccessorImpl.invoke(NativeMethodAccessorImpl.java:77)
        	at java.base/jdk.internal.reflect.DelegatingMethodAccessorImpl.invoke(DelegatingMethodAccessorImpl.java:43)
        	at java.base/java.lang.reflect.Method.invoke(Method.java:569)
        	at org.codehaus.groovy.reflection.CachedMethod.invoke(CachedMethod.java:343)
        	at groovy.lang.MetaMethod.doMethodInvoke(MetaMethod.java:328)
        	at groovy.lang.MetaClassImpl.doInvokeMethod(MetaClassImpl.java:1333)
        	at groovy.lang.MetaClassImpl.invokeMethod(MetaClassImpl.java:1088)
        	at groovy.lang.MetaClassImpl.invokeMethod(MetaClassImpl.java:1007)
        	at groovy.lang.MetaClassImpl.invokeMethod(MetaClassImpl.java:790)
        	at io.restassured.internal.RequestSpecificationImpl.invokeMethod(RequestSpecificationImpl.groovy)
        	at org.codehaus.groovy.runtime.callsite.PogoInterceptableSite.call(PogoInterceptableSite.java:46)
        	at org.codehaus.groovy.runtime.callsite.AbstractCallSite.call(AbstractCallSite.java:166)
        	at io.restassured.internal.filter.SendRequestFilter.filter(SendRequestFilter.groovy:30)
        	at io.restassured.filter.Filter$filter.call(Unknown Source)
        	at org.codehaus.groovy.runtime.callsite.CallSiteArray.defaultCall(CallSiteArray.java:45)
        	at io.restassured.filter.Filter$filter$0.call(Unknown Source)
        	at io.restassured.internal.filter.FilterContextImpl.next(FilterContextImpl.groovy:72)
        	at io.restassured.filter.time.TimingFilter.filter(TimingFilter.java:56)
        	at io.restassured.filter.Filter$filter$0.call(Unknown Source)
        	at org.codehaus.groovy.runtime.callsite.CallSiteArray.defaultCall(CallSiteArray.java:45)
        	at io.restassured.filter.Filter$filter.call(Unknown Source)
        	at io.restassured.internal.filter.FilterContextImpl.next(FilterContextImpl.groovy:72)
        	at io.restassured.filter.FilterContext$next.call(Unknown Source)
        	at io.restassured.internal.filter.CsrfFilter.filter(CsrfFilter.groovy:89)
        	at io.restassured.filter.Filter$filter.call(Unknown Source)
        	at org.codehaus.groovy.runtime.callsite.CallSiteArray.defaultCall(CallSiteArray.java:45)
        	at io.restassured.filter.Filter$filter.call(Unknown Source)
        	at io.restassured.internal.filter.FilterContextImpl.next(FilterContextImpl.groovy:72)
        	at io.restassured.filter.FilterContext$next.call(Unknown Source)
        	at io.restassured.internal.RequestSpecificationImpl.applyPathParamsAndSendRequest(RequestSpecificationImpl.groovy:1704)
        	at io.restassured.internal.RequestSpecificationImpl.this$2$applyPathParamsAndSendRequest(RequestSpecificationImpl.groovy)
        	at java.base/jdk.internal.reflect.NativeMethodAccessorImpl.invoke0(Native Method)
        	at java.base/jdk.internal.reflect.NativeMethodAccessorImpl.invoke(NativeMethodAccessorImpl.java:77)
        	at java.base/jdk.internal.reflect.DelegatingMethodAccessorImpl.invoke(DelegatingMethodAccessorImpl.java:43)
        	at java.base/java.lang.reflect.Method.invoke(Method.java:569)
        	at org.codehaus.groovy.reflection.CachedMethod.invoke(CachedMethod.java:343)
        	at groovy.lang.MetaMethod.doMethodInvoke(MetaMethod.java:328)
        	at groovy.lang.MetaClassImpl.doInvokeMethod(MetaClassImpl.java:1333)
        	at groovy.lang.MetaClassImpl.invokeMethod(MetaClassImpl.java:1088)
        	at groovy.lang.MetaClassImpl.invokeMethod(MetaClassImpl.java:1007)
        	at groovy.lang.MetaClassImpl.invokeMethod(MetaClassImpl.java:790)
        	at io.restassured.internal.RequestSpecificationImpl.invokeMethod(RequestSpecificationImpl.groovy)
        	at org.codehaus.groovy.runtime.callsite.PogoInterceptableSite.call(PogoInterceptableSite.java:46)
        	at org.codehaus.groovy.runtime.callsite.PogoInterceptableSite.callCurrent(PogoInterceptableSite.java:57)
        	at org.codehaus.groovy.runtime.callsite.AbstractCallSite.callCurrent(AbstractCallSite.java:203)
        	at io.restassured.internal.RequestSpecificationImpl.applyPathParamsAndSendRequest(RequestSpecificationImpl.groovy:1710)
        	at io.restassured.internal.RequestSpecificationImpl.this$2$applyPathParamsAndSendRequest(RequestSpecificationImpl.groovy)
        	at java.base/jdk.internal.reflect.NativeMethodAccessorImpl.invoke0(Native Method)
        	at java.base/jdk.internal.reflect.NativeMethodAccessorImpl.invoke(NativeMethodAccessorImpl.java:77)
        	at java.base/jdk.internal.reflect.DelegatingMethodAccessorImpl.invoke(DelegatingMethodAccessorImpl.java:43)
        	at java.base/java.lang.reflect.Method.invoke(Method.java:569)
        	at org.codehaus.groovy.reflection.CachedMethod.invoke(CachedMethod.java:343)
        	at groovy.lang.MetaMethod.doMethodInvoke(MetaMethod.java:328)
        	at groovy.lang.MetaClassImpl.doInvokeMethod(MetaClassImpl.java:1333)
        	at groovy.lang.MetaClassImpl.invokeMethod(MetaClassImpl.java:1088)
        	at groovy.lang.MetaClassImpl.invokeMethod(MetaClassImpl.java:1007)
        	at groovy.lang.MetaClassImpl.invokeMethod(MetaClassImpl.java:790)
        	at io.restassured.internal.RequestSpecificationImpl.invokeMethod(RequestSpecificationImpl.groovy)
        	at org.codehaus.groovy.runtime.callsite.PogoInterceptableSite.call(PogoInterceptableSite.java:46)
        	at org.codehaus.groovy.runtime.callsite.PogoInterceptableSite.callCurrent(PogoInterceptableSite.java:57)
        	at org.codehaus.groovy.runtime.callsite.AbstractCallSite.callCurrent(AbstractCallSite.java:203)
        	at io.restassured.internal.RequestSpecificationImpl.post(RequestSpecificationImpl.groovy:176)
        	at io.restassured.internal.RequestSpecificationImpl.post(RequestSpecificationImpl.groovy)
        	at com.nexly.api.stepDefinitions.TodoApiStepDefinitions.iHaveCreatedATodoAndStoredItsId(TodoApiStepDefinitions.java:234)
        	at âœ½.I have created a TODO and stored its ID(file:///C:/Users/gyana/Rest-Assured/test/src/main/resources/feature/app.feature:79)
  â†· And I prepare update data with:                                      # com.nexly.api.stepDefinitions.TodoApiStepDefinitions.iPrepareUpdateDataWith(io.cucumber.datatable.DataTable)
      | workDesc | Updated description |
      | priority | Medium              |
      | status   | In Progress         |
  â†· When I send a PUT request to "/{todoId}"                             # com.nexly.api.stepDefinitions.TodoApiStepDefinitions.iSendARequestTo(java.lang.String,java.lang.String)
  â†· Then the response status code should be 200                          # com.nexly.api.stepDefinitions.TodoApiStepDefinitions.theResponseStatusCodeShouldBe(int)
  â†· And the response should contain "TODO updated successfully"          # com.nexly.api.stepDefinitions.TodoApiStepDefinitions.theResponseShouldContain(java.lang.String)
  â†· And the response todo should have workDesc "Updated description"     # com.nexly.api.stepDefinitions.TodoApiStepDefinitions.theResponseTodoShouldHaveWorkDesc(java.lang.String)
  â†· And the response todo should have priority "Medium"
Finished scenario: Update TODO successfully with status: FAILED
]]></system-out>
  </testcase>
  <testcase name="runScenario[&quot;Update non-existent TODO should fail&quot;, &quot;TODO API Tests&quot;](10)" classname="com.nexly.api.runners.TestRunner" time="0.024">
    <failure message="Failed to send PUT request to /507f1f77bcf86cd799439011" type="java.lang.RuntimeException"><![CDATA[java.lang.RuntimeException: Failed to send PUT request to /507f1f77bcf86cd799439011
	at com.nexly.api.stepDefinitions.TodoApiStepDefinitions.iSendARequestTo(TodoApiStepDefinitions.java:275)
	at ✽.I send a PUT request to "/507f1f77bcf86cd799439011"(file:///C:/Users/gyana/Rest-Assured/test/src/main/resources/feature/app.feature:94)
Caused by: java.net.ConnectException: Connection refused: connect
	at java.base/sun.nio.ch.Net.connect0(Native Method)
	at java.base/sun.nio.ch.Net.connect(Net.java:579)
	at java.base/sun.nio.ch.Net.connect(Net.java:568)
	at java.base/sun.nio.ch.NioSocketImpl.connect(NioSocketImpl.java:593)
	at java.base/java.net.SocksSocketImpl.connect(SocksSocketImpl.java:327)
	at java.base/java.net.Socket.connect(Socket.java:633)
	at org.apache.http.conn.scheme.PlainSocketFactory.connectSocket(PlainSocketFactory.java:121)
	at org.apache.http.impl.conn.DefaultClientConnectionOperator.openConnection(DefaultClientConnectionOperator.java:180)
	at org.apache.http.impl.conn.ManagedClientConnectionImpl.open(ManagedClientConnectionImpl.java:326)
	at org.apache.http.impl.client.DefaultRequestDirector.tryConnect(DefaultRequestDirector.java:605)
	at org.apache.http.impl.client.DefaultRequestDirector.execute(DefaultRequestDirector.java:440)
	at org.apache.http.impl.client.AbstractHttpClient.doExecute(AbstractHttpClient.java:835)
	at org.apache.http.impl.client.CloseableHttpClient.execute(CloseableHttpClient.java:83)
	at io.restassured.internal.RestAssuredHttpBuilder.doRequest(RestAssuredHttpBuilder.java:141)
	at io.restassured.internal.http.HTTPBuilder.doRequest(HTTPBuilder.java:496)
	at io.restassured.internal.http.HTTPBuilder.request(HTTPBuilder.java:453)
	at io.restassured.internal.http.HTTPBuilder$request$3.call(Unknown Source)
	at io.restassured.internal.RequestSpecificationImpl.sendHttpRequest(RequestSpecificationImpl.groovy:1480)
	at io.restassured.internal.RequestSpecificationImpl.this$2$sendHttpRequest(RequestSpecificationImpl.groovy)
	at java.base/jdk.internal.reflect.NativeMethodAccessorImpl.invoke0(Native Method)
	at java.base/jdk.internal.reflect.NativeMethodAccessorImpl.invoke(NativeMethodAccessorImpl.java:77)
	at java.base/jdk.internal.reflect.DelegatingMethodAccessorImpl.invoke(DelegatingMethodAccessorImpl.java:43)
	at java.base/java.lang.reflect.Method.invoke(Method.java:569)
	at org.codehaus.groovy.reflection.CachedMethod.invoke(CachedMethod.java:343)
	at groovy.lang.MetaMethod.doMethodInvoke(MetaMethod.java:328)
	at groovy.lang.MetaClassImpl.doInvokeMethod(MetaClassImpl.java:1333)
	at groovy.lang.MetaClassImpl.invokeMethod(MetaClassImpl.java:1088)
	at groovy.lang.MetaClassImpl.invokeMethod(MetaClassImpl.java:1007)
	at groovy.lang.MetaClassImpl.invokeMethod(MetaClassImpl.java:790)
	at io.restassured.internal.RequestSpecificationImpl.invokeMethod(RequestSpecificationImpl.groovy)
	at org.codehaus.groovy.runtime.callsite.PogoInterceptableSite.call(PogoInterceptableSite.java:46)
	at org.codehaus.groovy.runtime.callsite.PogoInterceptableSite.callCurrent(PogoInterceptableSite.java:57)
	at io.restassured.internal.RequestSpecificationImpl.sendRequest(RequestSpecificationImpl.groovy:1229)
	at io.restassured.internal.RequestSpecificationImpl.this$2$sendRequest(RequestSpecificationImpl.groovy)
	at java.base/jdk.internal.reflect.NativeMethodAccessorImpl.invoke0(Native Method)
	at java.base/jdk.internal.reflect.NativeMethodAccessorImpl.invoke(NativeMethodAccessorImpl.java:77)
	at java.base/jdk.internal.reflect.DelegatingMethodAccessorImpl.invoke(DelegatingMethodAccessorImpl.java:43)
	at java.base/java.lang.reflect.Method.invoke(Method.java:569)
	at org.codehaus.groovy.reflection.CachedMethod.invoke(CachedMethod.java:343)
	at groovy.lang.MetaMethod.doMethodInvoke(MetaMethod.java:328)
	at groovy.lang.MetaClassImpl.doInvokeMethod(MetaClassImpl.java:1333)
	at groovy.lang.MetaClassImpl.invokeMethod(MetaClassImpl.java:1088)
	at groovy.lang.MetaClassImpl.invokeMethod(MetaClassImpl.java:1007)
	at groovy.lang.MetaClassImpl.invokeMethod(MetaClassImpl.java:790)
	at io.restassured.internal.RequestSpecificationImpl.invokeMethod(RequestSpecificationImpl.groovy)
	at org.codehaus.groovy.runtime.callsite.PogoInterceptableSite.call(PogoInterceptableSite.java:46)
	at org.codehaus.groovy.runtime.callsite.AbstractCallSite.call(AbstractCallSite.java:166)
	at io.restassured.internal.filter.SendRequestFilter.filter(SendRequestFilter.groovy:30)
	at io.restassured.filter.Filter$filter.call(Unknown Source)
	at org.codehaus.groovy.runtime.callsite.CallSiteArray.defaultCall(CallSiteArray.java:45)
	at io.restassured.filter.Filter$filter$0.call(Unknown Source)
	at io.restassured.internal.filter.FilterContextImpl.next(FilterContextImpl.groovy:72)
	at io.restassured.filter.time.TimingFilter.filter(TimingFilter.java:56)
	at io.restassured.filter.Filter$filter$0.call(Unknown Source)
	at org.codehaus.groovy.runtime.callsite.CallSiteArray.defaultCall(CallSiteArray.java:45)
	at io.restassured.filter.Filter$filter.call(Unknown Source)
	at io.restassured.internal.filter.FilterContextImpl.next(FilterContextImpl.groovy:72)
	at io.restassured.filter.FilterContext$next.call(Unknown Source)
	at io.restassured.internal.filter.CsrfFilter.filter(CsrfFilter.groovy:89)
	at io.restassured.filter.Filter$filter.call(Unknown Source)
	at org.codehaus.groovy.runtime.callsite.CallSiteArray.defaultCall(CallSiteArray.java:45)
	at io.restassured.filter.Filter$filter.call(Unknown Source)
	at io.restassured.internal.filter.FilterContextImpl.next(FilterContextImpl.groovy:72)
	at io.restassured.filter.FilterContext$next.call(Unknown Source)
	at io.restassured.internal.RequestSpecificationImpl.applyPathParamsAndSendRequest(RequestSpecificationImpl.groovy:1704)
	at io.restassured.internal.RequestSpecificationImpl.this$2$applyPathParamsAndSendRequest(RequestSpecificationImpl.groovy)
	at java.base/jdk.internal.reflect.NativeMethodAccessorImpl.invoke0(Native Method)
	at java.base/jdk.internal.reflect.NativeMethodAccessorImpl.invoke(NativeMethodAccessorImpl.java:77)
	at java.base/jdk.internal.reflect.DelegatingMethodAccessorImpl.invoke(DelegatingMethodAccessorImpl.java:43)
	at java.base/java.lang.reflect.Method.invoke(Method.java:569)
	at org.codehaus.groovy.reflection.CachedMethod.invoke(CachedMethod.java:343)
	at groovy.lang.MetaMethod.doMethodInvoke(MetaMethod.java:328)
	at groovy.lang.MetaClassImpl.doInvokeMethod(MetaClassImpl.java:1333)
	at groovy.lang.MetaClassImpl.invokeMethod(MetaClassImpl.java:1088)
	at groovy.lang.MetaClassImpl.invokeMethod(MetaClassImpl.java:1007)
	at groovy.lang.MetaClassImpl.invokeMethod(MetaClassImpl.java:790)
	at io.restassured.internal.RequestSpecificationImpl.invokeMethod(RequestSpecificationImpl.groovy)
	at org.codehaus.groovy.runtime.callsite.PogoInterceptableSite.call(PogoInterceptableSite.java:46)
	at org.codehaus.groovy.runtime.callsite.PogoInterceptableSite.callCurrent(PogoInterceptableSite.java:57)
	at org.codehaus.groovy.runtime.callsite.AbstractCallSite.callCurrent(AbstractCallSite.java:203)
	at io.restassured.internal.RequestSpecificationImpl.applyPathParamsAndSendRequest(RequestSpecificationImpl.groovy:1710)
	at io.restassured.internal.RequestSpecificationImpl.this$2$applyPathParamsAndSendRequest(RequestSpecificationImpl.groovy)
	at java.base/jdk.internal.reflect.NativeMethodAccessorImpl.invoke0(Native Method)
	at java.base/jdk.internal.reflect.NativeMethodAccessorImpl.invoke(NativeMethodAccessorImpl.java:77)
	at java.base/jdk.internal.reflect.DelegatingMethodAccessorImpl.invoke(DelegatingMethodAccessorImpl.java:43)
	at java.base/java.lang.reflect.Method.invoke(Method.java:569)
	at org.codehaus.groovy.reflection.CachedMethod.invoke(CachedMethod.java:343)
	at groovy.lang.MetaMethod.doMethodInvoke(MetaMethod.java:328)
	at groovy.lang.MetaClassImpl.doInvokeMethod(MetaClassImpl.java:1333)
	at groovy.lang.MetaClassImpl.invokeMethod(MetaClassImpl.java:1088)
	at groovy.lang.MetaClassImpl.invokeMethod(MetaClassImpl.java:1007)
	at groovy.lang.MetaClassImpl.invokeMethod(MetaClassImpl.java:790)
	at io.restassured.internal.RequestSpecificationImpl.invokeMethod(RequestSpecificationImpl.groovy)
	at org.codehaus.groovy.runtime.callsite.PogoInterceptableSite.call(PogoInterceptableSite.java:46)
	at org.codehaus.groovy.runtime.callsite.PogoInterceptableSite.callCurrent(PogoInterceptableSite.java:57)
	at org.codehaus.groovy.runtime.callsite.CallSiteArray.defaultCallCurrent(CallSiteArray.java:49)
	at org.codehaus.groovy.runtime.callsite.AbstractCallSite.callCurrent(AbstractCallSite.java:171)
	at org.codehaus.groovy.runtime.callsite.AbstractCallSite.callCurrent(AbstractCallSite.java:203)
	at io.restassured.internal.RequestSpecificationImpl.put(RequestSpecificationImpl.groovy:180)
	at io.restassured.internal.RequestSpecificationImpl.put(RequestSpecificationImpl.groovy)
	at com.nexly.api.stepDefinitions.TodoApiStepDefinitions.iSendARequestTo(TodoApiStepDefinitions.java:266)
	... 1 more
]]></failure>
    <system-out><![CDATA[Test started: runScenario

@update-todo-not-found
Scenario: Update non-existent TODO should fail                           # file:///C:/Users/gyana/Rest-Assured/test/src/main/resources/feature/app.feature:91
Starting scenario: Update non-existent TODO should fail
  âœ” Given I set the API base URL to "http://localhost:3000/api/v1/to-do" # com.nexly.api.stepDefinitions.TodoApiStepDefinitions.iSetTheApiBaseUrl(java.lang.String)
  âœ” And I set the authorization header with bearer token                 # com.nexly.api.stepDefinitions.TodoApiStepDefinitions.iSetTheAuthorizationHeader()
  âœ” Given I prepare update data with:                                    # com.nexly.api.stepDefinitions.TodoApiStepDefinitions.iPrepareUpdateDataWith(io.cucumber.datatable.DataTable)
      | workDesc | Updated description |
  âœ˜ When I send a PUT request to "/507f1f77bcf86cd799439011"             # com.nexly.api.stepDefinitions.TodoApiStepDefinitions.iSendARequestTo(java.lang.String,java.lang.String)
        java.lang.RuntimeException: Failed to send PUT request to /507f1f77bcf86cd799439011
        	at com.nexly.api.stepDefinitions.TodoApiStepDefinitions.iSendARequestTo(TodoApiStepDefinitions.java:275)
        	at âœ½.I send a PUT request to "/507f1f77bcf86cd799439011"(file:///C:/Users/gyana/Rest-Assured/test/src/main/resources/feature/app.feature:94)
        Caused by: java.net.ConnectException: Connection refused: connect
        	at java.base/sun.nio.ch.Net.connect0(Native Method)
        	at java.base/sun.nio.ch.Net.connect(Net.java:579)
        	at java.base/sun.nio.ch.Net.connect(Net.java:568)
        	at java.base/sun.nio.ch.NioSocketImpl.connect(NioSocketImpl.java:593)
        	at java.base/java.net.SocksSocketImpl.connect(SocksSocketImpl.java:327)
        	at java.base/java.net.Socket.connect(Socket.java:633)
        	at org.apache.http.conn.scheme.PlainSocketFactory.connectSocket(PlainSocketFactory.java:121)
        	at org.apache.http.impl.conn.DefaultClientConnectionOperator.openConnection(DefaultClientConnectionOperator.java:180)
        	at org.apache.http.impl.conn.ManagedClientConnectionImpl.open(ManagedClientConnectionImpl.java:326)
        	at org.apache.http.impl.client.DefaultRequestDirector.tryConnect(DefaultRequestDirector.java:605)
        	at org.apache.http.impl.client.DefaultRequestDirector.execute(DefaultRequestDirector.java:440)
        	at org.apache.http.impl.client.AbstractHttpClient.doExecute(AbstractHttpClient.java:835)
        	at org.apache.http.impl.client.CloseableHttpClient.execute(CloseableHttpClient.java:83)
        	at io.restassured.internal.RestAssuredHttpBuilder.doRequest(RestAssuredHttpBuilder.java:141)
        	at io.restassured.internal.http.HTTPBuilder.doRequest(HTTPBuilder.java:496)
        	at io.restassured.internal.http.HTTPBuilder.request(HTTPBuilder.java:453)
        	at io.restassured.internal.http.HTTPBuilder$request$3.call(Unknown Source)
        	at io.restassured.internal.RequestSpecificationImpl.sendHttpRequest(RequestSpecificationImpl.groovy:1480)
        	at io.restassured.internal.RequestSpecificationImpl.this$2$sendHttpRequest(RequestSpecificationImpl.groovy)
        	at java.base/jdk.internal.reflect.NativeMethodAccessorImpl.invoke0(Native Method)
        	at java.base/jdk.internal.reflect.NativeMethodAccessorImpl.invoke(NativeMethodAccessorImpl.java:77)
        	at java.base/jdk.internal.reflect.DelegatingMethodAccessorImpl.invoke(DelegatingMethodAccessorImpl.java:43)
        	at java.base/java.lang.reflect.Method.invoke(Method.java:569)
        	at org.codehaus.groovy.reflection.CachedMethod.invoke(CachedMethod.java:343)
        	at groovy.lang.MetaMethod.doMethodInvoke(MetaMethod.java:328)
        	at groovy.lang.MetaClassImpl.doInvokeMethod(MetaClassImpl.java:1333)
        	at groovy.lang.MetaClassImpl.invokeMethod(MetaClassImpl.java:1088)
        	at groovy.lang.MetaClassImpl.invokeMethod(MetaClassImpl.java:1007)
        	at groovy.lang.MetaClassImpl.invokeMethod(MetaClassImpl.java:790)
        	at io.restassured.internal.RequestSpecificationImpl.invokeMethod(RequestSpecificationImpl.groovy)
        	at org.codehaus.groovy.runtime.callsite.PogoInterceptableSite.call(PogoInterceptableSite.java:46)
        	at org.codehaus.groovy.runtime.callsite.PogoInterceptableSite.callCurrent(PogoInterceptableSite.java:57)
        	at io.restassured.internal.RequestSpecificationImpl.sendRequest(RequestSpecificationImpl.groovy:1229)
        	at io.restassured.internal.RequestSpecificationImpl.this$2$sendRequest(RequestSpecificationImpl.groovy)
        	at java.base/jdk.internal.reflect.NativeMethodAccessorImpl.invoke0(Native Method)
        	at java.base/jdk.internal.reflect.NativeMethodAccessorImpl.invoke(NativeMethodAccessorImpl.java:77)
        	at java.base/jdk.internal.reflect.DelegatingMethodAccessorImpl.invoke(DelegatingMethodAccessorImpl.java:43)
        	at java.base/java.lang.reflect.Method.invoke(Method.java:569)
        	at org.codehaus.groovy.reflection.CachedMethod.invoke(CachedMethod.java:343)
        	at groovy.lang.MetaMethod.doMethodInvoke(MetaMethod.java:328)
        	at groovy.lang.MetaClassImpl.doInvokeMethod(MetaClassImpl.java:1333)
        	at groovy.lang.MetaClassImpl.invokeMethod(MetaClassImpl.java:1088)
        	at groovy.lang.MetaClassImpl.invokeMethod(MetaClassImpl.java:1007)
        	at groovy.lang.MetaClassImpl.invokeMethod(MetaClassImpl.java:790)
        	at io.restassured.internal.RequestSpecificationImpl.invokeMethod(RequestSpecificationImpl.groovy)
        	at org.codehaus.groovy.runtime.callsite.PogoInterceptableSite.call(PogoInterceptableSite.java:46)
        	at org.codehaus.groovy.runtime.callsite.AbstractCallSite.call(AbstractCallSite.java:166)
        	at io.restassured.internal.filter.SendRequestFilter.filter(SendRequestFilter.groovy:30)
        	at io.restassured.filter.Filter$filter.call(Unknown Source)
        	at org.codehaus.groovy.runtime.callsite.CallSiteArray.defaultCall(CallSiteArray.java:45)
        	at io.restassured.filter.Filter$filter$0.call(Unknown Source)
        	at io.restassured.internal.filter.FilterContextImpl.next(FilterContextImpl.groovy:72)
        	at io.restassured.filter.time.TimingFilter.filter(TimingFilter.java:56)
        	at io.restassured.filter.Filter$filter$0.call(Unknown Source)
        	at org.codehaus.groovy.runtime.callsite.CallSiteArray.defaultCall(CallSiteArray.java:45)
        	at io.restassured.filter.Filter$filter.call(Unknown Source)
        	at io.restassured.internal.filter.FilterContextImpl.next(FilterContextImpl.groovy:72)
        	at io.restassured.filter.FilterContext$next.call(Unknown Source)
        	at io.restassured.internal.filter.CsrfFilter.filter(CsrfFilter.groovy:89)
        	at io.restassured.filter.Filter$filter.call(Unknown Source)
        	at org.codehaus.groovy.runtime.callsite.CallSiteArray.defaultCall(CallSiteArray.java:45)
        	at io.restassured.filter.Filter$filter.call(Unknown Source)
        	at io.restassured.internal.filter.FilterContextImpl.next(FilterContextImpl.groovy:72)
        	at io.restassured.filter.FilterContext$next.call(Unknown Source)
        	at io.restassured.internal.RequestSpecificationImpl.applyPathParamsAndSendRequest(RequestSpecificationImpl.groovy:1704)
        	at io.restassured.internal.RequestSpecificationImpl.this$2$applyPathParamsAndSendRequest(RequestSpecificationImpl.groovy)
        	at java.base/jdk.internal.reflect.NativeMethodAccessorImpl.invoke0(Native Method)
        	at java.base/jdk.internal.reflect.NativeMethodAccessorImpl.invoke(NativeMethodAccessorImpl.java:77)
        	at java.base/jdk.internal.reflect.DelegatingMethodAccessorImpl.invoke(DelegatingMethodAccessorImpl.java:43)
        	at java.base/java.lang.reflect.Method.invoke(Method.java:569)
        	at org.codehaus.groovy.reflection.CachedMethod.invoke(CachedMethod.java:343)
        	at groovy.lang.MetaMethod.doMethodInvoke(MetaMethod.java:328)
        	at groovy.lang.MetaClassImpl.doInvokeMethod(MetaClassImpl.java:1333)
        	at groovy.lang.MetaClassImpl.invokeMethod(MetaClassImpl.java:1088)
        	at groovy.lang.MetaClassImpl.invokeMethod(MetaClassImpl.java:1007)
        	at groovy.lang.MetaClassImpl.invokeMethod(MetaClassImpl.java:790)
        	at io.restassured.internal.RequestSpecificationImpl.invokeMethod(RequestSpecificationImpl.groovy)
        	at org.codehaus.groovy.runtime.callsite.PogoInterceptableSite.call(PogoInterceptableSite.java:46)
        	at org.codehaus.groovy.runtime.callsite.PogoInterceptableSite.callCurrent(PogoInterceptableSite.java:57)
        	at org.codehaus.groovy.runtime.callsite.AbstractCallSite.callCurrent(AbstractCallSite.java:203)
        	at io.restassured.internal.RequestSpecificationImpl.applyPathParamsAndSendRequest(RequestSpecificationImpl.groovy:1710)
        	at io.restassured.internal.RequestSpecificationImpl.this$2$applyPathParamsAndSendRequest(RequestSpecificationImpl.groovy)
        	at java.base/jdk.internal.reflect.NativeMethodAccessorImpl.invoke0(Native Method)
        	at java.base/jdk.internal.reflect.NativeMethodAccessorImpl.invoke(NativeMethodAccessorImpl.java:77)
        	at java.base/jdk.internal.reflect.DelegatingMethodAccessorImpl.invoke(DelegatingMethodAccessorImpl.java:43)
        	at java.base/java.lang.reflect.Method.invoke(Method.java:569)
        	at org.codehaus.groovy.reflection.CachedMethod.invoke(CachedMethod.java:343)
        	at groovy.lang.MetaMethod.doMethodInvoke(MetaMethod.java:328)
        	at groovy.lang.MetaClassImpl.doInvokeMethod(MetaClassImpl.java:1333)
        	at groovy.lang.MetaClassImpl.invokeMethod(MetaClassImpl.java:1088)
        	at groovy.lang.MetaClassImpl.invokeMethod(MetaClassImpl.java:1007)
        	at groovy.lang.MetaClassImpl.invokeMethod(MetaClassImpl.java:790)
        	at io.restassured.internal.RequestSpecificationImpl.invokeMethod(RequestSpecificationImpl.groovy)
        	at org.codehaus.groovy.runtime.callsite.PogoInterceptableSite.call(PogoInterceptableSite.java:46)
        	at org.codehaus.groovy.runtime.callsite.PogoInterceptableSite.callCurrent(PogoInterceptableSite.java:57)
        	at org.codehaus.groovy.runtime.callsite.CallSiteArray.defaultCallCurrent(CallSiteArray.java:49)
        	at org.codehaus.groovy.runtime.callsite.AbstractCallSite.callCurrent(AbstractCallSite.java:171)
        	at org.codehaus.groovy.runtime.callsite.AbstractCallSite.callCurrent(AbstractCallSite.java:203)
        	at io.restassured.internal.RequestSpecificationImpl.put(RequestSpecificationImpl.groovy:180)
        	at io.restassured.internal.RequestSpecificationImpl.put(RequestSpecificationImpl.groovy)
        	at com.nexly.api.stepDefinitions.TodoApiStepDefinitions.iSendARequestTo(TodoApiStepDefinitions.java:266)
        	... 1 more
  â†· Then the response status code should be 404                          # com.nexly.api.stepDefinitions.TodoApiStepDefinitions.theResponseStatusCodeShouldBe(int)
  â†· And the response should contain "TODO not found"                     # com.nexly.api.stepDefinitions.TodoApiStepDefinitions.theResponseShouldContain(java.lang.String)
Finished scenario: Update non-existent TODO should fail with status: FAILED
]]></system-out>
  </testcase>
  <testcase name="runScenario[&quot;Update TODO with invalid data should fail&quot;, &quot;TODO API Tests&quot;](11)" classname="com.nexly.api.runners.TestRunner" time="0.035">
    <failure message="Connection refused: connect" type="java.net.ConnectException"><![CDATA[java.net.ConnectException: Connection refused: connect
	at java.base/sun.nio.ch.Net.connect0(Native Method)
	at java.base/sun.nio.ch.Net.connect(Net.java:579)
	at java.base/sun.nio.ch.Net.connect(Net.java:568)
	at java.base/sun.nio.ch.NioSocketImpl.connect(NioSocketImpl.java:593)
	at java.base/java.net.SocksSocketImpl.connect(SocksSocketImpl.java:327)
	at java.base/java.net.Socket.connect(Socket.java:633)
	at org.apache.http.conn.scheme.PlainSocketFactory.connectSocket(PlainSocketFactory.java:121)
	at org.apache.http.impl.conn.DefaultClientConnectionOperator.openConnection(DefaultClientConnectionOperator.java:180)
	at org.apache.http.impl.conn.ManagedClientConnectionImpl.open(ManagedClientConnectionImpl.java:326)
	at org.apache.http.impl.client.DefaultRequestDirector.tryConnect(DefaultRequestDirector.java:605)
	at org.apache.http.impl.client.DefaultRequestDirector.execute(DefaultRequestDirector.java:440)
	at org.apache.http.impl.client.AbstractHttpClient.doExecute(AbstractHttpClient.java:835)
	at org.apache.http.impl.client.CloseableHttpClient.execute(CloseableHttpClient.java:83)
	at io.restassured.internal.RestAssuredHttpBuilder.doRequest(RestAssuredHttpBuilder.java:141)
	at io.restassured.internal.http.HTTPBuilder.post(HTTPBuilder.java:349)
	at io.restassured.internal.http.HTTPBuilder$post$2.call(Unknown Source)
	at io.restassured.internal.RequestSpecificationImpl.sendRequest(RequestSpecificationImpl.groovy:1209)
	at io.restassured.internal.RequestSpecificationImpl.this$2$sendRequest(RequestSpecificationImpl.groovy)
	at java.base/jdk.internal.reflect.NativeMethodAccessorImpl.invoke0(Native Method)
	at java.base/jdk.internal.reflect.NativeMethodAccessorImpl.invoke(NativeMethodAccessorImpl.java:77)
	at java.base/jdk.internal.reflect.DelegatingMethodAccessorImpl.invoke(DelegatingMethodAccessorImpl.java:43)
	at java.base/java.lang.reflect.Method.invoke(Method.java:569)
	at org.codehaus.groovy.reflection.CachedMethod.invoke(CachedMethod.java:343)
	at groovy.lang.MetaMethod.doMethodInvoke(MetaMethod.java:328)
	at groovy.lang.MetaClassImpl.doInvokeMethod(MetaClassImpl.java:1333)
	at groovy.lang.MetaClassImpl.invokeMethod(MetaClassImpl.java:1088)
	at groovy.lang.MetaClassImpl.invokeMethod(MetaClassImpl.java:1007)
	at groovy.lang.MetaClassImpl.invokeMethod(MetaClassImpl.java:790)
	at io.restassured.internal.RequestSpecificationImpl.invokeMethod(RequestSpecificationImpl.groovy)
	at org.codehaus.groovy.runtime.callsite.PogoInterceptableSite.call(PogoInterceptableSite.java:46)
	at org.codehaus.groovy.runtime.callsite.AbstractCallSite.call(AbstractCallSite.java:166)
	at io.restassured.internal.filter.SendRequestFilter.filter(SendRequestFilter.groovy:30)
	at io.restassured.filter.Filter$filter.call(Unknown Source)
	at org.codehaus.groovy.runtime.callsite.CallSiteArray.defaultCall(CallSiteArray.java:45)
	at io.restassured.filter.Filter$filter$0.call(Unknown Source)
	at io.restassured.internal.filter.FilterContextImpl.next(FilterContextImpl.groovy:72)
	at io.restassured.filter.time.TimingFilter.filter(TimingFilter.java:56)
	at io.restassured.filter.Filter$filter$0.call(Unknown Source)
	at org.codehaus.groovy.runtime.callsite.CallSiteArray.defaultCall(CallSiteArray.java:45)
	at io.restassured.filter.Filter$filter.call(Unknown Source)
	at io.restassured.internal.filter.FilterContextImpl.next(FilterContextImpl.groovy:72)
	at io.restassured.filter.FilterContext$next.call(Unknown Source)
	at io.restassured.internal.filter.CsrfFilter.filter(CsrfFilter.groovy:89)
	at io.restassured.filter.Filter$filter.call(Unknown Source)
	at org.codehaus.groovy.runtime.callsite.CallSiteArray.defaultCall(CallSiteArray.java:45)
	at io.restassured.filter.Filter$filter.call(Unknown Source)
	at io.restassured.internal.filter.FilterContextImpl.next(FilterContextImpl.groovy:72)
	at io.restassured.filter.FilterContext$next.call(Unknown Source)
	at io.restassured.internal.RequestSpecificationImpl.applyPathParamsAndSendRequest(RequestSpecificationImpl.groovy:1704)
	at io.restassured.internal.RequestSpecificationImpl.this$2$applyPathParamsAndSendRequest(RequestSpecificationImpl.groovy)
	at java.base/jdk.internal.reflect.NativeMethodAccessorImpl.invoke0(Native Method)
	at java.base/jdk.internal.reflect.NativeMethodAccessorImpl.invoke(NativeMethodAccessorImpl.java:77)
	at java.base/jdk.internal.reflect.DelegatingMethodAccessorImpl.invoke(DelegatingMethodAccessorImpl.java:43)
	at java.base/java.lang.reflect.Method.invoke(Method.java:569)
	at org.codehaus.groovy.reflection.CachedMethod.invoke(CachedMethod.java:343)
	at groovy.lang.MetaMethod.doMethodInvoke(MetaMethod.java:328)
	at groovy.lang.MetaClassImpl.doInvokeMethod(MetaClassImpl.java:1333)
	at groovy.lang.MetaClassImpl.invokeMethod(MetaClassImpl.java:1088)
	at groovy.lang.MetaClassImpl.invokeMethod(MetaClassImpl.java:1007)
	at groovy.lang.MetaClassImpl.invokeMethod(MetaClassImpl.java:790)
	at io.restassured.internal.RequestSpecificationImpl.invokeMethod(RequestSpecificationImpl.groovy)
	at org.codehaus.groovy.runtime.callsite.PogoInterceptableSite.call(PogoInterceptableSite.java:46)
	at org.codehaus.groovy.runtime.callsite.PogoInterceptableSite.callCurrent(PogoInterceptableSite.java:57)
	at org.codehaus.groovy.runtime.callsite.AbstractCallSite.callCurrent(AbstractCallSite.java:203)
	at io.restassured.internal.RequestSpecificationImpl.applyPathParamsAndSendRequest(RequestSpecificationImpl.groovy:1710)
	at io.restassured.internal.RequestSpecificationImpl.this$2$applyPathParamsAndSendRequest(RequestSpecificationImpl.groovy)
	at java.base/jdk.internal.reflect.NativeMethodAccessorImpl.invoke0(Native Method)
	at java.base/jdk.internal.reflect.NativeMethodAccessorImpl.invoke(NativeMethodAccessorImpl.java:77)
	at java.base/jdk.internal.reflect.DelegatingMethodAccessorImpl.invoke(DelegatingMethodAccessorImpl.java:43)
	at java.base/java.lang.reflect.Method.invoke(Method.java:569)
	at org.codehaus.groovy.reflection.CachedMethod.invoke(CachedMethod.java:343)
	at groovy.lang.MetaMethod.doMethodInvoke(MetaMethod.java:328)
	at groovy.lang.MetaClassImpl.doInvokeMethod(MetaClassImpl.java:1333)
	at groovy.lang.MetaClassImpl.invokeMethod(MetaClassImpl.java:1088)
	at groovy.lang.MetaClassImpl.invokeMethod(MetaClassImpl.java:1007)
	at groovy.lang.MetaClassImpl.invokeMethod(MetaClassImpl.java:790)
	at io.restassured.internal.RequestSpecificationImpl.invokeMethod(RequestSpecificationImpl.groovy)
	at org.codehaus.groovy.runtime.callsite.PogoInterceptableSite.call(PogoInterceptableSite.java:46)
	at org.codehaus.groovy.runtime.callsite.PogoInterceptableSite.callCurrent(PogoInterceptableSite.java:57)
	at org.codehaus.groovy.runtime.callsite.AbstractCallSite.callCurrent(AbstractCallSite.java:203)
	at io.restassured.internal.RequestSpecificationImpl.post(RequestSpecificationImpl.groovy:176)
	at io.restassured.internal.RequestSpecificationImpl.post(RequestSpecificationImpl.groovy)
	at com.nexly.api.stepDefinitions.TodoApiStepDefinitions.iHaveCreatedATodoAndStoredItsId(TodoApiStepDefinitions.java:234)
	at ✽.I have created a TODO and stored its ID(file:///C:/Users/gyana/Rest-Assured/test/src/main/resources/feature/app.feature:100)
]]></failure>
    <system-out><![CDATA[Test started: runScenario

@update-todo-validation
Scenario: Update TODO with invalid data should fail                      # file:///C:/Users/gyana/Rest-Assured/test/src/main/resources/feature/app.feature:99
Starting scenario: Update TODO with invalid data should fail
  âœ” Given I set the API base URL to "http://localhost:3000/api/v1/to-do" # com.nexly.api.stepDefinitions.TodoApiStepDefinitions.iSetTheApiBaseUrl(java.lang.String)
  âœ” And I set the authorization header with bearer token                 # com.nexly.api.stepDefinitions.TodoApiStepDefinitions.iSetTheAuthorizationHeader()
  âœ˜ Given I have created a TODO and stored its ID                        # com.nexly.api.stepDefinitions.TodoApiStepDefinitions.iHaveCreatedATodoAndStoredItsId()
        java.net.ConnectException: Connection refused: connect
        	at java.base/sun.nio.ch.Net.connect0(Native Method)
        	at java.base/sun.nio.ch.Net.connect(Net.java:579)
        	at java.base/sun.nio.ch.Net.connect(Net.java:568)
        	at java.base/sun.nio.ch.NioSocketImpl.connect(NioSocketImpl.java:593)
        	at java.base/java.net.SocksSocketImpl.connect(SocksSocketImpl.java:327)
        	at java.base/java.net.Socket.connect(Socket.java:633)
        	at org.apache.http.conn.scheme.PlainSocketFactory.connectSocket(PlainSocketFactory.java:121)
        	at org.apache.http.impl.conn.DefaultClientConnectionOperator.openConnection(DefaultClientConnectionOperator.java:180)
        	at org.apache.http.impl.conn.ManagedClientConnectionImpl.open(ManagedClientConnectionImpl.java:326)
        	at org.apache.http.impl.client.DefaultRequestDirector.tryConnect(DefaultRequestDirector.java:605)
        	at org.apache.http.impl.client.DefaultRequestDirector.execute(DefaultRequestDirector.java:440)
        	at org.apache.http.impl.client.AbstractHttpClient.doExecute(AbstractHttpClient.java:835)
        	at org.apache.http.impl.client.CloseableHttpClient.execute(CloseableHttpClient.java:83)
        	at io.restassured.internal.RestAssuredHttpBuilder.doRequest(RestAssuredHttpBuilder.java:141)
        	at io.restassured.internal.http.HTTPBuilder.post(HTTPBuilder.java:349)
        	at io.restassured.internal.http.HTTPBuilder$post$2.call(Unknown Source)
        	at io.restassured.internal.RequestSpecificationImpl.sendRequest(RequestSpecificationImpl.groovy:1209)
        	at io.restassured.internal.RequestSpecificationImpl.this$2$sendRequest(RequestSpecificationImpl.groovy)
        	at java.base/jdk.internal.reflect.NativeMethodAccessorImpl.invoke0(Native Method)
        	at java.base/jdk.internal.reflect.NativeMethodAccessorImpl.invoke(NativeMethodAccessorImpl.java:77)
        	at java.base/jdk.internal.reflect.DelegatingMethodAccessorImpl.invoke(DelegatingMethodAccessorImpl.java:43)
        	at java.base/java.lang.reflect.Method.invoke(Method.java:569)
        	at org.codehaus.groovy.reflection.CachedMethod.invoke(CachedMethod.java:343)
        	at groovy.lang.MetaMethod.doMethodInvoke(MetaMethod.java:328)
        	at groovy.lang.MetaClassImpl.doInvokeMethod(MetaClassImpl.java:1333)
        	at groovy.lang.MetaClassImpl.invokeMethod(MetaClassImpl.java:1088)
        	at groovy.lang.MetaClassImpl.invokeMethod(MetaClassImpl.java:1007)
        	at groovy.lang.MetaClassImpl.invokeMethod(MetaClassImpl.java:790)
        	at io.restassured.internal.RequestSpecificationImpl.invokeMethod(RequestSpecificationImpl.groovy)
        	at org.codehaus.groovy.runtime.callsite.PogoInterceptableSite.call(PogoInterceptableSite.java:46)
        	at org.codehaus.groovy.runtime.callsite.AbstractCallSite.call(AbstractCallSite.java:166)
        	at io.restassured.internal.filter.SendRequestFilter.filter(SendRequestFilter.groovy:30)
        	at io.restassured.filter.Filter$filter.call(Unknown Source)
        	at org.codehaus.groovy.runtime.callsite.CallSiteArray.defaultCall(CallSiteArray.java:45)
        	at io.restassured.filter.Filter$filter$0.call(Unknown Source)
        	at io.restassured.internal.filter.FilterContextImpl.next(FilterContextImpl.groovy:72)
        	at io.restassured.filter.time.TimingFilter.filter(TimingFilter.java:56)
        	at io.restassured.filter.Filter$filter$0.call(Unknown Source)
        	at org.codehaus.groovy.runtime.callsite.CallSiteArray.defaultCall(CallSiteArray.java:45)
        	at io.restassured.filter.Filter$filter.call(Unknown Source)
        	at io.restassured.internal.filter.FilterContextImpl.next(FilterContextImpl.groovy:72)
        	at io.restassured.filter.FilterContext$next.call(Unknown Source)
        	at io.restassured.internal.filter.CsrfFilter.filter(CsrfFilter.groovy:89)
        	at io.restassured.filter.Filter$filter.call(Unknown Source)
        	at org.codehaus.groovy.runtime.callsite.CallSiteArray.defaultCall(CallSiteArray.java:45)
        	at io.restassured.filter.Filter$filter.call(Unknown Source)
        	at io.restassured.internal.filter.FilterContextImpl.next(FilterContextImpl.groovy:72)
        	at io.restassured.filter.FilterContext$next.call(Unknown Source)
        	at io.restassured.internal.RequestSpecificationImpl.applyPathParamsAndSendRequest(RequestSpecificationImpl.groovy:1704)
        	at io.restassured.internal.RequestSpecificationImpl.this$2$applyPathParamsAndSendRequest(RequestSpecificationImpl.groovy)
        	at java.base/jdk.internal.reflect.NativeMethodAccessorImpl.invoke0(Native Method)
        	at java.base/jdk.internal.reflect.NativeMethodAccessorImpl.invoke(NativeMethodAccessorImpl.java:77)
        	at java.base/jdk.internal.reflect.DelegatingMethodAccessorImpl.invoke(DelegatingMethodAccessorImpl.java:43)
        	at java.base/java.lang.reflect.Method.invoke(Method.java:569)
        	at org.codehaus.groovy.reflection.CachedMethod.invoke(CachedMethod.java:343)
        	at groovy.lang.MetaMethod.doMethodInvoke(MetaMethod.java:328)
        	at groovy.lang.MetaClassImpl.doInvokeMethod(MetaClassImpl.java:1333)
        	at groovy.lang.MetaClassImpl.invokeMethod(MetaClassImpl.java:1088)
        	at groovy.lang.MetaClassImpl.invokeMethod(MetaClassImpl.java:1007)
        	at groovy.lang.MetaClassImpl.invokeMethod(MetaClassImpl.java:790)
        	at io.restassured.internal.RequestSpecificationImpl.invokeMethod(RequestSpecificationImpl.groovy)
        	at org.codehaus.groovy.runtime.callsite.PogoInterceptableSite.call(PogoInterceptableSite.java:46)
        	at org.codehaus.groovy.runtime.callsite.PogoInterceptableSite.callCurrent(PogoInterceptableSite.java:57)
        	at org.codehaus.groovy.runtime.callsite.AbstractCallSite.callCurrent(AbstractCallSite.java:203)
        	at io.restassured.internal.RequestSpecificationImpl.applyPathParamsAndSendRequest(RequestSpecificationImpl.groovy:1710)
        	at io.restassured.internal.RequestSpecificationImpl.this$2$applyPathParamsAndSendRequest(RequestSpecificationImpl.groovy)
        	at java.base/jdk.internal.reflect.NativeMethodAccessorImpl.invoke0(Native Method)
        	at java.base/jdk.internal.reflect.NativeMethodAccessorImpl.invoke(NativeMethodAccessorImpl.java:77)
        	at java.base/jdk.internal.reflect.DelegatingMethodAccessorImpl.invoke(DelegatingMethodAccessorImpl.java:43)
        	at java.base/java.lang.reflect.Method.invoke(Method.java:569)
        	at org.codehaus.groovy.reflection.CachedMethod.invoke(CachedMethod.java:343)
        	at groovy.lang.MetaMethod.doMethodInvoke(MetaMethod.java:328)
        	at groovy.lang.MetaClassImpl.doInvokeMethod(MetaClassImpl.java:1333)
        	at groovy.lang.MetaClassImpl.invokeMethod(MetaClassImpl.java:1088)
        	at groovy.lang.MetaClassImpl.invokeMethod(MetaClassImpl.java:1007)
        	at groovy.lang.MetaClassImpl.invokeMethod(MetaClassImpl.java:790)
        	at io.restassured.internal.RequestSpecificationImpl.invokeMethod(RequestSpecificationImpl.groovy)
        	at org.codehaus.groovy.runtime.callsite.PogoInterceptableSite.call(PogoInterceptableSite.java:46)
        	at org.codehaus.groovy.runtime.callsite.PogoInterceptableSite.callCurrent(PogoInterceptableSite.java:57)
        	at org.codehaus.groovy.runtime.callsite.AbstractCallSite.callCurrent(AbstractCallSite.java:203)
        	at io.restassured.internal.RequestSpecificationImpl.post(RequestSpecificationImpl.groovy:176)
        	at io.restassured.internal.RequestSpecificationImpl.post(RequestSpecificationImpl.groovy)
        	at com.nexly.api.stepDefinitions.TodoApiStepDefinitions.iHaveCreatedATodoAndStoredItsId(TodoApiStepDefinitions.java:234)
        	at âœ½.I have created a TODO and stored its ID(file:///C:/Users/gyana/Rest-Assured/test/src/main/resources/feature/app.feature:100)
  â†· And I prepare invalid update data with:                              # com.nexly.api.stepDefinitions.TodoApiStepDefinitions.iPrepareInvalidUpdateDataWith(io.cucumber.datatable.DataTable)
      | priority | InvalidPriority |
  â†· When I send a PUT request to "/{todoId}"                             # com.nexly.api.stepDefinitions.TodoApiStepDefinitions.iSendARequestTo(java.lang.String,java.lang.String)
  â†· Then the response status code should be 400                          # com.nexly.api.stepDefinitions.TodoApiStepDefinitions.theResponseStatusCodeShouldBe(int)
  â†· And the response should contain validation errors                    # com.nexly.api.stepDefinitions.TodoApiStepDefinitions.theResponseShouldContainValidationErrors()
Finished scenario: Update TODO with invalid data should fail with status: FAILED
]]></system-out>
  </testcase>
  <testcase name="runScenario[&quot;Delete TODO successfully&quot;, &quot;TODO API Tests&quot;](12)" classname="com.nexly.api.runners.TestRunner" time="0.029">
    <failure message="Connection refused: connect" type="java.net.ConnectException"><![CDATA[java.net.ConnectException: Connection refused: connect
	at java.base/sun.nio.ch.Net.connect0(Native Method)
	at java.base/sun.nio.ch.Net.connect(Net.java:579)
	at java.base/sun.nio.ch.Net.connect(Net.java:568)
	at java.base/sun.nio.ch.NioSocketImpl.connect(NioSocketImpl.java:593)
	at java.base/java.net.SocksSocketImpl.connect(SocksSocketImpl.java:327)
	at java.base/java.net.Socket.connect(Socket.java:633)
	at org.apache.http.conn.scheme.PlainSocketFactory.connectSocket(PlainSocketFactory.java:121)
	at org.apache.http.impl.conn.DefaultClientConnectionOperator.openConnection(DefaultClientConnectionOperator.java:180)
	at org.apache.http.impl.conn.ManagedClientConnectionImpl.open(ManagedClientConnectionImpl.java:326)
	at org.apache.http.impl.client.DefaultRequestDirector.tryConnect(DefaultRequestDirector.java:605)
	at org.apache.http.impl.client.DefaultRequestDirector.execute(DefaultRequestDirector.java:440)
	at org.apache.http.impl.client.AbstractHttpClient.doExecute(AbstractHttpClient.java:835)
	at org.apache.http.impl.client.CloseableHttpClient.execute(CloseableHttpClient.java:83)
	at io.restassured.internal.RestAssuredHttpBuilder.doRequest(RestAssuredHttpBuilder.java:141)
	at io.restassured.internal.http.HTTPBuilder.post(HTTPBuilder.java:349)
	at io.restassured.internal.http.HTTPBuilder$post$2.call(Unknown Source)
	at io.restassured.internal.RequestSpecificationImpl.sendRequest(RequestSpecificationImpl.groovy:1209)
	at io.restassured.internal.RequestSpecificationImpl.this$2$sendRequest(RequestSpecificationImpl.groovy)
	at java.base/jdk.internal.reflect.NativeMethodAccessorImpl.invoke0(Native Method)
	at java.base/jdk.internal.reflect.NativeMethodAccessorImpl.invoke(NativeMethodAccessorImpl.java:77)
	at java.base/jdk.internal.reflect.DelegatingMethodAccessorImpl.invoke(DelegatingMethodAccessorImpl.java:43)
	at java.base/java.lang.reflect.Method.invoke(Method.java:569)
	at org.codehaus.groovy.reflection.CachedMethod.invoke(CachedMethod.java:343)
	at groovy.lang.MetaMethod.doMethodInvoke(MetaMethod.java:328)
	at groovy.lang.MetaClassImpl.doInvokeMethod(MetaClassImpl.java:1333)
	at groovy.lang.MetaClassImpl.invokeMethod(MetaClassImpl.java:1088)
	at groovy.lang.MetaClassImpl.invokeMethod(MetaClassImpl.java:1007)
	at groovy.lang.MetaClassImpl.invokeMethod(MetaClassImpl.java:790)
	at io.restassured.internal.RequestSpecificationImpl.invokeMethod(RequestSpecificationImpl.groovy)
	at org.codehaus.groovy.runtime.callsite.PogoInterceptableSite.call(PogoInterceptableSite.java:46)
	at org.codehaus.groovy.runtime.callsite.AbstractCallSite.call(AbstractCallSite.java:166)
	at io.restassured.internal.filter.SendRequestFilter.filter(SendRequestFilter.groovy:30)
	at io.restassured.filter.Filter$filter.call(Unknown Source)
	at org.codehaus.groovy.runtime.callsite.CallSiteArray.defaultCall(CallSiteArray.java:45)
	at io.restassured.filter.Filter$filter$0.call(Unknown Source)
	at io.restassured.internal.filter.FilterContextImpl.next(FilterContextImpl.groovy:72)
	at io.restassured.filter.time.TimingFilter.filter(TimingFilter.java:56)
	at io.restassured.filter.Filter$filter$0.call(Unknown Source)
	at org.codehaus.groovy.runtime.callsite.CallSiteArray.defaultCall(CallSiteArray.java:45)
	at io.restassured.filter.Filter$filter.call(Unknown Source)
	at io.restassured.internal.filter.FilterContextImpl.next(FilterContextImpl.groovy:72)
	at io.restassured.filter.FilterContext$next.call(Unknown Source)
	at io.restassured.internal.filter.CsrfFilter.filter(CsrfFilter.groovy:89)
	at io.restassured.filter.Filter$filter.call(Unknown Source)
	at org.codehaus.groovy.runtime.callsite.CallSiteArray.defaultCall(CallSiteArray.java:45)
	at io.restassured.filter.Filter$filter.call(Unknown Source)
	at io.restassured.internal.filter.FilterContextImpl.next(FilterContextImpl.groovy:72)
	at io.restassured.filter.FilterContext$next.call(Unknown Source)
	at io.restassured.internal.RequestSpecificationImpl.applyPathParamsAndSendRequest(RequestSpecificationImpl.groovy:1704)
	at io.restassured.internal.RequestSpecificationImpl.this$2$applyPathParamsAndSendRequest(RequestSpecificationImpl.groovy)
	at java.base/jdk.internal.reflect.NativeMethodAccessorImpl.invoke0(Native Method)
	at java.base/jdk.internal.reflect.NativeMethodAccessorImpl.invoke(NativeMethodAccessorImpl.java:77)
	at java.base/jdk.internal.reflect.DelegatingMethodAccessorImpl.invoke(DelegatingMethodAccessorImpl.java:43)
	at java.base/java.lang.reflect.Method.invoke(Method.java:569)
	at org.codehaus.groovy.reflection.CachedMethod.invoke(CachedMethod.java:343)
	at groovy.lang.MetaMethod.doMethodInvoke(MetaMethod.java:328)
	at groovy.lang.MetaClassImpl.doInvokeMethod(MetaClassImpl.java:1333)
	at groovy.lang.MetaClassImpl.invokeMethod(MetaClassImpl.java:1088)
	at groovy.lang.MetaClassImpl.invokeMethod(MetaClassImpl.java:1007)
	at groovy.lang.MetaClassImpl.invokeMethod(MetaClassImpl.java:790)
	at io.restassured.internal.RequestSpecificationImpl.invokeMethod(RequestSpecificationImpl.groovy)
	at org.codehaus.groovy.runtime.callsite.PogoInterceptableSite.call(PogoInterceptableSite.java:46)
	at org.codehaus.groovy.runtime.callsite.PogoInterceptableSite.callCurrent(PogoInterceptableSite.java:57)
	at org.codehaus.groovy.runtime.callsite.AbstractCallSite.callCurrent(AbstractCallSite.java:203)
	at io.restassured.internal.RequestSpecificationImpl.applyPathParamsAndSendRequest(RequestSpecificationImpl.groovy:1710)
	at io.restassured.internal.RequestSpecificationImpl.this$2$applyPathParamsAndSendRequest(RequestSpecificationImpl.groovy)
	at java.base/jdk.internal.reflect.NativeMethodAccessorImpl.invoke0(Native Method)
	at java.base/jdk.internal.reflect.NativeMethodAccessorImpl.invoke(NativeMethodAccessorImpl.java:77)
	at java.base/jdk.internal.reflect.DelegatingMethodAccessorImpl.invoke(DelegatingMethodAccessorImpl.java:43)
	at java.base/java.lang.reflect.Method.invoke(Method.java:569)
	at org.codehaus.groovy.reflection.CachedMethod.invoke(CachedMethod.java:343)
	at groovy.lang.MetaMethod.doMethodInvoke(MetaMethod.java:328)
	at groovy.lang.MetaClassImpl.doInvokeMethod(MetaClassImpl.java:1333)
	at groovy.lang.MetaClassImpl.invokeMethod(MetaClassImpl.java:1088)
	at groovy.lang.MetaClassImpl.invokeMethod(MetaClassImpl.java:1007)
	at groovy.lang.MetaClassImpl.invokeMethod(MetaClassImpl.java:790)
	at io.restassured.internal.RequestSpecificationImpl.invokeMethod(RequestSpecificationImpl.groovy)
	at org.codehaus.groovy.runtime.callsite.PogoInterceptableSite.call(PogoInterceptableSite.java:46)
	at org.codehaus.groovy.runtime.callsite.PogoInterceptableSite.callCurrent(PogoInterceptableSite.java:57)
	at org.codehaus.groovy.runtime.callsite.AbstractCallSite.callCurrent(AbstractCallSite.java:203)
	at io.restassured.internal.RequestSpecificationImpl.post(RequestSpecificationImpl.groovy:176)
	at io.restassured.internal.RequestSpecificationImpl.post(RequestSpecificationImpl.groovy)
	at com.nexly.api.stepDefinitions.TodoApiStepDefinitions.iHaveCreatedATodoAndStoredItsId(TodoApiStepDefinitions.java:234)
	at ✽.I have created a TODO and stored its ID(file:///C:/Users/gyana/Rest-Assured/test/src/main/resources/feature/app.feature:109)
]]></failure>
    <system-out><![CDATA[Test started: runScenario

@delete-todo
Scenario: Delete TODO successfully                                       # file:///C:/Users/gyana/Rest-Assured/test/src/main/resources/feature/app.feature:108
Starting scenario: Delete TODO successfully
  âœ” Given I set the API base URL to "http://localhost:3000/api/v1/to-do" # com.nexly.api.stepDefinitions.TodoApiStepDefinitions.iSetTheApiBaseUrl(java.lang.String)
  âœ” And I set the authorization header with bearer token                 # com.nexly.api.stepDefinitions.TodoApiStepDefinitions.iSetTheAuthorizationHeader()
  âœ˜ Given I have created a TODO and stored its ID                        # com.nexly.api.stepDefinitions.TodoApiStepDefinitions.iHaveCreatedATodoAndStoredItsId()
        java.net.ConnectException: Connection refused: connect
        	at java.base/sun.nio.ch.Net.connect0(Native Method)
        	at java.base/sun.nio.ch.Net.connect(Net.java:579)
        	at java.base/sun.nio.ch.Net.connect(Net.java:568)
        	at java.base/sun.nio.ch.NioSocketImpl.connect(NioSocketImpl.java:593)
        	at java.base/java.net.SocksSocketImpl.connect(SocksSocketImpl.java:327)
        	at java.base/java.net.Socket.connect(Socket.java:633)
        	at org.apache.http.conn.scheme.PlainSocketFactory.connectSocket(PlainSocketFactory.java:121)
        	at org.apache.http.impl.conn.DefaultClientConnectionOperator.openConnection(DefaultClientConnectionOperator.java:180)
        	at org.apache.http.impl.conn.ManagedClientConnectionImpl.open(ManagedClientConnectionImpl.java:326)
        	at org.apache.http.impl.client.DefaultRequestDirector.tryConnect(DefaultRequestDirector.java:605)
        	at org.apache.http.impl.client.DefaultRequestDirector.execute(DefaultRequestDirector.java:440)
        	at org.apache.http.impl.client.AbstractHttpClient.doExecute(AbstractHttpClient.java:835)
        	at org.apache.http.impl.client.CloseableHttpClient.execute(CloseableHttpClient.java:83)
        	at io.restassured.internal.RestAssuredHttpBuilder.doRequest(RestAssuredHttpBuilder.java:141)
        	at io.restassured.internal.http.HTTPBuilder.post(HTTPBuilder.java:349)
        	at io.restassured.internal.http.HTTPBuilder$post$2.call(Unknown Source)
        	at io.restassured.internal.RequestSpecificationImpl.sendRequest(RequestSpecificationImpl.groovy:1209)
        	at io.restassured.internal.RequestSpecificationImpl.this$2$sendRequest(RequestSpecificationImpl.groovy)
        	at java.base/jdk.internal.reflect.NativeMethodAccessorImpl.invoke0(Native Method)
        	at java.base/jdk.internal.reflect.NativeMethodAccessorImpl.invoke(NativeMethodAccessorImpl.java:77)
        	at java.base/jdk.internal.reflect.DelegatingMethodAccessorImpl.invoke(DelegatingMethodAccessorImpl.java:43)
        	at java.base/java.lang.reflect.Method.invoke(Method.java:569)
        	at org.codehaus.groovy.reflection.CachedMethod.invoke(CachedMethod.java:343)
        	at groovy.lang.MetaMethod.doMethodInvoke(MetaMethod.java:328)
        	at groovy.lang.MetaClassImpl.doInvokeMethod(MetaClassImpl.java:1333)
        	at groovy.lang.MetaClassImpl.invokeMethod(MetaClassImpl.java:1088)
        	at groovy.lang.MetaClassImpl.invokeMethod(MetaClassImpl.java:1007)
        	at groovy.lang.MetaClassImpl.invokeMethod(MetaClassImpl.java:790)
        	at io.restassured.internal.RequestSpecificationImpl.invokeMethod(RequestSpecificationImpl.groovy)
        	at org.codehaus.groovy.runtime.callsite.PogoInterceptableSite.call(PogoInterceptableSite.java:46)
        	at org.codehaus.groovy.runtime.callsite.AbstractCallSite.call(AbstractCallSite.java:166)
        	at io.restassured.internal.filter.SendRequestFilter.filter(SendRequestFilter.groovy:30)
        	at io.restassured.filter.Filter$filter.call(Unknown Source)
        	at org.codehaus.groovy.runtime.callsite.CallSiteArray.defaultCall(CallSiteArray.java:45)
        	at io.restassured.filter.Filter$filter$0.call(Unknown Source)
        	at io.restassured.internal.filter.FilterContextImpl.next(FilterContextImpl.groovy:72)
        	at io.restassured.filter.time.TimingFilter.filter(TimingFilter.java:56)
        	at io.restassured.filter.Filter$filter$0.call(Unknown Source)
        	at org.codehaus.groovy.runtime.callsite.CallSiteArray.defaultCall(CallSiteArray.java:45)
        	at io.restassured.filter.Filter$filter.call(Unknown Source)
        	at io.restassured.internal.filter.FilterContextImpl.next(FilterContextImpl.groovy:72)
        	at io.restassured.filter.FilterContext$next.call(Unknown Source)
        	at io.restassured.internal.filter.CsrfFilter.filter(CsrfFilter.groovy:89)
        	at io.restassured.filter.Filter$filter.call(Unknown Source)
        	at org.codehaus.groovy.runtime.callsite.CallSiteArray.defaultCall(CallSiteArray.java:45)
        	at io.restassured.filter.Filter$filter.call(Unknown Source)
        	at io.restassured.internal.filter.FilterContextImpl.next(FilterContextImpl.groovy:72)
        	at io.restassured.filter.FilterContext$next.call(Unknown Source)
        	at io.restassured.internal.RequestSpecificationImpl.applyPathParamsAndSendRequest(RequestSpecificationImpl.groovy:1704)
        	at io.restassured.internal.RequestSpecificationImpl.this$2$applyPathParamsAndSendRequest(RequestSpecificationImpl.groovy)
        	at java.base/jdk.internal.reflect.NativeMethodAccessorImpl.invoke0(Native Method)
        	at java.base/jdk.internal.reflect.NativeMethodAccessorImpl.invoke(NativeMethodAccessorImpl.java:77)
        	at java.base/jdk.internal.reflect.DelegatingMethodAccessorImpl.invoke(DelegatingMethodAccessorImpl.java:43)
        	at java.base/java.lang.reflect.Method.invoke(Method.java:569)
        	at org.codehaus.groovy.reflection.CachedMethod.invoke(CachedMethod.java:343)
        	at groovy.lang.MetaMethod.doMethodInvoke(MetaMethod.java:328)
        	at groovy.lang.MetaClassImpl.doInvokeMethod(MetaClassImpl.java:1333)
        	at groovy.lang.MetaClassImpl.invokeMethod(MetaClassImpl.java:1088)
        	at groovy.lang.MetaClassImpl.invokeMethod(MetaClassImpl.java:1007)
        	at groovy.lang.MetaClassImpl.invokeMethod(MetaClassImpl.java:790)
        	at io.restassured.internal.RequestSpecificationImpl.invokeMethod(RequestSpecificationImpl.groovy)
        	at org.codehaus.groovy.runtime.callsite.PogoInterceptableSite.call(PogoInterceptableSite.java:46)
        	at org.codehaus.groovy.runtime.callsite.PogoInterceptableSite.callCurrent(PogoInterceptableSite.java:57)
        	at org.codehaus.groovy.runtime.callsite.AbstractCallSite.callCurrent(AbstractCallSite.java:203)
        	at io.restassured.internal.RequestSpecificationImpl.applyPathParamsAndSendRequest(RequestSpecificationImpl.groovy:1710)
        	at io.restassured.internal.RequestSpecificationImpl.this$2$applyPathParamsAndSendRequest(RequestSpecificationImpl.groovy)
        	at java.base/jdk.internal.reflect.NativeMethodAccessorImpl.invoke0(Native Method)
        	at java.base/jdk.internal.reflect.NativeMethodAccessorImpl.invoke(NativeMethodAccessorImpl.java:77)
        	at java.base/jdk.internal.reflect.DelegatingMethodAccessorImpl.invoke(DelegatingMethodAccessorImpl.java:43)
        	at java.base/java.lang.reflect.Method.invoke(Method.java:569)
        	at org.codehaus.groovy.reflection.CachedMethod.invoke(CachedMethod.java:343)
        	at groovy.lang.MetaMethod.doMethodInvoke(MetaMethod.java:328)
        	at groovy.lang.MetaClassImpl.doInvokeMethod(MetaClassImpl.java:1333)
        	at groovy.lang.MetaClassImpl.invokeMethod(MetaClassImpl.java:1088)
        	at groovy.lang.MetaClassImpl.invokeMethod(MetaClassImpl.java:1007)
        	at groovy.lang.MetaClassImpl.invokeMethod(MetaClassImpl.java:790)
        	at io.restassured.internal.RequestSpecificationImpl.invokeMethod(RequestSpecificationImpl.groovy)
        	at org.codehaus.groovy.runtime.callsite.PogoInterceptableSite.call(PogoInterceptableSite.java:46)
        	at org.codehaus.groovy.runtime.callsite.PogoInterceptableSite.callCurrent(PogoInterceptableSite.java:57)
        	at org.codehaus.groovy.runtime.callsite.AbstractCallSite.callCurrent(AbstractCallSite.java:203)
        	at io.restassured.internal.RequestSpecificationImpl.post(RequestSpecificationImpl.groovy:176)
        	at io.restassured.internal.RequestSpecificationImpl.post(RequestSpecificationImpl.groovy)
        	at com.nexly.api.stepDefinitions.TodoApiStepDefinitions.iHaveCreatedATodoAndStoredItsId(TodoApiStepDefinitions.java:234)
        	at âœ½.I have created a TODO and stored its ID(file:///C:/Users/gyana/Rest-Assured/test/src/main/resources/feature/app.feature:109)
  â†· When I send a DELETE request to "/{todoId}"                          # com.nexly.api.stepDefinitions.TodoApiStepDefinitions.iSendARequestTo(java.lang.String,java.lang.String)
  â†· Then the response status code should be 200                          # com.nexly.api.stepDefinitions.TodoApiStepDefinitions.theResponseStatusCodeShouldBe(int)
  â†· And the response should contain "TODO deleted successfully"          # com.nexly.api.stepDefinitions.TodoApiStepDefinitions.theResponseShouldContain(java.lang.String)
Finished scenario: Delete TODO successfully with status: FAILED
]]></system-out>
  </testcase>
  <testcase name="runScenario[&quot;Delete non-existent TODO should fail&quot;, &quot;TODO API Tests&quot;](13)" classname="com.nexly.api.runners.TestRunner" time="0.036">
    <failure message="Failed to send DELETE request to /507f1f77bcf86cd799439011" type="java.lang.RuntimeException"><![CDATA[java.lang.RuntimeException: Failed to send DELETE request to /507f1f77bcf86cd799439011
	at com.nexly.api.stepDefinitions.TodoApiStepDefinitions.iSendARequestTo(TodoApiStepDefinitions.java:275)
	at ✽.I send a DELETE request to "/507f1f77bcf86cd799439011"(file:///C:/Users/gyana/Rest-Assured/test/src/main/resources/feature/app.feature:116)
Caused by: java.net.ConnectException: Connection refused: connect
	at java.base/sun.nio.ch.Net.connect0(Native Method)
	at java.base/sun.nio.ch.Net.connect(Net.java:579)
	at java.base/sun.nio.ch.Net.connect(Net.java:568)
	at java.base/sun.nio.ch.NioSocketImpl.connect(NioSocketImpl.java:593)
	at java.base/java.net.SocksSocketImpl.connect(SocksSocketImpl.java:327)
	at java.base/java.net.Socket.connect(Socket.java:633)
	at org.apache.http.conn.scheme.PlainSocketFactory.connectSocket(PlainSocketFactory.java:121)
	at org.apache.http.impl.conn.DefaultClientConnectionOperator.openConnection(DefaultClientConnectionOperator.java:180)
	at org.apache.http.impl.conn.ManagedClientConnectionImpl.open(ManagedClientConnectionImpl.java:326)
	at org.apache.http.impl.client.DefaultRequestDirector.tryConnect(DefaultRequestDirector.java:605)
	at org.apache.http.impl.client.DefaultRequestDirector.execute(DefaultRequestDirector.java:440)
	at org.apache.http.impl.client.AbstractHttpClient.doExecute(AbstractHttpClient.java:835)
	at org.apache.http.impl.client.CloseableHttpClient.execute(CloseableHttpClient.java:83)
	at io.restassured.internal.RestAssuredHttpBuilder.doRequest(RestAssuredHttpBuilder.java:141)
	at io.restassured.internal.http.HTTPBuilder.doRequest(HTTPBuilder.java:496)
	at io.restassured.internal.http.HTTPBuilder.request(HTTPBuilder.java:453)
	at io.restassured.internal.http.HTTPBuilder$request$3.call(Unknown Source)
	at io.restassured.internal.RequestSpecificationImpl.sendHttpRequest(RequestSpecificationImpl.groovy:1480)
	at io.restassured.internal.RequestSpecificationImpl.this$2$sendHttpRequest(RequestSpecificationImpl.groovy)
	at java.base/jdk.internal.reflect.NativeMethodAccessorImpl.invoke0(Native Method)
	at java.base/jdk.internal.reflect.NativeMethodAccessorImpl.invoke(NativeMethodAccessorImpl.java:77)
	at java.base/jdk.internal.reflect.DelegatingMethodAccessorImpl.invoke(DelegatingMethodAccessorImpl.java:43)
	at java.base/java.lang.reflect.Method.invoke(Method.java:569)
	at org.codehaus.groovy.reflection.CachedMethod.invoke(CachedMethod.java:343)
	at groovy.lang.MetaMethod.doMethodInvoke(MetaMethod.java:328)
	at groovy.lang.MetaClassImpl.doInvokeMethod(MetaClassImpl.java:1333)
	at groovy.lang.MetaClassImpl.invokeMethod(MetaClassImpl.java:1088)
	at groovy.lang.MetaClassImpl.invokeMethod(MetaClassImpl.java:1007)
	at groovy.lang.MetaClassImpl.invokeMethod(MetaClassImpl.java:790)
	at io.restassured.internal.RequestSpecificationImpl.invokeMethod(RequestSpecificationImpl.groovy)
	at org.codehaus.groovy.runtime.callsite.PogoInterceptableSite.call(PogoInterceptableSite.java:46)
	at org.codehaus.groovy.runtime.callsite.PogoInterceptableSite.callCurrent(PogoInterceptableSite.java:57)
	at io.restassured.internal.RequestSpecificationImpl.sendRequest(RequestSpecificationImpl.groovy:1229)
	at io.restassured.internal.RequestSpecificationImpl.this$2$sendRequest(RequestSpecificationImpl.groovy)
	at java.base/jdk.internal.reflect.NativeMethodAccessorImpl.invoke0(Native Method)
	at java.base/jdk.internal.reflect.NativeMethodAccessorImpl.invoke(NativeMethodAccessorImpl.java:77)
	at java.base/jdk.internal.reflect.DelegatingMethodAccessorImpl.invoke(DelegatingMethodAccessorImpl.java:43)
	at java.base/java.lang.reflect.Method.invoke(Method.java:569)
	at org.codehaus.groovy.reflection.CachedMethod.invoke(CachedMethod.java:343)
	at groovy.lang.MetaMethod.doMethodInvoke(MetaMethod.java:328)
	at groovy.lang.MetaClassImpl.doInvokeMethod(MetaClassImpl.java:1333)
	at groovy.lang.MetaClassImpl.invokeMethod(MetaClassImpl.java:1088)
	at groovy.lang.MetaClassImpl.invokeMethod(MetaClassImpl.java:1007)
	at groovy.lang.MetaClassImpl.invokeMethod(MetaClassImpl.java:790)
	at io.restassured.internal.RequestSpecificationImpl.invokeMethod(RequestSpecificationImpl.groovy)
	at org.codehaus.groovy.runtime.callsite.PogoInterceptableSite.call(PogoInterceptableSite.java:46)
	at org.codehaus.groovy.runtime.callsite.AbstractCallSite.call(AbstractCallSite.java:166)
	at io.restassured.internal.filter.SendRequestFilter.filter(SendRequestFilter.groovy:30)
	at io.restassured.filter.Filter$filter.call(Unknown Source)
	at org.codehaus.groovy.runtime.callsite.CallSiteArray.defaultCall(CallSiteArray.java:45)
	at io.restassured.filter.Filter$filter$0.call(Unknown Source)
	at io.restassured.internal.filter.FilterContextImpl.next(FilterContextImpl.groovy:72)
	at io.restassured.filter.time.TimingFilter.filter(TimingFilter.java:56)
	at io.restassured.filter.Filter$filter$0.call(Unknown Source)
	at org.codehaus.groovy.runtime.callsite.CallSiteArray.defaultCall(CallSiteArray.java:45)
	at io.restassured.filter.Filter$filter.call(Unknown Source)
	at io.restassured.internal.filter.FilterContextImpl.next(FilterContextImpl.groovy:72)
	at io.restassured.filter.FilterContext$next.call(Unknown Source)
	at io.restassured.internal.filter.CsrfFilter.filter(CsrfFilter.groovy:89)
	at io.restassured.filter.Filter$filter.call(Unknown Source)
	at org.codehaus.groovy.runtime.callsite.CallSiteArray.defaultCall(CallSiteArray.java:45)
	at io.restassured.filter.Filter$filter.call(Unknown Source)
	at io.restassured.internal.filter.FilterContextImpl.next(FilterContextImpl.groovy:72)
	at io.restassured.filter.FilterContext$next.call(Unknown Source)
	at io.restassured.internal.RequestSpecificationImpl.applyPathParamsAndSendRequest(RequestSpecificationImpl.groovy:1704)
	at io.restassured.internal.RequestSpecificationImpl.this$2$applyPathParamsAndSendRequest(RequestSpecificationImpl.groovy)
	at java.base/jdk.internal.reflect.NativeMethodAccessorImpl.invoke0(Native Method)
	at java.base/jdk.internal.reflect.NativeMethodAccessorImpl.invoke(NativeMethodAccessorImpl.java:77)
	at java.base/jdk.internal.reflect.DelegatingMethodAccessorImpl.invoke(DelegatingMethodAccessorImpl.java:43)
	at java.base/java.lang.reflect.Method.invoke(Method.java:569)
	at org.codehaus.groovy.reflection.CachedMethod.invoke(CachedMethod.java:343)
	at groovy.lang.MetaMethod.doMethodInvoke(MetaMethod.java:328)
	at groovy.lang.MetaClassImpl.doInvokeMethod(MetaClassImpl.java:1333)
	at groovy.lang.MetaClassImpl.invokeMethod(MetaClassImpl.java:1088)
	at groovy.lang.MetaClassImpl.invokeMethod(MetaClassImpl.java:1007)
	at groovy.lang.MetaClassImpl.invokeMethod(MetaClassImpl.java:790)
	at io.restassured.internal.RequestSpecificationImpl.invokeMethod(RequestSpecificationImpl.groovy)
	at org.codehaus.groovy.runtime.callsite.PogoInterceptableSite.call(PogoInterceptableSite.java:46)
	at org.codehaus.groovy.runtime.callsite.PogoInterceptableSite.callCurrent(PogoInterceptableSite.java:57)
	at org.codehaus.groovy.runtime.callsite.AbstractCallSite.callCurrent(AbstractCallSite.java:203)
	at io.restassured.internal.RequestSpecificationImpl.applyPathParamsAndSendRequest(RequestSpecificationImpl.groovy:1710)
	at io.restassured.internal.RequestSpecificationImpl.this$2$applyPathParamsAndSendRequest(RequestSpecificationImpl.groovy)
	at java.base/jdk.internal.reflect.NativeMethodAccessorImpl.invoke0(Native Method)
	at java.base/jdk.internal.reflect.NativeMethodAccessorImpl.invoke(NativeMethodAccessorImpl.java:77)
	at java.base/jdk.internal.reflect.DelegatingMethodAccessorImpl.invoke(DelegatingMethodAccessorImpl.java:43)
	at java.base/java.lang.reflect.Method.invoke(Method.java:569)
	at org.codehaus.groovy.reflection.CachedMethod.invoke(CachedMethod.java:343)
	at groovy.lang.MetaMethod.doMethodInvoke(MetaMethod.java:328)
	at groovy.lang.MetaClassImpl.doInvokeMethod(MetaClassImpl.java:1333)
	at groovy.lang.MetaClassImpl.invokeMethod(MetaClassImpl.java:1088)
	at groovy.lang.MetaClassImpl.invokeMethod(MetaClassImpl.java:1007)
	at groovy.lang.MetaClassImpl.invokeMethod(MetaClassImpl.java:790)
	at io.restassured.internal.RequestSpecificationImpl.invokeMethod(RequestSpecificationImpl.groovy)
	at org.codehaus.groovy.runtime.callsite.PogoInterceptableSite.call(PogoInterceptableSite.java:46)
	at org.codehaus.groovy.runtime.callsite.PogoInterceptableSite.callCurrent(PogoInterceptableSite.java:57)
	at org.codehaus.groovy.runtime.callsite.CallSiteArray.defaultCallCurrent(CallSiteArray.java:49)
	at org.codehaus.groovy.runtime.callsite.AbstractCallSite.callCurrent(AbstractCallSite.java:171)
	at org.codehaus.groovy.runtime.callsite.AbstractCallSite.callCurrent(AbstractCallSite.java:203)
	at io.restassured.internal.RequestSpecificationImpl.delete(RequestSpecificationImpl.groovy:184)
	at io.restassured.internal.RequestSpecificationImpl.delete(RequestSpecificationImpl.groovy)
	at com.nexly.api.stepDefinitions.TodoApiStepDefinitions.iSendARequestTo(TodoApiStepDefinitions.java:269)
	... 1 more
]]></failure>
    <system-out><![CDATA[Test started: runScenario

@delete-todo-not-found
Scenario: Delete non-existent TODO should fail                           # file:///C:/Users/gyana/Rest-Assured/test/src/main/resources/feature/app.feature:115
Starting scenario: Delete non-existent TODO should fail
  âœ” Given I set the API base URL to "http://localhost:3000/api/v1/to-do" # com.nexly.api.stepDefinitions.TodoApiStepDefinitions.iSetTheApiBaseUrl(java.lang.String)
  âœ” And I set the authorization header with bearer token                 # com.nexly.api.stepDefinitions.TodoApiStepDefinitions.iSetTheAuthorizationHeader()
  âœ˜ When I send a DELETE request to "/507f1f77bcf86cd799439011"          # com.nexly.api.stepDefinitions.TodoApiStepDefinitions.iSendARequestTo(java.lang.String,java.lang.String)
        java.lang.RuntimeException: Failed to send DELETE request to /507f1f77bcf86cd799439011
        	at com.nexly.api.stepDefinitions.TodoApiStepDefinitions.iSendARequestTo(TodoApiStepDefinitions.java:275)
        	at âœ½.I send a DELETE request to "/507f1f77bcf86cd799439011"(file:///C:/Users/gyana/Rest-Assured/test/src/main/resources/feature/app.feature:116)
        Caused by: java.net.ConnectException: Connection refused: connect
        	at java.base/sun.nio.ch.Net.connect0(Native Method)
        	at java.base/sun.nio.ch.Net.connect(Net.java:579)
        	at java.base/sun.nio.ch.Net.connect(Net.java:568)
        	at java.base/sun.nio.ch.NioSocketImpl.connect(NioSocketImpl.java:593)
        	at java.base/java.net.SocksSocketImpl.connect(SocksSocketImpl.java:327)
        	at java.base/java.net.Socket.connect(Socket.java:633)
        	at org.apache.http.conn.scheme.PlainSocketFactory.connectSocket(PlainSocketFactory.java:121)
        	at org.apache.http.impl.conn.DefaultClientConnectionOperator.openConnection(DefaultClientConnectionOperator.java:180)
        	at org.apache.http.impl.conn.ManagedClientConnectionImpl.open(ManagedClientConnectionImpl.java:326)
        	at org.apache.http.impl.client.DefaultRequestDirector.tryConnect(DefaultRequestDirector.java:605)
        	at org.apache.http.impl.client.DefaultRequestDirector.execute(DefaultRequestDirector.java:440)
        	at org.apache.http.impl.client.AbstractHttpClient.doExecute(AbstractHttpClient.java:835)
        	at org.apache.http.impl.client.CloseableHttpClient.execute(CloseableHttpClient.java:83)
        	at io.restassured.internal.RestAssuredHttpBuilder.doRequest(RestAssuredHttpBuilder.java:141)
        	at io.restassured.internal.http.HTTPBuilder.doRequest(HTTPBuilder.java:496)
        	at io.restassured.internal.http.HTTPBuilder.request(HTTPBuilder.java:453)
        	at io.restassured.internal.http.HTTPBuilder$request$3.call(Unknown Source)
        	at io.restassured.internal.RequestSpecificationImpl.sendHttpRequest(RequestSpecificationImpl.groovy:1480)
        	at io.restassured.internal.RequestSpecificationImpl.this$2$sendHttpRequest(RequestSpecificationImpl.groovy)
        	at java.base/jdk.internal.reflect.NativeMethodAccessorImpl.invoke0(Native Method)
        	at java.base/jdk.internal.reflect.NativeMethodAccessorImpl.invoke(NativeMethodAccessorImpl.java:77)
        	at java.base/jdk.internal.reflect.DelegatingMethodAccessorImpl.invoke(DelegatingMethodAccessorImpl.java:43)
        	at java.base/java.lang.reflect.Method.invoke(Method.java:569)
        	at org.codehaus.groovy.reflection.CachedMethod.invoke(CachedMethod.java:343)
        	at groovy.lang.MetaMethod.doMethodInvoke(MetaMethod.java:328)
        	at groovy.lang.MetaClassImpl.doInvokeMethod(MetaClassImpl.java:1333)
        	at groovy.lang.MetaClassImpl.invokeMethod(MetaClassImpl.java:1088)
        	at groovy.lang.MetaClassImpl.invokeMethod(MetaClassImpl.java:1007)
        	at groovy.lang.MetaClassImpl.invokeMethod(MetaClassImpl.java:790)
        	at io.restassured.internal.RequestSpecificationImpl.invokeMethod(RequestSpecificationImpl.groovy)
        	at org.codehaus.groovy.runtime.callsite.PogoInterceptableSite.call(PogoInterceptableSite.java:46)
        	at org.codehaus.groovy.runtime.callsite.PogoInterceptableSite.callCurrent(PogoInterceptableSite.java:57)
        	at io.restassured.internal.RequestSpecificationImpl.sendRequest(RequestSpecificationImpl.groovy:1229)
        	at io.restassured.internal.RequestSpecificationImpl.this$2$sendRequest(RequestSpecificationImpl.groovy)
        	at java.base/jdk.internal.reflect.NativeMethodAccessorImpl.invoke0(Native Method)
        	at java.base/jdk.internal.reflect.NativeMethodAccessorImpl.invoke(NativeMethodAccessorImpl.java:77)
        	at java.base/jdk.internal.reflect.DelegatingMethodAccessorImpl.invoke(DelegatingMethodAccessorImpl.java:43)
        	at java.base/java.lang.reflect.Method.invoke(Method.java:569)
        	at org.codehaus.groovy.reflection.CachedMethod.invoke(CachedMethod.java:343)
        	at groovy.lang.MetaMethod.doMethodInvoke(MetaMethod.java:328)
        	at groovy.lang.MetaClassImpl.doInvokeMethod(MetaClassImpl.java:1333)
        	at groovy.lang.MetaClassImpl.invokeMethod(MetaClassImpl.java:1088)
        	at groovy.lang.MetaClassImpl.invokeMethod(MetaClassImpl.java:1007)
        	at groovy.lang.MetaClassImpl.invokeMethod(MetaClassImpl.java:790)
        	at io.restassured.internal.RequestSpecificationImpl.invokeMethod(RequestSpecificationImpl.groovy)
        	at org.codehaus.groovy.runtime.callsite.PogoInterceptableSite.call(PogoInterceptableSite.java:46)
        	at org.codehaus.groovy.runtime.callsite.AbstractCallSite.call(AbstractCallSite.java:166)
        	at io.restassured.internal.filter.SendRequestFilter.filter(SendRequestFilter.groovy:30)
        	at io.restassured.filter.Filter$filter.call(Unknown Source)
        	at org.codehaus.groovy.runtime.callsite.CallSiteArray.defaultCall(CallSiteArray.java:45)
        	at io.restassured.filter.Filter$filter$0.call(Unknown Source)
        	at io.restassured.internal.filter.FilterContextImpl.next(FilterContextImpl.groovy:72)
        	at io.restassured.filter.time.TimingFilter.filter(TimingFilter.java:56)
        	at io.restassured.filter.Filter$filter$0.call(Unknown Source)
        	at org.codehaus.groovy.runtime.callsite.CallSiteArray.defaultCall(CallSiteArray.java:45)
        	at io.restassured.filter.Filter$filter.call(Unknown Source)
        	at io.restassured.internal.filter.FilterContextImpl.next(FilterContextImpl.groovy:72)
        	at io.restassured.filter.FilterContext$next.call(Unknown Source)
        	at io.restassured.internal.filter.CsrfFilter.filter(CsrfFilter.groovy:89)
        	at io.restassured.filter.Filter$filter.call(Unknown Source)
        	at org.codehaus.groovy.runtime.callsite.CallSiteArray.defaultCall(CallSiteArray.java:45)
        	at io.restassured.filter.Filter$filter.call(Unknown Source)
        	at io.restassured.internal.filter.FilterContextImpl.next(FilterContextImpl.groovy:72)
        	at io.restassured.filter.FilterContext$next.call(Unknown Source)
        	at io.restassured.internal.RequestSpecificationImpl.applyPathParamsAndSendRequest(RequestSpecificationImpl.groovy:1704)
        	at io.restassured.internal.RequestSpecificationImpl.this$2$applyPathParamsAndSendRequest(RequestSpecificationImpl.groovy)
        	at java.base/jdk.internal.reflect.NativeMethodAccessorImpl.invoke0(Native Method)
        	at java.base/jdk.internal.reflect.NativeMethodAccessorImpl.invoke(NativeMethodAccessorImpl.java:77)
        	at java.base/jdk.internal.reflect.DelegatingMethodAccessorImpl.invoke(DelegatingMethodAccessorImpl.java:43)
        	at java.base/java.lang.reflect.Method.invoke(Method.java:569)
        	at org.codehaus.groovy.reflection.CachedMethod.invoke(CachedMethod.java:343)
        	at groovy.lang.MetaMethod.doMethodInvoke(MetaMethod.java:328)
        	at groovy.lang.MetaClassImpl.doInvokeMethod(MetaClassImpl.java:1333)
        	at groovy.lang.MetaClassImpl.invokeMethod(MetaClassImpl.java:1088)
        	at groovy.lang.MetaClassImpl.invokeMethod(MetaClassImpl.java:1007)
        	at groovy.lang.MetaClassImpl.invokeMethod(MetaClassImpl.java:790)
        	at io.restassured.internal.RequestSpecificationImpl.invokeMethod(RequestSpecificationImpl.groovy)
        	at org.codehaus.groovy.runtime.callsite.PogoInterceptableSite.call(PogoInterceptableSite.java:46)
        	at org.codehaus.groovy.runtime.callsite.PogoInterceptableSite.callCurrent(PogoInterceptableSite.java:57)
        	at org.codehaus.groovy.runtime.callsite.AbstractCallSite.callCurrent(AbstractCallSite.java:203)
        	at io.restassured.internal.RequestSpecificationImpl.applyPathParamsAndSendRequest(RequestSpecificationImpl.groovy:1710)
        	at io.restassured.internal.RequestSpecificationImpl.this$2$applyPathParamsAndSendRequest(RequestSpecificationImpl.groovy)
        	at java.base/jdk.internal.reflect.NativeMethodAccessorImpl.invoke0(Native Method)
        	at java.base/jdk.internal.reflect.NativeMethodAccessorImpl.invoke(NativeMethodAccessorImpl.java:77)
        	at java.base/jdk.internal.reflect.DelegatingMethodAccessorImpl.invoke(DelegatingMethodAccessorImpl.java:43)
        	at java.base/java.lang.reflect.Method.invoke(Method.java:569)
        	at org.codehaus.groovy.reflection.CachedMethod.invoke(CachedMethod.java:343)
        	at groovy.lang.MetaMethod.doMethodInvoke(MetaMethod.java:328)
        	at groovy.lang.MetaClassImpl.doInvokeMethod(MetaClassImpl.java:1333)
        	at groovy.lang.MetaClassImpl.invokeMethod(MetaClassImpl.java:1088)
        	at groovy.lang.MetaClassImpl.invokeMethod(MetaClassImpl.java:1007)
        	at groovy.lang.MetaClassImpl.invokeMethod(MetaClassImpl.java:790)
        	at io.restassured.internal.RequestSpecificationImpl.invokeMethod(RequestSpecificationImpl.groovy)
        	at org.codehaus.groovy.runtime.callsite.PogoInterceptableSite.call(PogoInterceptableSite.java:46)
        	at org.codehaus.groovy.runtime.callsite.PogoInterceptableSite.callCurrent(PogoInterceptableSite.java:57)
        	at org.codehaus.groovy.runtime.callsite.CallSiteArray.defaultCallCurrent(CallSiteArray.java:49)
        	at org.codehaus.groovy.runtime.callsite.AbstractCallSite.callCurrent(AbstractCallSite.java:171)
        	at org.codehaus.groovy.runtime.callsite.AbstractCallSite.callCurrent(AbstractCallSite.java:203)
        	at io.restassured.internal.RequestSpecificationImpl.delete(RequestSpecificationImpl.groovy:184)
        	at io.restassured.internal.RequestSpecificationImpl.delete(RequestSpecificationImpl.groovy)
        	at com.nexly.api.stepDefinitions.TodoApiStepDefinitions.iSendARequestTo(TodoApiStepDefinitions.java:269)
        	... 1 more
  â†· Then the response status code should be 404                          # com.nexly.api.stepDefinitions.TodoApiStepDefinitions.theResponseStatusCodeShouldBe(int)
  â†· And the response should contain "TODO not found"                     # com.nexly.api.stepDefinitions.TodoApiStepDefinitions.theResponseShouldContain(java.lang.String)
Finished scenario: Delete non-existent TODO should fail with status: FAILED
]]></system-out>
  </testcase>
  <testcase name="runScenario[&quot;Get TODO statistics successfully&quot;, &quot;TODO API Tests&quot;](14)" classname="com.nexly.api.runners.TestRunner" time="0.036">
    <failure message="Connection refused: connect" type="java.net.ConnectException"><![CDATA[java.net.ConnectException: Connection refused: connect
	at java.base/sun.nio.ch.Net.connect0(Native Method)
	at java.base/sun.nio.ch.Net.connect(Net.java:579)
	at java.base/sun.nio.ch.Net.connect(Net.java:568)
	at java.base/sun.nio.ch.NioSocketImpl.connect(NioSocketImpl.java:593)
	at java.base/java.net.SocksSocketImpl.connect(SocksSocketImpl.java:327)
	at java.base/java.net.Socket.connect(Socket.java:633)
	at org.apache.http.conn.scheme.PlainSocketFactory.connectSocket(PlainSocketFactory.java:121)
	at org.apache.http.impl.conn.DefaultClientConnectionOperator.openConnection(DefaultClientConnectionOperator.java:180)
	at org.apache.http.impl.conn.ManagedClientConnectionImpl.open(ManagedClientConnectionImpl.java:326)
	at org.apache.http.impl.client.DefaultRequestDirector.tryConnect(DefaultRequestDirector.java:605)
	at org.apache.http.impl.client.DefaultRequestDirector.execute(DefaultRequestDirector.java:440)
	at org.apache.http.impl.client.AbstractHttpClient.doExecute(AbstractHttpClient.java:835)
	at org.apache.http.impl.client.CloseableHttpClient.execute(CloseableHttpClient.java:83)
	at io.restassured.internal.RestAssuredHttpBuilder.doRequest(RestAssuredHttpBuilder.java:141)
	at io.restassured.internal.http.HTTPBuilder.post(HTTPBuilder.java:349)
	at io.restassured.internal.http.HTTPBuilder$post$2.call(Unknown Source)
	at io.restassured.internal.RequestSpecificationImpl.sendRequest(RequestSpecificationImpl.groovy:1209)
	at io.restassured.internal.RequestSpecificationImpl.this$2$sendRequest(RequestSpecificationImpl.groovy)
	at java.base/jdk.internal.reflect.NativeMethodAccessorImpl.invoke0(Native Method)
	at java.base/jdk.internal.reflect.NativeMethodAccessorImpl.invoke(NativeMethodAccessorImpl.java:77)
	at java.base/jdk.internal.reflect.DelegatingMethodAccessorImpl.invoke(DelegatingMethodAccessorImpl.java:43)
	at java.base/java.lang.reflect.Method.invoke(Method.java:569)
	at org.codehaus.groovy.reflection.CachedMethod.invoke(CachedMethod.java:343)
	at groovy.lang.MetaMethod.doMethodInvoke(MetaMethod.java:328)
	at groovy.lang.MetaClassImpl.doInvokeMethod(MetaClassImpl.java:1333)
	at groovy.lang.MetaClassImpl.invokeMethod(MetaClassImpl.java:1088)
	at groovy.lang.MetaClassImpl.invokeMethod(MetaClassImpl.java:1007)
	at groovy.lang.MetaClassImpl.invokeMethod(MetaClassImpl.java:790)
	at io.restassured.internal.RequestSpecificationImpl.invokeMethod(RequestSpecificationImpl.groovy)
	at org.codehaus.groovy.runtime.callsite.PogoInterceptableSite.call(PogoInterceptableSite.java:46)
	at org.codehaus.groovy.runtime.callsite.AbstractCallSite.call(AbstractCallSite.java:166)
	at io.restassured.internal.filter.SendRequestFilter.filter(SendRequestFilter.groovy:30)
	at io.restassured.filter.Filter$filter.call(Unknown Source)
	at org.codehaus.groovy.runtime.callsite.CallSiteArray.defaultCall(CallSiteArray.java:45)
	at io.restassured.filter.Filter$filter$0.call(Unknown Source)
	at io.restassured.internal.filter.FilterContextImpl.next(FilterContextImpl.groovy:72)
	at io.restassured.filter.time.TimingFilter.filter(TimingFilter.java:56)
	at io.restassured.filter.Filter$filter$0.call(Unknown Source)
	at org.codehaus.groovy.runtime.callsite.CallSiteArray.defaultCall(CallSiteArray.java:45)
	at io.restassured.filter.Filter$filter.call(Unknown Source)
	at io.restassured.internal.filter.FilterContextImpl.next(FilterContextImpl.groovy:72)
	at io.restassured.filter.FilterContext$next.call(Unknown Source)
	at io.restassured.internal.filter.CsrfFilter.filter(CsrfFilter.groovy:89)
	at io.restassured.filter.Filter$filter.call(Unknown Source)
	at org.codehaus.groovy.runtime.callsite.CallSiteArray.defaultCall(CallSiteArray.java:45)
	at io.restassured.filter.Filter$filter.call(Unknown Source)
	at io.restassured.internal.filter.FilterContextImpl.next(FilterContextImpl.groovy:72)
	at io.restassured.filter.FilterContext$next.call(Unknown Source)
	at io.restassured.internal.RequestSpecificationImpl.applyPathParamsAndSendRequest(RequestSpecificationImpl.groovy:1704)
	at io.restassured.internal.RequestSpecificationImpl.this$2$applyPathParamsAndSendRequest(RequestSpecificationImpl.groovy)
	at java.base/jdk.internal.reflect.NativeMethodAccessorImpl.invoke0(Native Method)
	at java.base/jdk.internal.reflect.NativeMethodAccessorImpl.invoke(NativeMethodAccessorImpl.java:77)
	at java.base/jdk.internal.reflect.DelegatingMethodAccessorImpl.invoke(DelegatingMethodAccessorImpl.java:43)
	at java.base/java.lang.reflect.Method.invoke(Method.java:569)
	at org.codehaus.groovy.reflection.CachedMethod.invoke(CachedMethod.java:343)
	at groovy.lang.MetaMethod.doMethodInvoke(MetaMethod.java:328)
	at groovy.lang.MetaClassImpl.doInvokeMethod(MetaClassImpl.java:1333)
	at groovy.lang.MetaClassImpl.invokeMethod(MetaClassImpl.java:1088)
	at groovy.lang.MetaClassImpl.invokeMethod(MetaClassImpl.java:1007)
	at groovy.lang.MetaClassImpl.invokeMethod(MetaClassImpl.java:790)
	at io.restassured.internal.RequestSpecificationImpl.invokeMethod(RequestSpecificationImpl.groovy)
	at org.codehaus.groovy.runtime.callsite.PogoInterceptableSite.call(PogoInterceptableSite.java:46)
	at org.codehaus.groovy.runtime.callsite.PogoInterceptableSite.callCurrent(PogoInterceptableSite.java:57)
	at org.codehaus.groovy.runtime.callsite.AbstractCallSite.callCurrent(AbstractCallSite.java:203)
	at io.restassured.internal.RequestSpecificationImpl.applyPathParamsAndSendRequest(RequestSpecificationImpl.groovy:1710)
	at io.restassured.internal.RequestSpecificationImpl.this$2$applyPathParamsAndSendRequest(RequestSpecificationImpl.groovy)
	at java.base/jdk.internal.reflect.NativeMethodAccessorImpl.invoke0(Native Method)
	at java.base/jdk.internal.reflect.NativeMethodAccessorImpl.invoke(NativeMethodAccessorImpl.java:77)
	at java.base/jdk.internal.reflect.DelegatingMethodAccessorImpl.invoke(DelegatingMethodAccessorImpl.java:43)
	at java.base/java.lang.reflect.Method.invoke(Method.java:569)
	at org.codehaus.groovy.reflection.CachedMethod.invoke(CachedMethod.java:343)
	at groovy.lang.MetaMethod.doMethodInvoke(MetaMethod.java:328)
	at groovy.lang.MetaClassImpl.doInvokeMethod(MetaClassImpl.java:1333)
	at groovy.lang.MetaClassImpl.invokeMethod(MetaClassImpl.java:1088)
	at groovy.lang.MetaClassImpl.invokeMethod(MetaClassImpl.java:1007)
	at groovy.lang.MetaClassImpl.invokeMethod(MetaClassImpl.java:790)
	at io.restassured.internal.RequestSpecificationImpl.invokeMethod(RequestSpecificationImpl.groovy)
	at org.codehaus.groovy.runtime.callsite.PogoInterceptableSite.call(PogoInterceptableSite.java:46)
	at org.codehaus.groovy.runtime.callsite.PogoInterceptableSite.callCurrent(PogoInterceptableSite.java:57)
	at org.codehaus.groovy.runtime.callsite.AbstractCallSite.callCurrent(AbstractCallSite.java:203)
	at io.restassured.internal.RequestSpecificationImpl.post(RequestSpecificationImpl.groovy:176)
	at io.restassured.internal.RequestSpecificationImpl.post(RequestSpecificationImpl.groovy)
	at com.nexly.api.stepDefinitions.TodoApiStepDefinitions.iHaveCreatedATodoWithStatus(TodoApiStepDefinitions.java:151)
	at ✽.I have created a TODO with status "Completed"(file:///C:/Users/gyana/Rest-Assured/test/src/main/resources/feature/app.feature:122)
]]></failure>
    <system-out><![CDATA[Test started: runScenario

@get-todo-stats
Scenario: Get TODO statistics successfully                               # file:///C:/Users/gyana/Rest-Assured/test/src/main/resources/feature/app.feature:121
Starting scenario: Get TODO statistics successfully
  âœ” Given I set the API base URL to "http://localhost:3000/api/v1/to-do" # com.nexly.api.stepDefinitions.TodoApiStepDefinitions.iSetTheApiBaseUrl(java.lang.String)
  âœ” And I set the authorization header with bearer token                 # com.nexly.api.stepDefinitions.TodoApiStepDefinitions.iSetTheAuthorizationHeader()
  âœ˜ Given I have created a TODO with status "Completed"                  # com.nexly.api.stepDefinitions.TodoApiStepDefinitions.iHaveCreatedATodoWithStatus(java.lang.String)
        java.net.ConnectException: Connection refused: connect
        	at java.base/sun.nio.ch.Net.connect0(Native Method)
        	at java.base/sun.nio.ch.Net.connect(Net.java:579)
        	at java.base/sun.nio.ch.Net.connect(Net.java:568)
        	at java.base/sun.nio.ch.NioSocketImpl.connect(NioSocketImpl.java:593)
        	at java.base/java.net.SocksSocketImpl.connect(SocksSocketImpl.java:327)
        	at java.base/java.net.Socket.connect(Socket.java:633)
        	at org.apache.http.conn.scheme.PlainSocketFactory.connectSocket(PlainSocketFactory.java:121)
        	at org.apache.http.impl.conn.DefaultClientConnectionOperator.openConnection(DefaultClientConnectionOperator.java:180)
        	at org.apache.http.impl.conn.ManagedClientConnectionImpl.open(ManagedClientConnectionImpl.java:326)
        	at org.apache.http.impl.client.DefaultRequestDirector.tryConnect(DefaultRequestDirector.java:605)
        	at org.apache.http.impl.client.DefaultRequestDirector.execute(DefaultRequestDirector.java:440)
        	at org.apache.http.impl.client.AbstractHttpClient.doExecute(AbstractHttpClient.java:835)
        	at org.apache.http.impl.client.CloseableHttpClient.execute(CloseableHttpClient.java:83)
        	at io.restassured.internal.RestAssuredHttpBuilder.doRequest(RestAssuredHttpBuilder.java:141)
        	at io.restassured.internal.http.HTTPBuilder.post(HTTPBuilder.java:349)
        	at io.restassured.internal.http.HTTPBuilder$post$2.call(Unknown Source)
        	at io.restassured.internal.RequestSpecificationImpl.sendRequest(RequestSpecificationImpl.groovy:1209)
        	at io.restassured.internal.RequestSpecificationImpl.this$2$sendRequest(RequestSpecificationImpl.groovy)
        	at java.base/jdk.internal.reflect.NativeMethodAccessorImpl.invoke0(Native Method)
        	at java.base/jdk.internal.reflect.NativeMethodAccessorImpl.invoke(NativeMethodAccessorImpl.java:77)
        	at java.base/jdk.internal.reflect.DelegatingMethodAccessorImpl.invoke(DelegatingMethodAccessorImpl.java:43)
        	at java.base/java.lang.reflect.Method.invoke(Method.java:569)
        	at org.codehaus.groovy.reflection.CachedMethod.invoke(CachedMethod.java:343)
        	at groovy.lang.MetaMethod.doMethodInvoke(MetaMethod.java:328)
        	at groovy.lang.MetaClassImpl.doInvokeMethod(MetaClassImpl.java:1333)
        	at groovy.lang.MetaClassImpl.invokeMethod(MetaClassImpl.java:1088)
        	at groovy.lang.MetaClassImpl.invokeMethod(MetaClassImpl.java:1007)
        	at groovy.lang.MetaClassImpl.invokeMethod(MetaClassImpl.java:790)
        	at io.restassured.internal.RequestSpecificationImpl.invokeMethod(RequestSpecificationImpl.groovy)
        	at org.codehaus.groovy.runtime.callsite.PogoInterceptableSite.call(PogoInterceptableSite.java:46)
        	at org.codehaus.groovy.runtime.callsite.AbstractCallSite.call(AbstractCallSite.java:166)
        	at io.restassured.internal.filter.SendRequestFilter.filter(SendRequestFilter.groovy:30)
        	at io.restassured.filter.Filter$filter.call(Unknown Source)
        	at org.codehaus.groovy.runtime.callsite.CallSiteArray.defaultCall(CallSiteArray.java:45)
        	at io.restassured.filter.Filter$filter$0.call(Unknown Source)
        	at io.restassured.internal.filter.FilterContextImpl.next(FilterContextImpl.groovy:72)
        	at io.restassured.filter.time.TimingFilter.filter(TimingFilter.java:56)
        	at io.restassured.filter.Filter$filter$0.call(Unknown Source)
        	at org.codehaus.groovy.runtime.callsite.CallSiteArray.defaultCall(CallSiteArray.java:45)
        	at io.restassured.filter.Filter$filter.call(Unknown Source)
        	at io.restassured.internal.filter.FilterContextImpl.next(FilterContextImpl.groovy:72)
        	at io.restassured.filter.FilterContext$next.call(Unknown Source)
        	at io.restassured.internal.filter.CsrfFilter.filter(CsrfFilter.groovy:89)
        	at io.restassured.filter.Filter$filter.call(Unknown Source)
        	at org.codehaus.groovy.runtime.callsite.CallSiteArray.defaultCall(CallSiteArray.java:45)
        	at io.restassured.filter.Filter$filter.call(Unknown Source)
        	at io.restassured.internal.filter.FilterContextImpl.next(FilterContextImpl.groovy:72)
        	at io.restassured.filter.FilterContext$next.call(Unknown Source)
        	at io.restassured.internal.RequestSpecificationImpl.applyPathParamsAndSendRequest(RequestSpecificationImpl.groovy:1704)
        	at io.restassured.internal.RequestSpecificationImpl.this$2$applyPathParamsAndSendRequest(RequestSpecificationImpl.groovy)
        	at java.base/jdk.internal.reflect.NativeMethodAccessorImpl.invoke0(Native Method)
        	at java.base/jdk.internal.reflect.NativeMethodAccessorImpl.invoke(NativeMethodAccessorImpl.java:77)
        	at java.base/jdk.internal.reflect.DelegatingMethodAccessorImpl.invoke(DelegatingMethodAccessorImpl.java:43)
        	at java.base/java.lang.reflect.Method.invoke(Method.java:569)
        	at org.codehaus.groovy.reflection.CachedMethod.invoke(CachedMethod.java:343)
        	at groovy.lang.MetaMethod.doMethodInvoke(MetaMethod.java:328)
        	at groovy.lang.MetaClassImpl.doInvokeMethod(MetaClassImpl.java:1333)
        	at groovy.lang.MetaClassImpl.invokeMethod(MetaClassImpl.java:1088)
        	at groovy.lang.MetaClassImpl.invokeMethod(MetaClassImpl.java:1007)
        	at groovy.lang.MetaClassImpl.invokeMethod(MetaClassImpl.java:790)
        	at io.restassured.internal.RequestSpecificationImpl.invokeMethod(RequestSpecificationImpl.groovy)
        	at org.codehaus.groovy.runtime.callsite.PogoInterceptableSite.call(PogoInterceptableSite.java:46)
        	at org.codehaus.groovy.runtime.callsite.PogoInterceptableSite.callCurrent(PogoInterceptableSite.java:57)
        	at org.codehaus.groovy.runtime.callsite.AbstractCallSite.callCurrent(AbstractCallSite.java:203)
        	at io.restassured.internal.RequestSpecificationImpl.applyPathParamsAndSendRequest(RequestSpecificationImpl.groovy:1710)
        	at io.restassured.internal.RequestSpecificationImpl.this$2$applyPathParamsAndSendRequest(RequestSpecificationImpl.groovy)
        	at java.base/jdk.internal.reflect.NativeMethodAccessorImpl.invoke0(Native Method)
        	at java.base/jdk.internal.reflect.NativeMethodAccessorImpl.invoke(NativeMethodAccessorImpl.java:77)
        	at java.base/jdk.internal.reflect.DelegatingMethodAccessorImpl.invoke(DelegatingMethodAccessorImpl.java:43)
        	at java.base/java.lang.reflect.Method.invoke(Method.java:569)
        	at org.codehaus.groovy.reflection.CachedMethod.invoke(CachedMethod.java:343)
        	at groovy.lang.MetaMethod.doMethodInvoke(MetaMethod.java:328)
        	at groovy.lang.MetaClassImpl.doInvokeMethod(MetaClassImpl.java:1333)
        	at groovy.lang.MetaClassImpl.invokeMethod(MetaClassImpl.java:1088)
        	at groovy.lang.MetaClassImpl.invokeMethod(MetaClassImpl.java:1007)
        	at groovy.lang.MetaClassImpl.invokeMethod(MetaClassImpl.java:790)
        	at io.restassured.internal.RequestSpecificationImpl.invokeMethod(RequestSpecificationImpl.groovy)
        	at org.codehaus.groovy.runtime.callsite.PogoInterceptableSite.call(PogoInterceptableSite.java:46)
        	at org.codehaus.groovy.runtime.callsite.PogoInterceptableSite.callCurrent(PogoInterceptableSite.java:57)
        	at org.codehaus.groovy.runtime.callsite.AbstractCallSite.callCurrent(AbstractCallSite.java:203)
        	at io.restassured.internal.RequestSpecificationImpl.post(RequestSpecificationImpl.groovy:176)
        	at io.restassured.internal.RequestSpecificationImpl.post(RequestSpecificationImpl.groovy)
        	at com.nexly.api.stepDefinitions.TodoApiStepDefinitions.iHaveCreatedATodoWithStatus(TodoApiStepDefinitions.java:151)
        	at âœ½.I have created a TODO with status "Completed"(file:///C:/Users/gyana/Rest-Assured/test/src/main/resources/feature/app.feature:122)
  â†· And I have created a TODO with status "In Progress"                  # com.nexly.api.stepDefinitions.TodoApiStepDefinitions.iHaveCreatedATodoWithStatus(java.lang.String)
  â†· And I have created a TODO with status "TODO"                         # com.nexly.api.stepDefinitions.TodoApiStepDefinitions.iHaveCreatedATodoWithStatus(java.lang.String)
  â†· When I send a GET request to "/stats"                                # com.nexly.api.stepDefinitions.TodoApiStepDefinitions.iSendARequestTo(java.lang.String,java.lang.String)
  â†· Then the response status code should be 200                          # com.nexly.api.stepDefinitions.TodoApiStepDefinitions.theResponseStatusCodeShouldBe(int)
  â†· And the response should contain "total" field                        # com.nexly.api.stepDefinitions.TodoApiStepDefinitions.theResponseShouldContainField(java.lang.String)
  â†· And the response should contain "completed" field                    # com.nexly.api.stepDefinitions.TodoApiStepDefinitions.theResponseShouldContainField(java.lang.String)
  â†· And the response should contain "inProgress" field                   # com.nexly.api.stepDefinitions.TodoApiStepDefinitions.theResponseShouldContainField(java.lang.String)
  â†· And the response should contain "todo" field                         # com.nexly.api.stepDefinitions.TodoApiStepDefinitions.theResponseShouldContainField(java.lang.String)
  â†· And the response should contain "workTypeBreakdown" object           # com.nexly.api.stepDefinitions.TodoApiStepDefinitions.theResponseShouldContainObject(java.lang.String)
  â†· And the total count should be 3                                      # com.nexly.api.stepDefinitions.TodoApiStepDefinitions.theTotalCountShouldBe(int)
Finished scenario: Get TODO statistics successfully with status: FAILED
]]></system-out>
  </testcase>
  <testcase name="runScenario[&quot;Filter TODOs by priority&quot;, &quot;TODO API Tests&quot;](15)" classname="com.nexly.api.runners.TestRunner" time="0.019">
    <failure message="Connection refused: connect" type="java.net.ConnectException"><![CDATA[java.net.ConnectException: Connection refused: connect
	at java.base/sun.nio.ch.Net.connect0(Native Method)
	at java.base/sun.nio.ch.Net.connect(Net.java:579)
	at java.base/sun.nio.ch.Net.connect(Net.java:568)
	at java.base/sun.nio.ch.NioSocketImpl.connect(NioSocketImpl.java:593)
	at java.base/java.net.SocksSocketImpl.connect(SocksSocketImpl.java:327)
	at java.base/java.net.Socket.connect(Socket.java:633)
	at org.apache.http.conn.scheme.PlainSocketFactory.connectSocket(PlainSocketFactory.java:121)
	at org.apache.http.impl.conn.DefaultClientConnectionOperator.openConnection(DefaultClientConnectionOperator.java:180)
	at org.apache.http.impl.conn.ManagedClientConnectionImpl.open(ManagedClientConnectionImpl.java:326)
	at org.apache.http.impl.client.DefaultRequestDirector.tryConnect(DefaultRequestDirector.java:605)
	at org.apache.http.impl.client.DefaultRequestDirector.execute(DefaultRequestDirector.java:440)
	at org.apache.http.impl.client.AbstractHttpClient.doExecute(AbstractHttpClient.java:835)
	at org.apache.http.impl.client.CloseableHttpClient.execute(CloseableHttpClient.java:83)
	at io.restassured.internal.RestAssuredHttpBuilder.doRequest(RestAssuredHttpBuilder.java:141)
	at io.restassured.internal.http.HTTPBuilder.post(HTTPBuilder.java:349)
	at io.restassured.internal.http.HTTPBuilder$post$2.call(Unknown Source)
	at io.restassured.internal.RequestSpecificationImpl.sendRequest(RequestSpecificationImpl.groovy:1209)
	at io.restassured.internal.RequestSpecificationImpl.this$2$sendRequest(RequestSpecificationImpl.groovy)
	at java.base/jdk.internal.reflect.NativeMethodAccessorImpl.invoke0(Native Method)
	at java.base/jdk.internal.reflect.NativeMethodAccessorImpl.invoke(NativeMethodAccessorImpl.java:77)
	at java.base/jdk.internal.reflect.DelegatingMethodAccessorImpl.invoke(DelegatingMethodAccessorImpl.java:43)
	at java.base/java.lang.reflect.Method.invoke(Method.java:569)
	at org.codehaus.groovy.reflection.CachedMethod.invoke(CachedMethod.java:343)
	at groovy.lang.MetaMethod.doMethodInvoke(MetaMethod.java:328)
	at groovy.lang.MetaClassImpl.doInvokeMethod(MetaClassImpl.java:1333)
	at groovy.lang.MetaClassImpl.invokeMethod(MetaClassImpl.java:1088)
	at groovy.lang.MetaClassImpl.invokeMethod(MetaClassImpl.java:1007)
	at groovy.lang.MetaClassImpl.invokeMethod(MetaClassImpl.java:790)
	at io.restassured.internal.RequestSpecificationImpl.invokeMethod(RequestSpecificationImpl.groovy)
	at org.codehaus.groovy.runtime.callsite.PogoInterceptableSite.call(PogoInterceptableSite.java:46)
	at org.codehaus.groovy.runtime.callsite.AbstractCallSite.call(AbstractCallSite.java:166)
	at io.restassured.internal.filter.SendRequestFilter.filter(SendRequestFilter.groovy:30)
	at io.restassured.filter.Filter$filter.call(Unknown Source)
	at org.codehaus.groovy.runtime.callsite.CallSiteArray.defaultCall(CallSiteArray.java:45)
	at io.restassured.filter.Filter$filter$0.call(Unknown Source)
	at io.restassured.internal.filter.FilterContextImpl.next(FilterContextImpl.groovy:72)
	at io.restassured.filter.time.TimingFilter.filter(TimingFilter.java:56)
	at io.restassured.filter.Filter$filter$0.call(Unknown Source)
	at org.codehaus.groovy.runtime.callsite.CallSiteArray.defaultCall(CallSiteArray.java:45)
	at io.restassured.filter.Filter$filter.call(Unknown Source)
	at io.restassured.internal.filter.FilterContextImpl.next(FilterContextImpl.groovy:72)
	at io.restassured.filter.FilterContext$next.call(Unknown Source)
	at io.restassured.internal.filter.CsrfFilter.filter(CsrfFilter.groovy:89)
	at io.restassured.filter.Filter$filter.call(Unknown Source)
	at org.codehaus.groovy.runtime.callsite.CallSiteArray.defaultCall(CallSiteArray.java:45)
	at io.restassured.filter.Filter$filter.call(Unknown Source)
	at io.restassured.internal.filter.FilterContextImpl.next(FilterContextImpl.groovy:72)
	at io.restassured.filter.FilterContext$next.call(Unknown Source)
	at io.restassured.internal.RequestSpecificationImpl.applyPathParamsAndSendRequest(RequestSpecificationImpl.groovy:1704)
	at io.restassured.internal.RequestSpecificationImpl.this$2$applyPathParamsAndSendRequest(RequestSpecificationImpl.groovy)
	at java.base/jdk.internal.reflect.NativeMethodAccessorImpl.invoke0(Native Method)
	at java.base/jdk.internal.reflect.NativeMethodAccessorImpl.invoke(NativeMethodAccessorImpl.java:77)
	at java.base/jdk.internal.reflect.DelegatingMethodAccessorImpl.invoke(DelegatingMethodAccessorImpl.java:43)
	at java.base/java.lang.reflect.Method.invoke(Method.java:569)
	at org.codehaus.groovy.reflection.CachedMethod.invoke(CachedMethod.java:343)
	at groovy.lang.MetaMethod.doMethodInvoke(MetaMethod.java:328)
	at groovy.lang.MetaClassImpl.doInvokeMethod(MetaClassImpl.java:1333)
	at groovy.lang.MetaClassImpl.invokeMethod(MetaClassImpl.java:1088)
	at groovy.lang.MetaClassImpl.invokeMethod(MetaClassImpl.java:1007)
	at groovy.lang.MetaClassImpl.invokeMethod(MetaClassImpl.java:790)
	at io.restassured.internal.RequestSpecificationImpl.invokeMethod(RequestSpecificationImpl.groovy)
	at org.codehaus.groovy.runtime.callsite.PogoInterceptableSite.call(PogoInterceptableSite.java:46)
	at org.codehaus.groovy.runtime.callsite.PogoInterceptableSite.callCurrent(PogoInterceptableSite.java:57)
	at org.codehaus.groovy.runtime.callsite.AbstractCallSite.callCurrent(AbstractCallSite.java:203)
	at io.restassured.internal.RequestSpecificationImpl.applyPathParamsAndSendRequest(RequestSpecificationImpl.groovy:1710)
	at io.restassured.internal.RequestSpecificationImpl.this$2$applyPathParamsAndSendRequest(RequestSpecificationImpl.groovy)
	at java.base/jdk.internal.reflect.NativeMethodAccessorImpl.invoke0(Native Method)
	at java.base/jdk.internal.reflect.NativeMethodAccessorImpl.invoke(NativeMethodAccessorImpl.java:77)
	at java.base/jdk.internal.reflect.DelegatingMethodAccessorImpl.invoke(DelegatingMethodAccessorImpl.java:43)
	at java.base/java.lang.reflect.Method.invoke(Method.java:569)
	at org.codehaus.groovy.reflection.CachedMethod.invoke(CachedMethod.java:343)
	at groovy.lang.MetaMethod.doMethodInvoke(MetaMethod.java:328)
	at groovy.lang.MetaClassImpl.doInvokeMethod(MetaClassImpl.java:1333)
	at groovy.lang.MetaClassImpl.invokeMethod(MetaClassImpl.java:1088)
	at groovy.lang.MetaClassImpl.invokeMethod(MetaClassImpl.java:1007)
	at groovy.lang.MetaClassImpl.invokeMethod(MetaClassImpl.java:790)
	at io.restassured.internal.RequestSpecificationImpl.invokeMethod(RequestSpecificationImpl.groovy)
	at org.codehaus.groovy.runtime.callsite.PogoInterceptableSite.call(PogoInterceptableSite.java:46)
	at org.codehaus.groovy.runtime.callsite.PogoInterceptableSite.callCurrent(PogoInterceptableSite.java:57)
	at org.codehaus.groovy.runtime.callsite.AbstractCallSite.callCurrent(AbstractCallSite.java:203)
	at io.restassured.internal.RequestSpecificationImpl.post(RequestSpecificationImpl.groovy:176)
	at io.restassured.internal.RequestSpecificationImpl.post(RequestSpecificationImpl.groovy)
	at com.nexly.api.stepDefinitions.TodoApiStepDefinitions.iHaveCreatedATodoWithPriority(TodoApiStepDefinitions.java:135)
	at ✽.I have created a TODO with priority "HIGH"(file:///C:/Users/gyana/Rest-Assured/test/src/main/resources/feature/app.feature:136)
]]></failure>
    <system-out><![CDATA[Test started: runScenario

@priority-filtering
Scenario: Filter TODOs by priority                                       # file:///C:/Users/gyana/Rest-Assured/test/src/main/resources/feature/app.feature:135
Starting scenario: Filter TODOs by priority
  âœ” Given I set the API base URL to "http://localhost:3000/api/v1/to-do" # com.nexly.api.stepDefinitions.TodoApiStepDefinitions.iSetTheApiBaseUrl(java.lang.String)
  âœ” And I set the authorization header with bearer token                 # com.nexly.api.stepDefinitions.TodoApiStepDefinitions.iSetTheAuthorizationHeader()
  âœ˜ Given I have created a TODO with priority "HIGH"                     # com.nexly.api.stepDefinitions.TodoApiStepDefinitions.iHaveCreatedATodoWithPriority(java.lang.String)
        java.net.ConnectException: Connection refused: connect
        	at java.base/sun.nio.ch.Net.connect0(Native Method)
        	at java.base/sun.nio.ch.Net.connect(Net.java:579)
        	at java.base/sun.nio.ch.Net.connect(Net.java:568)
        	at java.base/sun.nio.ch.NioSocketImpl.connect(NioSocketImpl.java:593)
        	at java.base/java.net.SocksSocketImpl.connect(SocksSocketImpl.java:327)
        	at java.base/java.net.Socket.connect(Socket.java:633)
        	at org.apache.http.conn.scheme.PlainSocketFactory.connectSocket(PlainSocketFactory.java:121)
        	at org.apache.http.impl.conn.DefaultClientConnectionOperator.openConnection(DefaultClientConnectionOperator.java:180)
        	at org.apache.http.impl.conn.ManagedClientConnectionImpl.open(ManagedClientConnectionImpl.java:326)
        	at org.apache.http.impl.client.DefaultRequestDirector.tryConnect(DefaultRequestDirector.java:605)
        	at org.apache.http.impl.client.DefaultRequestDirector.execute(DefaultRequestDirector.java:440)
        	at org.apache.http.impl.client.AbstractHttpClient.doExecute(AbstractHttpClient.java:835)
        	at org.apache.http.impl.client.CloseableHttpClient.execute(CloseableHttpClient.java:83)
        	at io.restassured.internal.RestAssuredHttpBuilder.doRequest(RestAssuredHttpBuilder.java:141)
        	at io.restassured.internal.http.HTTPBuilder.post(HTTPBuilder.java:349)
        	at io.restassured.internal.http.HTTPBuilder$post$2.call(Unknown Source)
        	at io.restassured.internal.RequestSpecificationImpl.sendRequest(RequestSpecificationImpl.groovy:1209)
        	at io.restassured.internal.RequestSpecificationImpl.this$2$sendRequest(RequestSpecificationImpl.groovy)
        	at java.base/jdk.internal.reflect.NativeMethodAccessorImpl.invoke0(Native Method)
        	at java.base/jdk.internal.reflect.NativeMethodAccessorImpl.invoke(NativeMethodAccessorImpl.java:77)
        	at java.base/jdk.internal.reflect.DelegatingMethodAccessorImpl.invoke(DelegatingMethodAccessorImpl.java:43)
        	at java.base/java.lang.reflect.Method.invoke(Method.java:569)
        	at org.codehaus.groovy.reflection.CachedMethod.invoke(CachedMethod.java:343)
        	at groovy.lang.MetaMethod.doMethodInvoke(MetaMethod.java:328)
        	at groovy.lang.MetaClassImpl.doInvokeMethod(MetaClassImpl.java:1333)
        	at groovy.lang.MetaClassImpl.invokeMethod(MetaClassImpl.java:1088)
        	at groovy.lang.MetaClassImpl.invokeMethod(MetaClassImpl.java:1007)
        	at groovy.lang.MetaClassImpl.invokeMethod(MetaClassImpl.java:790)
        	at io.restassured.internal.RequestSpecificationImpl.invokeMethod(RequestSpecificationImpl.groovy)
        	at org.codehaus.groovy.runtime.callsite.PogoInterceptableSite.call(PogoInterceptableSite.java:46)
        	at org.codehaus.groovy.runtime.callsite.AbstractCallSite.call(AbstractCallSite.java:166)
        	at io.restassured.internal.filter.SendRequestFilter.filter(SendRequestFilter.groovy:30)
        	at io.restassured.filter.Filter$filter.call(Unknown Source)
        	at org.codehaus.groovy.runtime.callsite.CallSiteArray.defaultCall(CallSiteArray.java:45)
        	at io.restassured.filter.Filter$filter$0.call(Unknown Source)
        	at io.restassured.internal.filter.FilterContextImpl.next(FilterContextImpl.groovy:72)
        	at io.restassured.filter.time.TimingFilter.filter(TimingFilter.java:56)
        	at io.restassured.filter.Filter$filter$0.call(Unknown Source)
        	at org.codehaus.groovy.runtime.callsite.CallSiteArray.defaultCall(CallSiteArray.java:45)
        	at io.restassured.filter.Filter$filter.call(Unknown Source)
        	at io.restassured.internal.filter.FilterContextImpl.next(FilterContextImpl.groovy:72)
        	at io.restassured.filter.FilterContext$next.call(Unknown Source)
        	at io.restassured.internal.filter.CsrfFilter.filter(CsrfFilter.groovy:89)
        	at io.restassured.filter.Filter$filter.call(Unknown Source)
        	at org.codehaus.groovy.runtime.callsite.CallSiteArray.defaultCall(CallSiteArray.java:45)
        	at io.restassured.filter.Filter$filter.call(Unknown Source)
        	at io.restassured.internal.filter.FilterContextImpl.next(FilterContextImpl.groovy:72)
        	at io.restassured.filter.FilterContext$next.call(Unknown Source)
        	at io.restassured.internal.RequestSpecificationImpl.applyPathParamsAndSendRequest(RequestSpecificationImpl.groovy:1704)
        	at io.restassured.internal.RequestSpecificationImpl.this$2$applyPathParamsAndSendRequest(RequestSpecificationImpl.groovy)
        	at java.base/jdk.internal.reflect.NativeMethodAccessorImpl.invoke0(Native Method)
        	at java.base/jdk.internal.reflect.NativeMethodAccessorImpl.invoke(NativeMethodAccessorImpl.java:77)
        	at java.base/jdk.internal.reflect.DelegatingMethodAccessorImpl.invoke(DelegatingMethodAccessorImpl.java:43)
        	at java.base/java.lang.reflect.Method.invoke(Method.java:569)
        	at org.codehaus.groovy.reflection.CachedMethod.invoke(CachedMethod.java:343)
        	at groovy.lang.MetaMethod.doMethodInvoke(MetaMethod.java:328)
        	at groovy.lang.MetaClassImpl.doInvokeMethod(MetaClassImpl.java:1333)
        	at groovy.lang.MetaClassImpl.invokeMethod(MetaClassImpl.java:1088)
        	at groovy.lang.MetaClassImpl.invokeMethod(MetaClassImpl.java:1007)
        	at groovy.lang.MetaClassImpl.invokeMethod(MetaClassImpl.java:790)
        	at io.restassured.internal.RequestSpecificationImpl.invokeMethod(RequestSpecificationImpl.groovy)
        	at org.codehaus.groovy.runtime.callsite.PogoInterceptableSite.call(PogoInterceptableSite.java:46)
        	at org.codehaus.groovy.runtime.callsite.PogoInterceptableSite.callCurrent(PogoInterceptableSite.java:57)
        	at org.codehaus.groovy.runtime.callsite.AbstractCallSite.callCurrent(AbstractCallSite.java:203)
        	at io.restassured.internal.RequestSpecificationImpl.applyPathParamsAndSendRequest(RequestSpecificationImpl.groovy:1710)
        	at io.restassured.internal.RequestSpecificationImpl.this$2$applyPathParamsAndSendRequest(RequestSpecificationImpl.groovy)
        	at java.base/jdk.internal.reflect.NativeMethodAccessorImpl.invoke0(Native Method)
        	at java.base/jdk.internal.reflect.NativeMethodAccessorImpl.invoke(NativeMethodAccessorImpl.java:77)
        	at java.base/jdk.internal.reflect.DelegatingMethodAccessorImpl.invoke(DelegatingMethodAccessorImpl.java:43)
        	at java.base/java.lang.reflect.Method.invoke(Method.java:569)
        	at org.codehaus.groovy.reflection.CachedMethod.invoke(CachedMethod.java:343)
        	at groovy.lang.MetaMethod.doMethodInvoke(MetaMethod.java:328)
        	at groovy.lang.MetaClassImpl.doInvokeMethod(MetaClassImpl.java:1333)
        	at groovy.lang.MetaClassImpl.invokeMethod(MetaClassImpl.java:1088)
        	at groovy.lang.MetaClassImpl.invokeMethod(MetaClassImpl.java:1007)
        	at groovy.lang.MetaClassImpl.invokeMethod(MetaClassImpl.java:790)
        	at io.restassured.internal.RequestSpecificationImpl.invokeMethod(RequestSpecificationImpl.groovy)
        	at org.codehaus.groovy.runtime.callsite.PogoInterceptableSite.call(PogoInterceptableSite.java:46)
        	at org.codehaus.groovy.runtime.callsite.PogoInterceptableSite.callCurrent(PogoInterceptableSite.java:57)
        	at org.codehaus.groovy.runtime.callsite.AbstractCallSite.callCurrent(AbstractCallSite.java:203)
        	at io.restassured.internal.RequestSpecificationImpl.post(RequestSpecificationImpl.groovy:176)
        	at io.restassured.internal.RequestSpecificationImpl.post(RequestSpecificationImpl.groovy)
        	at com.nexly.api.stepDefinitions.TodoApiStepDefinitions.iHaveCreatedATodoWithPriority(TodoApiStepDefinitions.java:135)
        	at âœ½.I have created a TODO with priority "HIGH"(file:///C:/Users/gyana/Rest-Assured/test/src/main/resources/feature/app.feature:136)
  â†· And I have created a TODO with priority "Medium"                     # com.nexly.api.stepDefinitions.TodoApiStepDefinitions.iHaveCreatedATodoWithPriority(java.lang.String)
  â†· When I send a GET request to "/?priority=HIGH"                       # com.nexly.api.stepDefinitions.TodoApiStepDefinitions.iSendARequestTo(java.lang.String,java.lang.String)
  â†· Then the response status code should be 200                          # com.nexly.api.stepDefinitions.TodoApiStepDefinitions.theResponseStatusCodeShouldBe(int)
  â†· And all todos in response should have priority "HIGH"                # com.nexly.api.stepDefinitions.TodoApiStepDefinitions.allTodosInResponseShouldHavePriority(java.lang.String)
Finished scenario: Filter TODOs by priority with status: FAILED
]]></system-out>
  </testcase>
  <testcase name="runScenario[&quot;Filter TODOs by status&quot;, &quot;TODO API Tests&quot;](16)" classname="com.nexly.api.runners.TestRunner" time="0.057">
    <failure message="Connection refused: connect" type="java.net.ConnectException"><![CDATA[java.net.ConnectException: Connection refused: connect
	at java.base/sun.nio.ch.Net.connect0(Native Method)
	at java.base/sun.nio.ch.Net.connect(Net.java:579)
	at java.base/sun.nio.ch.Net.connect(Net.java:568)
	at java.base/sun.nio.ch.NioSocketImpl.connect(NioSocketImpl.java:593)
	at java.base/java.net.SocksSocketImpl.connect(SocksSocketImpl.java:327)
	at java.base/java.net.Socket.connect(Socket.java:633)
	at org.apache.http.conn.scheme.PlainSocketFactory.connectSocket(PlainSocketFactory.java:121)
	at org.apache.http.impl.conn.DefaultClientConnectionOperator.openConnection(DefaultClientConnectionOperator.java:180)
	at org.apache.http.impl.conn.ManagedClientConnectionImpl.open(ManagedClientConnectionImpl.java:326)
	at org.apache.http.impl.client.DefaultRequestDirector.tryConnect(DefaultRequestDirector.java:605)
	at org.apache.http.impl.client.DefaultRequestDirector.execute(DefaultRequestDirector.java:440)
	at org.apache.http.impl.client.AbstractHttpClient.doExecute(AbstractHttpClient.java:835)
	at org.apache.http.impl.client.CloseableHttpClient.execute(CloseableHttpClient.java:83)
	at io.restassured.internal.RestAssuredHttpBuilder.doRequest(RestAssuredHttpBuilder.java:141)
	at io.restassured.internal.http.HTTPBuilder.post(HTTPBuilder.java:349)
	at io.restassured.internal.http.HTTPBuilder$post$2.call(Unknown Source)
	at io.restassured.internal.RequestSpecificationImpl.sendRequest(RequestSpecificationImpl.groovy:1209)
	at io.restassured.internal.RequestSpecificationImpl.this$2$sendRequest(RequestSpecificationImpl.groovy)
	at java.base/jdk.internal.reflect.NativeMethodAccessorImpl.invoke0(Native Method)
	at java.base/jdk.internal.reflect.NativeMethodAccessorImpl.invoke(NativeMethodAccessorImpl.java:77)
	at java.base/jdk.internal.reflect.DelegatingMethodAccessorImpl.invoke(DelegatingMethodAccessorImpl.java:43)
	at java.base/java.lang.reflect.Method.invoke(Method.java:569)
	at org.codehaus.groovy.reflection.CachedMethod.invoke(CachedMethod.java:343)
	at groovy.lang.MetaMethod.doMethodInvoke(MetaMethod.java:328)
	at groovy.lang.MetaClassImpl.doInvokeMethod(MetaClassImpl.java:1333)
	at groovy.lang.MetaClassImpl.invokeMethod(MetaClassImpl.java:1088)
	at groovy.lang.MetaClassImpl.invokeMethod(MetaClassImpl.java:1007)
	at groovy.lang.MetaClassImpl.invokeMethod(MetaClassImpl.java:790)
	at io.restassured.internal.RequestSpecificationImpl.invokeMethod(RequestSpecificationImpl.groovy)
	at org.codehaus.groovy.runtime.callsite.PogoInterceptableSite.call(PogoInterceptableSite.java:46)
	at org.codehaus.groovy.runtime.callsite.AbstractCallSite.call(AbstractCallSite.java:166)
	at io.restassured.internal.filter.SendRequestFilter.filter(SendRequestFilter.groovy:30)
	at io.restassured.filter.Filter$filter.call(Unknown Source)
	at org.codehaus.groovy.runtime.callsite.CallSiteArray.defaultCall(CallSiteArray.java:45)
	at io.restassured.filter.Filter$filter$0.call(Unknown Source)
	at io.restassured.internal.filter.FilterContextImpl.next(FilterContextImpl.groovy:72)
	at io.restassured.filter.time.TimingFilter.filter(TimingFilter.java:56)
	at io.restassured.filter.Filter$filter$0.call(Unknown Source)
	at org.codehaus.groovy.runtime.callsite.CallSiteArray.defaultCall(CallSiteArray.java:45)
	at io.restassured.filter.Filter$filter.call(Unknown Source)
	at io.restassured.internal.filter.FilterContextImpl.next(FilterContextImpl.groovy:72)
	at io.restassured.filter.FilterContext$next.call(Unknown Source)
	at io.restassured.internal.filter.CsrfFilter.filter(CsrfFilter.groovy:89)
	at io.restassured.filter.Filter$filter.call(Unknown Source)
	at org.codehaus.groovy.runtime.callsite.CallSiteArray.defaultCall(CallSiteArray.java:45)
	at io.restassured.filter.Filter$filter.call(Unknown Source)
	at io.restassured.internal.filter.FilterContextImpl.next(FilterContextImpl.groovy:72)
	at io.restassured.filter.FilterContext$next.call(Unknown Source)
	at io.restassured.internal.RequestSpecificationImpl.applyPathParamsAndSendRequest(RequestSpecificationImpl.groovy:1704)
	at io.restassured.internal.RequestSpecificationImpl.this$2$applyPathParamsAndSendRequest(RequestSpecificationImpl.groovy)
	at java.base/jdk.internal.reflect.NativeMethodAccessorImpl.invoke0(Native Method)
	at java.base/jdk.internal.reflect.NativeMethodAccessorImpl.invoke(NativeMethodAccessorImpl.java:77)
	at java.base/jdk.internal.reflect.DelegatingMethodAccessorImpl.invoke(DelegatingMethodAccessorImpl.java:43)
	at java.base/java.lang.reflect.Method.invoke(Method.java:569)
	at org.codehaus.groovy.reflection.CachedMethod.invoke(CachedMethod.java:343)
	at groovy.lang.MetaMethod.doMethodInvoke(MetaMethod.java:328)
	at groovy.lang.MetaClassImpl.doInvokeMethod(MetaClassImpl.java:1333)
	at groovy.lang.MetaClassImpl.invokeMethod(MetaClassImpl.java:1088)
	at groovy.lang.MetaClassImpl.invokeMethod(MetaClassImpl.java:1007)
	at groovy.lang.MetaClassImpl.invokeMethod(MetaClassImpl.java:790)
	at io.restassured.internal.RequestSpecificationImpl.invokeMethod(RequestSpecificationImpl.groovy)
	at org.codehaus.groovy.runtime.callsite.PogoInterceptableSite.call(PogoInterceptableSite.java:46)
	at org.codehaus.groovy.runtime.callsite.PogoInterceptableSite.callCurrent(PogoInterceptableSite.java:57)
	at org.codehaus.groovy.runtime.callsite.AbstractCallSite.callCurrent(AbstractCallSite.java:203)
	at io.restassured.internal.RequestSpecificationImpl.applyPathParamsAndSendRequest(RequestSpecificationImpl.groovy:1710)
	at io.restassured.internal.RequestSpecificationImpl.this$2$applyPathParamsAndSendRequest(RequestSpecificationImpl.groovy)
	at java.base/jdk.internal.reflect.NativeMethodAccessorImpl.invoke0(Native Method)
	at java.base/jdk.internal.reflect.NativeMethodAccessorImpl.invoke(NativeMethodAccessorImpl.java:77)
	at java.base/jdk.internal.reflect.DelegatingMethodAccessorImpl.invoke(DelegatingMethodAccessorImpl.java:43)
	at java.base/java.lang.reflect.Method.invoke(Method.java:569)
	at org.codehaus.groovy.reflection.CachedMethod.invoke(CachedMethod.java:343)
	at groovy.lang.MetaMethod.doMethodInvoke(MetaMethod.java:328)
	at groovy.lang.MetaClassImpl.doInvokeMethod(MetaClassImpl.java:1333)
	at groovy.lang.MetaClassImpl.invokeMethod(MetaClassImpl.java:1088)
	at groovy.lang.MetaClassImpl.invokeMethod(MetaClassImpl.java:1007)
	at groovy.lang.MetaClassImpl.invokeMethod(MetaClassImpl.java:790)
	at io.restassured.internal.RequestSpecificationImpl.invokeMethod(RequestSpecificationImpl.groovy)
	at org.codehaus.groovy.runtime.callsite.PogoInterceptableSite.call(PogoInterceptableSite.java:46)
	at org.codehaus.groovy.runtime.callsite.PogoInterceptableSite.callCurrent(PogoInterceptableSite.java:57)
	at org.codehaus.groovy.runtime.callsite.AbstractCallSite.callCurrent(AbstractCallSite.java:203)
	at io.restassured.internal.RequestSpecificationImpl.post(RequestSpecificationImpl.groovy:176)
	at io.restassured.internal.RequestSpecificationImpl.post(RequestSpecificationImpl.groovy)
	at com.nexly.api.stepDefinitions.TodoApiStepDefinitions.iHaveCreatedATodoWithStatus(TodoApiStepDefinitions.java:151)
	at ✽.I have created a TODO with status "Completed"(file:///C:/Users/gyana/Rest-Assured/test/src/main/resources/feature/app.feature:144)
]]></failure>
    <system-out><![CDATA[Test started: runScenario

@status-filtering
Scenario: Filter TODOs by status                                         # file:///C:/Users/gyana/Rest-Assured/test/src/main/resources/feature/app.feature:143
Starting scenario: Filter TODOs by status
  âœ” Given I set the API base URL to "http://localhost:3000/api/v1/to-do" # com.nexly.api.stepDefinitions.TodoApiStepDefinitions.iSetTheApiBaseUrl(java.lang.String)
  âœ” And I set the authorization header with bearer token                 # com.nexly.api.stepDefinitions.TodoApiStepDefinitions.iSetTheAuthorizationHeader()
  âœ˜ Given I have created a TODO with status "Completed"                  # com.nexly.api.stepDefinitions.TodoApiStepDefinitions.iHaveCreatedATodoWithStatus(java.lang.String)
        java.net.ConnectException: Connection refused: connect
        	at java.base/sun.nio.ch.Net.connect0(Native Method)
        	at java.base/sun.nio.ch.Net.connect(Net.java:579)
        	at java.base/sun.nio.ch.Net.connect(Net.java:568)
        	at java.base/sun.nio.ch.NioSocketImpl.connect(NioSocketImpl.java:593)
        	at java.base/java.net.SocksSocketImpl.connect(SocksSocketImpl.java:327)
        	at java.base/java.net.Socket.connect(Socket.java:633)
        	at org.apache.http.conn.scheme.PlainSocketFactory.connectSocket(PlainSocketFactory.java:121)
        	at org.apache.http.impl.conn.DefaultClientConnectionOperator.openConnection(DefaultClientConnectionOperator.java:180)
        	at org.apache.http.impl.conn.ManagedClientConnectionImpl.open(ManagedClientConnectionImpl.java:326)
        	at org.apache.http.impl.client.DefaultRequestDirector.tryConnect(DefaultRequestDirector.java:605)
        	at org.apache.http.impl.client.DefaultRequestDirector.execute(DefaultRequestDirector.java:440)
        	at org.apache.http.impl.client.AbstractHttpClient.doExecute(AbstractHttpClient.java:835)
        	at org.apache.http.impl.client.CloseableHttpClient.execute(CloseableHttpClient.java:83)
        	at io.restassured.internal.RestAssuredHttpBuilder.doRequest(RestAssuredHttpBuilder.java:141)
        	at io.restassured.internal.http.HTTPBuilder.post(HTTPBuilder.java:349)
        	at io.restassured.internal.http.HTTPBuilder$post$2.call(Unknown Source)
        	at io.restassured.internal.RequestSpecificationImpl.sendRequest(RequestSpecificationImpl.groovy:1209)
        	at io.restassured.internal.RequestSpecificationImpl.this$2$sendRequest(RequestSpecificationImpl.groovy)
        	at java.base/jdk.internal.reflect.NativeMethodAccessorImpl.invoke0(Native Method)
        	at java.base/jdk.internal.reflect.NativeMethodAccessorImpl.invoke(NativeMethodAccessorImpl.java:77)
        	at java.base/jdk.internal.reflect.DelegatingMethodAccessorImpl.invoke(DelegatingMethodAccessorImpl.java:43)
        	at java.base/java.lang.reflect.Method.invoke(Method.java:569)
        	at org.codehaus.groovy.reflection.CachedMethod.invoke(CachedMethod.java:343)
        	at groovy.lang.MetaMethod.doMethodInvoke(MetaMethod.java:328)
        	at groovy.lang.MetaClassImpl.doInvokeMethod(MetaClassImpl.java:1333)
        	at groovy.lang.MetaClassImpl.invokeMethod(MetaClassImpl.java:1088)
        	at groovy.lang.MetaClassImpl.invokeMethod(MetaClassImpl.java:1007)
        	at groovy.lang.MetaClassImpl.invokeMethod(MetaClassImpl.java:790)
        	at io.restassured.internal.RequestSpecificationImpl.invokeMethod(RequestSpecificationImpl.groovy)
        	at org.codehaus.groovy.runtime.callsite.PogoInterceptableSite.call(PogoInterceptableSite.java:46)
        	at org.codehaus.groovy.runtime.callsite.AbstractCallSite.call(AbstractCallSite.java:166)
        	at io.restassured.internal.filter.SendRequestFilter.filter(SendRequestFilter.groovy:30)
        	at io.restassured.filter.Filter$filter.call(Unknown Source)
        	at org.codehaus.groovy.runtime.callsite.CallSiteArray.defaultCall(CallSiteArray.java:45)
        	at io.restassured.filter.Filter$filter$0.call(Unknown Source)
        	at io.restassured.internal.filter.FilterContextImpl.next(FilterContextImpl.groovy:72)
        	at io.restassured.filter.time.TimingFilter.filter(TimingFilter.java:56)
        	at io.restassured.filter.Filter$filter$0.call(Unknown Source)
        	at org.codehaus.groovy.runtime.callsite.CallSiteArray.defaultCall(CallSiteArray.java:45)
        	at io.restassured.filter.Filter$filter.call(Unknown Source)
        	at io.restassured.internal.filter.FilterContextImpl.next(FilterContextImpl.groovy:72)
        	at io.restassured.filter.FilterContext$next.call(Unknown Source)
        	at io.restassured.internal.filter.CsrfFilter.filter(CsrfFilter.groovy:89)
        	at io.restassured.filter.Filter$filter.call(Unknown Source)
        	at org.codehaus.groovy.runtime.callsite.CallSiteArray.defaultCall(CallSiteArray.java:45)
        	at io.restassured.filter.Filter$filter.call(Unknown Source)
        	at io.restassured.internal.filter.FilterContextImpl.next(FilterContextImpl.groovy:72)
        	at io.restassured.filter.FilterContext$next.call(Unknown Source)
        	at io.restassured.internal.RequestSpecificationImpl.applyPathParamsAndSendRequest(RequestSpecificationImpl.groovy:1704)
        	at io.restassured.internal.RequestSpecificationImpl.this$2$applyPathParamsAndSendRequest(RequestSpecificationImpl.groovy)
        	at java.base/jdk.internal.reflect.NativeMethodAccessorImpl.invoke0(Native Method)
        	at java.base/jdk.internal.reflect.NativeMethodAccessorImpl.invoke(NativeMethodAccessorImpl.java:77)
        	at java.base/jdk.internal.reflect.DelegatingMethodAccessorImpl.invoke(DelegatingMethodAccessorImpl.java:43)
        	at java.base/java.lang.reflect.Method.invoke(Method.java:569)
        	at org.codehaus.groovy.reflection.CachedMethod.invoke(CachedMethod.java:343)
        	at groovy.lang.MetaMethod.doMethodInvoke(MetaMethod.java:328)
        	at groovy.lang.MetaClassImpl.doInvokeMethod(MetaClassImpl.java:1333)
        	at groovy.lang.MetaClassImpl.invokeMethod(MetaClassImpl.java:1088)
        	at groovy.lang.MetaClassImpl.invokeMethod(MetaClassImpl.java:1007)
        	at groovy.lang.MetaClassImpl.invokeMethod(MetaClassImpl.java:790)
        	at io.restassured.internal.RequestSpecificationImpl.invokeMethod(RequestSpecificationImpl.groovy)
        	at org.codehaus.groovy.runtime.callsite.PogoInterceptableSite.call(PogoInterceptableSite.java:46)
        	at org.codehaus.groovy.runtime.callsite.PogoInterceptableSite.callCurrent(PogoInterceptableSite.java:57)
        	at org.codehaus.groovy.runtime.callsite.AbstractCallSite.callCurrent(AbstractCallSite.java:203)
        	at io.restassured.internal.RequestSpecificationImpl.applyPathParamsAndSendRequest(RequestSpecificationImpl.groovy:1710)
        	at io.restassured.internal.RequestSpecificationImpl.this$2$applyPathParamsAndSendRequest(RequestSpecificationImpl.groovy)
        	at java.base/jdk.internal.reflect.NativeMethodAccessorImpl.invoke0(Native Method)
        	at java.base/jdk.internal.reflect.NativeMethodAccessorImpl.invoke(NativeMethodAccessorImpl.java:77)
        	at java.base/jdk.internal.reflect.DelegatingMethodAccessorImpl.invoke(DelegatingMethodAccessorImpl.java:43)
        	at java.base/java.lang.reflect.Method.invoke(Method.java:569)
        	at org.codehaus.groovy.reflection.CachedMethod.invoke(CachedMethod.java:343)
        	at groovy.lang.MetaMethod.doMethodInvoke(MetaMethod.java:328)
        	at groovy.lang.MetaClassImpl.doInvokeMethod(MetaClassImpl.java:1333)
        	at groovy.lang.MetaClassImpl.invokeMethod(MetaClassImpl.java:1088)
        	at groovy.lang.MetaClassImpl.invokeMethod(MetaClassImpl.java:1007)
        	at groovy.lang.MetaClassImpl.invokeMethod(MetaClassImpl.java:790)
        	at io.restassured.internal.RequestSpecificationImpl.invokeMethod(RequestSpecificationImpl.groovy)
        	at org.codehaus.groovy.runtime.callsite.PogoInterceptableSite.call(PogoInterceptableSite.java:46)
        	at org.codehaus.groovy.runtime.callsite.PogoInterceptableSite.callCurrent(PogoInterceptableSite.java:57)
        	at org.codehaus.groovy.runtime.callsite.AbstractCallSite.callCurrent(AbstractCallSite.java:203)
        	at io.restassured.internal.RequestSpecificationImpl.post(RequestSpecificationImpl.groovy:176)
        	at io.restassured.internal.RequestSpecificationImpl.post(RequestSpecificationImpl.groovy)
        	at com.nexly.api.stepDefinitions.TodoApiStepDefinitions.iHaveCreatedATodoWithStatus(TodoApiStepDefinitions.java:151)
        	at âœ½.I have created a TODO with status "Completed"(file:///C:/Users/gyana/Rest-Assured/test/src/main/resources/feature/app.feature:144)
  â†· And I have created a TODO with status "In Progress"                  # com.nexly.api.stepDefinitions.TodoApiStepDefinitions.iHaveCreatedATodoWithStatus(java.lang.String)
  â†· When I send a GET request to "/?status=Completed"                    # com.nexly.api.stepDefinitions.TodoApiStepDefinitions.iSendARequestTo(java.lang.String,java.lang.String)
  â†· Then the response status code should be 200                          # com.nexly.api.stepDefinitions.TodoApiStepDefinitions.theResponseStatusCodeShouldBe(int)
  â†· And all todos in response should have status "Completed"             # com.nexly.api.stepDefinitions.TodoApiStepDefinitions.allTodosInResponseShouldHaveStatus(java.lang.String)
Finished scenario: Filter TODOs by status with status: FAILED
]]></system-out>
  </testcase>
  <testcase name="runScenario[&quot;Filter TODOs by date range&quot;, &quot;TODO API Tests&quot;](17)" classname="com.nexly.api.runners.TestRunner" time="0.02">
    <failure message="Connection refused: connect" type="java.net.ConnectException"><![CDATA[java.net.ConnectException: Connection refused: connect
	at java.base/sun.nio.ch.Net.connect0(Native Method)
	at java.base/sun.nio.ch.Net.connect(Net.java:579)
	at java.base/sun.nio.ch.Net.connect(Net.java:568)
	at java.base/sun.nio.ch.NioSocketImpl.connect(NioSocketImpl.java:593)
	at java.base/java.net.SocksSocketImpl.connect(SocksSocketImpl.java:327)
	at java.base/java.net.Socket.connect(Socket.java:633)
	at org.apache.http.conn.scheme.PlainSocketFactory.connectSocket(PlainSocketFactory.java:121)
	at org.apache.http.impl.conn.DefaultClientConnectionOperator.openConnection(DefaultClientConnectionOperator.java:180)
	at org.apache.http.impl.conn.ManagedClientConnectionImpl.open(ManagedClientConnectionImpl.java:326)
	at org.apache.http.impl.client.DefaultRequestDirector.tryConnect(DefaultRequestDirector.java:605)
	at org.apache.http.impl.client.DefaultRequestDirector.execute(DefaultRequestDirector.java:440)
	at org.apache.http.impl.client.AbstractHttpClient.doExecute(AbstractHttpClient.java:835)
	at org.apache.http.impl.client.CloseableHttpClient.execute(CloseableHttpClient.java:83)
	at io.restassured.internal.RestAssuredHttpBuilder.doRequest(RestAssuredHttpBuilder.java:141)
	at io.restassured.internal.http.HTTPBuilder.post(HTTPBuilder.java:349)
	at io.restassured.internal.http.HTTPBuilder$post$2.call(Unknown Source)
	at io.restassured.internal.RequestSpecificationImpl.sendRequest(RequestSpecificationImpl.groovy:1209)
	at io.restassured.internal.RequestSpecificationImpl.this$2$sendRequest(RequestSpecificationImpl.groovy)
	at jdk.internal.reflect.GeneratedMethodAccessor173.invoke(Unknown Source)
	at java.base/jdk.internal.reflect.DelegatingMethodAccessorImpl.invoke(DelegatingMethodAccessorImpl.java:43)
	at java.base/java.lang.reflect.Method.invoke(Method.java:569)
	at org.codehaus.groovy.reflection.CachedMethod.invoke(CachedMethod.java:343)
	at groovy.lang.MetaMethod.doMethodInvoke(MetaMethod.java:328)
	at groovy.lang.MetaClassImpl.doInvokeMethod(MetaClassImpl.java:1333)
	at groovy.lang.MetaClassImpl.invokeMethod(MetaClassImpl.java:1088)
	at groovy.lang.MetaClassImpl.invokeMethod(MetaClassImpl.java:1007)
	at groovy.lang.MetaClassImpl.invokeMethod(MetaClassImpl.java:790)
	at io.restassured.internal.RequestSpecificationImpl.invokeMethod(RequestSpecificationImpl.groovy)
	at org.codehaus.groovy.runtime.callsite.PogoInterceptableSite.call(PogoInterceptableSite.java:46)
	at org.codehaus.groovy.runtime.callsite.AbstractCallSite.call(AbstractCallSite.java:166)
	at io.restassured.internal.filter.SendRequestFilter.filter(SendRequestFilter.groovy:30)
	at io.restassured.filter.Filter$filter.call(Unknown Source)
	at org.codehaus.groovy.runtime.callsite.CallSiteArray.defaultCall(CallSiteArray.java:45)
	at io.restassured.filter.Filter$filter$0.call(Unknown Source)
	at io.restassured.internal.filter.FilterContextImpl.next(FilterContextImpl.groovy:72)
	at io.restassured.filter.time.TimingFilter.filter(TimingFilter.java:56)
	at io.restassured.filter.Filter$filter$0.call(Unknown Source)
	at org.codehaus.groovy.runtime.callsite.CallSiteArray.defaultCall(CallSiteArray.java:45)
	at io.restassured.filter.Filter$filter.call(Unknown Source)
	at io.restassured.internal.filter.FilterContextImpl.next(FilterContextImpl.groovy:72)
	at io.restassured.filter.FilterContext$next.call(Unknown Source)
	at io.restassured.internal.filter.CsrfFilter.filter(CsrfFilter.groovy:89)
	at io.restassured.filter.Filter$filter.call(Unknown Source)
	at org.codehaus.groovy.runtime.callsite.CallSiteArray.defaultCall(CallSiteArray.java:45)
	at io.restassured.filter.Filter$filter.call(Unknown Source)
	at io.restassured.internal.filter.FilterContextImpl.next(FilterContextImpl.groovy:72)
	at io.restassured.filter.FilterContext$next.call(Unknown Source)
	at io.restassured.internal.RequestSpecificationImpl.applyPathParamsAndSendRequest(RequestSpecificationImpl.groovy:1704)
	at io.restassured.internal.RequestSpecificationImpl.this$2$applyPathParamsAndSendRequest(RequestSpecificationImpl.groovy)
	at jdk.internal.reflect.GeneratedMethodAccessor164.invoke(Unknown Source)
	at java.base/jdk.internal.reflect.DelegatingMethodAccessorImpl.invoke(DelegatingMethodAccessorImpl.java:43)
	at java.base/java.lang.reflect.Method.invoke(Method.java:569)
	at org.codehaus.groovy.reflection.CachedMethod.invoke(CachedMethod.java:343)
	at groovy.lang.MetaMethod.doMethodInvoke(MetaMethod.java:328)
	at groovy.lang.MetaClassImpl.doInvokeMethod(MetaClassImpl.java:1333)
	at groovy.lang.MetaClassImpl.invokeMethod(MetaClassImpl.java:1088)
	at groovy.lang.MetaClassImpl.invokeMethod(MetaClassImpl.java:1007)
	at groovy.lang.MetaClassImpl.invokeMethod(MetaClassImpl.java:790)
	at io.restassured.internal.RequestSpecificationImpl.invokeMethod(RequestSpecificationImpl.groovy)
	at org.codehaus.groovy.runtime.callsite.PogoInterceptableSite.call(PogoInterceptableSite.java:46)
	at org.codehaus.groovy.runtime.callsite.PogoInterceptableSite.callCurrent(PogoInterceptableSite.java:57)
	at org.codehaus.groovy.runtime.callsite.AbstractCallSite.callCurrent(AbstractCallSite.java:203)
	at io.restassured.internal.RequestSpecificationImpl.applyPathParamsAndSendRequest(RequestSpecificationImpl.groovy:1710)
	at io.restassured.internal.RequestSpecificationImpl.this$2$applyPathParamsAndSendRequest(RequestSpecificationImpl.groovy)
	at jdk.internal.reflect.GeneratedMethodAccessor163.invoke(Unknown Source)
	at java.base/jdk.internal.reflect.DelegatingMethodAccessorImpl.invoke(DelegatingMethodAccessorImpl.java:43)
	at java.base/java.lang.reflect.Method.invoke(Method.java:569)
	at org.codehaus.groovy.reflection.CachedMethod.invoke(CachedMethod.java:343)
	at groovy.lang.MetaMethod.doMethodInvoke(MetaMethod.java:328)
	at groovy.lang.MetaClassImpl.doInvokeMethod(MetaClassImpl.java:1333)
	at groovy.lang.MetaClassImpl.invokeMethod(MetaClassImpl.java:1088)
	at groovy.lang.MetaClassImpl.invokeMethod(MetaClassImpl.java:1007)
	at groovy.lang.MetaClassImpl.invokeMethod(MetaClassImpl.java:790)
	at io.restassured.internal.RequestSpecificationImpl.invokeMethod(RequestSpecificationImpl.groovy)
	at org.codehaus.groovy.runtime.callsite.PogoInterceptableSite.call(PogoInterceptableSite.java:46)
	at org.codehaus.groovy.runtime.callsite.PogoInterceptableSite.callCurrent(PogoInterceptableSite.java:57)
	at org.codehaus.groovy.runtime.callsite.AbstractCallSite.callCurrent(AbstractCallSite.java:203)
	at io.restassured.internal.RequestSpecificationImpl.post(RequestSpecificationImpl.groovy:176)
	at io.restassured.internal.RequestSpecificationImpl.post(RequestSpecificationImpl.groovy)
	at com.nexly.api.stepDefinitions.TodoApiStepDefinitions.iHaveCreatedATodoWithStartDate(TodoApiStepDefinitions.java:184)
	at ✽.I have created a TODO with startDate "2024-01-01"(file:///C:/Users/gyana/Rest-Assured/test/src/main/resources/feature/app.feature:152)
]]></failure>
    <system-out><![CDATA[Test started: runScenario

@date-range-filtering
Scenario: Filter TODOs by date range                                     # file:///C:/Users/gyana/Rest-Assured/test/src/main/resources/feature/app.feature:151
Starting scenario: Filter TODOs by date range
  âœ” Given I set the API base URL to "http://localhost:3000/api/v1/to-do" # com.nexly.api.stepDefinitions.TodoApiStepDefinitions.iSetTheApiBaseUrl(java.lang.String)
  âœ” And I set the authorization header with bearer token                 # com.nexly.api.stepDefinitions.TodoApiStepDefinitions.iSetTheAuthorizationHeader()
  âœ˜ Given I have created a TODO with startDate "2024-01-01"              # com.nexly.api.stepDefinitions.TodoApiStepDefinitions.iHaveCreatedATodoWithStartDate(java.lang.String)
        java.net.ConnectException: Connection refused: connect
        	at java.base/sun.nio.ch.Net.connect0(Native Method)
        	at java.base/sun.nio.ch.Net.connect(Net.java:579)
        	at java.base/sun.nio.ch.Net.connect(Net.java:568)
        	at java.base/sun.nio.ch.NioSocketImpl.connect(NioSocketImpl.java:593)
        	at java.base/java.net.SocksSocketImpl.connect(SocksSocketImpl.java:327)
        	at java.base/java.net.Socket.connect(Socket.java:633)
        	at org.apache.http.conn.scheme.PlainSocketFactory.connectSocket(PlainSocketFactory.java:121)
        	at org.apache.http.impl.conn.DefaultClientConnectionOperator.openConnection(DefaultClientConnectionOperator.java:180)
        	at org.apache.http.impl.conn.ManagedClientConnectionImpl.open(ManagedClientConnectionImpl.java:326)
        	at org.apache.http.impl.client.DefaultRequestDirector.tryConnect(DefaultRequestDirector.java:605)
        	at org.apache.http.impl.client.DefaultRequestDirector.execute(DefaultRequestDirector.java:440)
        	at org.apache.http.impl.client.AbstractHttpClient.doExecute(AbstractHttpClient.java:835)
        	at org.apache.http.impl.client.CloseableHttpClient.execute(CloseableHttpClient.java:83)
        	at io.restassured.internal.RestAssuredHttpBuilder.doRequest(RestAssuredHttpBuilder.java:141)
        	at io.restassured.internal.http.HTTPBuilder.post(HTTPBuilder.java:349)
        	at io.restassured.internal.http.HTTPBuilder$post$2.call(Unknown Source)
        	at io.restassured.internal.RequestSpecificationImpl.sendRequest(RequestSpecificationImpl.groovy:1209)
        	at io.restassured.internal.RequestSpecificationImpl.this$2$sendRequest(RequestSpecificationImpl.groovy)
        	at jdk.internal.reflect.GeneratedMethodAccessor173.invoke(Unknown Source)
        	at java.base/jdk.internal.reflect.DelegatingMethodAccessorImpl.invoke(DelegatingMethodAccessorImpl.java:43)
        	at java.base/java.lang.reflect.Method.invoke(Method.java:569)
        	at org.codehaus.groovy.reflection.CachedMethod.invoke(CachedMethod.java:343)
        	at groovy.lang.MetaMethod.doMethodInvoke(MetaMethod.java:328)
        	at groovy.lang.MetaClassImpl.doInvokeMethod(MetaClassImpl.java:1333)
        	at groovy.lang.MetaClassImpl.invokeMethod(MetaClassImpl.java:1088)
        	at groovy.lang.MetaClassImpl.invokeMethod(MetaClassImpl.java:1007)
        	at groovy.lang.MetaClassImpl.invokeMethod(MetaClassImpl.java:790)
        	at io.restassured.internal.RequestSpecificationImpl.invokeMethod(RequestSpecificationImpl.groovy)
        	at org.codehaus.groovy.runtime.callsite.PogoInterceptableSite.call(PogoInterceptableSite.java:46)
        	at org.codehaus.groovy.runtime.callsite.AbstractCallSite.call(AbstractCallSite.java:166)
        	at io.restassured.internal.filter.SendRequestFilter.filter(SendRequestFilter.groovy:30)
        	at io.restassured.filter.Filter$filter.call(Unknown Source)
        	at org.codehaus.groovy.runtime.callsite.CallSiteArray.defaultCall(CallSiteArray.java:45)
        	at io.restassured.filter.Filter$filter$0.call(Unknown Source)
        	at io.restassured.internal.filter.FilterContextImpl.next(FilterContextImpl.groovy:72)
        	at io.restassured.filter.time.TimingFilter.filter(TimingFilter.java:56)
        	at io.restassured.filter.Filter$filter$0.call(Unknown Source)
        	at org.codehaus.groovy.runtime.callsite.CallSiteArray.defaultCall(CallSiteArray.java:45)
        	at io.restassured.filter.Filter$filter.call(Unknown Source)
        	at io.restassured.internal.filter.FilterContextImpl.next(FilterContextImpl.groovy:72)
        	at io.restassured.filter.FilterContext$next.call(Unknown Source)
        	at io.restassured.internal.filter.CsrfFilter.filter(CsrfFilter.groovy:89)
        	at io.restassured.filter.Filter$filter.call(Unknown Source)
        	at org.codehaus.groovy.runtime.callsite.CallSiteArray.defaultCall(CallSiteArray.java:45)
        	at io.restassured.filter.Filter$filter.call(Unknown Source)
        	at io.restassured.internal.filter.FilterContextImpl.next(FilterContextImpl.groovy:72)
        	at io.restassured.filter.FilterContext$next.call(Unknown Source)
        	at io.restassured.internal.RequestSpecificationImpl.applyPathParamsAndSendRequest(RequestSpecificationImpl.groovy:1704)
        	at io.restassured.internal.RequestSpecificationImpl.this$2$applyPathParamsAndSendRequest(RequestSpecificationImpl.groovy)
        	at jdk.internal.reflect.GeneratedMethodAccessor164.invoke(Unknown Source)
        	at java.base/jdk.internal.reflect.DelegatingMethodAccessorImpl.invoke(DelegatingMethodAccessorImpl.java:43)
        	at java.base/java.lang.reflect.Method.invoke(Method.java:569)
        	at org.codehaus.groovy.reflection.CachedMethod.invoke(CachedMethod.java:343)
        	at groovy.lang.MetaMethod.doMethodInvoke(MetaMethod.java:328)
        	at groovy.lang.MetaClassImpl.doInvokeMethod(MetaClassImpl.java:1333)
        	at groovy.lang.MetaClassImpl.invokeMethod(MetaClassImpl.java:1088)
        	at groovy.lang.MetaClassImpl.invokeMethod(MetaClassImpl.java:1007)
        	at groovy.lang.MetaClassImpl.invokeMethod(MetaClassImpl.java:790)
        	at io.restassured.internal.RequestSpecificationImpl.invokeMethod(RequestSpecificationImpl.groovy)
        	at org.codehaus.groovy.runtime.callsite.PogoInterceptableSite.call(PogoInterceptableSite.java:46)
        	at org.codehaus.groovy.runtime.callsite.PogoInterceptableSite.callCurrent(PogoInterceptableSite.java:57)
        	at org.codehaus.groovy.runtime.callsite.AbstractCallSite.callCurrent(AbstractCallSite.java:203)
        	at io.restassured.internal.RequestSpecificationImpl.applyPathParamsAndSendRequest(RequestSpecificationImpl.groovy:1710)
        	at io.restassured.internal.RequestSpecificationImpl.this$2$applyPathParamsAndSendRequest(RequestSpecificationImpl.groovy)
        	at jdk.internal.reflect.GeneratedMethodAccessor163.invoke(Unknown Source)
        	at java.base/jdk.internal.reflect.DelegatingMethodAccessorImpl.invoke(DelegatingMethodAccessorImpl.java:43)
        	at java.base/java.lang.reflect.Method.invoke(Method.java:569)
        	at org.codehaus.groovy.reflection.CachedMethod.invoke(CachedMethod.java:343)
        	at groovy.lang.MetaMethod.doMethodInvoke(MetaMethod.java:328)
        	at groovy.lang.MetaClassImpl.doInvokeMethod(MetaClassImpl.java:1333)
        	at groovy.lang.MetaClassImpl.invokeMethod(MetaClassImpl.java:1088)
        	at groovy.lang.MetaClassImpl.invokeMethod(MetaClassImpl.java:1007)
        	at groovy.lang.MetaClassImpl.invokeMethod(MetaClassImpl.java:790)
        	at io.restassured.internal.RequestSpecificationImpl.invokeMethod(RequestSpecificationImpl.groovy)
        	at org.codehaus.groovy.runtime.callsite.PogoInterceptableSite.call(PogoInterceptableSite.java:46)
        	at org.codehaus.groovy.runtime.callsite.PogoInterceptableSite.callCurrent(PogoInterceptableSite.java:57)
        	at org.codehaus.groovy.runtime.callsite.AbstractCallSite.callCurrent(AbstractCallSite.java:203)
        	at io.restassured.internal.RequestSpecificationImpl.post(RequestSpecificationImpl.groovy:176)
        	at io.restassured.internal.RequestSpecificationImpl.post(RequestSpecificationImpl.groovy)
        	at com.nexly.api.stepDefinitions.TodoApiStepDefinitions.iHaveCreatedATodoWithStartDate(TodoApiStepDefinitions.java:184)
        	at âœ½.I have created a TODO with startDate "2024-01-01"(file:///C:/Users/gyana/Rest-Assured/test/src/main/resources/feature/app.feature:152)
  â†· And I have created a TODO with startDate "2024-06-01"                # com.nexly.api.stepDefinitions.TodoApiStepDefinitions.iHaveCreatedATodoWithStartDate(java.lang.String)
  â†· When I send a GET request to "/?startDateFrom=2024-05-01"            # com.nexly.api.stepDefinitions.TodoApiStepDefinitions.iSendARequestTo(java.lang.String,java.lang.String)
  â†· Then the response status code should be 200                          # com.nexly.api.stepDefinitions.TodoApiStepDefinitions.theResponseStatusCodeShouldBe(int)
  â†· And all todos in response should have startDate after "2024-05-01"   # com.nexly.api.stepDefinitions.TodoApiStepDefinitions.allTodosInResponseShouldHaveStartDateAfter(java.lang.String)
Finished scenario: Filter TODOs by date range with status: FAILED
]]></system-out>
  </testcase>
  <testcase name="runScenario[&quot;Apply multiple filters simultaneously&quot;, &quot;TODO API Tests&quot;](18)" classname="com.nexly.api.runners.TestRunner" time="0.025">
    <failure message="Connection refused: connect" type="java.net.ConnectException"><![CDATA[java.net.ConnectException: Connection refused: connect
	at java.base/sun.nio.ch.Net.connect0(Native Method)
	at java.base/sun.nio.ch.Net.connect(Net.java:579)
	at java.base/sun.nio.ch.Net.connect(Net.java:568)
	at java.base/sun.nio.ch.NioSocketImpl.connect(NioSocketImpl.java:593)
	at java.base/java.net.SocksSocketImpl.connect(SocksSocketImpl.java:327)
	at java.base/java.net.Socket.connect(Socket.java:633)
	at org.apache.http.conn.scheme.PlainSocketFactory.connectSocket(PlainSocketFactory.java:121)
	at org.apache.http.impl.conn.DefaultClientConnectionOperator.openConnection(DefaultClientConnectionOperator.java:180)
	at org.apache.http.impl.conn.ManagedClientConnectionImpl.open(ManagedClientConnectionImpl.java:326)
	at org.apache.http.impl.client.DefaultRequestDirector.tryConnect(DefaultRequestDirector.java:605)
	at org.apache.http.impl.client.DefaultRequestDirector.execute(DefaultRequestDirector.java:440)
	at org.apache.http.impl.client.AbstractHttpClient.doExecute(AbstractHttpClient.java:835)
	at org.apache.http.impl.client.CloseableHttpClient.execute(CloseableHttpClient.java:83)
	at io.restassured.internal.RestAssuredHttpBuilder.doRequest(RestAssuredHttpBuilder.java:141)
	at io.restassured.internal.http.HTTPBuilder.post(HTTPBuilder.java:349)
	at io.restassured.internal.http.HTTPBuilder$post$2.call(Unknown Source)
	at io.restassured.internal.RequestSpecificationImpl.sendRequest(RequestSpecificationImpl.groovy:1209)
	at io.restassured.internal.RequestSpecificationImpl.this$2$sendRequest(RequestSpecificationImpl.groovy)
	at jdk.internal.reflect.GeneratedMethodAccessor173.invoke(Unknown Source)
	at java.base/jdk.internal.reflect.DelegatingMethodAccessorImpl.invoke(DelegatingMethodAccessorImpl.java:43)
	at java.base/java.lang.reflect.Method.invoke(Method.java:569)
	at org.codehaus.groovy.reflection.CachedMethod.invoke(CachedMethod.java:343)
	at groovy.lang.MetaMethod.doMethodInvoke(MetaMethod.java:328)
	at groovy.lang.MetaClassImpl.doInvokeMethod(MetaClassImpl.java:1333)
	at groovy.lang.MetaClassImpl.invokeMethod(MetaClassImpl.java:1088)
	at groovy.lang.MetaClassImpl.invokeMethod(MetaClassImpl.java:1007)
	at groovy.lang.MetaClassImpl.invokeMethod(MetaClassImpl.java:790)
	at io.restassured.internal.RequestSpecificationImpl.invokeMethod(RequestSpecificationImpl.groovy)
	at org.codehaus.groovy.runtime.callsite.PogoInterceptableSite.call(PogoInterceptableSite.java:46)
	at org.codehaus.groovy.runtime.callsite.AbstractCallSite.call(AbstractCallSite.java:166)
	at io.restassured.internal.filter.SendRequestFilter.filter(SendRequestFilter.groovy:30)
	at io.restassured.filter.Filter$filter.call(Unknown Source)
	at org.codehaus.groovy.runtime.callsite.CallSiteArray.defaultCall(CallSiteArray.java:45)
	at io.restassured.filter.Filter$filter$0.call(Unknown Source)
	at io.restassured.internal.filter.FilterContextImpl.next(FilterContextImpl.groovy:72)
	at io.restassured.filter.time.TimingFilter.filter(TimingFilter.java:56)
	at io.restassured.filter.Filter$filter$0.call(Unknown Source)
	at org.codehaus.groovy.runtime.callsite.CallSiteArray.defaultCall(CallSiteArray.java:45)
	at io.restassured.filter.Filter$filter.call(Unknown Source)
	at io.restassured.internal.filter.FilterContextImpl.next(FilterContextImpl.groovy:72)
	at io.restassured.filter.FilterContext$next.call(Unknown Source)
	at io.restassured.internal.filter.CsrfFilter.filter(CsrfFilter.groovy:89)
	at io.restassured.filter.Filter$filter.call(Unknown Source)
	at org.codehaus.groovy.runtime.callsite.CallSiteArray.defaultCall(CallSiteArray.java:45)
	at io.restassured.filter.Filter$filter.call(Unknown Source)
	at io.restassured.internal.filter.FilterContextImpl.next(FilterContextImpl.groovy:72)
	at io.restassured.filter.FilterContext$next.call(Unknown Source)
	at io.restassured.internal.RequestSpecificationImpl.applyPathParamsAndSendRequest(RequestSpecificationImpl.groovy:1704)
	at io.restassured.internal.RequestSpecificationImpl.this$2$applyPathParamsAndSendRequest(RequestSpecificationImpl.groovy)
	at jdk.internal.reflect.GeneratedMethodAccessor164.invoke(Unknown Source)
	at java.base/jdk.internal.reflect.DelegatingMethodAccessorImpl.invoke(DelegatingMethodAccessorImpl.java:43)
	at java.base/java.lang.reflect.Method.invoke(Method.java:569)
	at org.codehaus.groovy.reflection.CachedMethod.invoke(CachedMethod.java:343)
	at groovy.lang.MetaMethod.doMethodInvoke(MetaMethod.java:328)
	at groovy.lang.MetaClassImpl.doInvokeMethod(MetaClassImpl.java:1333)
	at groovy.lang.MetaClassImpl.invokeMethod(MetaClassImpl.java:1088)
	at groovy.lang.MetaClassImpl.invokeMethod(MetaClassImpl.java:1007)
	at groovy.lang.MetaClassImpl.invokeMethod(MetaClassImpl.java:790)
	at io.restassured.internal.RequestSpecificationImpl.invokeMethod(RequestSpecificationImpl.groovy)
	at org.codehaus.groovy.runtime.callsite.PogoInterceptableSite.call(PogoInterceptableSite.java:46)
	at org.codehaus.groovy.runtime.callsite.PogoInterceptableSite.callCurrent(PogoInterceptableSite.java:57)
	at org.codehaus.groovy.runtime.callsite.AbstractCallSite.callCurrent(AbstractCallSite.java:203)
	at io.restassured.internal.RequestSpecificationImpl.applyPathParamsAndSendRequest(RequestSpecificationImpl.groovy:1710)
	at io.restassured.internal.RequestSpecificationImpl.this$2$applyPathParamsAndSendRequest(RequestSpecificationImpl.groovy)
	at jdk.internal.reflect.GeneratedMethodAccessor163.invoke(Unknown Source)
	at java.base/jdk.internal.reflect.DelegatingMethodAccessorImpl.invoke(DelegatingMethodAccessorImpl.java:43)
	at java.base/java.lang.reflect.Method.invoke(Method.java:569)
	at org.codehaus.groovy.reflection.CachedMethod.invoke(CachedMethod.java:343)
	at groovy.lang.MetaMethod.doMethodInvoke(MetaMethod.java:328)
	at groovy.lang.MetaClassImpl.doInvokeMethod(MetaClassImpl.java:1333)
	at groovy.lang.MetaClassImpl.invokeMethod(MetaClassImpl.java:1088)
	at groovy.lang.MetaClassImpl.invokeMethod(MetaClassImpl.java:1007)
	at groovy.lang.MetaClassImpl.invokeMethod(MetaClassImpl.java:790)
	at io.restassured.internal.RequestSpecificationImpl.invokeMethod(RequestSpecificationImpl.groovy)
	at org.codehaus.groovy.runtime.callsite.PogoInterceptableSite.call(PogoInterceptableSite.java:46)
	at org.codehaus.groovy.runtime.callsite.PogoInterceptableSite.callCurrent(PogoInterceptableSite.java:57)
	at org.codehaus.groovy.runtime.callsite.AbstractCallSite.callCurrent(AbstractCallSite.java:203)
	at io.restassured.internal.RequestSpecificationImpl.post(RequestSpecificationImpl.groovy:176)
	at io.restassured.internal.RequestSpecificationImpl.post(RequestSpecificationImpl.groovy)
	at com.nexly.api.stepDefinitions.TodoApiStepDefinitions.iHaveCreatedATodoWithWorkTypeAndPriority(TodoApiStepDefinitions.java:200)
	at ✽.I have created a TODO with workType "Personal" and priority "HIGH"(file:///C:/Users/gyana/Rest-Assured/test/src/main/resources/feature/app.feature:160)
]]></failure>
    <system-out><![CDATA[Test started: runScenario

@multiple-filters
Scenario: Apply multiple filters simultaneously                                # file:///C:/Users/gyana/Rest-Assured/test/src/main/resources/feature/app.feature:159
Starting scenario: Apply multiple filters simultaneously
  âœ” Given I set the API base URL to "http://localhost:3000/api/v1/to-do"       # com.nexly.api.stepDefinitions.TodoApiStepDefinitions.iSetTheApiBaseUrl(java.lang.String)
  âœ” And I set the authorization header with bearer token                       # com.nexly.api.stepDefinitions.TodoApiStepDefinitions.iSetTheAuthorizationHeader()
  âœ˜ Given I have created a TODO with workType "Personal" and priority "HIGH"   # com.nexly.api.stepDefinitions.TodoApiStepDefinitions.iHaveCreatedATodoWithWorkTypeAndPriority(java.lang.String,java.lang.String)
        java.net.ConnectException: Connection refused: connect
        	at java.base/sun.nio.ch.Net.connect0(Native Method)
        	at java.base/sun.nio.ch.Net.connect(Net.java:579)
        	at java.base/sun.nio.ch.Net.connect(Net.java:568)
        	at java.base/sun.nio.ch.NioSocketImpl.connect(NioSocketImpl.java:593)
        	at java.base/java.net.SocksSocketImpl.connect(SocksSocketImpl.java:327)
        	at java.base/java.net.Socket.connect(Socket.java:633)
        	at org.apache.http.conn.scheme.PlainSocketFactory.connectSocket(PlainSocketFactory.java:121)
        	at org.apache.http.impl.conn.DefaultClientConnectionOperator.openConnection(DefaultClientConnectionOperator.java:180)
        	at org.apache.http.impl.conn.ManagedClientConnectionImpl.open(ManagedClientConnectionImpl.java:326)
        	at org.apache.http.impl.client.DefaultRequestDirector.tryConnect(DefaultRequestDirector.java:605)
        	at org.apache.http.impl.client.DefaultRequestDirector.execute(DefaultRequestDirector.java:440)
        	at org.apache.http.impl.client.AbstractHttpClient.doExecute(AbstractHttpClient.java:835)
        	at org.apache.http.impl.client.CloseableHttpClient.execute(CloseableHttpClient.java:83)
        	at io.restassured.internal.RestAssuredHttpBuilder.doRequest(RestAssuredHttpBuilder.java:141)
        	at io.restassured.internal.http.HTTPBuilder.post(HTTPBuilder.java:349)
        	at io.restassured.internal.http.HTTPBuilder$post$2.call(Unknown Source)
        	at io.restassured.internal.RequestSpecificationImpl.sendRequest(RequestSpecificationImpl.groovy:1209)
        	at io.restassured.internal.RequestSpecificationImpl.this$2$sendRequest(RequestSpecificationImpl.groovy)
        	at jdk.internal.reflect.GeneratedMethodAccessor173.invoke(Unknown Source)
        	at java.base/jdk.internal.reflect.DelegatingMethodAccessorImpl.invoke(DelegatingMethodAccessorImpl.java:43)
        	at java.base/java.lang.reflect.Method.invoke(Method.java:569)
        	at org.codehaus.groovy.reflection.CachedMethod.invoke(CachedMethod.java:343)
        	at groovy.lang.MetaMethod.doMethodInvoke(MetaMethod.java:328)
        	at groovy.lang.MetaClassImpl.doInvokeMethod(MetaClassImpl.java:1333)
        	at groovy.lang.MetaClassImpl.invokeMethod(MetaClassImpl.java:1088)
        	at groovy.lang.MetaClassImpl.invokeMethod(MetaClassImpl.java:1007)
        	at groovy.lang.MetaClassImpl.invokeMethod(MetaClassImpl.java:790)
        	at io.restassured.internal.RequestSpecificationImpl.invokeMethod(RequestSpecificationImpl.groovy)
        	at org.codehaus.groovy.runtime.callsite.PogoInterceptableSite.call(PogoInterceptableSite.java:46)
        	at org.codehaus.groovy.runtime.callsite.AbstractCallSite.call(AbstractCallSite.java:166)
        	at io.restassured.internal.filter.SendRequestFilter.filter(SendRequestFilter.groovy:30)
        	at io.restassured.filter.Filter$filter.call(Unknown Source)
        	at org.codehaus.groovy.runtime.callsite.CallSiteArray.defaultCall(CallSiteArray.java:45)
        	at io.restassured.filter.Filter$filter$0.call(Unknown Source)
        	at io.restassured.internal.filter.FilterContextImpl.next(FilterContextImpl.groovy:72)
        	at io.restassured.filter.time.TimingFilter.filter(TimingFilter.java:56)
        	at io.restassured.filter.Filter$filter$0.call(Unknown Source)
        	at org.codehaus.groovy.runtime.callsite.CallSiteArray.defaultCall(CallSiteArray.java:45)
        	at io.restassured.filter.Filter$filter.call(Unknown Source)
        	at io.restassured.internal.filter.FilterContextImpl.next(FilterContextImpl.groovy:72)
        	at io.restassured.filter.FilterContext$next.call(Unknown Source)
        	at io.restassured.internal.filter.CsrfFilter.filter(CsrfFilter.groovy:89)
        	at io.restassured.filter.Filter$filter.call(Unknown Source)
        	at org.codehaus.groovy.runtime.callsite.CallSiteArray.defaultCall(CallSiteArray.java:45)
        	at io.restassured.filter.Filter$filter.call(Unknown Source)
        	at io.restassured.internal.filter.FilterContextImpl.next(FilterContextImpl.groovy:72)
        	at io.restassured.filter.FilterContext$next.call(Unknown Source)
        	at io.restassured.internal.RequestSpecificationImpl.applyPathParamsAndSendRequest(RequestSpecificationImpl.groovy:1704)
        	at io.restassured.internal.RequestSpecificationImpl.this$2$applyPathParamsAndSendRequest(RequestSpecificationImpl.groovy)
        	at jdk.internal.reflect.GeneratedMethodAccessor164.invoke(Unknown Source)
        	at java.base/jdk.internal.reflect.DelegatingMethodAccessorImpl.invoke(DelegatingMethodAccessorImpl.java:43)
        	at java.base/java.lang.reflect.Method.invoke(Method.java:569)
        	at org.codehaus.groovy.reflection.CachedMethod.invoke(CachedMethod.java:343)
        	at groovy.lang.MetaMethod.doMethodInvoke(MetaMethod.java:328)
        	at groovy.lang.MetaClassImpl.doInvokeMethod(MetaClassImpl.java:1333)
        	at groovy.lang.MetaClassImpl.invokeMethod(MetaClassImpl.java:1088)
        	at groovy.lang.MetaClassImpl.invokeMethod(MetaClassImpl.java:1007)
        	at groovy.lang.MetaClassImpl.invokeMethod(MetaClassImpl.java:790)
        	at io.restassured.internal.RequestSpecificationImpl.invokeMethod(RequestSpecificationImpl.groovy)
        	at org.codehaus.groovy.runtime.callsite.PogoInterceptableSite.call(PogoInterceptableSite.java:46)
        	at org.codehaus.groovy.runtime.callsite.PogoInterceptableSite.callCurrent(PogoInterceptableSite.java:57)
        	at org.codehaus.groovy.runtime.callsite.AbstractCallSite.callCurrent(AbstractCallSite.java:203)
        	at io.restassured.internal.RequestSpecificationImpl.applyPathParamsAndSendRequest(RequestSpecificationImpl.groovy:1710)
        	at io.restassured.internal.RequestSpecificationImpl.this$2$applyPathParamsAndSendRequest(RequestSpecificationImpl.groovy)
        	at jdk.internal.reflect.GeneratedMethodAccessor163.invoke(Unknown Source)
        	at java.base/jdk.internal.reflect.DelegatingMethodAccessorImpl.invoke(DelegatingMethodAccessorImpl.java:43)
        	at java.base/java.lang.reflect.Method.invoke(Method.java:569)
        	at org.codehaus.groovy.reflection.CachedMethod.invoke(CachedMethod.java:343)
        	at groovy.lang.MetaMethod.doMethodInvoke(MetaMethod.java:328)
        	at groovy.lang.MetaClassImpl.doInvokeMethod(MetaClassImpl.java:1333)
        	at groovy.lang.MetaClassImpl.invokeMethod(MetaClassImpl.java:1088)
        	at groovy.lang.MetaClassImpl.invokeMethod(MetaClassImpl.java:1007)
        	at groovy.lang.MetaClassImpl.invokeMethod(MetaClassImpl.java:790)
        	at io.restassured.internal.RequestSpecificationImpl.invokeMethod(RequestSpecificationImpl.groovy)
        	at org.codehaus.groovy.runtime.callsite.PogoInterceptableSite.call(PogoInterceptableSite.java:46)
        	at org.codehaus.groovy.runtime.callsite.PogoInterceptableSite.callCurrent(PogoInterceptableSite.java:57)
        	at org.codehaus.groovy.runtime.callsite.AbstractCallSite.callCurrent(AbstractCallSite.java:203)
        	at io.restassured.internal.RequestSpecificationImpl.post(RequestSpecificationImpl.groovy:176)
        	at io.restassured.internal.RequestSpecificationImpl.post(RequestSpecificationImpl.groovy)
        	at com.nexly.api.stepDefinitions.TodoApiStepDefinitions.iHaveCreatedATodoWithWorkTypeAndPriority(TodoApiStepDefinitions.java:200)
        	at âœ½.I have created a TODO with workType "Personal" and priority "HIGH"(file:///C:/Users/gyana/Rest-Assured/test/src/main/resources/feature/app.feature:160)
  â†· And I have created a TODO with workType "Professional" and priority "HIGH" # com.nexly.api.stepDefinitions.TodoApiStepDefinitions.iHaveCreatedATodoWithWorkTypeAndPriority(java.lang.String,java.lang.String)
  â†· And I have created a TODO with workType "Personal" and priority "Medium"   # com.nexly.api.stepDefinitions.TodoApiStepDefinitions.iHaveCreatedATodoWithWorkTypeAndPriority(java.lang.String,java.lang.String)
  â†· When I send a GET request to "/?workType=Personal&priority=HIGH"           # com.nexly.api.stepDefinitions.TodoApiStepDefinitions.iSendARequestTo(java.lang.String,java.lang.String)
  â†· Then the response status code should be 200                                # com.nexly.api.stepDefinitions.TodoApiStepDefinitions.theResponseStatusCodeShouldBe(int)
  â†· And all todos in response should have workType "Personal"                  # com.nexly.api.stepDefinitions.TodoApiStepDefinitions.allTodosInResponseShouldHaveWorkType(java.lang.String)
  â†· And all todos in response should have priority "HIGH"                      # com.nexly.api.stepDefinitions.TodoApiStepDefinitions.allTodosInResponseShouldHavePriority(java.lang.String)
Finished scenario: Apply multiple filters simultaneously with status: FAILED
]]></system-out>
  </testcase>
  <testcase name="runScenario[&quot;Access API without authorization should fail&quot;, &quot;TODO API Tests&quot;](19)" classname="com.nexly.api.runners.TestRunner" time="0.017">
    <failure message="Failed to send GET request to /" type="java.lang.RuntimeException"><![CDATA[java.lang.RuntimeException: Failed to send GET request to /
	at com.nexly.api.stepDefinitions.TodoApiStepDefinitions.iSendARequestTo(TodoApiStepDefinitions.java:275)
	at ✽.I send a GET request to "/"(file:///C:/Users/gyana/Rest-Assured/test/src/main/resources/feature/app.feature:171)
Caused by: java.net.ConnectException: Connection refused: connect
	at java.base/sun.nio.ch.Net.connect0(Native Method)
	at java.base/sun.nio.ch.Net.connect(Net.java:579)
	at java.base/sun.nio.ch.Net.connect(Net.java:568)
	at java.base/sun.nio.ch.NioSocketImpl.connect(NioSocketImpl.java:593)
	at java.base/java.net.SocksSocketImpl.connect(SocksSocketImpl.java:327)
	at java.base/java.net.Socket.connect(Socket.java:633)
	at org.apache.http.conn.scheme.PlainSocketFactory.connectSocket(PlainSocketFactory.java:121)
	at org.apache.http.impl.conn.DefaultClientConnectionOperator.openConnection(DefaultClientConnectionOperator.java:180)
	at org.apache.http.impl.conn.ManagedClientConnectionImpl.open(ManagedClientConnectionImpl.java:326)
	at org.apache.http.impl.client.DefaultRequestDirector.tryConnect(DefaultRequestDirector.java:605)
	at org.apache.http.impl.client.DefaultRequestDirector.execute(DefaultRequestDirector.java:440)
	at org.apache.http.impl.client.AbstractHttpClient.doExecute(AbstractHttpClient.java:835)
	at org.apache.http.impl.client.CloseableHttpClient.execute(CloseableHttpClient.java:83)
	at io.restassured.internal.RestAssuredHttpBuilder.doRequest(RestAssuredHttpBuilder.java:141)
	at io.restassured.internal.http.HTTPBuilder.doRequest(HTTPBuilder.java:496)
	at io.restassured.internal.http.HTTPBuilder.request(HTTPBuilder.java:453)
	at io.restassured.internal.http.HTTPBuilder$request$3.call(Unknown Source)
	at io.restassured.internal.RequestSpecificationImpl.sendHttpRequest(RequestSpecificationImpl.groovy:1480)
	at io.restassured.internal.RequestSpecificationImpl.this$2$sendHttpRequest(RequestSpecificationImpl.groovy)
	at java.base/jdk.internal.reflect.NativeMethodAccessorImpl.invoke0(Native Method)
	at java.base/jdk.internal.reflect.NativeMethodAccessorImpl.invoke(NativeMethodAccessorImpl.java:77)
	at java.base/jdk.internal.reflect.DelegatingMethodAccessorImpl.invoke(DelegatingMethodAccessorImpl.java:43)
	at java.base/java.lang.reflect.Method.invoke(Method.java:569)
	at org.codehaus.groovy.reflection.CachedMethod.invoke(CachedMethod.java:343)
	at groovy.lang.MetaMethod.doMethodInvoke(MetaMethod.java:328)
	at groovy.lang.MetaClassImpl.doInvokeMethod(MetaClassImpl.java:1333)
	at groovy.lang.MetaClassImpl.invokeMethod(MetaClassImpl.java:1088)
	at groovy.lang.MetaClassImpl.invokeMethod(MetaClassImpl.java:1007)
	at groovy.lang.MetaClassImpl.invokeMethod(MetaClassImpl.java:790)
	at io.restassured.internal.RequestSpecificationImpl.invokeMethod(RequestSpecificationImpl.groovy)
	at org.codehaus.groovy.runtime.callsite.PogoInterceptableSite.call(PogoInterceptableSite.java:46)
	at org.codehaus.groovy.runtime.callsite.PogoInterceptableSite.callCurrent(PogoInterceptableSite.java:57)
	at io.restassured.internal.RequestSpecificationImpl.sendRequest(RequestSpecificationImpl.groovy:1229)
	at io.restassured.internal.RequestSpecificationImpl.this$2$sendRequest(RequestSpecificationImpl.groovy)
	at jdk.internal.reflect.GeneratedMethodAccessor173.invoke(Unknown Source)
	at java.base/jdk.internal.reflect.DelegatingMethodAccessorImpl.invoke(DelegatingMethodAccessorImpl.java:43)
	at java.base/java.lang.reflect.Method.invoke(Method.java:569)
	at org.codehaus.groovy.reflection.CachedMethod.invoke(CachedMethod.java:343)
	at groovy.lang.MetaMethod.doMethodInvoke(MetaMethod.java:328)
	at groovy.lang.MetaClassImpl.doInvokeMethod(MetaClassImpl.java:1333)
	at groovy.lang.MetaClassImpl.invokeMethod(MetaClassImpl.java:1088)
	at groovy.lang.MetaClassImpl.invokeMethod(MetaClassImpl.java:1007)
	at groovy.lang.MetaClassImpl.invokeMethod(MetaClassImpl.java:790)
	at io.restassured.internal.RequestSpecificationImpl.invokeMethod(RequestSpecificationImpl.groovy)
	at org.codehaus.groovy.runtime.callsite.PogoInterceptableSite.call(PogoInterceptableSite.java:46)
	at org.codehaus.groovy.runtime.callsite.AbstractCallSite.call(AbstractCallSite.java:166)
	at io.restassured.internal.filter.SendRequestFilter.filter(SendRequestFilter.groovy:30)
	at io.restassured.filter.Filter$filter.call(Unknown Source)
	at org.codehaus.groovy.runtime.callsite.CallSiteArray.defaultCall(CallSiteArray.java:45)
	at io.restassured.filter.Filter$filter$0.call(Unknown Source)
	at io.restassured.internal.filter.FilterContextImpl.next(FilterContextImpl.groovy:72)
	at io.restassured.filter.time.TimingFilter.filter(TimingFilter.java:56)
	at io.restassured.filter.Filter$filter$0.call(Unknown Source)
	at org.codehaus.groovy.runtime.callsite.CallSiteArray.defaultCall(CallSiteArray.java:45)
	at io.restassured.filter.Filter$filter.call(Unknown Source)
	at io.restassured.internal.filter.FilterContextImpl.next(FilterContextImpl.groovy:72)
	at io.restassured.filter.FilterContext$next.call(Unknown Source)
	at io.restassured.internal.filter.CsrfFilter.filter(CsrfFilter.groovy:89)
	at io.restassured.filter.Filter$filter.call(Unknown Source)
	at org.codehaus.groovy.runtime.callsite.CallSiteArray.defaultCall(CallSiteArray.java:45)
	at io.restassured.filter.Filter$filter.call(Unknown Source)
	at io.restassured.internal.filter.FilterContextImpl.next(FilterContextImpl.groovy:72)
	at io.restassured.filter.FilterContext$next.call(Unknown Source)
	at io.restassured.internal.RequestSpecificationImpl.applyPathParamsAndSendRequest(RequestSpecificationImpl.groovy:1704)
	at io.restassured.internal.RequestSpecificationImpl.this$2$applyPathParamsAndSendRequest(RequestSpecificationImpl.groovy)
	at jdk.internal.reflect.GeneratedMethodAccessor164.invoke(Unknown Source)
	at java.base/jdk.internal.reflect.DelegatingMethodAccessorImpl.invoke(DelegatingMethodAccessorImpl.java:43)
	at java.base/java.lang.reflect.Method.invoke(Method.java:569)
	at org.codehaus.groovy.reflection.CachedMethod.invoke(CachedMethod.java:343)
	at groovy.lang.MetaMethod.doMethodInvoke(MetaMethod.java:328)
	at groovy.lang.MetaClassImpl.doInvokeMethod(MetaClassImpl.java:1333)
	at groovy.lang.MetaClassImpl.invokeMethod(MetaClassImpl.java:1088)
	at groovy.lang.MetaClassImpl.invokeMethod(MetaClassImpl.java:1007)
	at groovy.lang.MetaClassImpl.invokeMethod(MetaClassImpl.java:790)
	at io.restassured.internal.RequestSpecificationImpl.invokeMethod(RequestSpecificationImpl.groovy)
	at org.codehaus.groovy.runtime.callsite.PogoInterceptableSite.call(PogoInterceptableSite.java:46)
	at org.codehaus.groovy.runtime.callsite.PogoInterceptableSite.callCurrent(PogoInterceptableSite.java:57)
	at org.codehaus.groovy.runtime.callsite.AbstractCallSite.callCurrent(AbstractCallSite.java:203)
	at io.restassured.internal.RequestSpecificationImpl.applyPathParamsAndSendRequest(RequestSpecificationImpl.groovy:1710)
	at io.restassured.internal.RequestSpecificationImpl.this$2$applyPathParamsAndSendRequest(RequestSpecificationImpl.groovy)
	at jdk.internal.reflect.GeneratedMethodAccessor163.invoke(Unknown Source)
	at java.base/jdk.internal.reflect.DelegatingMethodAccessorImpl.invoke(DelegatingMethodAccessorImpl.java:43)
	at java.base/java.lang.reflect.Method.invoke(Method.java:569)
	at org.codehaus.groovy.reflection.CachedMethod.invoke(CachedMethod.java:343)
	at groovy.lang.MetaMethod.doMethodInvoke(MetaMethod.java:328)
	at groovy.lang.MetaClassImpl.doInvokeMethod(MetaClassImpl.java:1333)
	at groovy.lang.MetaClassImpl.invokeMethod(MetaClassImpl.java:1088)
	at groovy.lang.MetaClassImpl.invokeMethod(MetaClassImpl.java:1007)
	at groovy.lang.MetaClassImpl.invokeMethod(MetaClassImpl.java:790)
	at io.restassured.internal.RequestSpecificationImpl.invokeMethod(RequestSpecificationImpl.groovy)
	at org.codehaus.groovy.runtime.callsite.PogoInterceptableSite.call(PogoInterceptableSite.java:46)
	at org.codehaus.groovy.runtime.callsite.PogoInterceptableSite.callCurrent(PogoInterceptableSite.java:57)
	at org.codehaus.groovy.runtime.callsite.AbstractCallSite.callCurrent(AbstractCallSite.java:203)
	at io.restassured.internal.RequestSpecificationImpl.get(RequestSpecificationImpl.groovy:172)
	at io.restassured.internal.RequestSpecificationImpl.get(RequestSpecificationImpl.groovy)
	at com.nexly.api.stepDefinitions.TodoApiStepDefinitions.iSendARequestTo(TodoApiStepDefinitions.java:256)
	... 1 more
]]></failure>
    <system-out><![CDATA[Test started: runScenario

@unauthorized-access
Scenario: Access API without authorization should fail                   # file:///C:/Users/gyana/Rest-Assured/test/src/main/resources/feature/app.feature:169
Starting scenario: Access API without authorization should fail
  âœ” Given I set the API base URL to "http://localhost:3000/api/v1/to-do" # com.nexly.api.stepDefinitions.TodoApiStepDefinitions.iSetTheApiBaseUrl(java.lang.String)
  âœ” And I set the authorization header with bearer token                 # com.nexly.api.stepDefinitions.TodoApiStepDefinitions.iSetTheAuthorizationHeader()
  âœ” Given I remove the authorization header                              # com.nexly.api.stepDefinitions.TodoApiStepDefinitions.iRemoveTheAuthorizationHeader()
  âœ˜ When I send a GET request to "/"                                     # com.nexly.api.stepDefinitions.TodoApiStepDefinitions.iSendARequestTo(java.lang.String,java.lang.String)
        java.lang.RuntimeException: Failed to send GET request to /
        	at com.nexly.api.stepDefinitions.TodoApiStepDefinitions.iSendARequestTo(TodoApiStepDefinitions.java:275)
        	at âœ½.I send a GET request to "/"(file:///C:/Users/gyana/Rest-Assured/test/src/main/resources/feature/app.feature:171)
        Caused by: java.net.ConnectException: Connection refused: connect
        	at java.base/sun.nio.ch.Net.connect0(Native Method)
        	at java.base/sun.nio.ch.Net.connect(Net.java:579)
        	at java.base/sun.nio.ch.Net.connect(Net.java:568)
        	at java.base/sun.nio.ch.NioSocketImpl.connect(NioSocketImpl.java:593)
        	at java.base/java.net.SocksSocketImpl.connect(SocksSocketImpl.java:327)
        	at java.base/java.net.Socket.connect(Socket.java:633)
        	at org.apache.http.conn.scheme.PlainSocketFactory.connectSocket(PlainSocketFactory.java:121)
        	at org.apache.http.impl.conn.DefaultClientConnectionOperator.openConnection(DefaultClientConnectionOperator.java:180)
        	at org.apache.http.impl.conn.ManagedClientConnectionImpl.open(ManagedClientConnectionImpl.java:326)
        	at org.apache.http.impl.client.DefaultRequestDirector.tryConnect(DefaultRequestDirector.java:605)
        	at org.apache.http.impl.client.DefaultRequestDirector.execute(DefaultRequestDirector.java:440)
        	at org.apache.http.impl.client.AbstractHttpClient.doExecute(AbstractHttpClient.java:835)
        	at org.apache.http.impl.client.CloseableHttpClient.execute(CloseableHttpClient.java:83)
        	at io.restassured.internal.RestAssuredHttpBuilder.doRequest(RestAssuredHttpBuilder.java:141)
        	at io.restassured.internal.http.HTTPBuilder.doRequest(HTTPBuilder.java:496)
        	at io.restassured.internal.http.HTTPBuilder.request(HTTPBuilder.java:453)
        	at io.restassured.internal.http.HTTPBuilder$request$3.call(Unknown Source)
        	at io.restassured.internal.RequestSpecificationImpl.sendHttpRequest(RequestSpecificationImpl.groovy:1480)
        	at io.restassured.internal.RequestSpecificationImpl.this$2$sendHttpRequest(RequestSpecificationImpl.groovy)
        	at java.base/jdk.internal.reflect.NativeMethodAccessorImpl.invoke0(Native Method)
        	at java.base/jdk.internal.reflect.NativeMethodAccessorImpl.invoke(NativeMethodAccessorImpl.java:77)
        	at java.base/jdk.internal.reflect.DelegatingMethodAccessorImpl.invoke(DelegatingMethodAccessorImpl.java:43)
        	at java.base/java.lang.reflect.Method.invoke(Method.java:569)
        	at org.codehaus.groovy.reflection.CachedMethod.invoke(CachedMethod.java:343)
        	at groovy.lang.MetaMethod.doMethodInvoke(MetaMethod.java:328)
        	at groovy.lang.MetaClassImpl.doInvokeMethod(MetaClassImpl.java:1333)
        	at groovy.lang.MetaClassImpl.invokeMethod(MetaClassImpl.java:1088)
        	at groovy.lang.MetaClassImpl.invokeMethod(MetaClassImpl.java:1007)
        	at groovy.lang.MetaClassImpl.invokeMethod(MetaClassImpl.java:790)
        	at io.restassured.internal.RequestSpecificationImpl.invokeMethod(RequestSpecificationImpl.groovy)
        	at org.codehaus.groovy.runtime.callsite.PogoInterceptableSite.call(PogoInterceptableSite.java:46)
        	at org.codehaus.groovy.runtime.callsite.PogoInterceptableSite.callCurrent(PogoInterceptableSite.java:57)
        	at io.restassured.internal.RequestSpecificationImpl.sendRequest(RequestSpecificationImpl.groovy:1229)
        	at io.restassured.internal.RequestSpecificationImpl.this$2$sendRequest(RequestSpecificationImpl.groovy)
        	at jdk.internal.reflect.GeneratedMethodAccessor173.invoke(Unknown Source)
        	at java.base/jdk.internal.reflect.DelegatingMethodAccessorImpl.invoke(DelegatingMethodAccessorImpl.java:43)
        	at java.base/java.lang.reflect.Method.invoke(Method.java:569)
        	at org.codehaus.groovy.reflection.CachedMethod.invoke(CachedMethod.java:343)
        	at groovy.lang.MetaMethod.doMethodInvoke(MetaMethod.java:328)
        	at groovy.lang.MetaClassImpl.doInvokeMethod(MetaClassImpl.java:1333)
        	at groovy.lang.MetaClassImpl.invokeMethod(MetaClassImpl.java:1088)
        	at groovy.lang.MetaClassImpl.invokeMethod(MetaClassImpl.java:1007)
        	at groovy.lang.MetaClassImpl.invokeMethod(MetaClassImpl.java:790)
        	at io.restassured.internal.RequestSpecificationImpl.invokeMethod(RequestSpecificationImpl.groovy)
        	at org.codehaus.groovy.runtime.callsite.PogoInterceptableSite.call(PogoInterceptableSite.java:46)
        	at org.codehaus.groovy.runtime.callsite.AbstractCallSite.call(AbstractCallSite.java:166)
        	at io.restassured.internal.filter.SendRequestFilter.filter(SendRequestFilter.groovy:30)
        	at io.restassured.filter.Filter$filter.call(Unknown Source)
        	at org.codehaus.groovy.runtime.callsite.CallSiteArray.defaultCall(CallSiteArray.java:45)
        	at io.restassured.filter.Filter$filter$0.call(Unknown Source)
        	at io.restassured.internal.filter.FilterContextImpl.next(FilterContextImpl.groovy:72)
        	at io.restassured.filter.time.TimingFilter.filter(TimingFilter.java:56)
        	at io.restassured.filter.Filter$filter$0.call(Unknown Source)
        	at org.codehaus.groovy.runtime.callsite.CallSiteArray.defaultCall(CallSiteArray.java:45)
        	at io.restassured.filter.Filter$filter.call(Unknown Source)
        	at io.restassured.internal.filter.FilterContextImpl.next(FilterContextImpl.groovy:72)
        	at io.restassured.filter.FilterContext$next.call(Unknown Source)
        	at io.restassured.internal.filter.CsrfFilter.filter(CsrfFilter.groovy:89)
        	at io.restassured.filter.Filter$filter.call(Unknown Source)
        	at org.codehaus.groovy.runtime.callsite.CallSiteArray.defaultCall(CallSiteArray.java:45)
        	at io.restassured.filter.Filter$filter.call(Unknown Source)
        	at io.restassured.internal.filter.FilterContextImpl.next(FilterContextImpl.groovy:72)
        	at io.restassured.filter.FilterContext$next.call(Unknown Source)
        	at io.restassured.internal.RequestSpecificationImpl.applyPathParamsAndSendRequest(RequestSpecificationImpl.groovy:1704)
        	at io.restassured.internal.RequestSpecificationImpl.this$2$applyPathParamsAndSendRequest(RequestSpecificationImpl.groovy)
        	at jdk.internal.reflect.GeneratedMethodAccessor164.invoke(Unknown Source)
        	at java.base/jdk.internal.reflect.DelegatingMethodAccessorImpl.invoke(DelegatingMethodAccessorImpl.java:43)
        	at java.base/java.lang.reflect.Method.invoke(Method.java:569)
        	at org.codehaus.groovy.reflection.CachedMethod.invoke(CachedMethod.java:343)
        	at groovy.lang.MetaMethod.doMethodInvoke(MetaMethod.java:328)
        	at groovy.lang.MetaClassImpl.doInvokeMethod(MetaClassImpl.java:1333)
        	at groovy.lang.MetaClassImpl.invokeMethod(MetaClassImpl.java:1088)
        	at groovy.lang.MetaClassImpl.invokeMethod(MetaClassImpl.java:1007)
        	at groovy.lang.MetaClassImpl.invokeMethod(MetaClassImpl.java:790)
        	at io.restassured.internal.RequestSpecificationImpl.invokeMethod(RequestSpecificationImpl.groovy)
        	at org.codehaus.groovy.runtime.callsite.PogoInterceptableSite.call(PogoInterceptableSite.java:46)
        	at org.codehaus.groovy.runtime.callsite.PogoInterceptableSite.callCurrent(PogoInterceptableSite.java:57)
        	at org.codehaus.groovy.runtime.callsite.AbstractCallSite.callCurrent(AbstractCallSite.java:203)
        	at io.restassured.internal.RequestSpecificationImpl.applyPathParamsAndSendRequest(RequestSpecificationImpl.groovy:1710)
        	at io.restassured.internal.RequestSpecificationImpl.this$2$applyPathParamsAndSendRequest(RequestSpecificationImpl.groovy)
        	at jdk.internal.reflect.GeneratedMethodAccessor163.invoke(Unknown Source)
        	at java.base/jdk.internal.reflect.DelegatingMethodAccessorImpl.invoke(DelegatingMethodAccessorImpl.java:43)
        	at java.base/java.lang.reflect.Method.invoke(Method.java:569)
        	at org.codehaus.groovy.reflection.CachedMethod.invoke(CachedMethod.java:343)
        	at groovy.lang.MetaMethod.doMethodInvoke(MetaMethod.java:328)
        	at groovy.lang.MetaClassImpl.doInvokeMethod(MetaClassImpl.java:1333)
        	at groovy.lang.MetaClassImpl.invokeMethod(MetaClassImpl.java:1088)
        	at groovy.lang.MetaClassImpl.invokeMethod(MetaClassImpl.java:1007)
        	at groovy.lang.MetaClassImpl.invokeMethod(MetaClassImpl.java:790)
        	at io.restassured.internal.RequestSpecificationImpl.invokeMethod(RequestSpecificationImpl.groovy)
        	at org.codehaus.groovy.runtime.callsite.PogoInterceptableSite.call(PogoInterceptableSite.java:46)
        	at org.codehaus.groovy.runtime.callsite.PogoInterceptableSite.callCurrent(PogoInterceptableSite.java:57)
        	at org.codehaus.groovy.runtime.callsite.AbstractCallSite.callCurrent(AbstractCallSite.java:203)
        	at io.restassured.internal.RequestSpecificationImpl.get(RequestSpecificationImpl.groovy:172)
        	at io.restassured.internal.RequestSpecificationImpl.get(RequestSpecificationImpl.groovy)
        	at com.nexly.api.stepDefinitions.TodoApiStepDefinitions.iSendARequestTo(TodoApiStepDefinitions.java:256)
        	... 1 more
  â†· Then the response status code should be 401                          # com.nexly.api.stepDefinitions.TodoApiStepDefinitions.theResponseStatusCodeShouldBe(int)
Finished scenario: Access API without authorization should fail with status: FAILED
]]></system-out>
  </testcase>
</testsuite>